#
# There is insufficient memory for the Java Runtime Environment to continue.
# Native memory allocation (malloc) failed to allocate 957456 bytes for Chunk::new
# Possible reasons:
#   The system is out of physical RAM or swap space
#   The process is running with CompressedOops enabled, and the Java Heap may be blocking the growth of the native heap
# Possible solutions:
#   Reduce memory load on the system
#   Increase physical memory or swap space
#   Check if swap backing store is full
#   Decrease Java heap size (-Xmx/-Xms)
#   Decrease number of Java threads
#   Decrease Java thread stack sizes (-Xss)
#   Set larger code cache with -XX:ReservedCodeCacheSize=
#   JVM is running with Unscaled Compressed Oops mode in which the Java heap is
#     placed in the first 4GB address space. The Java Heap base address is the
#     maximum limit for the native heap growth. Please use -XX:HeapBaseMinAddress
#     to set the Java Heap base and to place the Java Heap above 4GB virtual address.
# This output file may be truncated or incomplete.
#
#  Out of Memory Error (allocation.cpp:389), pid=16940, tid=0x0000000000002504
#
# JRE version: Java(TM) SE Runtime Environment (8.0_211-b12) (build 1.8.0_211-b12)
# Java VM: Java HotSpot(TM) 64-Bit Server VM (25.211-b12 mixed mode windows-amd64 compressed oops)
# Failed to write core dump. Minidumps are not enabled by default on client versions of Windows
#

---------------  T H R E A D  ---------------

Current thread (0x0000000019d94800):  JavaThread "C2 CompilerThread0" daemon [_thread_in_native, id=9476, stack(0x000000001a690000,0x000000001a790000)]

Stack: [0x000000001a690000,0x000000001a790000]
[error occurred during error reporting (printing stack bounds), id 0xc0000005]

Native frames: (J=compiled Java code, j=interpreted, Vv=VM code, C=native code)


Current CompileTask:
C2:  12496 2321   !   4       javafx.scene.CssStyleHelper::transitionToState (1075 bytes)


---------------  P R O C E S S  ---------------

Java Threads: ( => current thread )
  0x000000001b18e800 JavaThread "Prism Font Disposer" daemon [_thread_blocked, id=10396, stack(0x00000000220f0000,0x00000000221f0000)]
  0x000000001ae3b800 JavaThread "Abandoned connection cleanup thread" daemon [_thread_blocked, id=14116, stack(0x00000000207d0000,0x00000000208d0000)]
  0x000000001adf6000 JavaThread "JavaFX-Launcher" [_thread_blocked, id=14316, stack(0x00000000205d0000,0x00000000206d0000)]
  0x000000001adfa800 JavaThread "Thread-3" daemon [_thread_in_native, id=2884, stack(0x00000000204d0000,0x00000000205d0000)]
  0x000000001ad6d800 JavaThread "JavaFX Application Thread" [_thread_in_Java, id=5020, stack(0x000000001b900000,0x000000001ba00000)]
  0x000000001ad6c000 JavaThread "Thread-1" daemon [_thread_blocked, id=4348, stack(0x000000001b800000,0x000000001b900000)]
  0x000000001ad3b800 JavaThread "QuantumRenderer-0" daemon [_thread_blocked, id=12624, stack(0x000000001b540000,0x000000001b640000)]
  0x0000000019e2b000 JavaThread "Service Thread" daemon [_thread_blocked, id=14104, stack(0x000000001aa90000,0x000000001ab90000)]
  0x0000000019dac800 JavaThread "C1 CompilerThread3" daemon [_thread_in_vm, id=10560, stack(0x000000001a990000,0x000000001aa90000)]
  0x0000000019d9d000 JavaThread "C2 CompilerThread2" daemon [_thread_in_native, id=11328, stack(0x000000001a890000,0x000000001a990000)]
  0x0000000019d9b000 JavaThread "C2 CompilerThread1" daemon [_thread_blocked, id=9168, stack(0x000000001a790000,0x000000001a890000)]
=>0x0000000019d94800 JavaThread "C2 CompilerThread0" daemon [_thread_in_native, id=9476, stack(0x000000001a690000,0x000000001a790000)]
  0x0000000019d91800 JavaThread "Attach Listener" daemon [_thread_blocked, id=4316, stack(0x000000001a590000,0x000000001a690000)]
  0x0000000019d90000 JavaThread "Signal Dispatcher" daemon [_thread_blocked, id=4380, stack(0x000000001a490000,0x000000001a590000)]
  0x0000000019d81000 JavaThread "Finalizer" daemon [_thread_blocked, id=2260, stack(0x000000001a260000,0x000000001a360000)]
  0x0000000017f7d800 JavaThread "Reference Handler" daemon [_thread_blocked, id=6956, stack(0x000000001a160000,0x000000001a260000)]
  0x0000000002e12800 JavaThread "main" [_thread_blocked, id=4628, stack(0x0000000002c80000,0x0000000002d80000)]

Other Threads:
  0x0000000017f79000 VMThread [stack: 0x0000000019c60000,0x0000000019d60000] [id=8376]
  0x0000000019e43800 WatcherThread [stack: 0x000000001ab90000,0x000000001ac90000] [id=16764]

VM state:not at safepoint (normal execution)

VM Mutex/Monitor currently owned by a thread: None

heap address: 0x0000000081e00000, size: 2018 MB, Compressed Oops mode: 32-bit
Narrow klass base: 0x0000000000000000, Narrow klass shift: 3
Compressed class space size: 1073741824 Address: 0x0000000100000000

Heap:
 PSYoungGen      total 38400K, used 19681K [0x00000000d5f80000, 0x00000000d8a00000, 0x0000000100000000)
  eden space 33280K, 59% used [0x00000000d5f80000,0x00000000d72b85d8,0x00000000d8000000)
  from space 5120K, 0% used [0x00000000d8500000,0x00000000d8500000,0x00000000d8a00000)
  to   space 5120K, 0% used [0x00000000d8000000,0x00000000d8000000,0x00000000d8500000)
 ParOldGen       total 78336K, used 16777K [0x0000000081e00000, 0x0000000086a80000, 0x00000000d5f80000)
  object space 78336K, 21% used [0x0000000081e00000,0x0000000082e62620,0x0000000086a80000)
 Metaspace       used 20898K, capacity 22186K, committed 22528K, reserved 1069056K
  class space    used 2955K, capacity 3232K, committed 3328K, reserved 1048576K

Card table byte_map: [0x00000000123d0000,0x00000000127d0000] byte_map_base: 0x0000000011fc1000

Marking Bits: (ParMarkBitMap*) 0x0000000055555ce0
 Begin Bits: [0x0000000013280000, 0x0000000015208000)
 End Bits:   [0x0000000015208000, 0x0000000017190000)

Polling page: 0x0000000001400000

CodeCache: size=245760Kb used=8502Kb max_used=8502Kb free=237257Kb
 bounds [0x0000000003010000, 0x0000000003870000, 0x0000000012010000]
 total_blobs=3244 nmethods=2568 adapters=588
 compilation: enabled

Compilation events (10 events):
Event: 12.448 Thread 0x0000000019d9b000 nmethod 2528 0x0000000003737290 code [0x00000000037373c0, 0x0000000003737438]
Event: 12.448 Thread 0x0000000019d9b000 2530       4       com.sun.javafx.scene.control.MultiplePropertyChangeListenerHandler::registerChangeListener (36 bytes)
Event: 12.448 Thread 0x0000000019dac800 nmethod 2527 0x0000000003839dd0 code [0x0000000003839fc0, 0x000000000383a9d8]
Event: 12.448 Thread 0x0000000019dac800 2532       3       javafx.scene.control.Control::computePrefHeight (51 bytes)
Event: 12.449 Thread 0x0000000019dac800 nmethod 2532 0x0000000003836a90 code [0x0000000003836c40, 0x0000000003837388]
Event: 12.449 Thread 0x0000000019dac800 2533  s    3       com.sun.javafx.text.ScriptMapper::getScript (108 bytes)
Event: 12.450 Thread 0x0000000019dac800 nmethod 2533 0x0000000003835fd0 code [0x0000000003836160, 0x00000000038367f0]
Event: 12.451 Thread 0x0000000019dac800 2534       3       sun.text.bidi.BidiBase::GetParaLevelAt (25 bytes)
Event: 12.451 Thread 0x0000000019dac800 nmethod 2534 0x0000000003839990 code [0x0000000003839b00, 0x0000000003839cd0]
Event: 12.451 Thread 0x0000000019dac800 2535   !   3       com.sun.javafx.binding.ExpressionHelper$SingleChange::fireValueChangedEvent (96 bytes)

GC Heap History (6 events):
Event: 8.869 GC heap before
{Heap before GC invocations=1 (full 0):
 PSYoungGen      total 38400K, used 33280K [0x00000000d5f80000, 0x00000000d8a00000, 0x0000000100000000)
  eden space 33280K, 100% used [0x00000000d5f80000,0x00000000d8000000,0x00000000d8000000)
  from space 5120K, 0% used [0x00000000d8500000,0x00000000d8500000,0x00000000d8a00000)
  to   space 5120K, 0% used [0x00000000d8000000,0x00000000d8000000,0x00000000d8500000)
 ParOldGen       total 87552K, used 0K [0x0000000081e00000, 0x0000000087380000, 0x00000000d5f80000)
  object space 87552K, 0% used [0x0000000081e00000,0x0000000081e00000,0x0000000087380000)
 Metaspace       used 15182K, capacity 15724K, committed 16000K, reserved 1062912K
  class space    used 1965K, capacity 2121K, committed 2176K, reserved 1048576K
Event: 8.877 GC heap after
Heap after GC invocations=1 (full 0):
 PSYoungGen      total 38400K, used 5093K [0x00000000d5f80000, 0x00000000d8a00000, 0x0000000100000000)
  eden space 33280K, 0% used [0x00000000d5f80000,0x00000000d5f80000,0x00000000d8000000)
  from space 5120K, 99% used [0x00000000d8000000,0x00000000d84f96f8,0x00000000d8500000)
  to   space 5120K, 0% used [0x00000000d8500000,0x00000000d8500000,0x00000000d8a00000)
 ParOldGen       total 87552K, used 4051K [0x0000000081e00000, 0x0000000087380000, 0x00000000d5f80000)
  object space 87552K, 4% used [0x0000000081e00000,0x00000000821f4f48,0x0000000087380000)
 Metaspace       used 15182K, capacity 15724K, committed 16000K, reserved 1062912K
  class space    used 1965K, capacity 2121K, committed 2176K, reserved 1048576K
}
Event: 11.375 GC heap before
{Heap before GC invocations=2 (full 0):
 PSYoungGen      total 38400K, used 29496K [0x00000000d5f80000, 0x00000000d8a00000, 0x0000000100000000)
  eden space 33280K, 73% used [0x00000000d5f80000,0x00000000d7754928,0x00000000d8000000)
  from space 5120K, 99% used [0x00000000d8000000,0x00000000d84f96f8,0x00000000d8500000)
  to   space 5120K, 0% used [0x00000000d8500000,0x00000000d8500000,0x00000000d8a00000)
 ParOldGen       total 87552K, used 4051K [0x0000000081e00000, 0x0000000087380000, 0x00000000d5f80000)
  object space 87552K, 4% used [0x0000000081e00000,0x00000000821f4f48,0x0000000087380000)
 Metaspace       used 20038K, capacity 21228K, committed 21296K, reserved 1067008K
  class space    used 2879K, capacity 3133K, committed 3200K, reserved 1048576K
Event: 11.399 GC heap after
Heap after GC invocations=2 (full 0):
 PSYoungGen      total 38400K, used 5104K [0x00000000d5f80000, 0x00000000d8a00000, 0x0000000100000000)
  eden space 33280K, 0% used [0x00000000d5f80000,0x00000000d5f80000,0x00000000d8000000)
  from space 5120K, 99% used [0x00000000d8500000,0x00000000d89fc060,0x00000000d8a00000)
  to   space 5120K, 0% used [0x00000000d8000000,0x00000000d8000000,0x00000000d8500000)
 ParOldGen       total 87552K, used 12324K [0x0000000081e00000, 0x0000000087380000, 0x00000000d5f80000)
  object space 87552K, 14% used [0x0000000081e00000,0x0000000082a093c8,0x0000000087380000)
 Metaspace       used 20038K, capacity 21228K, committed 21296K, reserved 1067008K
  class space    used 2879K, capacity 3133K, committed 3200K, reserved 1048576K
}
Event: 11.399 GC heap before
{Heap before GC invocations=3 (full 1):
 PSYoungGen      total 38400K, used 5104K [0x00000000d5f80000, 0x00000000d8a00000, 0x0000000100000000)
  eden space 33280K, 0% used [0x00000000d5f80000,0x00000000d5f80000,0x00000000d8000000)
  from space 5120K, 99% used [0x00000000d8500000,0x00000000d89fc060,0x00000000d8a00000)
  to   space 5120K, 0% used [0x00000000d8000000,0x00000000d8000000,0x00000000d8500000)
 ParOldGen       total 87552K, used 12324K [0x0000000081e00000, 0x0000000087380000, 0x00000000d5f80000)
  object space 87552K, 14% used [0x0000000081e00000,0x0000000082a093c8,0x0000000087380000)
 Metaspace       used 20038K, capacity 21228K, committed 21296K, reserved 1067008K
  class space    used 2879K, capacity 3133K, committed 3200K, reserved 1048576K
Event: 11.470 GC heap after
Heap after GC invocations=3 (full 1):
 PSYoungGen      total 38400K, used 0K [0x00000000d5f80000, 0x00000000d8a00000, 0x0000000100000000)
  eden space 33280K, 0% used [0x00000000d5f80000,0x00000000d5f80000,0x00000000d8000000)
  from space 5120K, 0% used [0x00000000d8500000,0x00000000d8500000,0x00000000d8a00000)
  to   space 5120K, 0% used [0x00000000d8000000,0x00000000d8000000,0x00000000d8500000)
 ParOldGen       total 78336K, used 16777K [0x0000000081e00000, 0x0000000086a80000, 0x00000000d5f80000)
  object space 78336K, 21% used [0x0000000081e00000,0x0000000082e62620,0x0000000086a80000)
 Metaspace       used 20038K, capacity 21228K, committed 21296K, reserved 1067008K
  class space    used 2879K, capacity 3133K, committed 3200K, reserved 1048576K
}

Deoptimization events (10 events):
Event: 11.193 Thread 0x000000001ad6d800 Uncommon trap: reason=bimorphic action=maybe_recompile pc=0x0000000003503c1c method=com.sun.javafx.css.SimpleSelector.applies(Ljavafx/css/Styleable;)Z @ 95
Event: 11.200 Thread 0x000000001ad6d800 Uncommon trap: reason=bimorphic action=maybe_recompile pc=0x0000000003503c1c method=com.sun.javafx.css.SimpleSelector.applies(Ljavafx/css/Styleable;)Z @ 95
Event: 11.216 Thread 0x000000001ad6d800 Uncommon trap: reason=bimorphic action=maybe_recompile pc=0x0000000003503c1c method=com.sun.javafx.css.SimpleSelector.applies(Ljavafx/css/Styleable;)Z @ 95
Event: 11.218 Thread 0x000000001ad6d800 Uncommon trap: reason=bimorphic action=maybe_recompile pc=0x0000000003503c1c method=com.sun.javafx.css.SimpleSelector.applies(Ljavafx/css/Styleable;)Z @ 95
Event: 11.529 Thread 0x000000001ad6d800 Uncommon trap: reason=array_check action=maybe_recompile pc=0x000000000318fde8 method=com.sun.javafx.css.CompoundSelector.applies(Ljavafx/css/Styleable;[Ljava/util/Set;I)Z @ 128
Event: 11.529 Thread 0x000000001ad6d800 Uncommon trap: reason=array_check action=maybe_recompile pc=0x000000000318fde8 method=com.sun.javafx.css.CompoundSelector.applies(Ljavafx/css/Styleable;[Ljava/util/Set;I)Z @ 128
Event: 11.529 Thread 0x000000001ad6d800 Uncommon trap: reason=array_check action=maybe_recompile pc=0x000000000318fde8 method=com.sun.javafx.css.CompoundSelector.applies(Ljavafx/css/Styleable;[Ljava/util/Set;I)Z @ 128
Event: 11.529 Thread 0x000000001ad6d800 Uncommon trap: reason=array_check action=maybe_recompile pc=0x000000000318fde8 method=com.sun.javafx.css.CompoundSelector.applies(Ljavafx/css/Styleable;[Ljava/util/Set;I)Z @ 128
Event: 11.645 Thread 0x000000001ad6d800 Uncommon trap: reason=array_check action=maybe_recompile pc=0x00000000036371c0 method=com.sun.javafx.css.SimpleSelector.applies(Ljavafx/css/Styleable;[Ljava/util/Set;I)Z @ 37
Event: 11.979 Thread 0x000000001ad6d800 Uncommon trap: reason=unstable_if action=reinterpret pc=0x00000000034b9590 method=com.sun.javafx.css.BitSet.add(Ljava/lang/Object;)Z @ 91

Classes redefined (0 events):
No events

Internal exceptions (10 events):
Event: 8.507 Thread 0x000000001ad6d800 Exception <a 'java/lang/ArrayIndexOutOfBoundsException': 18> (0x00000000d77128e8) thrown at [C:\re\workspace\8-2-build-windows-amd64-cygwin\jdk8u211\12973\hotspot\src\share\vm\interpreter\interpreterRuntime.cpp, line 368]
Event: 8.507 Thread 0x000000001ad6d800 Exception <a 'java/lang/ArrayIndexOutOfBoundsException': 86> (0x00000000d7713c90) thrown at [C:\re\workspace\8-2-build-windows-amd64-cygwin\jdk8u211\12973\hotspot\src\share\vm\interpreter\interpreterRuntime.cpp, line 368]
Event: 8.636 Thread 0x000000001ad6d800 Exception <a 'java/lang/ArrayIndexOutOfBoundsException'> (0x00000000d79988c8) thrown at [C:\re\workspace\8-2-build-windows-amd64-cygwin\jdk8u211\12973\hotspot\src\share\vm\runtime\sharedRuntime.cpp, line 605]
Event: 8.636 Thread 0x000000001ad6d800 Exception <a 'java/lang/ArrayIndexOutOfBoundsException'> (0x00000000d7999f68) thrown at [C:\re\workspace\8-2-build-windows-amd64-cygwin\jdk8u211\12973\hotspot\src\share\vm\runtime\sharedRuntime.cpp, line 605]
Event: 8.636 Thread 0x000000001ad6d800 Exception <a 'java/lang/ArrayIndexOutOfBoundsException'> (0x00000000d799b7d8) thrown at [C:\re\workspace\8-2-build-windows-amd64-cygwin\jdk8u211\12973\hotspot\src\share\vm\runtime\sharedRuntime.cpp, line 605]
Event: 8.701 Thread 0x000000001ad6d800 Exception <a 'java/io/FileNotFoundException'> (0x00000000d7b6f670) thrown at [C:\re\workspace\8-2-build-windows-amd64-cygwin\jdk8u211\12973\hotspot\src\share\vm\prims\jni.cpp, line 710]
Event: 8.953 Thread 0x000000001ad6d800 Exception <a 'java/io/FileNotFoundException'> (0x00000000d61288f0) thrown at [C:\re\workspace\8-2-build-windows-amd64-cygwin\jdk8u211\12973\hotspot\src\share\vm\prims\jni.cpp, line 710]
Event: 9.032 Thread 0x000000001ad6d800 Exception <a 'java/io/FileNotFoundException'> (0x00000000d658f168) thrown at [C:\re\workspace\8-2-build-windows-amd64-cygwin\jdk8u211\12973\hotspot\src\share\vm\prims\jni.cpp, line 710]
Event: 9.104 Thread 0x000000001ad6d800 Implicit null exception at 0x000000000334c3b5 to 0x000000000334c5c5
Event: 9.104 Thread 0x000000001ad6d800 Implicit null exception at 0x0000000003359698 to 0x0000000003359726

Events (10 events):
Event: 12.029 loading class javafx/beans/Observable
Event: 12.029 loading class javafx/beans/Observable done
Event: 12.029 loading class javafx/beans/Observable
Event: 12.029 loading class javafx/beans/Observable done
Event: 12.029 loading class com/sun/javafx/scene/control/skin/TableCellSkinBase
Event: 12.029 loading class com/sun/javafx/scene/control/skin/TableCellSkinBase done
Event: 12.150 loading class javafx/scene/layout/Priority
Event: 12.150 loading class javafx/scene/layout/Priority done
Event: 12.194 Executing VM operation: ForceSafepoint
Event: 12.194 Executing VM operation: ForceSafepoint done


Dynamic libraries:
0x00007ff723f30000 - 0x00007ff723f67000 	C:\Program Files\Java\jdk1.8.0_211\bin\java.exe
0x00007ffb00790000 - 0x00007ffb00985000 	C:\WINDOWS\SYSTEM32\ntdll.dll
0x00007ffaf6e30000 - 0x00007ffaf6e46000 	C:\Program Files\AVAST Software\Avast\aswhook.dll
0x00007ffb00570000 - 0x00007ffb0062e000 	C:\WINDOWS\System32\KERNEL32.DLL
0x00007ffafe510000 - 0x00007ffafe7d8000 	C:\WINDOWS\System32\KERNELBASE.dll
0x00007ffaff5f0000 - 0x00007ffaff69e000 	C:\WINDOWS\System32\ADVAPI32.dll
0x00007ffb004c0000 - 0x00007ffb0055e000 	C:\WINDOWS\System32\msvcrt.dll
0x00007ffafed60000 - 0x00007ffafedfc000 	C:\WINDOWS\System32\sechost.dll
0x00007ffaff7d0000 - 0x00007ffaff8f5000 	C:\WINDOWS\System32\RPCRT4.dll
0x00007ffb00320000 - 0x00007ffb004c0000 	C:\WINDOWS\System32\USER32.dll
0x00007ffafe270000 - 0x00007ffafe292000 	C:\WINDOWS\System32\win32u.dll
0x00007ffaff330000 - 0x00007ffaff35b000 	C:\WINDOWS\System32\GDI32.dll
0x00007ffafe2a0000 - 0x00007ffafe3ad000 	C:\WINDOWS\System32\gdi32full.dll
0x00007ffafe3b0000 - 0x00007ffafe44d000 	C:\WINDOWS\System32\msvcp_win.dll
0x00007ffafdfe0000 - 0x00007ffafe0e0000 	C:\WINDOWS\System32\ucrtbase.dll
0x00007ffae6d90000 - 0x00007ffae702a000 	C:\WINDOWS\WinSxS\amd64_microsoft.windows.common-controls_6595b64144ccf1df_6.0.19041.1110_none_60b5254171f9507e\COMCTL32.dll
0x00007ffb002f0000 - 0x00007ffb00320000 	C:\WINDOWS\System32\IMM32.DLL
0x0000000054af0000 - 0x0000000054bc2000 	C:\Program Files\Java\jdk1.8.0_211\jre\bin\msvcr100.dll
0x0000000054d30000 - 0x00000000555d5000 	C:\Program Files\Java\jdk1.8.0_211\jre\bin\server\jvm.dll
0x00007ffb00560000 - 0x00007ffb00568000 	C:\WINDOWS\System32\PSAPI.DLL
0x00007ffae6860000 - 0x00007ffae6887000 	C:\WINDOWS\SYSTEM32\WINMM.dll
0x00007ffaf6ca0000 - 0x00007ffaf6caa000 	C:\WINDOWS\SYSTEM32\VERSION.dll
0x00007ffae72e0000 - 0x00007ffae72e9000 	C:\WINDOWS\SYSTEM32\WSOCK32.dll
0x00007ffaffa10000 - 0x00007ffaffa7b000 	C:\WINDOWS\System32\WS2_32.dll
0x00007ffaec460000 - 0x00007ffaec46f000 	C:\Program Files\Java\jdk1.8.0_211\jre\bin\verify.dll
0x00007ffacff50000 - 0x00007ffacff79000 	C:\Program Files\Java\jdk1.8.0_211\jre\bin\java.dll
0x00007ffadc4d0000 - 0x00007ffadc4e6000 	C:\Program Files\Java\jdk1.8.0_211\jre\bin\zip.dll
0x00007ffaffa80000 - 0x00007ffb001c4000 	C:\WINDOWS\System32\SHELL32.dll
0x00007ffafbbd0000 - 0x00007ffafc364000 	C:\WINDOWS\SYSTEM32\windows.storage.dll
0x00007ffafe7e0000 - 0x00007ffafeb35000 	C:\WINDOWS\System32\combase.dll
0x00007ffafd8f0000 - 0x00007ffafd91e000 	C:\WINDOWS\SYSTEM32\Wldp.dll
0x00007ffaff280000 - 0x00007ffaff32d000 	C:\WINDOWS\System32\SHCORE.dll
0x00007ffafeb40000 - 0x00007ffafeb95000 	C:\WINDOWS\System32\shlwapi.dll
0x00007ffafdde0000 - 0x00007ffafddff000 	C:\WINDOWS\SYSTEM32\profapi.dll
0x0000000001470000 - 0x0000000001473000 	C:\Program Files\Java\jdk1.8.0_211\jre\bin\api-ms-win-core-console-l1-1-0.dll
0x0000000001480000 - 0x0000000001483000 	C:\Program Files\Java\jdk1.8.0_211\jre\bin\api-ms-win-core-datetime-l1-1-0.dll
0x0000000001490000 - 0x0000000001493000 	C:\Program Files\Java\jdk1.8.0_211\jre\bin\api-ms-win-core-debug-l1-1-0.dll
0x00000000014a0000 - 0x00000000014a3000 	C:\Program Files\Java\jdk1.8.0_211\jre\bin\api-ms-win-core-errorhandling-l1-1-0.dll
0x00000000014b0000 - 0x00000000014b4000 	C:\Program Files\Java\jdk1.8.0_211\jre\bin\api-ms-win-core-file-l1-1-0.dll
0x00000000014c0000 - 0x00000000014c3000 	C:\Program Files\Java\jdk1.8.0_211\jre\bin\api-ms-win-core-file-l1-2-0.dll
0x0000000002d80000 - 0x0000000002d83000 	C:\Program Files\Java\jdk1.8.0_211\jre\bin\api-ms-win-core-file-l2-1-0.dll
0x0000000002d90000 - 0x0000000002d93000 	C:\Program Files\Java\jdk1.8.0_211\jre\bin\api-ms-win-core-handle-l1-1-0.dll
0x0000000002da0000 - 0x0000000002da3000 	C:\Program Files\Java\jdk1.8.0_211\jre\bin\api-ms-win-core-heap-l1-1-0.dll
0x0000000002db0000 - 0x0000000002db3000 	C:\Program Files\Java\jdk1.8.0_211\jre\bin\api-ms-win-core-interlocked-l1-1-0.dll
0x0000000002dc0000 - 0x0000000002dc3000 	C:\Program Files\Java\jdk1.8.0_211\jre\bin\api-ms-win-core-libraryloader-l1-1-0.dll
0x0000000002dd0000 - 0x0000000002dd3000 	C:\Program Files\Java\jdk1.8.0_211\jre\bin\api-ms-win-core-localization-l1-2-0.dll
0x0000000002de0000 - 0x0000000002de3000 	C:\Program Files\Java\jdk1.8.0_211\jre\bin\api-ms-win-core-memory-l1-1-0.dll
0x0000000002df0000 - 0x0000000002df3000 	C:\Program Files\Java\jdk1.8.0_211\jre\bin\api-ms-win-core-namedpipe-l1-1-0.dll
0x0000000002f10000 - 0x0000000002f13000 	C:\Program Files\Java\jdk1.8.0_211\jre\bin\api-ms-win-core-processenvironment-l1-1-0.dll
0x0000000002f20000 - 0x0000000002f23000 	C:\Program Files\Java\jdk1.8.0_211\jre\bin\api-ms-win-core-processthreads-l1-1-0.dll
0x0000000002f30000 - 0x0000000002f33000 	C:\Program Files\Java\jdk1.8.0_211\jre\bin\api-ms-win-core-processthreads-l1-1-1.dll
0x0000000002f40000 - 0x0000000002f43000 	C:\Program Files\Java\jdk1.8.0_211\jre\bin\api-ms-win-core-profile-l1-1-0.dll
0x0000000002f50000 - 0x0000000002f53000 	C:\Program Files\Java\jdk1.8.0_211\jre\bin\api-ms-win-core-rtlsupport-l1-1-0.dll
0x0000000002f60000 - 0x0000000002f63000 	C:\Program Files\Java\jdk1.8.0_211\jre\bin\api-ms-win-core-string-l1-1-0.dll
0x0000000002f70000 - 0x0000000002f73000 	C:\Program Files\Java\jdk1.8.0_211\jre\bin\api-ms-win-core-synch-l1-1-0.dll
0x0000000002f80000 - 0x0000000002f83000 	C:\Program Files\Java\jdk1.8.0_211\jre\bin\api-ms-win-core-synch-l1-2-0.dll
0x0000000002f90000 - 0x0000000002f93000 	C:\Program Files\Java\jdk1.8.0_211\jre\bin\api-ms-win-core-sysinfo-l1-1-0.dll
0x0000000002fa0000 - 0x0000000002fa3000 	C:\Program Files\Java\jdk1.8.0_211\jre\bin\api-ms-win-core-timezone-l1-1-0.dll
0x0000000002fb0000 - 0x0000000002fb3000 	C:\Program Files\Java\jdk1.8.0_211\jre\bin\api-ms-win-core-util-l1-1-0.dll
0x0000000002fc0000 - 0x0000000002fc3000 	C:\Program Files\Java\jdk1.8.0_211\jre\bin\api-ms-win-crt-conio-l1-1-0.dll
0x0000000002fd0000 - 0x0000000002fd4000 	C:\Program Files\Java\jdk1.8.0_211\jre\bin\api-ms-win-crt-convert-l1-1-0.dll
0x0000000002fe0000 - 0x0000000002fe3000 	C:\Program Files\Java\jdk1.8.0_211\jre\bin\api-ms-win-crt-environment-l1-1-0.dll
0x0000000002ff0000 - 0x0000000002ff3000 	C:\Program Files\Java\jdk1.8.0_211\jre\bin\api-ms-win-crt-filesystem-l1-1-0.dll
0x000000001b490000 - 0x000000001b493000 	C:\Program Files\Java\jdk1.8.0_211\jre\bin\api-ms-win-crt-heap-l1-1-0.dll
0x000000001b4a0000 - 0x000000001b4a3000 	C:\Program Files\Java\jdk1.8.0_211\jre\bin\api-ms-win-crt-locale-l1-1-0.dll
0x000000001b4b0000 - 0x000000001b4b5000 	C:\Program Files\Java\jdk1.8.0_211\jre\bin\api-ms-win-crt-math-l1-1-0.dll
0x000000001b4c0000 - 0x000000001b4c5000 	C:\Program Files\Java\jdk1.8.0_211\jre\bin\api-ms-win-crt-multibyte-l1-1-0.dll
0x000000001b4d0000 - 0x000000001b4e0000 	C:\Program Files\Java\jdk1.8.0_211\jre\bin\api-ms-win-crt-private-l1-1-0.dll
0x000000001b4e0000 - 0x000000001b4e3000 	C:\Program Files\Java\jdk1.8.0_211\jre\bin\api-ms-win-crt-process-l1-1-0.dll
0x000000001b4f0000 - 0x000000001b4f4000 	C:\Program Files\Java\jdk1.8.0_211\jre\bin\api-ms-win-crt-runtime-l1-1-0.dll
0x000000001b500000 - 0x000000001b504000 	C:\Program Files\Java\jdk1.8.0_211\jre\bin\api-ms-win-crt-stdio-l1-1-0.dll
0x000000001b510000 - 0x000000001b514000 	C:\Program Files\Java\jdk1.8.0_211\jre\bin\api-ms-win-crt-string-l1-1-0.dll
0x000000001b520000 - 0x000000001b523000 	C:\Program Files\Java\jdk1.8.0_211\jre\bin\api-ms-win-crt-time-l1-1-0.dll
0x000000001b530000 - 0x000000001b533000 	C:\Program Files\Java\jdk1.8.0_211\jre\bin\api-ms-win-crt-utility-l1-1-0.dll
0x00007ffad6530000 - 0x00007ffad6626000 	C:\Program Files\Java\jdk1.8.0_211\jre\bin\ucrtbase.dll
0x00007ffaf5610000 - 0x00007ffaf5626000 	C:\Program Files\Java\jdk1.8.0_211\jre\bin\vcruntime140.dll
0x00007ffae8620000 - 0x00007ffae86ca000 	C:\Program Files\Java\jdk1.8.0_211\jre\bin\msvcp140.dll
0x00007ffada7b0000 - 0x00007ffada804000 	C:\Program Files\Java\jdk1.8.0_211\jre\bin\concrt140.dll
0x00007ffaed030000 - 0x00007ffaed053000 	C:\Program Files\Java\jdk1.8.0_211\jre\bin\prism_d3d.dll
0x00007ffaf5220000 - 0x00007ffaf53f0000 	C:\WINDOWS\system32\d3d9.dll
0x00007ffafca70000 - 0x00007ffafca82000 	C:\WINDOWS\SYSTEM32\kernel.appcore.dll
0x00007ffafb700000 - 0x00007ffafb72f000 	C:\WINDOWS\SYSTEM32\dwmapi.dll
0x00007ffafb610000 - 0x00007ffafb6ae000 	C:\WINDOWS\system32\uxtheme.dll
0x00007ffab83c0000 - 0x00007ffab8523000 	C:\WINDOWS\System32\DriverStore\FileRepository\igdlh64.inf_amd64_fb9939a7d714d646\igdumdim64.dll
0x00007ffa7ec00000 - 0x00007ffa82604000 	C:\WINDOWS\System32\DriverStore\FileRepository\igdlh64.inf_amd64_fb9939a7d714d646\igd9dxva64.dll
0x00007ffaff6a0000 - 0x00007ffaff7ca000 	C:\WINDOWS\System32\ole32.dll
0x00007ffafec30000 - 0x00007ffafecfd000 	C:\WINDOWS\System32\OLEAUT32.dll
0x00007ffafee00000 - 0x00007ffaff272000 	C:\WINDOWS\System32\SETUPAPI.dll
0x00007ffafe4c0000 - 0x00007ffafe50e000 	C:\WINDOWS\System32\cfgmgr32.dll
0x00007ffafe240000 - 0x00007ffafe267000 	C:\WINDOWS\System32\bcrypt.dll
0x00007ffaf1eb0000 - 0x00007ffaf20ef000 	C:\WINDOWS\System32\DriverStore\FileRepository\igdlh64.inf_amd64_fb9939a7d714d646\igdgmm64.dll
0x00007ffad64e0000 - 0x00007ffad6529000 	C:\Program Files\Java\jdk1.8.0_211\jre\bin\glass.dll
0x00007ffaff510000 - 0x00007ffaff5ea000 	C:\WINDOWS\System32\COMDLG32.dll
0x00007ffb001d0000 - 0x00007ffb002e6000 	C:\WINDOWS\System32\MSCTF.dll
0x00007ffafdf50000 - 0x00007ffafdfd2000 	C:\WINDOWS\System32\bcryptPrimitives.dll
0x00007ffae9e40000 - 0x00007ffae9e67000 	C:\WINDOWS\System32\DriverStore\FileRepository\igdlh64.inf_amd64_fb9939a7d714d646\igdinfo64.dll
0x00007ffaef1f0000 - 0x00007ffaf1e52000 	C:\WINDOWS\System32\DriverStore\FileRepository\igdlh64.inf_amd64_fb9939a7d714d646\igc64.dll
0x00007ffaf8760000 - 0x00007ffaf879b000 	C:\WINDOWS\SYSTEM32\dxcore.dll
0x00007ffad5b80000 - 0x00007ffad5b9a000 	C:\Program Files\Java\jdk1.8.0_211\jre\bin\net.dll
0x00007ffae9610000 - 0x00007ffae97fb000 	C:\WINDOWS\SYSTEM32\urlmon.dll
0x00007ffae9940000 - 0x00007ffae9bf1000 	C:\WINDOWS\SYSTEM32\iertutil.dll
0x00007ffafd400000 - 0x00007ffafd40c000 	C:\WINDOWS\SYSTEM32\netutils.dll
0x00007ffaebc80000 - 0x00007ffaebca8000 	C:\WINDOWS\SYSTEM32\srvcli.dll
0x00007ffafd650000 - 0x00007ffafd6ba000 	C:\WINDOWS\system32\mswsock.dll
0x00007ffafd330000 - 0x00007ffafd3fb000 	C:\WINDOWS\SYSTEM32\DNSAPI.dll
0x00007ffafd2f0000 - 0x00007ffafd32b000 	C:\WINDOWS\SYSTEM32\IPHLPAPI.DLL
0x00007ffb00740000 - 0x00007ffb00748000 	C:\WINDOWS\System32\NSI.dll
0x00007ffaf62b0000 - 0x00007ffaf62ba000 	C:\Windows\System32\rasadhlp.dll
0x00007ffaec850000 - 0x00007ffaec8cf000 	C:\WINDOWS\System32\fwpuclnt.dll
0x00007ffaed010000 - 0x00007ffaed024000 	C:\Program Files\Java\jdk1.8.0_211\jre\bin\javafx_font.dll
0x00007ffaea740000 - 0x00007ffaea9c3000 	C:\WINDOWS\SYSTEM32\dwrite.dll
0x00007ffaeab00000 - 0x00007ffaeab2c000 	C:\Program Files\Java\jdk1.8.0_211\jre\bin\javafx_iio.dll
0x00007ffb00690000 - 0x00007ffb00739000 	C:\WINDOWS\System32\clbcatq.dll
0x00007ffaf6a30000 - 0x00007ffaf6be4000 	C:\WINDOWS\SYSTEM32\WindowsCodecs.dll
0x00007ffae1350000 - 0x00007ffae138e000 	C:\WINDOWS\system32\dataexchange.dll
0x00007ffafaa30000 - 0x00007ffafac15000 	C:\WINDOWS\system32\dcomp.dll
0x00007ffafa1a0000 - 0x00007ffafa404000 	C:\WINDOWS\system32\d3d11.dll
0x00007ffafc770000 - 0x00007ffafc864000 	C:\WINDOWS\system32\dxgi.dll
0x00007ffaf62d0000 - 0x00007ffaf64d1000 	C:\WINDOWS\system32\twinapi.appcore.dll
0x00007ffacfc10000 - 0x00007ffacfc44000 	C:\Program Files\Common Files\Microsoft Shared\Ink\rtscom.dll
0x00007ffaeb780000 - 0x00007ffaeb879000 	C:\WINDOWS\SYSTEM32\textinputframework.dll
0x00007ffafac20000 - 0x00007ffafaf7e000 	C:\WINDOWS\System32\CoreUIComponents.dll
0x00007ffaf9c40000 - 0x00007ffaf9d32000 	C:\WINDOWS\System32\CoreMessaging.dll
0x00007ffafcb90000 - 0x00007ffafcbc3000 	C:\WINDOWS\SYSTEM32\ntmarta.dll
0x00007ffaf9ae0000 - 0x00007ffaf9c34000 	C:\WINDOWS\SYSTEM32\wintypes.dll

VM Arguments:
jvm_args: -Dfile.encoding=UTF-8 
java_command: test.NewFXMain
java_class_path (initial): C:\Program Files\NetBeans 8.2\ide\modules\ext\mysql-connector-java-5.1.23-bin.jar;C:\Users\ASUS CELERON\Desktop\controlsfx-8.40.11.jar;C:\Users\ASUS CELERON\Downloads\activation.jar.zip;C:\Users\ASUS CELERON\Downloads\javax.mail.jar;C:\Users\ASUS CELERON\Downloads\itextpdf-5.4.1.jar;C:\Users\ASUS CELERON\Downloads\itextpdf-5.1.0.jar;C:\Users\ASUS CELERON\Downloads\itextpdf-5.5.9.jar;C:\Users\ASUS CELERON\Downloads\pdfbox-1.3.1.jar;C:\Users\ASUS CELERON\Downloads\pdfbox-2.0.8.jar;C:\Users\ASUS CELERON\Desktop\TMN\TMN_Pidev\build\classes
Launcher Type: SUN_STANDARD

Environment Variables:
JAVA_HOME=C:\Program Files\Java\jdk1.8.0_211
PATH=C:\oraclexe\app\oracle\product\10.2.0\server\bin;C:\wamp64\bin\php\php7.4.9;C:\Program Files (x86)\Common Files\Intel\Shared Libraries\redist\intel64\compiler;C:\Program Files (x86)\VMware\VMware Workstation\bin\;C:\Program Files\Java\jdk1.8.0_211\bin;C:\Program Files (x86)\Common Files\Oracle\Java\javapath;C:\wamp64\bin\php\php7.3.21;C:\composer;C:\Program Files\Symfony;C:\Program Files (x86)\Git\cmd;C:\Program Files (x86)\Git\mingw32\bin;C:\Program Files (x86)\Git\usr\bin;C:\Users\ASUS CELERON\anaconda3;C:\Users\ASUS CELERON\anaconda3\Library\mingw-w64\bin;C:\Users\ASUS CELERON\anaconda3\Library\usr\bin;C:\Users\ASUS CELERON\anaconda3\Library\bin;C:\Users\ASUS CELERON\anaconda3\Scripts;C:\Users\ASUS CELERON\AppData\Local\Microsoft\WindowsApps;C:\Users\ASUS CELERON\AppData\Local\Programs\Microsoft VS Code\bin;C:\Users\ASUS CELERON\AppData\Local\GitHubDesktop\bin;C:\Users\ASUS CELERON\AppData\Roaming\Composer\vendor\bin;C:\wamp64\bin\php\php7.4.9;
USERNAME=ASUS CELERON
OS=Windows_NT
PROCESSOR_IDENTIFIER=Intel64 Family 6 Model 142 Stepping 10, GenuineIntel



---------------  S Y S T E M  ---------------

OS: Windows 10.0 , 64 bit Build 19041 (10.0.19041.1503)

CPU:total 8 (initial active 8) (4 cores per cpu, 2 threads per core) family 6 model 142 stepping 10, cmov, cx8, fxsr, mmx, sse, sse2, sse3, ssse3, sse4.1, sse4.2, popcnt, avx, avx2, aes, clmul, erms, 3dnowpref, lzcnt, ht, tsc, tscinvbit, bmi1, bmi2, adx

Memory: 4k page, physical 8264684k(1576956k free), swap 10214380k(3420k free)

vm_info: Java HotSpot(TM) 64-Bit Server VM (25.211-b12) for windows-amd64 JRE (1.8.0_211-b12), built on Apr  1 2019 20:53:26 by "java_re" with MS VC++ 10.0 (VS2010)

time: Sat Mar 05 21:20:41 2022
timezone: Afr. centrale Ouest
elapsed time: 12 seconds (0d 0h 0m 12s)

