#
# There is insufficient memory for the Java Runtime Environment to continue.
# Native memory allocation (malloc) failed to allocate 32744 bytes for ChunkPool::allocate
# Possible reasons:
#   The system is out of physical RAM or swap space
#   The process is running with CompressedOops enabled, and the Java Heap may be blocking the growth of the native heap
# Possible solutions:
#   Reduce memory load on the system
#   Increase physical memory or swap space
#   Check if swap backing store is full
#   Decrease Java heap size (-Xmx/-Xms)
#   Decrease number of Java threads
#   Decrease Java thread stack sizes (-Xss)
#   Set larger code cache with -XX:ReservedCodeCacheSize=
#   JVM is running with Unscaled Compressed Oops mode in which the Java heap is
#     placed in the first 4GB address space. The Java Heap base address is the
#     maximum limit for the native heap growth. Please use -XX:HeapBaseMinAddress
#     to set the Java Heap base and to place the Java Heap above 4GB virtual address.
# This output file may be truncated or incomplete.
#
#  Out of Memory Error (allocation.cpp:272), pid=11224, tid=0x0000000000004044
#
# JRE version: Java(TM) SE Runtime Environment (8.0_211-b12) (build 1.8.0_211-b12)
# Java VM: Java HotSpot(TM) 64-Bit Server VM (25.211-b12 mixed mode windows-amd64 compressed oops)
# Failed to write core dump. Minidumps are not enabled by default on client versions of Windows
#

---------------  T H R E A D  ---------------

Current thread (0x0000000019f73800):  JavaThread "C2 CompilerThread0" daemon [_thread_in_native, id=16452, stack(0x000000001a880000,0x000000001a980000)]

Stack: [0x000000001a880000,0x000000001a980000]
[error occurred during error reporting (printing stack bounds), id 0xc0000005]

Native frames: (J=compiled Java code, j=interpreted, Vv=VM code, C=native code)


Current CompileTask:
C2:    108  166       4       jdk.internal.org.objectweb.asm.ByteVector::putUTF8 (142 bytes)


---------------  P R O C E S S  ---------------

Java Threads: ( => current thread )
  0x0000000019f9a800 JavaThread "Service Thread" daemon [_thread_blocked, id=10288, stack(0x000000001ac80000,0x000000001ad80000)]
  0x0000000019f84000 JavaThread "C1 CompilerThread3" daemon [_thread_in_native, id=1864, stack(0x000000001ab80000,0x000000001ac80000)]
  0x0000000019f78800 JavaThread "C2 CompilerThread2" daemon [_thread_blocked, id=4760, stack(0x000000001aa80000,0x000000001ab80000)]
  0x0000000019f76000 JavaThread "C2 CompilerThread1" daemon [_thread_blocked, id=10280, stack(0x000000001a980000,0x000000001aa80000)]
=>0x0000000019f73800 JavaThread "C2 CompilerThread0" daemon [_thread_in_native, id=16452, stack(0x000000001a880000,0x000000001a980000)]
  0x0000000019f70000 JavaThread "Attach Listener" daemon [_thread_blocked, id=292, stack(0x000000001a780000,0x000000001a880000)]
  0x0000000019f6f000 JavaThread "Signal Dispatcher" daemon [_thread_blocked, id=13452, stack(0x000000001a680000,0x000000001a780000)]
  0x0000000019f60800 JavaThread "Finalizer" daemon [_thread_blocked, id=15608, stack(0x000000001a440000,0x000000001a540000)]
  0x00000000031c8800 JavaThread "Reference Handler" daemon [_thread_blocked, id=10916, stack(0x000000001a340000,0x000000001a440000)]
  0x00000000030d2800 JavaThread "main" [_thread_in_Java, id=4432, stack(0x0000000002f90000,0x0000000003090000)]

Other Threads:
  0x0000000018179800 VMThread [stack: 0x0000000019e40000,0x0000000019f40000] [id=16780]
  0x0000000019f9c000 WatcherThread [stack: 0x000000001ad80000,0x000000001ae80000] [id=4572]

VM state:not at safepoint (normal execution)

VM Mutex/Monitor currently owned by a thread: None

heap address: 0x0000000081e00000, size: 2018 MB, Compressed Oops mode: 32-bit
Narrow klass base: 0x0000000000000000, Narrow klass shift: 3
Compressed class space size: 1073741824 Address: 0x0000000100000000

Heap:
 PSYoungGen      total 38400K, used 2662K [0x00000000d5f80000, 0x00000000d8a00000, 0x0000000100000000)
  eden space 33280K, 8% used [0x00000000d5f80000,0x00000000d6219a60,0x00000000d8000000)
  from space 5120K, 0% used [0x00000000d8500000,0x00000000d8500000,0x00000000d8a00000)
  to   space 5120K, 0% used [0x00000000d8000000,0x00000000d8000000,0x00000000d8500000)
 ParOldGen       total 87552K, used 0K [0x0000000081e00000, 0x0000000087380000, 0x00000000d5f80000)
  object space 87552K, 0% used [0x0000000081e00000,0x0000000081e00000,0x0000000087380000)
 Metaspace       used 3508K, capacity 4686K, committed 4864K, reserved 1056768K
  class space    used 390K, capacity 453K, committed 512K, reserved 1048576K

Card table byte_map: [0x00000000125a0000,0x00000000129a0000] byte_map_base: 0x0000000012191000

Marking Bits: (ParMarkBitMap*) 0x000000005a8a5ce0
 Begin Bits: [0x0000000013450000, 0x00000000153d8000)
 End Bits:   [0x00000000153d8000, 0x0000000017360000)

Polling page: 0x00000000030a0000

CodeCache: size=245760Kb used=1353Kb max_used=1353Kb free=244406Kb
 bounds [0x00000000031e0000, 0x0000000003450000, 0x00000000121e0000]
 total_blobs=424 nmethods=171 adapters=166
 compilation: enabled

Compilation events (10 events):
Event: 0.103 Thread 0x0000000019f84000  133       3       java.lang.reflect.Modifier::isStatic (13 bytes)
Event: 0.103 Thread 0x0000000019f84000 nmethod 133 0x00000000033192d0 code [0x0000000003319420, 0x00000000033195b0]
Event: 0.103 Thread 0x0000000019f84000  134       3       java.lang.invoke.MemberName::isStatic (8 bytes)
Event: 0.103 Thread 0x0000000019f84000 nmethod 134 0x00000000033221d0 code [0x0000000003322340, 0x0000000003322550]
Event: 0.103 Thread 0x0000000019f84000  145       3       java.lang.invoke.MemberName::getMethodOrFieldType (72 bytes)
Event: 0.104 Thread 0x0000000019f84000 nmethod 145 0x0000000003322a90 code [0x0000000003322d80, 0x00000000033244c8]
Event: 0.104 Thread 0x0000000019f84000  156       3       jdk.internal.org.objectweb.asm.Type::getType (269 bytes)
Event: 0.104 Thread 0x0000000019f84000 nmethod 156 0x0000000003325010 code [0x0000000003325200, 0x0000000003325af0]
Event: 0.104 Thread 0x0000000019f84000  147       3       jdk.internal.org.objectweb.asm.Frame::execute (2252 bytes)
Event: 0.105 Thread 0x0000000019f73800  166       4       jdk.internal.org.objectweb.asm.ByteVector::putUTF8 (142 bytes)

GC Heap History (0 events):
No events

Deoptimization events (0 events):
No events

Classes redefined (0 events):
No events

Internal exceptions (4 events):
Event: 0.031 Thread 0x00000000030d2800 Exception <a 'java/lang/NoSuchMethodError': Method sun.misc.Unsafe.defineClass(Ljava/lang/String;[BII)Ljava/lang/Class; name or signature does not match> (0x00000000d5f87cb0) thrown at [C:\re\workspace\8-2-build-windows-amd64-cygwin\jdk8u211\12973\hotspot
Event: 0.031 Thread 0x00000000030d2800 Exception <a 'java/lang/NoSuchMethodError': Method sun.misc.Unsafe.prefetchRead(Ljava/lang/Object;J)V name or signature does not match> (0x00000000d5f87f98) thrown at [C:\re\workspace\8-2-build-windows-amd64-cygwin\jdk8u211\12973\hotspot\src\share\vm\prim
Event: 0.105 Thread 0x00000000030d2800 Exception <a 'java/lang/NoSuchFieldError': method resolution failed> (0x00000000d61a2d18) thrown at [C:\re\workspace\8-2-build-windows-amd64-cygwin\jdk8u211\12973\hotspot\src\share\vm\prims\methodHandles.cpp, line 1167]
Event: 0.106 Thread 0x00000000030d2800 Exception <a 'java/lang/NoSuchFieldError': method resolution failed> (0x00000000d61b0098) thrown at [C:\re\workspace\8-2-build-windows-amd64-cygwin\jdk8u211\12973\hotspot\src\share\vm\prims\methodHandles.cpp, line 1167]

Events (10 events):
Event: 0.096 loading class java/lang/invoke/MethodHandleImpl$AsVarargsCollector done
Event: 0.096 loading class java/lang/invoke/WrongMethodTypeException
Event: 0.096 loading class java/lang/invoke/WrongMethodTypeException done
Event: 0.097 loading class java/lang/invoke/MethodHandleImpl$Lazy
Event: 0.097 loading class java/lang/invoke/MethodHandleImpl$Lazy done
Event: 0.098 loading class java/lang/invoke/MethodHandleImpl$IntrinsicMethodHandle
Event: 0.098 loading class java/lang/invoke/MethodHandleImpl$IntrinsicMethodHandle done
Event: 0.104 loading class java/lang/NoSuchFieldError
Event: 0.104 loading class java/lang/NoSuchFieldError done
Event: 0.107 loading class java/lang/invoke/LambdaFormEditor


Dynamic libraries:
0x00007ff773a00000 - 0x00007ff773a37000 	C:\Program Files\Java\jdk1.8.0_211\bin\java.exe
0x00007ffb90230000 - 0x00007ffb90425000 	C:\WINDOWS\SYSTEM32\ntdll.dll
0x00007ffb87890000 - 0x00007ffb878a6000 	C:\Program Files\AVAST Software\Avast\aswhook.dll
0x00007ffb8ff20000 - 0x00007ffb8ffde000 	C:\WINDOWS\System32\KERNEL32.DLL
0x00007ffb8de60000 - 0x00007ffb8e128000 	C:\WINDOWS\System32\KERNELBASE.dll
0x00007ffb8e280000 - 0x00007ffb8e32e000 	C:\WINDOWS\System32\ADVAPI32.dll
0x00007ffb8fd90000 - 0x00007ffb8fe2e000 	C:\WINDOWS\System32\msvcrt.dll
0x00007ffb8e4d0000 - 0x00007ffb8e56c000 	C:\WINDOWS\System32\sechost.dll
0x00007ffb8e940000 - 0x00007ffb8ea65000 	C:\WINDOWS\System32\RPCRT4.dll
0x00007ffb8e330000 - 0x00007ffb8e4d0000 	C:\WINDOWS\System32\USER32.dll
0x00007ffb8e130000 - 0x00007ffb8e152000 	C:\WINDOWS\System32\win32u.dll
0x00007ffb901c0000 - 0x00007ffb901eb000 	C:\WINDOWS\System32\GDI32.dll
0x00007ffb8dd50000 - 0x00007ffb8de5d000 	C:\WINDOWS\System32\gdi32full.dll
0x00007ffb8da20000 - 0x00007ffb8dabd000 	C:\WINDOWS\System32\msvcp_win.dll
0x00007ffb8dc50000 - 0x00007ffb8dd50000 	C:\WINDOWS\System32\ucrtbase.dll
0x00007ffb7c000000 - 0x00007ffb7c29a000 	C:\WINDOWS\WinSxS\amd64_microsoft.windows.common-controls_6595b64144ccf1df_6.0.19041.1110_none_60b5254171f9507e\COMCTL32.dll
0x00007ffb90190000 - 0x00007ffb901c0000 	C:\WINDOWS\System32\IMM32.DLL
0x0000000059fa0000 - 0x000000005a072000 	C:\Program Files\Java\jdk1.8.0_211\jre\bin\msvcr100.dll
0x000000005a080000 - 0x000000005a925000 	C:\Program Files\Java\jdk1.8.0_211\jre\bin\server\jvm.dll
0x00007ffb8ff10000 - 0x00007ffb8ff18000 	C:\WINDOWS\System32\PSAPI.DLL
0x00007ffb7f600000 - 0x00007ffb7f609000 	C:\WINDOWS\SYSTEM32\WSOCK32.dll
0x00007ffb86030000 - 0x00007ffb8603a000 	C:\WINDOWS\SYSTEM32\VERSION.dll
0x00007ffb7c5d0000 - 0x00007ffb7c5f7000 	C:\WINDOWS\SYSTEM32\WINMM.dll
0x00007ffb8f650000 - 0x00007ffb8f6bb000 	C:\WINDOWS\System32\WS2_32.dll
0x00007ffb89af0000 - 0x00007ffb89aff000 	C:\Program Files\Java\jdk1.8.0_211\jre\bin\verify.dll
0x00007ffb89a70000 - 0x00007ffb89a99000 	C:\Program Files\Java\jdk1.8.0_211\jre\bin\java.dll
0x00007ffb89ad0000 - 0x00007ffb89ae6000 	C:\Program Files\Java\jdk1.8.0_211\jre\bin\zip.dll
0x00007ffb8eba0000 - 0x00007ffb8f2e4000 	C:\WINDOWS\System32\SHELL32.dll
0x00007ffb8b670000 - 0x00007ffb8be04000 	C:\WINDOWS\SYSTEM32\windows.storage.dll
0x00007ffb8f2f0000 - 0x00007ffb8f645000 	C:\WINDOWS\System32\combase.dll
0x00007ffb8d2c0000 - 0x00007ffb8d2ee000 	C:\WINDOWS\SYSTEM32\Wldp.dll
0x00007ffb8f740000 - 0x00007ffb8f7ed000 	C:\WINDOWS\System32\SHCORE.dll
0x00007ffb8f6e0000 - 0x00007ffb8f735000 	C:\WINDOWS\System32\shlwapi.dll
0x00007ffb8d880000 - 0x00007ffb8d89f000 	C:\WINDOWS\SYSTEM32\profapi.dll

VM Arguments:
jvm_args: -Dfile.encoding=UTF-8 
java_command: test.NewFXMain
java_class_path (initial): C:\Program Files\NetBeans 8.2\ide\modules\ext\mysql-connector-java-5.1.23-bin.jar;C:\Users\ASUS CELERON\Desktop\TMN\TMN_Pidev\build\classes
Launcher Type: SUN_STANDARD

Environment Variables:
JAVA_HOME=C:\Program Files\Java\jdk1.8.0_211
PATH=C:\oraclexe\app\oracle\product\10.2.0\server\bin;C:\wamp64\bin\php\php7.4.9;C:\Program Files (x86)\Common Files\Intel\Shared Libraries\redist\intel64\compiler;C:\Program Files (x86)\VMware\VMware Workstation\bin\;C:\Program Files\Java\jdk1.8.0_211\bin;C:\Program Files (x86)\Common Files\Oracle\Java\javapath;C:\wamp64\bin\php\php7.3.21;C:\composer;C:\Program Files\Symfony;C:\Program Files (x86)\Git\cmd;C:\Program Files (x86)\Git\mingw32\bin;C:\Program Files (x86)\Git\usr\bin;C:\Users\ASUS CELERON\anaconda3;C:\Users\ASUS CELERON\anaconda3\Library\mingw-w64\bin;C:\Users\ASUS CELERON\anaconda3\Library\usr\bin;C:\Users\ASUS CELERON\anaconda3\Library\bin;C:\Users\ASUS CELERON\anaconda3\Scripts;C:\Users\ASUS CELERON\AppData\Local\Microsoft\WindowsApps;C:\Users\ASUS CELERON\AppData\Local\Programs\Microsoft VS Code\bin;C:\Users\ASUS CELERON\AppData\Local\GitHubDesktop\bin;C:\Users\ASUS CELERON\AppData\Roaming\Composer\vendor\bin;C:\wamp64\bin\php\php7.4.9;
USERNAME=ASUS CELERON
OS=Windows_NT
PROCESSOR_IDENTIFIER=Intel64 Family 6 Model 142 Stepping 10, GenuineIntel



---------------  S Y S T E M  ---------------

OS: Windows 10.0 , 64 bit Build 19041 (10.0.19041.1503)

CPU:total 8 (initial active 8) (4 cores per cpu, 2 threads per core) family 6 model 142 stepping 10, cmov, cx8, fxsr, mmx, sse, sse2, sse3, ssse3, sse4.1, sse4.2, popcnt, avx, avx2, aes, clmul, erms, 3dnowpref, lzcnt, ht, tsc, tscinvbit, bmi1, bmi2, adx

Memory: 4k page, physical 8264684k(1699864k free), swap 10214380k(5124k free)

vm_info: Java HotSpot(TM) 64-Bit Server VM (25.211-b12) for windows-amd64 JRE (1.8.0_211-b12), built on Apr  1 2019 20:53:26 by "java_re" with MS VC++ 10.0 (VS2010)

time: Tue Mar 01 22:00:31 2022
timezone: Afr. centrale Ouest
elapsed time: 0 seconds (0d 0h 0m 0s)

