#
# There is insufficient memory for the Java Runtime Environment to continue.
# Native memory allocation (malloc) failed to allocate 557136 bytes for Chunk::new
# Possible reasons:
#   The system is out of physical RAM or swap space
#   The process is running with CompressedOops enabled, and the Java Heap may be blocking the growth of the native heap
# Possible solutions:
#   Reduce memory load on the system
#   Increase physical memory or swap space
#   Check if swap backing store is full
#   Decrease Java heap size (-Xmx/-Xms)
#   Decrease number of Java threads
#   Decrease Java thread stack sizes (-Xss)
#   Set larger code cache with -XX:ReservedCodeCacheSize=
#   JVM is running with Unscaled Compressed Oops mode in which the Java heap is
#     placed in the first 4GB address space. The Java Heap base address is the
#     maximum limit for the native heap growth. Please use -XX:HeapBaseMinAddress
#     to set the Java Heap base and to place the Java Heap above 4GB virtual address.
# This output file may be truncated or incomplete.
#
#  Out of Memory Error (allocation.cpp:389), pid=11072, tid=0x0000000000000708
#
# JRE version: Java(TM) SE Runtime Environment (8.0_211-b12) (build 1.8.0_211-b12)
# Java VM: Java HotSpot(TM) 64-Bit Server VM (25.211-b12 mixed mode windows-amd64 compressed oops)
# Failed to write core dump. Minidumps are not enabled by default on client versions of Windows
#

---------------  T H R E A D  ---------------

Current thread (0x000000001a0f2000):  JavaThread "C2 CompilerThread0" daemon [_thread_in_native, id=1800, stack(0x000000001a9f0000,0x000000001aaf0000)]

Stack: [0x000000001a9f0000,0x000000001aaf0000]
[error occurred during error reporting (printing stack bounds), id 0xc0000005]

Native frames: (J=compiled Java code, j=interpreted, Vv=VM code, C=native code)


Current CompileTask:
C2:   4061 2638       4       com.sun.javafx.css.CompoundSelector::stateMatches (193 bytes)


---------------  P R O C E S S  ---------------

Java Threads: ( => current thread )
  0x000000001b3c8000 JavaThread "Prism Font Disposer" daemon [_thread_blocked, id=15036, stack(0x0000000022520000,0x0000000022620000)]
  0x000000001b1d5800 JavaThread "Abandoned connection cleanup thread" daemon [_thread_blocked, id=16860, stack(0x0000000020bf0000,0x0000000020cf0000)]
  0x000000001b1a0800 JavaThread "Thread-3" daemon [_thread_in_native, id=4176, stack(0x00000000208f0000,0x00000000209f0000)]
  0x000000001b184800 JavaThread "JavaFX-Launcher" [_thread_blocked, id=13728, stack(0x00000000209f0000,0x0000000020af0000)]
  0x000000001b0e9000 JavaThread "JavaFX Application Thread" [_thread_in_native, id=11648, stack(0x000000001bcf0000,0x000000001bdf0000)]
  0x000000001b0e0000 JavaThread "Thread-1" daemon [_thread_blocked, id=10968, stack(0x000000001bbf0000,0x000000001bcf0000)]
  0x000000001b0b8800 JavaThread "QuantumRenderer-0" daemon [_thread_blocked, id=9516, stack(0x000000001b970000,0x000000001ba70000)]
  0x000000001a189800 JavaThread "Service Thread" daemon [_thread_blocked, id=9892, stack(0x000000001adf0000,0x000000001aef0000)]
  0x000000001a0fe000 JavaThread "C1 CompilerThread3" daemon [_thread_blocked, id=15424, stack(0x000000001acf0000,0x000000001adf0000)]
  0x000000001a0f7800 JavaThread "C2 CompilerThread2" daemon [_thread_blocked, id=10564, stack(0x000000001abf0000,0x000000001acf0000)]
  0x000000001a0f5000 JavaThread "C2 CompilerThread1" daemon [_thread_blocked, id=16616, stack(0x000000001aaf0000,0x000000001abf0000)]
=>0x000000001a0f2000 JavaThread "C2 CompilerThread0" daemon [_thread_in_native, id=1800, stack(0x000000001a9f0000,0x000000001aaf0000)]
  0x000000001a0ef000 JavaThread "Attach Listener" daemon [_thread_blocked, id=12260, stack(0x000000001a8f0000,0x000000001a9f0000)]
  0x00000000182fe000 JavaThread "Signal Dispatcher" daemon [_thread_blocked, id=8816, stack(0x000000001a7f0000,0x000000001a8f0000)]
  0x000000001a0e1000 JavaThread "Finalizer" daemon [_thread_blocked, id=2500, stack(0x000000001a5c0000,0x000000001a6c0000)]
  0x000000001a0e0800 JavaThread "Reference Handler" daemon [_thread_blocked, id=17076, stack(0x000000001a4c0000,0x000000001a5c0000)]
  0x0000000003282800 JavaThread "main" [_thread_blocked, id=8984, stack(0x00000000030e0000,0x00000000031e0000)]

Other Threads:
  0x00000000182e8800 VMThread [stack: 0x0000000019fc0000,0x000000001a0c0000] [id=10588]
  0x000000001a19a000 WatcherThread [stack: 0x000000001aef0000,0x000000001aff0000] [id=15572]

VM state:not at safepoint (normal execution)

VM Mutex/Monitor currently owned by a thread: None

heap address: 0x0000000081e00000, size: 2018 MB, Compressed Oops mode: 32-bit
Narrow klass base: 0x0000000000000000, Narrow klass shift: 3
Compressed class space size: 1073741824 Address: 0x0000000100000000

Heap:
 PSYoungGen      total 38400K, used 17040K [0x00000000d5f80000, 0x00000000daa80000, 0x0000000100000000)
  eden space 33280K, 51% used [0x00000000d5f80000,0x00000000d70240f8,0x00000000d8000000)
  from space 5120K, 0% used [0x00000000d8500000,0x00000000d8500000,0x00000000d8a00000)
  to   space 5120K, 0% used [0x00000000d8000000,0x00000000d8000000,0x00000000d8500000)
 ParOldGen       total 87040K, used 16758K [0x0000000081e00000, 0x0000000087300000, 0x00000000d5f80000)
  object space 87040K, 19% used [0x0000000081e00000,0x0000000082e5d998,0x0000000087300000)
 Metaspace       used 22119K, capacity 23560K, committed 23808K, reserved 1069056K
  class space    used 3178K, capacity 3457K, committed 3584K, reserved 1048576K

Card table byte_map: [0x0000000012740000,0x0000000012b40000] byte_map_base: 0x0000000012331000

Marking Bits: (ParMarkBitMap*) 0x0000000055555ce0
 Begin Bits: [0x00000000135f0000, 0x0000000015578000)
 End Bits:   [0x0000000015578000, 0x0000000017500000)

Polling page: 0x0000000002ff0000

CodeCache: size=245760Kb used=8505Kb max_used=8517Kb free=237254Kb
 bounds [0x0000000003380000, 0x0000000003be0000, 0x0000000012380000]
 total_blobs=3374 nmethods=2648 adapters=638
 compilation: enabled

Compilation events (10 events):
Event: 4.031 Thread 0x000000001a0fe000 nmethod 2645 0x0000000003bd0f50 code [0x0000000003bd10a0, 0x0000000003bd1350]
Event: 4.031 Thread 0x000000001a0fe000 2646       3       com.sun.javafx.geom.transform.Affine3D::getMxz (5 bytes)
Event: 4.031 Thread 0x000000001a0fe000 nmethod 2646 0x0000000003bcd250 code [0x0000000003bcd3a0, 0x0000000003bcd4f0]
Event: 4.031 Thread 0x000000001a0fe000 2647       3       com.sun.javafx.geom.transform.Affine3D::getMyz (5 bytes)
Event: 4.031 Thread 0x000000001a0fe000 nmethod 2647 0x0000000003bd13d0 code [0x0000000003bd1520, 0x0000000003bd1670]
Event: 4.031 Thread 0x000000001a0fe000 2648       3       com.sun.javafx.geom.transform.Affine3D::getMzx (5 bytes)
Event: 4.031 Thread 0x000000001a0fe000 nmethod 2648 0x0000000003bd1710 code [0x0000000003bd1860, 0x0000000003bd19b0]
Event: 4.031 Thread 0x000000001a0fe000 2649       3       com.sun.prism.impl.ps.BaseShaderContext::setTexture (44 bytes)
Event: 4.031 Thread 0x000000001a0fe000 nmethod 2649 0x0000000003bd1a50 code [0x0000000003bd1c00, 0x0000000003bd22c8]
Event: 4.032 Thread 0x000000001a0f5000 nmethod 2641 0x0000000003bd5510 code [0x0000000003bd5680, 0x0000000003bd59c8]

GC Heap History (6 events):
Event: 0.768 GC heap before
{Heap before GC invocations=1 (full 0):
 PSYoungGen      total 38400K, used 33280K [0x00000000d5f80000, 0x00000000d8a00000, 0x0000000100000000)
  eden space 33280K, 100% used [0x00000000d5f80000,0x00000000d8000000,0x00000000d8000000)
  from space 5120K, 0% used [0x00000000d8500000,0x00000000d8500000,0x00000000d8a00000)
  to   space 5120K, 0% used [0x00000000d8000000,0x00000000d8000000,0x00000000d8500000)
 ParOldGen       total 87552K, used 0K [0x0000000081e00000, 0x0000000087380000, 0x00000000d5f80000)
  object space 87552K, 0% used [0x0000000081e00000,0x0000000081e00000,0x0000000087380000)
 Metaspace       used 15186K, capacity 15734K, committed 16000K, reserved 1062912K
  class space    used 1968K, capacity 2120K, committed 2176K, reserved 1048576K
Event: 0.773 GC heap after
Heap after GC invocations=1 (full 0):
 PSYoungGen      total 38400K, used 5088K [0x00000000d5f80000, 0x00000000d8a00000, 0x0000000100000000)
  eden space 33280K, 0% used [0x00000000d5f80000,0x00000000d5f80000,0x00000000d8000000)
  from space 5120K, 99% used [0x00000000d8000000,0x00000000d84f8278,0x00000000d8500000)
  to   space 5120K, 0% used [0x00000000d8500000,0x00000000d8500000,0x00000000d8a00000)
 ParOldGen       total 87552K, used 4060K [0x0000000081e00000, 0x0000000087380000, 0x00000000d5f80000)
  object space 87552K, 4% used [0x0000000081e00000,0x00000000821f72d8,0x0000000087380000)
 Metaspace       used 15186K, capacity 15734K, committed 16000K, reserved 1062912K
  class space    used 1968K, capacity 2120K, committed 2176K, reserved 1048576K
}
Event: 1.170 GC heap before
{Heap before GC invocations=2 (full 0):
 PSYoungGen      total 38400K, used 29339K [0x00000000d5f80000, 0x00000000d8a00000, 0x0000000100000000)
  eden space 33280K, 72% used [0x00000000d5f80000,0x00000000d772ec50,0x00000000d8000000)
  from space 5120K, 99% used [0x00000000d8000000,0x00000000d84f8278,0x00000000d8500000)
  to   space 5120K, 0% used [0x00000000d8500000,0x00000000d8500000,0x00000000d8a00000)
 ParOldGen       total 87552K, used 4060K [0x0000000081e00000, 0x0000000087380000, 0x00000000d5f80000)
  object space 87552K, 4% used [0x0000000081e00000,0x00000000821f72d8,0x0000000087380000)
 Metaspace       used 20094K, capacity 21258K, committed 21296K, reserved 1067008K
  class space    used 2914K, capacity 3164K, committed 3200K, reserved 1048576K
Event: 1.177 GC heap after
Heap after GC invocations=2 (full 0):
 PSYoungGen      total 38400K, used 5113K [0x00000000d5f80000, 0x00000000daa80000, 0x0000000100000000)
  eden space 33280K, 0% used [0x00000000d5f80000,0x00000000d5f80000,0x00000000d8000000)
  from space 5120K, 99% used [0x00000000d8500000,0x00000000d89fe530,0x00000000d8a00000)
  to   space 5120K, 0% used [0x00000000d8000000,0x00000000d8000000,0x00000000d8500000)
 ParOldGen       total 87552K, used 12429K [0x0000000081e00000, 0x0000000087380000, 0x00000000d5f80000)
  object space 87552K, 14% used [0x0000000081e00000,0x0000000082a23760,0x0000000087380000)
 Metaspace       used 20094K, capacity 21258K, committed 21296K, reserved 1067008K
  class space    used 2914K, capacity 3164K, committed 3200K, reserved 1048576K
}
Event: 1.177 GC heap before
{Heap before GC invocations=3 (full 1):
 PSYoungGen      total 38400K, used 5113K [0x00000000d5f80000, 0x00000000daa80000, 0x0000000100000000)
  eden space 33280K, 0% used [0x00000000d5f80000,0x00000000d5f80000,0x00000000d8000000)
  from space 5120K, 99% used [0x00000000d8500000,0x00000000d89fe530,0x00000000d8a00000)
  to   space 5120K, 0% used [0x00000000d8000000,0x00000000d8000000,0x00000000d8500000)
 ParOldGen       total 87552K, used 12429K [0x0000000081e00000, 0x0000000087380000, 0x00000000d5f80000)
  object space 87552K, 14% used [0x0000000081e00000,0x0000000082a23760,0x0000000087380000)
 Metaspace       used 20094K, capacity 21258K, committed 21296K, reserved 1067008K
  class space    used 2914K, capacity 3164K, committed 3200K, reserved 1048576K
Event: 1.230 GC heap after
Heap after GC invocations=3 (full 1):
 PSYoungGen      total 38400K, used 0K [0x00000000d5f80000, 0x00000000daa80000, 0x0000000100000000)
  eden space 33280K, 0% used [0x00000000d5f80000,0x00000000d5f80000,0x00000000d8000000)
  from space 5120K, 0% used [0x00000000d8500000,0x00000000d8500000,0x00000000d8a00000)
  to   space 5120K, 0% used [0x00000000d8000000,0x00000000d8000000,0x00000000d8500000)
 ParOldGen       total 87040K, used 16758K [0x0000000081e00000, 0x0000000087300000, 0x00000000d5f80000)
  object space 87040K, 19% used [0x0000000081e00000,0x0000000082e5d998,0x0000000087300000)
 Metaspace       used 20094K, capacity 21258K, committed 21296K, reserved 1067008K
  class space    used 2914K, capacity 3164K, committed 3200K, reserved 1048576K
}

Deoptimization events (10 events):
Event: 2.811 Thread 0x000000001b0e9000 Uncommon trap: reason=unstable_if action=reinterpret pc=0x0000000003ad53fc method=javafx.scene.Node.impl_isDirty(Lcom/sun/javafx/scene/DirtyBits;)Z @ 12
Event: 3.131 Thread 0x000000001b0e9000 Uncommon trap: reason=bimorphic action=maybe_recompile pc=0x0000000003a7dcc0 method=javafx.scene.Node.impl_geomChanged()V @ 33
Event: 3.131 Thread 0x000000001b0e9000 Uncommon trap: reason=class_check action=maybe_recompile pc=0x0000000003a82910 method=javafx.scene.Node.transformedBoundsChanged()V @ 28
Event: 3.132 Thread 0x000000001b0e9000 Uncommon trap: reason=bimorphic action=maybe_recompile pc=0x0000000003a7dcc0 method=javafx.scene.Node.impl_geomChanged()V @ 33
Event: 3.132 Thread 0x000000001b0e9000 Uncommon trap: reason=class_check action=maybe_recompile pc=0x0000000003a82910 method=javafx.scene.Node.transformedBoundsChanged()V @ 28
Event: 3.132 Thread 0x000000001b0e9000 Uncommon trap: reason=class_check action=maybe_recompile pc=0x0000000003a82910 method=javafx.scene.Node.transformedBoundsChanged()V @ 28
Event: 3.132 Thread 0x000000001b0e9000 Uncommon trap: reason=bimorphic action=maybe_recompile pc=0x0000000003a7dcc0 method=javafx.scene.Node.impl_geomChanged()V @ 33
Event: 3.132 Thread 0x000000001b0e9000 Uncommon trap: reason=class_check action=maybe_recompile pc=0x0000000003a82910 method=javafx.scene.Node.transformedBoundsChanged()V @ 28
Event: 3.148 Thread 0x000000001b0e9000 Uncommon trap: reason=unstable_if action=reinterpret pc=0x0000000003814f38 method=jdk.internal.org.objectweb.asm.Type.getArgumentsAndReturnSizes(Ljava/lang/String;)I @ 47
Event: 3.150 Thread 0x000000001b0e9000 Uncommon trap: reason=bimorphic action=maybe_recompile pc=0x0000000003a7dcc0 method=javafx.scene.Node.impl_geomChanged()V @ 33

Classes redefined (0 events):
No events

Internal exceptions (10 events):
Event: 0.656 Thread 0x000000001b0e9000 Exception <a 'java/lang/ArrayIndexOutOfBoundsException': 18> (0x00000000d7718690) thrown at [C:\re\workspace\8-2-build-windows-amd64-cygwin\jdk8u211\12973\hotspot\src\share\vm\interpreter\interpreterRuntime.cpp, line 368]
Event: 0.657 Thread 0x000000001b0e9000 Exception <a 'java/lang/ArrayIndexOutOfBoundsException': 86> (0x00000000d7719a38) thrown at [C:\re\workspace\8-2-build-windows-amd64-cygwin\jdk8u211\12973\hotspot\src\share\vm\interpreter\interpreterRuntime.cpp, line 368]
Event: 0.706 Thread 0x000000001b0e9000 Exception <a 'java/lang/ArrayIndexOutOfBoundsException'> (0x00000000d799a630) thrown at [C:\re\workspace\8-2-build-windows-amd64-cygwin\jdk8u211\12973\hotspot\src\share\vm\runtime\sharedRuntime.cpp, line 605]
Event: 0.706 Thread 0x000000001b0e9000 Exception <a 'java/lang/ArrayIndexOutOfBoundsException'> (0x00000000d799b630) thrown at [C:\re\workspace\8-2-build-windows-amd64-cygwin\jdk8u211\12973\hotspot\src\share\vm\runtime\sharedRuntime.cpp, line 605]
Event: 0.706 Thread 0x000000001b0e9000 Exception <a 'java/lang/ArrayIndexOutOfBoundsException'> (0x00000000d799cea0) thrown at [C:\re\workspace\8-2-build-windows-amd64-cygwin\jdk8u211\12973\hotspot\src\share\vm\runtime\sharedRuntime.cpp, line 605]
Event: 0.733 Thread 0x000000001b0e9000 Exception <a 'java/io/FileNotFoundException'> (0x00000000d7b712e0) thrown at [C:\re\workspace\8-2-build-windows-amd64-cygwin\jdk8u211\12973\hotspot\src\share\vm\prims\jni.cpp, line 710]
Event: 0.793 Thread 0x000000001b0e9000 Exception <a 'java/io/FileNotFoundException'> (0x00000000d609dd00) thrown at [C:\re\workspace\8-2-build-windows-amd64-cygwin\jdk8u211\12973\hotspot\src\share\vm\prims\jni.cpp, line 710]
Event: 0.824 Thread 0x000000001b0e9000 Exception <a 'java/io/FileNotFoundException'> (0x00000000d6534d78) thrown at [C:\re\workspace\8-2-build-windows-amd64-cygwin\jdk8u211\12973\hotspot\src\share\vm\prims\jni.cpp, line 710]
Event: 0.859 Thread 0x000000001b0e9000 Implicit null exception at 0x00000000036b94b5 to 0x00000000036b96c5
Event: 0.859 Thread 0x000000001b0e9000 Implicit null exception at 0x0000000003719998 to 0x0000000003719a26

Events (10 events):
Event: 3.149 loading class com/sun/scenario/animation/AnimationPulse$PulseData$Accessor done
Event: 3.149 loading class com/sun/scenario/animation/AnimationPulse$PulseData
Event: 3.149 loading class com/sun/scenario/animation/AnimationPulse$PulseData done
Event: 3.149 loading class com/sun/scenario/animation/AnimationPulse$PulseData$Accessor
Event: 3.149 loading class com/sun/scenario/animation/AnimationPulse$PulseData$Accessor done
Event: 3.150 loading class javafx/animation/Animation$1
Event: 3.150 loading class javafx/animation/Animation$1 done
Event: 3.150 Thread 0x000000001b0e9000 Uncommon trap: trap_request=0xffffffc6 fr.pc=0x0000000003a7dcc0
Event: 3.150 Thread 0x000000001b0e9000 DEOPT PACKING pc=0x0000000003a7dcc0 sp=0x000000001bded050
Event: 3.150 Thread 0x000000001b0e9000 DEOPT UNPACKING pc=0x00000000033c583b sp=0x000000001bded010 mode 2


Dynamic libraries:
0x00007ff7903c0000 - 0x00007ff7903f7000 	C:\Program Files\Java\jdk1.8.0_211\bin\java.exe
0x00007ffb00790000 - 0x00007ffb00985000 	C:\WINDOWS\SYSTEM32\ntdll.dll
0x00007ffaf6e30000 - 0x00007ffaf6e46000 	C:\Program Files\AVAST Software\Avast\aswhook.dll
0x00007ffb00570000 - 0x00007ffb0062e000 	C:\WINDOWS\System32\KERNEL32.DLL
0x00007ffafe510000 - 0x00007ffafe7d8000 	C:\WINDOWS\System32\KERNELBASE.dll
0x00007ffaff5f0000 - 0x00007ffaff69e000 	C:\WINDOWS\System32\ADVAPI32.dll
0x00007ffb004c0000 - 0x00007ffb0055e000 	C:\WINDOWS\System32\msvcrt.dll
0x00007ffafed60000 - 0x00007ffafedfc000 	C:\WINDOWS\System32\sechost.dll
0x00007ffaff7d0000 - 0x00007ffaff8f5000 	C:\WINDOWS\System32\RPCRT4.dll
0x00007ffb00320000 - 0x00007ffb004c0000 	C:\WINDOWS\System32\USER32.dll
0x00007ffafe270000 - 0x00007ffafe292000 	C:\WINDOWS\System32\win32u.dll
0x00007ffaff330000 - 0x00007ffaff35b000 	C:\WINDOWS\System32\GDI32.dll
0x00007ffafe2a0000 - 0x00007ffafe3ad000 	C:\WINDOWS\System32\gdi32full.dll
0x00007ffafe3b0000 - 0x00007ffafe44d000 	C:\WINDOWS\System32\msvcp_win.dll
0x00007ffafdfe0000 - 0x00007ffafe0e0000 	C:\WINDOWS\System32\ucrtbase.dll
0x00007ffae6d90000 - 0x00007ffae702a000 	C:\WINDOWS\WinSxS\amd64_microsoft.windows.common-controls_6595b64144ccf1df_6.0.19041.1110_none_60b5254171f9507e\COMCTL32.dll
0x00007ffb002f0000 - 0x00007ffb00320000 	C:\WINDOWS\System32\IMM32.DLL
0x0000000054af0000 - 0x0000000054bc2000 	C:\Program Files\Java\jdk1.8.0_211\jre\bin\msvcr100.dll
0x0000000054d30000 - 0x00000000555d5000 	C:\Program Files\Java\jdk1.8.0_211\jre\bin\server\jvm.dll
0x00007ffb00560000 - 0x00007ffb00568000 	C:\WINDOWS\System32\PSAPI.DLL
0x00007ffae72e0000 - 0x00007ffae72e9000 	C:\WINDOWS\SYSTEM32\WSOCK32.dll
0x00007ffaf6ca0000 - 0x00007ffaf6caa000 	C:\WINDOWS\SYSTEM32\VERSION.dll
0x00007ffae6860000 - 0x00007ffae6887000 	C:\WINDOWS\SYSTEM32\WINMM.dll
0x00007ffaffa10000 - 0x00007ffaffa7b000 	C:\WINDOWS\System32\WS2_32.dll
0x00007ffaf9840000 - 0x00007ffaf984f000 	C:\Program Files\Java\jdk1.8.0_211\jre\bin\verify.dll
0x00007ffaf8970000 - 0x00007ffaf8999000 	C:\Program Files\Java\jdk1.8.0_211\jre\bin\java.dll
0x00007ffae98e0000 - 0x00007ffae98f6000 	C:\Program Files\Java\jdk1.8.0_211\jre\bin\zip.dll
0x00007ffaffa80000 - 0x00007ffb001c4000 	C:\WINDOWS\System32\SHELL32.dll
0x00007ffafbbd0000 - 0x00007ffafc364000 	C:\WINDOWS\SYSTEM32\windows.storage.dll
0x00007ffafe7e0000 - 0x00007ffafeb35000 	C:\WINDOWS\System32\combase.dll
0x00007ffafd8f0000 - 0x00007ffafd91e000 	C:\WINDOWS\SYSTEM32\Wldp.dll
0x00007ffaff280000 - 0x00007ffaff32d000 	C:\WINDOWS\System32\SHCORE.dll
0x00007ffafeb40000 - 0x00007ffafeb95000 	C:\WINDOWS\System32\shlwapi.dll
0x00007ffafdde0000 - 0x00007ffafddff000 	C:\WINDOWS\SYSTEM32\profapi.dll
0x0000000003060000 - 0x0000000003063000 	C:\Program Files\Java\jdk1.8.0_211\jre\bin\api-ms-win-core-console-l1-1-0.dll
0x0000000003070000 - 0x0000000003073000 	C:\Program Files\Java\jdk1.8.0_211\jre\bin\api-ms-win-core-datetime-l1-1-0.dll
0x0000000003080000 - 0x0000000003083000 	C:\Program Files\Java\jdk1.8.0_211\jre\bin\api-ms-win-core-debug-l1-1-0.dll
0x0000000003090000 - 0x0000000003093000 	C:\Program Files\Java\jdk1.8.0_211\jre\bin\api-ms-win-core-errorhandling-l1-1-0.dll
0x00000000030a0000 - 0x00000000030a4000 	C:\Program Files\Java\jdk1.8.0_211\jre\bin\api-ms-win-core-file-l1-1-0.dll
0x00000000030b0000 - 0x00000000030b3000 	C:\Program Files\Java\jdk1.8.0_211\jre\bin\api-ms-win-core-file-l1-2-0.dll
0x00000000030c0000 - 0x00000000030c3000 	C:\Program Files\Java\jdk1.8.0_211\jre\bin\api-ms-win-core-file-l2-1-0.dll
0x00000000031e0000 - 0x00000000031e3000 	C:\Program Files\Java\jdk1.8.0_211\jre\bin\api-ms-win-core-handle-l1-1-0.dll
0x00000000031f0000 - 0x00000000031f3000 	C:\Program Files\Java\jdk1.8.0_211\jre\bin\api-ms-win-core-heap-l1-1-0.dll
0x0000000003200000 - 0x0000000003203000 	C:\Program Files\Java\jdk1.8.0_211\jre\bin\api-ms-win-core-interlocked-l1-1-0.dll
0x0000000003210000 - 0x0000000003213000 	C:\Program Files\Java\jdk1.8.0_211\jre\bin\api-ms-win-core-libraryloader-l1-1-0.dll
0x0000000003220000 - 0x0000000003223000 	C:\Program Files\Java\jdk1.8.0_211\jre\bin\api-ms-win-core-localization-l1-2-0.dll
0x0000000003230000 - 0x0000000003233000 	C:\Program Files\Java\jdk1.8.0_211\jre\bin\api-ms-win-core-memory-l1-1-0.dll
0x0000000003240000 - 0x0000000003243000 	C:\Program Files\Java\jdk1.8.0_211\jre\bin\api-ms-win-core-namedpipe-l1-1-0.dll
0x0000000003250000 - 0x0000000003253000 	C:\Program Files\Java\jdk1.8.0_211\jre\bin\api-ms-win-core-processenvironment-l1-1-0.dll
0x0000000003260000 - 0x0000000003263000 	C:\Program Files\Java\jdk1.8.0_211\jre\bin\api-ms-win-core-processthreads-l1-1-0.dll
0x000000001b7f0000 - 0x000000001b7f3000 	C:\Program Files\Java\jdk1.8.0_211\jre\bin\api-ms-win-core-processthreads-l1-1-1.dll
0x000000001b800000 - 0x000000001b803000 	C:\Program Files\Java\jdk1.8.0_211\jre\bin\api-ms-win-core-profile-l1-1-0.dll
0x000000001b810000 - 0x000000001b813000 	C:\Program Files\Java\jdk1.8.0_211\jre\bin\api-ms-win-core-rtlsupport-l1-1-0.dll
0x000000001b820000 - 0x000000001b823000 	C:\Program Files\Java\jdk1.8.0_211\jre\bin\api-ms-win-core-string-l1-1-0.dll
0x000000001b830000 - 0x000000001b833000 	C:\Program Files\Java\jdk1.8.0_211\jre\bin\api-ms-win-core-synch-l1-1-0.dll
0x000000001b840000 - 0x000000001b843000 	C:\Program Files\Java\jdk1.8.0_211\jre\bin\api-ms-win-core-synch-l1-2-0.dll
0x000000001b850000 - 0x000000001b853000 	C:\Program Files\Java\jdk1.8.0_211\jre\bin\api-ms-win-core-sysinfo-l1-1-0.dll
0x000000001b860000 - 0x000000001b863000 	C:\Program Files\Java\jdk1.8.0_211\jre\bin\api-ms-win-core-timezone-l1-1-0.dll
0x000000001b870000 - 0x000000001b873000 	C:\Program Files\Java\jdk1.8.0_211\jre\bin\api-ms-win-core-util-l1-1-0.dll
0x000000001b880000 - 0x000000001b883000 	C:\Program Files\Java\jdk1.8.0_211\jre\bin\api-ms-win-crt-conio-l1-1-0.dll
0x000000001b890000 - 0x000000001b894000 	C:\Program Files\Java\jdk1.8.0_211\jre\bin\api-ms-win-crt-convert-l1-1-0.dll
0x000000001b8a0000 - 0x000000001b8a3000 	C:\Program Files\Java\jdk1.8.0_211\jre\bin\api-ms-win-crt-environment-l1-1-0.dll
0x000000001b8b0000 - 0x000000001b8b3000 	C:\Program Files\Java\jdk1.8.0_211\jre\bin\api-ms-win-crt-filesystem-l1-1-0.dll
0x000000001b8c0000 - 0x000000001b8c3000 	C:\Program Files\Java\jdk1.8.0_211\jre\bin\api-ms-win-crt-heap-l1-1-0.dll
0x000000001b8d0000 - 0x000000001b8d3000 	C:\Program Files\Java\jdk1.8.0_211\jre\bin\api-ms-win-crt-locale-l1-1-0.dll
0x000000001b8e0000 - 0x000000001b8e5000 	C:\Program Files\Java\jdk1.8.0_211\jre\bin\api-ms-win-crt-math-l1-1-0.dll
0x000000001b8f0000 - 0x000000001b8f5000 	C:\Program Files\Java\jdk1.8.0_211\jre\bin\api-ms-win-crt-multibyte-l1-1-0.dll
0x000000001b900000 - 0x000000001b910000 	C:\Program Files\Java\jdk1.8.0_211\jre\bin\api-ms-win-crt-private-l1-1-0.dll
0x000000001b910000 - 0x000000001b913000 	C:\Program Files\Java\jdk1.8.0_211\jre\bin\api-ms-win-crt-process-l1-1-0.dll
0x000000001b920000 - 0x000000001b924000 	C:\Program Files\Java\jdk1.8.0_211\jre\bin\api-ms-win-crt-runtime-l1-1-0.dll
0x000000001b930000 - 0x000000001b934000 	C:\Program Files\Java\jdk1.8.0_211\jre\bin\api-ms-win-crt-stdio-l1-1-0.dll
0x000000001b940000 - 0x000000001b944000 	C:\Program Files\Java\jdk1.8.0_211\jre\bin\api-ms-win-crt-string-l1-1-0.dll
0x000000001b950000 - 0x000000001b953000 	C:\Program Files\Java\jdk1.8.0_211\jre\bin\api-ms-win-crt-time-l1-1-0.dll
0x000000001b960000 - 0x000000001b963000 	C:\Program Files\Java\jdk1.8.0_211\jre\bin\api-ms-win-crt-utility-l1-1-0.dll
0x00007ffad8dc0000 - 0x00007ffad8eb6000 	C:\Program Files\Java\jdk1.8.0_211\jre\bin\ucrtbase.dll
0x00007ffaf7c30000 - 0x00007ffaf7c46000 	C:\Program Files\Java\jdk1.8.0_211\jre\bin\vcruntime140.dll
0x00007ffad8890000 - 0x00007ffad893a000 	C:\Program Files\Java\jdk1.8.0_211\jre\bin\msvcp140.dll
0x00007ffae8720000 - 0x00007ffae8774000 	C:\Program Files\Java\jdk1.8.0_211\jre\bin\concrt140.dll
0x00007ffae93f0000 - 0x00007ffae9413000 	C:\Program Files\Java\jdk1.8.0_211\jre\bin\prism_d3d.dll
0x00007ffaf5220000 - 0x00007ffaf53f0000 	C:\WINDOWS\system32\d3d9.dll
0x00007ffafca70000 - 0x00007ffafca82000 	C:\WINDOWS\SYSTEM32\kernel.appcore.dll
0x00007ffafb700000 - 0x00007ffafb72f000 	C:\WINDOWS\SYSTEM32\dwmapi.dll
0x00007ffafb610000 - 0x00007ffafb6ae000 	C:\WINDOWS\system32\uxtheme.dll
0x00007ffab83c0000 - 0x00007ffab8523000 	C:\WINDOWS\System32\DriverStore\FileRepository\igdlh64.inf_amd64_fb9939a7d714d646\igdumdim64.dll
0x00007ffa7ec00000 - 0x00007ffa82604000 	C:\WINDOWS\System32\DriverStore\FileRepository\igdlh64.inf_amd64_fb9939a7d714d646\igd9dxva64.dll
0x00007ffaff6a0000 - 0x00007ffaff7ca000 	C:\WINDOWS\System32\ole32.dll
0x00007ffafec30000 - 0x00007ffafecfd000 	C:\WINDOWS\System32\OLEAUT32.dll
0x00007ffafee00000 - 0x00007ffaff272000 	C:\WINDOWS\System32\SETUPAPI.dll
0x00007ffafe4c0000 - 0x00007ffafe50e000 	C:\WINDOWS\System32\cfgmgr32.dll
0x00007ffafe240000 - 0x00007ffafe267000 	C:\WINDOWS\System32\bcrypt.dll
0x00007ffaf1eb0000 - 0x00007ffaf20ef000 	C:\WINDOWS\System32\DriverStore\FileRepository\igdlh64.inf_amd64_fb9939a7d714d646\igdgmm64.dll
0x00007ffadaf20000 - 0x00007ffadaf69000 	C:\Program Files\Java\jdk1.8.0_211\jre\bin\glass.dll
0x00007ffaff510000 - 0x00007ffaff5ea000 	C:\WINDOWS\System32\COMDLG32.dll
0x00007ffb001d0000 - 0x00007ffb002e6000 	C:\WINDOWS\System32\MSCTF.dll
0x00007ffafdf50000 - 0x00007ffafdfd2000 	C:\WINDOWS\System32\bcryptPrimitives.dll
0x00007ffae9e40000 - 0x00007ffae9e67000 	C:\WINDOWS\System32\DriverStore\FileRepository\igdlh64.inf_amd64_fb9939a7d714d646\igdinfo64.dll
0x00007ffaef1f0000 - 0x00007ffaf1e52000 	C:\WINDOWS\System32\DriverStore\FileRepository\igdlh64.inf_amd64_fb9939a7d714d646\igc64.dll
0x00007ffaf8760000 - 0x00007ffaf879b000 	C:\WINDOWS\SYSTEM32\dxcore.dll
0x00007ffae9380000 - 0x00007ffae939a000 	C:\Program Files\Java\jdk1.8.0_211\jre\bin\net.dll
0x00007ffae9610000 - 0x00007ffae97fb000 	C:\WINDOWS\SYSTEM32\urlmon.dll
0x00007ffae9940000 - 0x00007ffae9bf1000 	C:\WINDOWS\SYSTEM32\iertutil.dll
0x00007ffaebc80000 - 0x00007ffaebca8000 	C:\WINDOWS\SYSTEM32\srvcli.dll
0x00007ffafd400000 - 0x00007ffafd40c000 	C:\WINDOWS\SYSTEM32\netutils.dll
0x00007ffafd650000 - 0x00007ffafd6ba000 	C:\WINDOWS\system32\mswsock.dll
0x00007ffafd330000 - 0x00007ffafd3fb000 	C:\WINDOWS\SYSTEM32\DNSAPI.dll
0x00007ffafd2f0000 - 0x00007ffafd32b000 	C:\WINDOWS\SYSTEM32\IPHLPAPI.DLL
0x00007ffb00740000 - 0x00007ffb00748000 	C:\WINDOWS\System32\NSI.dll
0x00007ffaf62b0000 - 0x00007ffaf62ba000 	C:\Windows\System32\rasadhlp.dll
0x00007ffaec850000 - 0x00007ffaec8cf000 	C:\WINDOWS\System32\fwpuclnt.dll
0x00007ffaeac10000 - 0x00007ffaeac24000 	C:\Program Files\Java\jdk1.8.0_211\jre\bin\javafx_font.dll
0x00007ffaea740000 - 0x00007ffaea9c3000 	C:\WINDOWS\SYSTEM32\dwrite.dll
0x00007ffae86f0000 - 0x00007ffae871c000 	C:\Program Files\Java\jdk1.8.0_211\jre\bin\javafx_iio.dll
0x00007ffb00690000 - 0x00007ffb00739000 	C:\WINDOWS\System32\clbcatq.dll
0x00007ffaf6a30000 - 0x00007ffaf6be4000 	C:\WINDOWS\SYSTEM32\WindowsCodecs.dll
0x00007ffae1350000 - 0x00007ffae138e000 	C:\WINDOWS\system32\dataexchange.dll
0x00007ffafaa30000 - 0x00007ffafac15000 	C:\WINDOWS\system32\dcomp.dll
0x00007ffafa1a0000 - 0x00007ffafa404000 	C:\WINDOWS\system32\d3d11.dll
0x00007ffafc770000 - 0x00007ffafc864000 	C:\WINDOWS\system32\dxgi.dll
0x00007ffaf62d0000 - 0x00007ffaf64d1000 	C:\WINDOWS\system32\twinapi.appcore.dll
0x00007ffacfc10000 - 0x00007ffacfc44000 	C:\Program Files\Common Files\Microsoft Shared\Ink\rtscom.dll
0x00007ffaeb780000 - 0x00007ffaeb879000 	C:\WINDOWS\SYSTEM32\textinputframework.dll
0x00007ffafac20000 - 0x00007ffafaf7e000 	C:\WINDOWS\System32\CoreUIComponents.dll
0x00007ffaf9c40000 - 0x00007ffaf9d32000 	C:\WINDOWS\System32\CoreMessaging.dll
0x00007ffafcb90000 - 0x00007ffafcbc3000 	C:\WINDOWS\SYSTEM32\ntmarta.dll
0x00007ffaf9ae0000 - 0x00007ffaf9c34000 	C:\WINDOWS\SYSTEM32\wintypes.dll
0x00007ffae5950000 - 0x00007ffae5961000 	C:\Program Files\Java\jdk1.8.0_211\jre\bin\prism_common.dll
0x00007ffafa470000 - 0x00007ffafaa30000 	C:\WINDOWS\SYSTEM32\d2d1.dll
0x00007ffaf3770000 - 0x00007ffaf3e66000 	C:\WINDOWS\SYSTEM32\D3D10Warp.dll

VM Arguments:
jvm_args: -Dfile.encoding=UTF-8 
java_command: test.NewFXMain
java_class_path (initial): C:\Program Files\NetBeans 8.2\ide\modules\ext\mysql-connector-java-5.1.23-bin.jar;C:\Users\ASUS CELERON\Desktop\controlsfx-8.40.11.jar;C:\Users\ASUS CELERON\Downloads\activation.jar.zip;C:\Users\ASUS CELERON\Downloads\javax.mail.jar;C:\Users\ASUS CELERON\Downloads\itextpdf-5.4.1.jar;C:\Users\ASUS CELERON\Downloads\itextpdf-5.1.0.jar;C:\Users\ASUS CELERON\Downloads\itextpdf-5.5.9.jar;C:\Users\ASUS CELERON\Downloads\pdfbox-1.3.1.jar;C:\Users\ASUS CELERON\Downloads\pdfbox-2.0.8.jar;C:\Users\ASUS CELERON\Desktop\TMN\TMN_Pidev\build\classes
Launcher Type: SUN_STANDARD

Environment Variables:
JAVA_HOME=C:\Program Files\Java\jdk1.8.0_211
PATH=C:\oraclexe\app\oracle\product\10.2.0\server\bin;C:\wamp64\bin\php\php7.4.9;C:\Program Files (x86)\Common Files\Intel\Shared Libraries\redist\intel64\compiler;C:\Program Files (x86)\VMware\VMware Workstation\bin\;C:\Program Files\Java\jdk1.8.0_211\bin;C:\Program Files (x86)\Common Files\Oracle\Java\javapath;C:\wamp64\bin\php\php7.3.21;C:\composer;C:\Program Files\Symfony;C:\Program Files (x86)\Git\cmd;C:\Program Files (x86)\Git\mingw32\bin;C:\Program Files (x86)\Git\usr\bin;C:\Users\ASUS CELERON\anaconda3;C:\Users\ASUS CELERON\anaconda3\Library\mingw-w64\bin;C:\Users\ASUS CELERON\anaconda3\Library\usr\bin;C:\Users\ASUS CELERON\anaconda3\Library\bin;C:\Users\ASUS CELERON\anaconda3\Scripts;C:\Users\ASUS CELERON\AppData\Local\Microsoft\WindowsApps;C:\Users\ASUS CELERON\AppData\Local\Programs\Microsoft VS Code\bin;C:\Users\ASUS CELERON\AppData\Local\GitHubDesktop\bin;C:\Users\ASUS CELERON\AppData\Roaming\Composer\vendor\bin;C:\wamp64\bin\php\php7.4.9;
USERNAME=ASUS CELERON
OS=Windows_NT
PROCESSOR_IDENTIFIER=Intel64 Family 6 Model 142 Stepping 10, GenuineIntel



---------------  S Y S T E M  ---------------

OS: Windows 10.0 , 64 bit Build 19041 (10.0.19041.1503)

CPU:total 8 (initial active 8) (4 cores per cpu, 2 threads per core) family 6 model 142 stepping 10, cmov, cx8, fxsr, mmx, sse, sse2, sse3, ssse3, sse4.1, sse4.2, popcnt, avx, avx2, aes, clmul, erms, 3dnowpref, lzcnt, ht, tsc, tscinvbit, bmi1, bmi2, adx

Memory: 4k page, physical 8264684k(1736596k free), swap 10214380k(5336k free)

vm_info: Java HotSpot(TM) 64-Bit Server VM (25.211-b12) for windows-amd64 JRE (1.8.0_211-b12), built on Apr  1 2019 20:53:26 by "java_re" with MS VC++ 10.0 (VS2010)

time: Sun Mar 06 01:47:19 2022
timezone: Afr. centrale Ouest
elapsed time: 4 seconds (0d 0h 0m 4s)

