#
# There is insufficient memory for the Java Runtime Environment to continue.
# Native memory allocation (malloc) failed to allocate 32744 bytes for ChunkPool::allocate
# Possible reasons:
#   The system is out of physical RAM or swap space
#   The process is running with CompressedOops enabled, and the Java Heap may be blocking the growth of the native heap
# Possible solutions:
#   Reduce memory load on the system
#   Increase physical memory or swap space
#   Check if swap backing store is full
#   Decrease Java heap size (-Xmx/-Xms)
#   Decrease number of Java threads
#   Decrease Java thread stack sizes (-Xss)
#   Set larger code cache with -XX:ReservedCodeCacheSize=
#   JVM is running with Unscaled Compressed Oops mode in which the Java heap is
#     placed in the first 4GB address space. The Java Heap base address is the
#     maximum limit for the native heap growth. Please use -XX:HeapBaseMinAddress
#     to set the Java Heap base and to place the Java Heap above 4GB virtual address.
# This output file may be truncated or incomplete.
#
#  Out of Memory Error (allocation.cpp:272), pid=13872, tid=0x0000000000003b30
#
# JRE version: Java(TM) SE Runtime Environment (8.0_211-b12) (build 1.8.0_211-b12)
# Java VM: Java HotSpot(TM) 64-Bit Server VM (25.211-b12 mixed mode windows-amd64 compressed oops)
# Failed to write core dump. Minidumps are not enabled by default on client versions of Windows
#

---------------  T H R E A D  ---------------

Current thread (0x0000000019242800):  JavaThread "C2 CompilerThread0" daemon [_thread_in_native, id=15152, stack(0x0000000019b50000,0x0000000019c50000)]

Stack: [0x0000000019b50000,0x0000000019c50000]
[error occurred during error reporting (printing stack bounds), id 0xc0000005]

Native frames: (J=compiled Java code, j=interpreted, Vv=VM code, C=native code)


Current CompileTask:
C2:   5633 2768   !   4       javafx.scene.CssStyleHelper::transitionToState (1075 bytes)


---------------  P R O C E S S  ---------------

Java Threads: ( => current thread )
  0x000000001a4b9800 JavaThread "Prism Font Disposer" daemon [_thread_blocked, id=4424, stack(0x0000000021c70000,0x0000000021d70000)]
  0x000000001a328000 JavaThread "Abandoned connection cleanup thread" daemon [_thread_blocked, id=14236, stack(0x000000001fe80000,0x000000001ff80000)]
  0x000000001a2ce800 JavaThread "Thread-3" daemon [_thread_in_native, id=12888, stack(0x000000001fb80000,0x000000001fc80000)]
  0x000000001a2e5800 JavaThread "JavaFX-Launcher" [_thread_blocked, id=13044, stack(0x000000001fc80000,0x000000001fd80000)]
  0x000000001a257000 JavaThread "JavaFX Application Thread" [_thread_in_native, id=11836, stack(0x000000001afb0000,0x000000001b0b0000)]
  0x000000001a24b000 JavaThread "Thread-1" daemon [_thread_blocked, id=15220, stack(0x000000001aeb0000,0x000000001afb0000)]
  0x000000001a20b800 JavaThread "QuantumRenderer-0" daemon [_thread_blocked, id=14640, stack(0x000000001abd0000,0x000000001acd0000)]
  0x00000000192de000 JavaThread "Service Thread" daemon [_thread_blocked, id=10916, stack(0x0000000019f50000,0x000000001a050000)]
  0x000000001924c000 JavaThread "C1 CompilerThread3" daemon [_thread_blocked, id=9952, stack(0x0000000019e50000,0x0000000019f50000)]
  0x0000000019248000 JavaThread "C2 CompilerThread2" daemon [_thread_blocked, id=15716, stack(0x0000000019d50000,0x0000000019e50000)]
  0x0000000019245000 JavaThread "C2 CompilerThread1" daemon [_thread_blocked, id=11584, stack(0x0000000019c50000,0x0000000019d50000)]
=>0x0000000019242800 JavaThread "C2 CompilerThread0" daemon [_thread_in_native, id=15152, stack(0x0000000019b50000,0x0000000019c50000)]
  0x000000001923f000 JavaThread "Attach Listener" daemon [_thread_blocked, id=7728, stack(0x0000000019a50000,0x0000000019b50000)]
  0x000000001744e000 JavaThread "Signal Dispatcher" daemon [_thread_blocked, id=17296, stack(0x0000000019950000,0x0000000019a50000)]
  0x0000000019231000 JavaThread "Finalizer" daemon [_thread_blocked, id=4180, stack(0x0000000019710000,0x0000000019810000)]
  0x0000000019230800 JavaThread "Reference Handler" daemon [_thread_blocked, id=14768, stack(0x0000000019610000,0x0000000019710000)]
  0x00000000023d2800 JavaThread "main" [_thread_blocked, id=276, stack(0x00000000022d0000,0x00000000023d0000)]

Other Threads:
  0x0000000017438800 VMThread [stack: 0x0000000019110000,0x0000000019210000] [id=6012]
  0x00000000192ee800 WatcherThread [stack: 0x000000001a050000,0x000000001a150000] [id=6364]

VM state:not at safepoint (normal execution)

VM Mutex/Monitor currently owned by a thread: None

heap address: 0x0000000081e00000, size: 2018 MB, Compressed Oops mode: 32-bit
Narrow klass base: 0x0000000000000000, Narrow klass shift: 3
Compressed class space size: 1073741824 Address: 0x0000000100000000

Heap:
 PSYoungGen      total 38400K, used 18416K [0x00000000d5f80000, 0x00000000d8a00000, 0x0000000100000000)
  eden space 33280K, 55% used [0x00000000d5f80000,0x00000000d717c368,0x00000000d8000000)
  from space 5120K, 0% used [0x00000000d8500000,0x00000000d8500000,0x00000000d8a00000)
  to   space 5120K, 0% used [0x00000000d8000000,0x00000000d8000000,0x00000000d8500000)
 ParOldGen       total 89088K, used 17132K [0x0000000081e00000, 0x0000000087500000, 0x00000000d5f80000)
  object space 89088K, 19% used [0x0000000081e00000,0x0000000082ebb208,0x0000000087500000)
 Metaspace       used 22373K, capacity 23837K, committed 24064K, reserved 1069056K
  class space    used 3186K, capacity 3500K, committed 3584K, reserved 1048576K

Card table byte_map: [0x0000000011890000,0x0000000011c90000] byte_map_base: 0x0000000011481000

Marking Bits: (ParMarkBitMap*) 0x0000000055555ce0
 Begin Bits: [0x0000000012740000, 0x00000000146c8000)
 End Bits:   [0x00000000146c8000, 0x0000000016650000)

Polling page: 0x0000000002210000

CodeCache: size=245760Kb used=9079Kb max_used=9079Kb free=236680Kb
 bounds [0x00000000024d0000, 0x0000000002dc0000, 0x00000000114d0000]
 total_blobs=3569 nmethods=2838 adapters=641
 compilation: enabled

Compilation events (10 events):
Event: 5.481 Thread 0x000000001924c000 2833       3       javafx.scene.layout.Region::getMinWidth (22 bytes)
Event: 5.481 Thread 0x000000001924c000 nmethod 2833 0x0000000002dae110 code [0x0000000002dae280, 0x0000000002dae648]
Event: 5.496 Thread 0x000000001924c000 2834       3       java.util.concurrent.locks.ReentrantLock::unlock (10 bytes)
Event: 5.496 Thread 0x000000001924c000 nmethod 2834 0x0000000002dae790 code [0x0000000002dae920, 0x0000000002daed18]
Event: 5.512 Thread 0x000000001924c000 2836       3       javafx.scene.layout.Region::resize (67 bytes)
Event: 5.513 Thread 0x000000001924c000 nmethod 2836 0x0000000002daee50 code [0x0000000002daf120, 0x0000000002db04d8]
Event: 5.513 Thread 0x000000001924c000 2835       3       java.util.WeakHashMap::newTable (8 bytes)
Event: 5.513 Thread 0x000000001924c000 nmethod 2835 0x0000000002db0fd0 code [0x0000000002db1120, 0x0000000002db12f0]
Event: 5.561 Thread 0x000000001924c000 2837       3       java.util.concurrent.locks.AbstractQueuedSynchronizer::compareAndSetWaitStatus (13 bytes)
Event: 5.561 Thread 0x000000001924c000 nmethod 2837 0x0000000002db1390 code [0x0000000002db14e0, 0x0000000002db1630]

GC Heap History (6 events):
Event: 0.777 GC heap before
{Heap before GC invocations=1 (full 0):
 PSYoungGen      total 38400K, used 33280K [0x00000000d5f80000, 0x00000000d8a00000, 0x0000000100000000)
  eden space 33280K, 100% used [0x00000000d5f80000,0x00000000d8000000,0x00000000d8000000)
  from space 5120K, 0% used [0x00000000d8500000,0x00000000d8500000,0x00000000d8a00000)
  to   space 5120K, 0% used [0x00000000d8000000,0x00000000d8000000,0x00000000d8500000)
 ParOldGen       total 87552K, used 0K [0x0000000081e00000, 0x0000000087380000, 0x00000000d5f80000)
  object space 87552K, 0% used [0x0000000081e00000,0x0000000081e00000,0x0000000087380000)
 Metaspace       used 15185K, capacity 15722K, committed 16000K, reserved 1062912K
  class space    used 1963K, capacity 2120K, committed 2176K, reserved 1048576K
Event: 0.782 GC heap after
Heap after GC invocations=1 (full 0):
 PSYoungGen      total 38400K, used 5113K [0x00000000d5f80000, 0x00000000d8a00000, 0x0000000100000000)
  eden space 33280K, 0% used [0x00000000d5f80000,0x00000000d5f80000,0x00000000d8000000)
  from space 5120K, 99% used [0x00000000d8000000,0x00000000d84fe4f0,0x00000000d8500000)
  to   space 5120K, 0% used [0x00000000d8500000,0x00000000d8500000,0x00000000d8a00000)
 ParOldGen       total 87552K, used 3938K [0x0000000081e00000, 0x0000000087380000, 0x00000000d5f80000)
  object space 87552K, 4% used [0x0000000081e00000,0x00000000821d88e0,0x0000000087380000)
 Metaspace       used 15185K, capacity 15722K, committed 16000K, reserved 1062912K
  class space    used 1963K, capacity 2120K, committed 2176K, reserved 1048576K
}
Event: 1.261 GC heap before
{Heap before GC invocations=2 (full 0):
 PSYoungGen      total 38400K, used 29233K [0x00000000d5f80000, 0x00000000d8a00000, 0x0000000100000000)
  eden space 33280K, 72% used [0x00000000d5f80000,0x00000000d770df10,0x00000000d8000000)
  from space 5120K, 99% used [0x00000000d8000000,0x00000000d84fe4f0,0x00000000d8500000)
  to   space 5120K, 0% used [0x00000000d8500000,0x00000000d8500000,0x00000000d8a00000)
 ParOldGen       total 87552K, used 3938K [0x0000000081e00000, 0x0000000087380000, 0x00000000d5f80000)
  object space 87552K, 4% used [0x0000000081e00000,0x00000000821d88e0,0x0000000087380000)
 Metaspace       used 20111K, capacity 21263K, committed 21296K, reserved 1067008K
  class space    used 2912K, capacity 3167K, committed 3200K, reserved 1048576K
Event: 1.267 GC heap after
Heap after GC invocations=2 (full 0):
 PSYoungGen      total 38400K, used 3664K [0x00000000d5f80000, 0x00000000d8a00000, 0x0000000100000000)
  eden space 33280K, 0% used [0x00000000d5f80000,0x00000000d5f80000,0x00000000d8000000)
  from space 5120K, 71% used [0x00000000d8500000,0x00000000d8894030,0x00000000d8a00000)
  to   space 5120K, 0% used [0x00000000d8000000,0x00000000d8000000,0x00000000d8500000)
 ParOldGen       total 87552K, used 14197K [0x0000000081e00000, 0x0000000087380000, 0x00000000d5f80000)
  object space 87552K, 16% used [0x0000000081e00000,0x0000000082bdd750,0x0000000087380000)
 Metaspace       used 20111K, capacity 21263K, committed 21296K, reserved 1067008K
  class space    used 2912K, capacity 3167K, committed 3200K, reserved 1048576K
}
Event: 1.267 GC heap before
{Heap before GC invocations=3 (full 1):
 PSYoungGen      total 38400K, used 3664K [0x00000000d5f80000, 0x00000000d8a00000, 0x0000000100000000)
  eden space 33280K, 0% used [0x00000000d5f80000,0x00000000d5f80000,0x00000000d8000000)
  from space 5120K, 71% used [0x00000000d8500000,0x00000000d8894030,0x00000000d8a00000)
  to   space 5120K, 0% used [0x00000000d8000000,0x00000000d8000000,0x00000000d8500000)
 ParOldGen       total 87552K, used 14197K [0x0000000081e00000, 0x0000000087380000, 0x00000000d5f80000)
  object space 87552K, 16% used [0x0000000081e00000,0x0000000082bdd750,0x0000000087380000)
 Metaspace       used 20111K, capacity 21263K, committed 21296K, reserved 1067008K
  class space    used 2912K, capacity 3167K, committed 3200K, reserved 1048576K
Event: 1.308 GC heap after
Heap after GC invocations=3 (full 1):
 PSYoungGen      total 38400K, used 0K [0x00000000d5f80000, 0x00000000d8a00000, 0x0000000100000000)
  eden space 33280K, 0% used [0x00000000d5f80000,0x00000000d5f80000,0x00000000d8000000)
  from space 5120K, 0% used [0x00000000d8500000,0x00000000d8500000,0x00000000d8a00000)
  to   space 5120K, 0% used [0x00000000d8000000,0x00000000d8000000,0x00000000d8500000)
 ParOldGen       total 89088K, used 17132K [0x0000000081e00000, 0x0000000087500000, 0x00000000d5f80000)
  object space 89088K, 19% used [0x0000000081e00000,0x0000000082ebb208,0x0000000087500000)
 Metaspace       used 20111K, capacity 21263K, committed 21296K, reserved 1067008K
  class space    used 2912K, capacity 3167K, committed 3200K, reserved 1048576K
}

Deoptimization events (10 events):
Event: 5.347 Thread 0x000000001a257000 Uncommon trap: reason=unstable_if action=reinterpret pc=0x0000000002ad70d0 method=com.sun.javafx.css.StyleManager$CacheContainer.getStyleMap(I)Lcom/sun/javafx/css/StyleMap; @ 22
Event: 5.348 Thread 0x000000001a257000 Uncommon trap: reason=unstable_if action=reinterpret pc=0x0000000002a9d454 method=com.sun.javafx.css.StyleManager$CacheContainer.getStyleMap(I)Lcom/sun/javafx/css/StyleMap; @ 22
Event: 5.350 Thread 0x000000001a257000 Uncommon trap: reason=unstable_if action=reinterpret pc=0x0000000002ae6aa0 method=javafx.scene.CssStyleHelper.lookup(Ljavafx/css/Styleable;Ljavafx/css/CssMetaData;Lcom/sun/javafx/css/StyleMap;Ljava/util/Set;Ljavafx/css/Styleable;Lcom/sun/javafx/css/Calcul
Event: 5.363 Thread 0x000000001a257000 Uncommon trap: reason=class_check action=maybe_recompile pc=0x0000000002d1ae1c method=javafx.scene.Node.updateLocalToParentTransform()V @ 11
Event: 5.363 Thread 0x000000001a257000 Uncommon trap: reason=class_check action=maybe_recompile pc=0x0000000002d1ae1c method=javafx.scene.Node.updateLocalToParentTransform()V @ 11
Event: 5.363 Thread 0x000000001a257000 Uncommon trap: reason=class_check action=maybe_recompile pc=0x0000000002d1ae1c method=javafx.scene.Node.updateLocalToParentTransform()V @ 11
Event: 5.363 Thread 0x000000001a257000 Uncommon trap: reason=class_check action=maybe_recompile pc=0x0000000002d1ae1c method=javafx.scene.Node.updateLocalToParentTransform()V @ 11
Event: 5.378 Thread 0x000000001a20b800 Uncommon trap: reason=unstable_if action=reinterpret pc=0x0000000002c3f744 method=com.sun.javafx.geom.RectBounds.isEmpty()Z @ 21
Event: 5.410 Thread 0x000000001a257000 Uncommon trap: reason=unstable_if action=reinterpret pc=0x0000000002d9da88 method=javafx.scene.Node.updateBounds()V @ 37
Event: 5.415 Thread 0x000000001a20b800 Uncommon trap: reason=unstable_if action=reinterpret pc=0x0000000002d9e4d8 method=java.lang.StrictMath.floorOrCeil(DDDD)D @ 115

Classes redefined (0 events):
No events

Internal exceptions (10 events):
Event: 0.661 Thread 0x000000001a257000 Exception <a 'java/lang/ArrayIndexOutOfBoundsException': 18> (0x00000000d7715e48) thrown at [C:\re\workspace\8-2-build-windows-amd64-cygwin\jdk8u211\12973\hotspot\src\share\vm\interpreter\interpreterRuntime.cpp, line 368]
Event: 0.661 Thread 0x000000001a257000 Exception <a 'java/lang/ArrayIndexOutOfBoundsException': 86> (0x00000000d77171f0) thrown at [C:\re\workspace\8-2-build-windows-amd64-cygwin\jdk8u211\12973\hotspot\src\share\vm\interpreter\interpreterRuntime.cpp, line 368]
Event: 0.711 Thread 0x000000001a257000 Exception <a 'java/lang/ArrayIndexOutOfBoundsException'> (0x00000000d7997d68) thrown at [C:\re\workspace\8-2-build-windows-amd64-cygwin\jdk8u211\12973\hotspot\src\share\vm\runtime\sharedRuntime.cpp, line 605]
Event: 0.711 Thread 0x000000001a257000 Exception <a 'java/lang/ArrayIndexOutOfBoundsException'> (0x00000000d7998d68) thrown at [C:\re\workspace\8-2-build-windows-amd64-cygwin\jdk8u211\12973\hotspot\src\share\vm\runtime\sharedRuntime.cpp, line 605]
Event: 0.711 Thread 0x000000001a257000 Exception <a 'java/lang/ArrayIndexOutOfBoundsException'> (0x00000000d799a5d8) thrown at [C:\re\workspace\8-2-build-windows-amd64-cygwin\jdk8u211\12973\hotspot\src\share\vm\runtime\sharedRuntime.cpp, line 605]
Event: 0.737 Thread 0x000000001a257000 Exception <a 'java/io/FileNotFoundException'> (0x00000000d7b6ea10) thrown at [C:\re\workspace\8-2-build-windows-amd64-cygwin\jdk8u211\12973\hotspot\src\share\vm\prims\jni.cpp, line 710]
Event: 0.800 Thread 0x000000001a257000 Exception <a 'java/io/FileNotFoundException'> (0x00000000d609b3b0) thrown at [C:\re\workspace\8-2-build-windows-amd64-cygwin\jdk8u211\12973\hotspot\src\share\vm\prims\jni.cpp, line 710]
Event: 0.830 Thread 0x000000001a257000 Exception <a 'java/io/FileNotFoundException'> (0x00000000d6532428) thrown at [C:\re\workspace\8-2-build-windows-amd64-cygwin\jdk8u211\12973\hotspot\src\share\vm\prims\jni.cpp, line 710]
Event: 0.863 Thread 0x000000001a257000 Implicit null exception at 0x000000000280d375 to 0x000000000280d585
Event: 0.863 Thread 0x000000001a257000 Implicit null exception at 0x000000000285bc98 to 0x000000000285bd26

Events (10 events):
Event: 5.410 Thread 0x000000001a257000 DEOPT UNPACKING pc=0x000000000251583b sp=0x000000001b0ad818 mode 2
Event: 5.411 Executing VM operation: RevokeBias
Event: 5.411 Executing VM operation: RevokeBias done
Event: 5.414 Executing VM operation: RevokeBias
Event: 5.414 Executing VM operation: RevokeBias done
Event: 5.414 loading class com/sun/javafx/geom/DirtyRegionPool$PoolItem
Event: 5.414 loading class com/sun/javafx/geom/DirtyRegionPool$PoolItem done
Event: 5.415 Thread 0x000000001a20b800 Uncommon trap: trap_request=0xffffff65 fr.pc=0x0000000002d9e4d8
Event: 5.415 Thread 0x000000001a20b800 DEOPT PACKING pc=0x0000000002d9e4d8 sp=0x000000001accec20
Event: 5.415 Thread 0x000000001a20b800 DEOPT UNPACKING pc=0x000000000251583b sp=0x000000001acceb90 mode 2


Dynamic libraries:
0x00007ff7903c0000 - 0x00007ff7903f7000 	C:\Program Files\Java\jdk1.8.0_211\bin\java.exe
0x00007ffb00790000 - 0x00007ffb00985000 	C:\WINDOWS\SYSTEM32\ntdll.dll
0x00007ffaf6e30000 - 0x00007ffaf6e46000 	C:\Program Files\AVAST Software\Avast\aswhook.dll
0x00007ffb00570000 - 0x00007ffb0062e000 	C:\WINDOWS\System32\KERNEL32.DLL
0x00007ffafe510000 - 0x00007ffafe7d8000 	C:\WINDOWS\System32\KERNELBASE.dll
0x00007ffaff5f0000 - 0x00007ffaff69e000 	C:\WINDOWS\System32\ADVAPI32.dll
0x00007ffb004c0000 - 0x00007ffb0055e000 	C:\WINDOWS\System32\msvcrt.dll
0x00007ffafed60000 - 0x00007ffafedfc000 	C:\WINDOWS\System32\sechost.dll
0x00007ffaff7d0000 - 0x00007ffaff8f5000 	C:\WINDOWS\System32\RPCRT4.dll
0x00007ffb00320000 - 0x00007ffb004c0000 	C:\WINDOWS\System32\USER32.dll
0x00007ffafe270000 - 0x00007ffafe292000 	C:\WINDOWS\System32\win32u.dll
0x00007ffaff330000 - 0x00007ffaff35b000 	C:\WINDOWS\System32\GDI32.dll
0x00007ffafe2a0000 - 0x00007ffafe3ad000 	C:\WINDOWS\System32\gdi32full.dll
0x00007ffafe3b0000 - 0x00007ffafe44d000 	C:\WINDOWS\System32\msvcp_win.dll
0x00007ffafdfe0000 - 0x00007ffafe0e0000 	C:\WINDOWS\System32\ucrtbase.dll
0x00007ffae6d90000 - 0x00007ffae702a000 	C:\WINDOWS\WinSxS\amd64_microsoft.windows.common-controls_6595b64144ccf1df_6.0.19041.1110_none_60b5254171f9507e\COMCTL32.dll
0x00007ffb002f0000 - 0x00007ffb00320000 	C:\WINDOWS\System32\IMM32.DLL
0x0000000054af0000 - 0x0000000054bc2000 	C:\Program Files\Java\jdk1.8.0_211\jre\bin\msvcr100.dll
0x0000000054d30000 - 0x00000000555d5000 	C:\Program Files\Java\jdk1.8.0_211\jre\bin\server\jvm.dll
0x00007ffb00560000 - 0x00007ffb00568000 	C:\WINDOWS\System32\PSAPI.DLL
0x00007ffae72e0000 - 0x00007ffae72e9000 	C:\WINDOWS\SYSTEM32\WSOCK32.dll
0x00007ffae6860000 - 0x00007ffae6887000 	C:\WINDOWS\SYSTEM32\WINMM.dll
0x00007ffaf6ca0000 - 0x00007ffaf6caa000 	C:\WINDOWS\SYSTEM32\VERSION.dll
0x00007ffaffa10000 - 0x00007ffaffa7b000 	C:\WINDOWS\System32\WS2_32.dll
0x00007ffaf9840000 - 0x00007ffaf984f000 	C:\Program Files\Java\jdk1.8.0_211\jre\bin\verify.dll
0x00007ffaf8970000 - 0x00007ffaf8999000 	C:\Program Files\Java\jdk1.8.0_211\jre\bin\java.dll
0x00007ffae98e0000 - 0x00007ffae98f6000 	C:\Program Files\Java\jdk1.8.0_211\jre\bin\zip.dll
0x00007ffaffa80000 - 0x00007ffb001c4000 	C:\WINDOWS\System32\SHELL32.dll
0x00007ffafbbd0000 - 0x00007ffafc364000 	C:\WINDOWS\SYSTEM32\windows.storage.dll
0x00007ffafe7e0000 - 0x00007ffafeb35000 	C:\WINDOWS\System32\combase.dll
0x00007ffafd8f0000 - 0x00007ffafd91e000 	C:\WINDOWS\SYSTEM32\Wldp.dll
0x00007ffaff280000 - 0x00007ffaff32d000 	C:\WINDOWS\System32\SHCORE.dll
0x00007ffafeb40000 - 0x00007ffafeb95000 	C:\WINDOWS\System32\shlwapi.dll
0x00007ffafdde0000 - 0x00007ffafddff000 	C:\WINDOWS\SYSTEM32\profapi.dll
0x000000001a950000 - 0x000000001a953000 	C:\Program Files\Java\jdk1.8.0_211\jre\bin\api-ms-win-core-console-l1-1-0.dll
0x000000001a960000 - 0x000000001a963000 	C:\Program Files\Java\jdk1.8.0_211\jre\bin\api-ms-win-core-datetime-l1-1-0.dll
0x000000001a970000 - 0x000000001a973000 	C:\Program Files\Java\jdk1.8.0_211\jre\bin\api-ms-win-core-debug-l1-1-0.dll
0x000000001a980000 - 0x000000001a983000 	C:\Program Files\Java\jdk1.8.0_211\jre\bin\api-ms-win-core-errorhandling-l1-1-0.dll
0x000000001a990000 - 0x000000001a994000 	C:\Program Files\Java\jdk1.8.0_211\jre\bin\api-ms-win-core-file-l1-1-0.dll
0x000000001a9a0000 - 0x000000001a9a3000 	C:\Program Files\Java\jdk1.8.0_211\jre\bin\api-ms-win-core-file-l1-2-0.dll
0x000000001a9b0000 - 0x000000001a9b3000 	C:\Program Files\Java\jdk1.8.0_211\jre\bin\api-ms-win-core-file-l2-1-0.dll
0x000000001a9c0000 - 0x000000001a9c3000 	C:\Program Files\Java\jdk1.8.0_211\jre\bin\api-ms-win-core-handle-l1-1-0.dll
0x000000001a9d0000 - 0x000000001a9d3000 	C:\Program Files\Java\jdk1.8.0_211\jre\bin\api-ms-win-core-heap-l1-1-0.dll
0x000000001a9e0000 - 0x000000001a9e3000 	C:\Program Files\Java\jdk1.8.0_211\jre\bin\api-ms-win-core-interlocked-l1-1-0.dll
0x000000001a9f0000 - 0x000000001a9f3000 	C:\Program Files\Java\jdk1.8.0_211\jre\bin\api-ms-win-core-libraryloader-l1-1-0.dll
0x000000001aa00000 - 0x000000001aa03000 	C:\Program Files\Java\jdk1.8.0_211\jre\bin\api-ms-win-core-localization-l1-2-0.dll
0x000000001aa10000 - 0x000000001aa13000 	C:\Program Files\Java\jdk1.8.0_211\jre\bin\api-ms-win-core-memory-l1-1-0.dll
0x000000001aa20000 - 0x000000001aa23000 	C:\Program Files\Java\jdk1.8.0_211\jre\bin\api-ms-win-core-namedpipe-l1-1-0.dll
0x000000001aa30000 - 0x000000001aa33000 	C:\Program Files\Java\jdk1.8.0_211\jre\bin\api-ms-win-core-processenvironment-l1-1-0.dll
0x000000001aa40000 - 0x000000001aa43000 	C:\Program Files\Java\jdk1.8.0_211\jre\bin\api-ms-win-core-processthreads-l1-1-0.dll
0x000000001aa50000 - 0x000000001aa53000 	C:\Program Files\Java\jdk1.8.0_211\jre\bin\api-ms-win-core-processthreads-l1-1-1.dll
0x000000001aa60000 - 0x000000001aa63000 	C:\Program Files\Java\jdk1.8.0_211\jre\bin\api-ms-win-core-profile-l1-1-0.dll
0x000000001aa70000 - 0x000000001aa73000 	C:\Program Files\Java\jdk1.8.0_211\jre\bin\api-ms-win-core-rtlsupport-l1-1-0.dll
0x000000001aa80000 - 0x000000001aa83000 	C:\Program Files\Java\jdk1.8.0_211\jre\bin\api-ms-win-core-string-l1-1-0.dll
0x000000001aa90000 - 0x000000001aa93000 	C:\Program Files\Java\jdk1.8.0_211\jre\bin\api-ms-win-core-synch-l1-1-0.dll
0x000000001aaa0000 - 0x000000001aaa3000 	C:\Program Files\Java\jdk1.8.0_211\jre\bin\api-ms-win-core-synch-l1-2-0.dll
0x000000001aab0000 - 0x000000001aab3000 	C:\Program Files\Java\jdk1.8.0_211\jre\bin\api-ms-win-core-sysinfo-l1-1-0.dll
0x000000001aac0000 - 0x000000001aac3000 	C:\Program Files\Java\jdk1.8.0_211\jre\bin\api-ms-win-core-timezone-l1-1-0.dll
0x000000001aad0000 - 0x000000001aad3000 	C:\Program Files\Java\jdk1.8.0_211\jre\bin\api-ms-win-core-util-l1-1-0.dll
0x000000001aae0000 - 0x000000001aae3000 	C:\Program Files\Java\jdk1.8.0_211\jre\bin\api-ms-win-crt-conio-l1-1-0.dll
0x000000001aaf0000 - 0x000000001aaf4000 	C:\Program Files\Java\jdk1.8.0_211\jre\bin\api-ms-win-crt-convert-l1-1-0.dll
0x000000001ab00000 - 0x000000001ab03000 	C:\Program Files\Java\jdk1.8.0_211\jre\bin\api-ms-win-crt-environment-l1-1-0.dll
0x000000001ab10000 - 0x000000001ab13000 	C:\Program Files\Java\jdk1.8.0_211\jre\bin\api-ms-win-crt-filesystem-l1-1-0.dll
0x000000001ab20000 - 0x000000001ab23000 	C:\Program Files\Java\jdk1.8.0_211\jre\bin\api-ms-win-crt-heap-l1-1-0.dll
0x000000001ab30000 - 0x000000001ab33000 	C:\Program Files\Java\jdk1.8.0_211\jre\bin\api-ms-win-crt-locale-l1-1-0.dll
0x000000001ab40000 - 0x000000001ab45000 	C:\Program Files\Java\jdk1.8.0_211\jre\bin\api-ms-win-crt-math-l1-1-0.dll
0x000000001ab50000 - 0x000000001ab55000 	C:\Program Files\Java\jdk1.8.0_211\jre\bin\api-ms-win-crt-multibyte-l1-1-0.dll
0x000000001ab60000 - 0x000000001ab70000 	C:\Program Files\Java\jdk1.8.0_211\jre\bin\api-ms-win-crt-private-l1-1-0.dll
0x000000001ab70000 - 0x000000001ab73000 	C:\Program Files\Java\jdk1.8.0_211\jre\bin\api-ms-win-crt-process-l1-1-0.dll
0x000000001ab80000 - 0x000000001ab84000 	C:\Program Files\Java\jdk1.8.0_211\jre\bin\api-ms-win-crt-runtime-l1-1-0.dll
0x000000001ab90000 - 0x000000001ab94000 	C:\Program Files\Java\jdk1.8.0_211\jre\bin\api-ms-win-crt-stdio-l1-1-0.dll
0x000000001aba0000 - 0x000000001aba4000 	C:\Program Files\Java\jdk1.8.0_211\jre\bin\api-ms-win-crt-string-l1-1-0.dll
0x000000001abb0000 - 0x000000001abb3000 	C:\Program Files\Java\jdk1.8.0_211\jre\bin\api-ms-win-crt-time-l1-1-0.dll
0x000000001abc0000 - 0x000000001abc3000 	C:\Program Files\Java\jdk1.8.0_211\jre\bin\api-ms-win-crt-utility-l1-1-0.dll
0x00007ffad8dc0000 - 0x00007ffad8eb6000 	C:\Program Files\Java\jdk1.8.0_211\jre\bin\ucrtbase.dll
0x00007ffaf7c30000 - 0x00007ffaf7c46000 	C:\Program Files\Java\jdk1.8.0_211\jre\bin\vcruntime140.dll
0x00007ffad8890000 - 0x00007ffad893a000 	C:\Program Files\Java\jdk1.8.0_211\jre\bin\msvcp140.dll
0x00007ffae8720000 - 0x00007ffae8774000 	C:\Program Files\Java\jdk1.8.0_211\jre\bin\concrt140.dll
0x00007ffae93f0000 - 0x00007ffae9413000 	C:\Program Files\Java\jdk1.8.0_211\jre\bin\prism_d3d.dll
0x00007ffaf5220000 - 0x00007ffaf53f0000 	C:\WINDOWS\system32\d3d9.dll
0x00007ffafca70000 - 0x00007ffafca82000 	C:\WINDOWS\SYSTEM32\kernel.appcore.dll
0x00007ffafb700000 - 0x00007ffafb72f000 	C:\WINDOWS\SYSTEM32\dwmapi.dll
0x00007ffafb610000 - 0x00007ffafb6ae000 	C:\WINDOWS\system32\uxtheme.dll
0x00007ffab83c0000 - 0x00007ffab8523000 	C:\WINDOWS\System32\DriverStore\FileRepository\igdlh64.inf_amd64_fb9939a7d714d646\igdumdim64.dll
0x00007ffa7ec00000 - 0x00007ffa82604000 	C:\WINDOWS\System32\DriverStore\FileRepository\igdlh64.inf_amd64_fb9939a7d714d646\igd9dxva64.dll
0x00007ffaff6a0000 - 0x00007ffaff7ca000 	C:\WINDOWS\System32\ole32.dll
0x00007ffafec30000 - 0x00007ffafecfd000 	C:\WINDOWS\System32\OLEAUT32.dll
0x00007ffafee00000 - 0x00007ffaff272000 	C:\WINDOWS\System32\SETUPAPI.dll
0x00007ffafe4c0000 - 0x00007ffafe50e000 	C:\WINDOWS\System32\cfgmgr32.dll
0x00007ffafe240000 - 0x00007ffafe267000 	C:\WINDOWS\System32\bcrypt.dll
0x00007ffaf1eb0000 - 0x00007ffaf20ef000 	C:\WINDOWS\System32\DriverStore\FileRepository\igdlh64.inf_amd64_fb9939a7d714d646\igdgmm64.dll
0x00007ffadaf20000 - 0x00007ffadaf69000 	C:\Program Files\Java\jdk1.8.0_211\jre\bin\glass.dll
0x00007ffaff510000 - 0x00007ffaff5ea000 	C:\WINDOWS\System32\COMDLG32.dll
0x00007ffb001d0000 - 0x00007ffb002e6000 	C:\WINDOWS\System32\MSCTF.dll
0x00007ffafdf50000 - 0x00007ffafdfd2000 	C:\WINDOWS\System32\bcryptPrimitives.dll
0x00007ffae9e40000 - 0x00007ffae9e67000 	C:\WINDOWS\System32\DriverStore\FileRepository\igdlh64.inf_amd64_fb9939a7d714d646\igdinfo64.dll
0x00007ffaef1f0000 - 0x00007ffaf1e52000 	C:\WINDOWS\System32\DriverStore\FileRepository\igdlh64.inf_amd64_fb9939a7d714d646\igc64.dll
0x00007ffaf8760000 - 0x00007ffaf879b000 	C:\WINDOWS\SYSTEM32\dxcore.dll
0x00007ffae9380000 - 0x00007ffae939a000 	C:\Program Files\Java\jdk1.8.0_211\jre\bin\net.dll
0x00007ffae9610000 - 0x00007ffae97fb000 	C:\WINDOWS\SYSTEM32\urlmon.dll
0x00007ffafd400000 - 0x00007ffafd40c000 	C:\WINDOWS\SYSTEM32\netutils.dll
0x00007ffae9940000 - 0x00007ffae9bf1000 	C:\WINDOWS\SYSTEM32\iertutil.dll
0x00007ffaebc80000 - 0x00007ffaebca8000 	C:\WINDOWS\SYSTEM32\srvcli.dll
0x00007ffafd650000 - 0x00007ffafd6ba000 	C:\WINDOWS\system32\mswsock.dll
0x00007ffafd330000 - 0x00007ffafd3fb000 	C:\WINDOWS\SYSTEM32\DNSAPI.dll
0x00007ffafd2f0000 - 0x00007ffafd32b000 	C:\WINDOWS\SYSTEM32\IPHLPAPI.DLL
0x00007ffb00740000 - 0x00007ffb00748000 	C:\WINDOWS\System32\NSI.dll
0x00007ffaf62b0000 - 0x00007ffaf62ba000 	C:\Windows\System32\rasadhlp.dll
0x00007ffaec850000 - 0x00007ffaec8cf000 	C:\WINDOWS\System32\fwpuclnt.dll
0x00007ffaeac10000 - 0x00007ffaeac24000 	C:\Program Files\Java\jdk1.8.0_211\jre\bin\javafx_font.dll
0x00007ffaea740000 - 0x00007ffaea9c3000 	C:\WINDOWS\SYSTEM32\dwrite.dll
0x00007ffae86f0000 - 0x00007ffae871c000 	C:\Program Files\Java\jdk1.8.0_211\jre\bin\javafx_iio.dll
0x00007ffb00690000 - 0x00007ffb00739000 	C:\WINDOWS\System32\clbcatq.dll
0x00007ffaf6a30000 - 0x00007ffaf6be4000 	C:\WINDOWS\SYSTEM32\WindowsCodecs.dll
0x00007ffae1350000 - 0x00007ffae138e000 	C:\WINDOWS\system32\dataexchange.dll
0x00007ffafaa30000 - 0x00007ffafac15000 	C:\WINDOWS\system32\dcomp.dll
0x00007ffafa1a0000 - 0x00007ffafa404000 	C:\WINDOWS\system32\d3d11.dll
0x00007ffafc770000 - 0x00007ffafc864000 	C:\WINDOWS\system32\dxgi.dll
0x00007ffaf62d0000 - 0x00007ffaf64d1000 	C:\WINDOWS\system32\twinapi.appcore.dll
0x00007ffacfc10000 - 0x00007ffacfc44000 	C:\Program Files\Common Files\Microsoft Shared\Ink\rtscom.dll
0x00007ffaeb780000 - 0x00007ffaeb879000 	C:\WINDOWS\SYSTEM32\textinputframework.dll
0x00007ffafac20000 - 0x00007ffafaf7e000 	C:\WINDOWS\System32\CoreUIComponents.dll
0x00007ffaf9c40000 - 0x00007ffaf9d32000 	C:\WINDOWS\System32\CoreMessaging.dll
0x00007ffafcb90000 - 0x00007ffafcbc3000 	C:\WINDOWS\SYSTEM32\ntmarta.dll
0x00007ffaf9ae0000 - 0x00007ffaf9c34000 	C:\WINDOWS\SYSTEM32\wintypes.dll
0x00007ffae5950000 - 0x00007ffae5961000 	C:\Program Files\Java\jdk1.8.0_211\jre\bin\prism_common.dll
0x00007ffafa470000 - 0x00007ffafaa30000 	C:\WINDOWS\SYSTEM32\d2d1.dll
0x00007ffaf3770000 - 0x00007ffaf3e66000 	C:\WINDOWS\SYSTEM32\D3D10Warp.dll

VM Arguments:
jvm_args: -Dfile.encoding=UTF-8 
java_command: test.NewFXMain
java_class_path (initial): C:\Program Files\NetBeans 8.2\ide\modules\ext\mysql-connector-java-5.1.23-bin.jar;C:\Users\ASUS CELERON\Desktop\controlsfx-8.40.11.jar;C:\Users\ASUS CELERON\Downloads\activation.jar.zip;C:\Users\ASUS CELERON\Downloads\javax.mail.jar;C:\Users\ASUS CELERON\Downloads\itextpdf-5.4.1.jar;C:\Users\ASUS CELERON\Downloads\itextpdf-5.1.0.jar;C:\Users\ASUS CELERON\Downloads\itextpdf-5.5.9.jar;C:\Users\ASUS CELERON\Downloads\pdfbox-1.3.1.jar;C:\Users\ASUS CELERON\Downloads\pdfbox-2.0.8.jar;C:\Users\ASUS CELERON\Desktop\TMN\TMN_Pidev\build\classes
Launcher Type: SUN_STANDARD

Environment Variables:
JAVA_HOME=C:\Program Files\Java\jdk1.8.0_211
PATH=C:\oraclexe\app\oracle\product\10.2.0\server\bin;C:\wamp64\bin\php\php7.4.9;C:\Program Files (x86)\Common Files\Intel\Shared Libraries\redist\intel64\compiler;C:\Program Files (x86)\VMware\VMware Workstation\bin\;C:\Program Files\Java\jdk1.8.0_211\bin;C:\Program Files (x86)\Common Files\Oracle\Java\javapath;C:\wamp64\bin\php\php7.3.21;C:\composer;C:\Program Files\Symfony;C:\Program Files (x86)\Git\cmd;C:\Program Files (x86)\Git\mingw32\bin;C:\Program Files (x86)\Git\usr\bin;C:\Users\ASUS CELERON\anaconda3;C:\Users\ASUS CELERON\anaconda3\Library\mingw-w64\bin;C:\Users\ASUS CELERON\anaconda3\Library\usr\bin;C:\Users\ASUS CELERON\anaconda3\Library\bin;C:\Users\ASUS CELERON\anaconda3\Scripts;C:\Users\ASUS CELERON\AppData\Local\Microsoft\WindowsApps;C:\Users\ASUS CELERON\AppData\Local\Programs\Microsoft VS Code\bin;C:\Users\ASUS CELERON\AppData\Local\GitHubDesktop\bin;C:\Users\ASUS CELERON\AppData\Roaming\Composer\vendor\bin;C:\wamp64\bin\php\php7.4.9;
USERNAME=ASUS CELERON
OS=Windows_NT
PROCESSOR_IDENTIFIER=Intel64 Family 6 Model 142 Stepping 10, GenuineIntel



---------------  S Y S T E M  ---------------

OS: Windows 10.0 , 64 bit Build 19041 (10.0.19041.1503)

CPU:total 8 (initial active 8) (4 cores per cpu, 2 threads per core) family 6 model 142 stepping 10, cmov, cx8, fxsr, mmx, sse, sse2, sse3, ssse3, sse4.1, sse4.2, popcnt, avx, avx2, aes, clmul, erms, 3dnowpref, lzcnt, ht, tsc, tscinvbit, bmi1, bmi2, adx

Memory: 4k page, physical 8264684k(1693304k free), swap 10214380k(4116k free)

vm_info: Java HotSpot(TM) 64-Bit Server VM (25.211-b12) for windows-amd64 JRE (1.8.0_211-b12), built on Apr  1 2019 20:53:26 by "java_re" with MS VC++ 10.0 (VS2010)

time: Sun Mar 06 01:47:08 2022
timezone: Afr. centrale Ouest
elapsed time: 5 seconds (0d 0h 0m 5s)

