#
# There is insufficient memory for the Java Runtime Environment to continue.
# Native memory allocation (malloc) failed to allocate 1048576 bytes for AllocateHeap
# Possible reasons:
#   The system is out of physical RAM or swap space
#   The process is running with CompressedOops enabled, and the Java Heap may be blocking the growth of the native heap
# Possible solutions:
#   Reduce memory load on the system
#   Increase physical memory or swap space
#   Check if swap backing store is full
#   Decrease Java heap size (-Xmx/-Xms)
#   Decrease number of Java threads
#   Decrease Java thread stack sizes (-Xss)
#   Set larger code cache with -XX:ReservedCodeCacheSize=
#   JVM is running with Unscaled Compressed Oops mode in which the Java heap is
#     placed in the first 4GB address space. The Java Heap base address is the
#     maximum limit for the native heap growth. Please use -XX:HeapBaseMinAddress
#     to set the Java Heap base and to place the Java Heap above 4GB virtual address.
# This output file may be truncated or incomplete.
#
#  Out of Memory Error (memory/allocation.inline.hpp:61), pid=12880, tid=0x0000000000003d5c
#
# JRE version:  (8.0_211-b12) (build )
# Java VM: Java HotSpot(TM) 64-Bit Server VM (25.211-b12 mixed mode windows-amd64 compressed oops)
# Failed to write core dump. Minidumps are not enabled by default on client versions of Windows
#

---------------  T H R E A D  ---------------

Current thread (0x0000000002612800):  JavaThread "Unknown thread" [_thread_in_vm, id=15708, stack(0x0000000002440000,0x0000000002540000)]

Stack: [0x0000000002440000,0x0000000002540000]
[error occurred during error reporting (printing stack bounds), id 0xc0000005]

Native frames: (J=compiled Java code, j=interpreted, Vv=VM code, C=native code)


---------------  P R O C E S S  ---------------

Java Threads: ( => current thread )

Other Threads:

=>0x0000000002612800 (exited) JavaThread "Unknown thread" [_thread_in_vm, id=15708, stack(0x0000000002440000,0x0000000002540000)]

VM state:not at safepoint (normal execution)

VM Mutex/Monitor currently owned by a thread: None

heap address: 0x0000000081e00000, size: 2018 MB, Compressed Oops mode: 32-bit
Narrow klass base: 0x0000000000000000, Narrow klass shift: 3
Compressed class space size: 1073741824 Address: 0x0000000100000000

Heap:
 PSYoungGen      total 38400K, used 665K [0x00000000d5f80000, 0x00000000d8a00000, 0x0000000100000000)
  eden space 33280K, 2% used [0x00000000d5f80000,0x00000000d6026670,0x00000000d8000000)
  from space 5120K, 0% used [0x00000000d8500000,0x00000000d8500000,0x00000000d8a00000)
  to   space 5120K, 0% used [0x00000000d8000000,0x00000000d8000000,0x00000000d8500000)
 ParOldGen       total 87552K, used 0K [0x0000000081e00000, 0x0000000087380000, 0x00000000d5f80000)
  object space 87552K, 0% used [0x0000000081e00000,0x0000000081e00000,0x0000000087380000)
 Metaspace       used 775K, capacity 4480K, committed 4480K, reserved 1056768K
  class space    used 76K, capacity 384K, committed 384K, reserved 1048576K

Card table byte_map: [0x0000000011ad0000,0x0000000011ed0000] byte_map_base: 0x00000000116c1000

Marking Bits: (ParMarkBitMap*) 0x000000005ba25ce0
 Begin Bits: [0x0000000012980000, 0x0000000014908000)
 End Bits:   [0x0000000014908000, 0x0000000016890000)

Polling page: 0x0000000000c20000

CodeCache: size=245760Kb used=328Kb max_used=328Kb free=245431Kb
 bounds [0x0000000002710000, 0x0000000002980000, 0x0000000011710000]
 total_blobs=58 nmethods=0 adapters=38
 compilation: enabled

Compilation events (0 events):
No events

GC Heap History (0 events):
No events

Deoptimization events (0 events):
No events

Classes redefined (0 events):
No events

Internal exceptions (0 events):
No events

Events (10 events):
Event: 0.023 loading class java/lang/Short
Event: 0.023 loading class java/lang/Short done
Event: 0.023 loading class java/lang/Integer
Event: 0.023 loading class java/lang/Integer done
Event: 0.023 loading class java/lang/Long
Event: 0.024 loading class java/lang/Long done
Event: 0.024 loading class java/lang/NullPointerException
Event: 0.024 loading class java/lang/NullPointerException done
Event: 0.024 loading class java/lang/ArithmeticException
Event: 0.024 loading class java/lang/ArithmeticException done


Dynamic libraries:
0x00007ff6c4100000 - 0x00007ff6c4137000 	C:\Program Files\Java\jdk1.8.0_211\bin\java.exe
0x00007ffe52510000 - 0x00007ffe52705000 	C:\WINDOWS\SYSTEM32\ntdll.dll
0x00007ffe46080000 - 0x00007ffe46096000 	C:\Program Files\AVAST Software\Avast\aswhook.dll
0x00007ffe52260000 - 0x00007ffe5231e000 	C:\WINDOWS\System32\KERNEL32.DLL
0x00007ffe4fe40000 - 0x00007ffe50108000 	C:\WINDOWS\System32\KERNELBASE.dll
0x00007ffe51f50000 - 0x00007ffe51ffe000 	C:\WINDOWS\System32\ADVAPI32.dll
0x00007ffe52320000 - 0x00007ffe523be000 	C:\WINDOWS\System32\msvcrt.dll
0x00007ffe52430000 - 0x00007ffe524cc000 	C:\WINDOWS\System32\sechost.dll
0x00007ffe516d0000 - 0x00007ffe517f5000 	C:\WINDOWS\System32\RPCRT4.dll
0x00007ffe52000000 - 0x00007ffe521a0000 	C:\WINDOWS\System32\USER32.dll
0x00007ffe502d0000 - 0x00007ffe502f2000 	C:\WINDOWS\System32\win32u.dll
0x00007ffe52230000 - 0x00007ffe5225b000 	C:\WINDOWS\System32\GDI32.dll
0x00007ffe501c0000 - 0x00007ffe502cd000 	C:\WINDOWS\System32\gdi32full.dll
0x00007ffe4fd70000 - 0x00007ffe4fe0d000 	C:\WINDOWS\System32\msvcp_win.dll
0x00007ffe4fc70000 - 0x00007ffe4fd70000 	C:\WINDOWS\System32\ucrtbase.dll
0x00007ffe36330000 - 0x00007ffe365ca000 	C:\WINDOWS\WinSxS\amd64_microsoft.windows.common-controls_6595b64144ccf1df_6.0.19041.1110_none_60b5254171f9507e\COMCTL32.dll
0x00007ffe50e50000 - 0x00007ffe50e80000 	C:\WINDOWS\System32\IMM32.DLL
0x000000005bc20000 - 0x000000005bcf2000 	C:\Program Files\Java\jdk1.8.0_211\jre\bin\msvcr100.dll
0x000000005b200000 - 0x000000005baa5000 	C:\Program Files\Java\jdk1.8.0_211\jre\bin\server\jvm.dll
0x00007ffe511e0000 - 0x00007ffe511e8000 	C:\WINDOWS\System32\PSAPI.DLL
0x00007ffe38810000 - 0x00007ffe38819000 	C:\WINDOWS\SYSTEM32\WSOCK32.dll
0x00007ffe36780000 - 0x00007ffe367a7000 	C:\WINDOWS\SYSTEM32\WINMM.dll
0x00007ffe49400000 - 0x00007ffe4940a000 	C:\WINDOWS\SYSTEM32\VERSION.dll
0x00007ffe51d30000 - 0x00007ffe51d9b000 	C:\WINDOWS\System32\WS2_32.dll
0x00007ffe4b2d0000 - 0x00007ffe4b2df000 	C:\Program Files\Java\jdk1.8.0_211\jre\bin\verify.dll
0x00007ffe486c0000 - 0x00007ffe486e9000 	C:\Program Files\Java\jdk1.8.0_211\jre\bin\java.dll
0x00007ffe48650000 - 0x00007ffe48666000 	C:\Program Files\Java\jdk1.8.0_211\jre\bin\zip.dll

VM Arguments:
jvm_args: -Dfile.encoding=UTF-8 
java_command: GUI.NewFXMain
java_class_path (initial): C:\Program Files\NetBeans 8.2\ide\modules\ext\mysql-connector-java-5.1.23-bin.jar;C:\Users\ASUS CELERON\Desktop\saraa\TrayTester.jar;C:\Users\ASUS CELERON\Desktop\saraa\itextpdf-5.1.0.jar;C:\Users\ASUS CELERON\Desktop\saraa\javax.mail.jar;C:\Users\ASUS CELERON\Pictures\Pidevconnection.zip (Unzipped Files)\Pidevconnection\mysql-connector-java-8.0.28.jar;C:\Users\ASUS CELERON\Desktop\saraa\TMNW\build\classes
Launcher Type: SUN_STANDARD

Environment Variables:
JAVA_HOME=C:\Program Files\Java\jdk1.8.0_211
PATH=C:\oraclexe\app\oracle\product\10.2.0\server\bin;C:\wamp64\bin\php\php7.4.9;C:\Program Files (x86)\Common Files\Intel\Shared Libraries\redist\intel64\compiler;C:\Program Files (x86)\VMware\VMware Workstation\bin\;C:\Program Files\Java\jdk1.8.0_211\bin;C:\Program Files (x86)\Common Files\Oracle\Java\javapath;C:\wamp64\bin\php\php7.3.21;C:\composer;C:\Program Files\Symfony;C:\Program Files (x86)\Git\cmd;C:\Program Files (x86)\Git\mingw32\bin;C:\Program Files (x86)\Git\usr\bin;C:\Users\ASUS CELERON\anaconda3;C:\Users\ASUS CELERON\anaconda3\Library\mingw-w64\bin;C:\Users\ASUS CELERON\anaconda3\Library\usr\bin;C:\Users\ASUS CELERON\anaconda3\Library\bin;C:\Users\ASUS CELERON\anaconda3\Scripts;C:\Users\ASUS CELERON\AppData\Local\Microsoft\WindowsApps;C:\Users\ASUS CELERON\AppData\Local\Programs\Microsoft VS Code\bin;C:\Users\ASUS CELERON\AppData\Local\GitHubDesktop\bin;C:\Users\ASUS CELERON\AppData\Roaming\Composer\vendor\bin;C:\wamp64\bin\php\php7.4.9;
USERNAME=ASUS CELERON
OS=Windows_NT
PROCESSOR_IDENTIFIER=Intel64 Family 6 Model 142 Stepping 10, GenuineIntel



---------------  S Y S T E M  ---------------

OS: Windows 10.0 , 64 bit Build 19041 (10.0.19041.1503)

CPU:total 8 (initial active 8) (4 cores per cpu, 2 threads per core) family 6 model 142 stepping 10, cmov, cx8, fxsr, mmx, sse, sse2, sse3, ssse3, sse4.1, sse4.2, popcnt, avx, avx2, aes, clmul, erms, 3dnowpref, lzcnt, ht, tsc, tscinvbit, bmi1, bmi2, adx

Memory: 4k page, physical 8264684k(2286316k free), swap 10214380k(5764k free)

vm_info: Java HotSpot(TM) 64-Bit Server VM (25.211-b12) for windows-amd64 JRE (1.8.0_211-b12), built on Apr  1 2019 20:53:26 by "java_re" with MS VC++ 10.0 (VS2010)

time: Thu Mar 10 13:51:46 2022
timezone: Afr. centrale Ouest
elapsed time: 0 seconds (0d 0h 0m 0s)

