#
# There is insufficient memory for the Java Runtime Environment to continue.
# Native memory allocation (malloc) failed to allocate 2342048 bytes for Chunk::new
# Possible reasons:
#   The system is out of physical RAM or swap space
#   The process is running with CompressedOops enabled, and the Java Heap may be blocking the growth of the native heap
# Possible solutions:
#   Reduce memory load on the system
#   Increase physical memory or swap space
#   Check if swap backing store is full
#   Decrease Java heap size (-Xmx/-Xms)
#   Decrease number of Java threads
#   Decrease Java thread stack sizes (-Xss)
#   Set larger code cache with -XX:ReservedCodeCacheSize=
#   JVM is running with Unscaled Compressed Oops mode in which the Java heap is
#     placed in the first 4GB address space. The Java Heap base address is the
#     maximum limit for the native heap growth. Please use -XX:HeapBaseMinAddress
#     to set the Java Heap base and to place the Java Heap above 4GB virtual address.
# This output file may be truncated or incomplete.
#
#  Out of Memory Error (allocation.cpp:389), pid=15856, tid=0x0000000000001c84
#
# JRE version: Java(TM) SE Runtime Environment (8.0_211-b12) (build 1.8.0_211-b12)
# Java VM: Java HotSpot(TM) 64-Bit Server VM (25.211-b12 mixed mode windows-amd64 compressed oops)
# Failed to write core dump. Minidumps are not enabled by default on client versions of Windows
#

---------------  T H R E A D  ---------------

Current thread (0x0000000019e02800):  JavaThread "C2 CompilerThread0" daemon [_thread_in_native, id=7300, stack(0x000000001a700000,0x000000001a800000)]

Stack: [0x000000001a700000,0x000000001a800000]
[error occurred during error reporting (printing stack bounds), id 0xc0000005]

Native frames: (J=compiled Java code, j=interpreted, Vv=VM code, C=native code)


Current CompileTask:
C2:   8770 3685   !   4       javafx.scene.CssStyleHelper::transitionToState (1075 bytes)


---------------  P R O C E S S  ---------------

Java Threads: ( => current thread )
  0x000000001b183000 JavaThread "Abandoned connection cleanup thread" daemon [_thread_blocked, id=10708, stack(0x0000000022100000,0x0000000022200000)]
  0x000000001afd1800 JavaThread "Prism Font Disposer" daemon [_thread_blocked, id=4064, stack(0x0000000022000000,0x0000000022100000)]
  0x000000001ae52800 JavaThread "Thread-3" daemon [_thread_in_native, id=8964, stack(0x00000000206d0000,0x00000000207d0000)]
  0x000000001addf000 JavaThread "JavaFX-Launcher" [_thread_blocked, id=14512, stack(0x00000000207d0000,0x00000000208d0000)]
  0x000000001adc5000 JavaThread "JavaFX Application Thread" [_thread_in_native, id=11836, stack(0x000000001bad0000,0x000000001bbd0000)]
  0x000000001adbe000 JavaThread "Thread-1" daemon [_thread_blocked, id=17252, stack(0x000000001b9d0000,0x000000001bad0000)]
  0x000000001ada1000 JavaThread "QuantumRenderer-0" daemon [_thread_blocked, id=11428, stack(0x000000001b750000,0x000000001b850000)]
  0x0000000019e90800 JavaThread "Service Thread" daemon [_thread_blocked, id=15796, stack(0x000000001ab00000,0x000000001ac00000)]
  0x0000000019e11000 JavaThread "C1 CompilerThread3" daemon [_thread_blocked, id=9192, stack(0x000000001aa00000,0x000000001ab00000)]
  0x0000000019e0a000 JavaThread "C2 CompilerThread2" daemon [_thread_blocked, id=14956, stack(0x000000001a900000,0x000000001aa00000)]
  0x0000000019e05000 JavaThread "C2 CompilerThread1" daemon [_thread_blocked, id=9848, stack(0x000000001a800000,0x000000001a900000)]
=>0x0000000019e02800 JavaThread "C2 CompilerThread0" daemon [_thread_in_native, id=7300, stack(0x000000001a700000,0x000000001a800000)]
  0x0000000019e00000 JavaThread "Attach Listener" daemon [_thread_blocked, id=17064, stack(0x000000001a600000,0x000000001a700000)]
  0x0000000019dff000 JavaThread "Signal Dispatcher" daemon [_thread_blocked, id=17120, stack(0x000000001a500000,0x000000001a600000)]
  0x0000000019df1800 JavaThread "Finalizer" daemon [_thread_blocked, id=5944, stack(0x000000001a2d0000,0x000000001a3d0000)]
  0x0000000019df0800 JavaThread "Reference Handler" daemon [_thread_blocked, id=13224, stack(0x000000001a1d0000,0x000000001a2d0000)]
  0x0000000002f62800 JavaThread "main" [_thread_blocked, id=16860, stack(0x0000000002df0000,0x0000000002ef0000)]

Other Threads:
  0x0000000017fc9000 VMThread [stack: 0x0000000019cd0000,0x0000000019dd0000] [id=16624]
  0x0000000019ec1800 WatcherThread [stack: 0x000000001ac00000,0x000000001ad00000] [id=13100]

VM state:not at safepoint (normal execution)

VM Mutex/Monitor currently owned by a thread: None

heap address: 0x0000000081e00000, size: 2018 MB, Compressed Oops mode: 32-bit
Narrow klass base: 0x0000000000000000, Narrow klass shift: 3
Compressed class space size: 1073741824 Address: 0x0000000100000000

Heap:
 PSYoungGen      total 38400K, used 16510K [0x00000000d5f80000, 0x00000000d8f80000, 0x0000000100000000)
  eden space 33280K, 34% used [0x00000000d5f80000,0x00000000d6aa78a0,0x00000000d8000000)
  from space 5120K, 99% used [0x00000000d8000000,0x00000000d84f8010,0x00000000d8500000)
  to   space 5120K, 0% used [0x00000000d8a80000,0x00000000d8a80000,0x00000000d8f80000)
 ParOldGen       total 71168K, used 14061K [0x0000000081e00000, 0x0000000086380000, 0x00000000d5f80000)
  object space 71168K, 19% used [0x0000000081e00000,0x0000000082bbb678,0x0000000086380000)
 Metaspace       used 22817K, capacity 23966K, committed 24192K, reserved 1071104K
  class space    used 3152K, capacity 3412K, committed 3456K, reserved 1048576K

Card table byte_map: [0x0000000012420000,0x0000000012820000] byte_map_base: 0x0000000012011000

Marking Bits: (ParMarkBitMap*) 0x000000005a8a5ce0
 Begin Bits: [0x00000000132d0000, 0x0000000015258000)
 End Bits:   [0x0000000015258000, 0x00000000171e0000)

Polling page: 0x0000000001060000

CodeCache: size=245760Kb used=13277Kb max_used=13277Kb free=232482Kb
 bounds [0x0000000003060000, 0x0000000003d70000, 0x0000000012060000]
 total_blobs=4598 nmethods=3859 adapters=651
 compilation: enabled

Compilation events (10 events):
Event: 8.681 Thread 0x0000000019e11000 3858   !   3       com.sun.javafx.tk.quantum.QuantumToolkit::pulse (152 bytes)
Event: 8.682 Thread 0x0000000019e11000 nmethod 3858 0x0000000003d2d9d0 code [0x0000000003d2dba0, 0x0000000003d2e4e8]
Event: 8.743 Thread 0x0000000019e11000 3860       3       com.sun.scenario.animation.AbstractMasterTimer$MainLoop::run (61 bytes)
Event: 8.744 Thread 0x0000000019e11000 nmethod 3860 0x0000000003d2d090 code [0x0000000003d2d260, 0x0000000003d2d7d8]
Event: 8.744 Thread 0x0000000019e11000 3861       3       com.sun.javafx.tk.quantum.MasterTimer::recordStart (8 bytes)
Event: 8.744 Thread 0x0000000019e11000 nmethod 3861 0x0000000003d2c6d0 code [0x0000000003d2c880, 0x0000000003d2cde8]
Event: 8.759 Thread 0x0000000019e11000 3862       3       com.sun.javafx.tk.quantum.QuantumToolkit$$Lambda$41/992529142::run (8 bytes)
Event: 8.760 Thread 0x0000000019e11000 nmethod 3862 0x0000000003d2be10 code [0x0000000003d2bfa0, 0x0000000003d2c488]
Event: 8.760 Thread 0x0000000019e11000 3863       3       com.sun.javafx.tk.quantum.QuantumToolkit::lambda$runToolkit$408 (5 bytes)
Event: 8.760 Thread 0x0000000019e11000 nmethod 3863 0x0000000003d2b690 code [0x0000000003d2b820, 0x0000000003d2bca8]

GC Heap History (8 events):
Event: 0.809 GC heap before
{Heap before GC invocations=1 (full 0):
 PSYoungGen      total 38400K, used 33280K [0x00000000d5f80000, 0x00000000d8a00000, 0x0000000100000000)
  eden space 33280K, 100% used [0x00000000d5f80000,0x00000000d8000000,0x00000000d8000000)
  from space 5120K, 0% used [0x00000000d8500000,0x00000000d8500000,0x00000000d8a00000)
  to   space 5120K, 0% used [0x00000000d8000000,0x00000000d8000000,0x00000000d8500000)
 ParOldGen       total 87552K, used 0K [0x0000000081e00000, 0x0000000087380000, 0x00000000d5f80000)
  object space 87552K, 0% used [0x0000000081e00000,0x0000000081e00000,0x0000000087380000)
 Metaspace       used 16023K, capacity 16542K, committed 16640K, reserved 1062912K
  class space    used 2079K, capacity 2226K, committed 2304K, reserved 1048576K
Event: 0.813 GC heap after
Heap after GC invocations=1 (full 0):
 PSYoungGen      total 38400K, used 5088K [0x00000000d5f80000, 0x00000000d8a00000, 0x0000000100000000)
  eden space 33280K, 0% used [0x00000000d5f80000,0x00000000d5f80000,0x00000000d8000000)
  from space 5120K, 99% used [0x00000000d8000000,0x00000000d84f8090,0x00000000d8500000)
  to   space 5120K, 0% used [0x00000000d8500000,0x00000000d8500000,0x00000000d8a00000)
 ParOldGen       total 87552K, used 789K [0x0000000081e00000, 0x0000000087380000, 0x00000000d5f80000)
  object space 87552K, 0% used [0x0000000081e00000,0x0000000081ec5440,0x0000000087380000)
 Metaspace       used 16023K, capacity 16542K, committed 16640K, reserved 1062912K
  class space    used 2079K, capacity 2226K, committed 2304K, reserved 1048576K
}
Event: 1.213 GC heap before
{Heap before GC invocations=2 (full 0):
 PSYoungGen      total 38400K, used 23110K [0x00000000d5f80000, 0x00000000d8a00000, 0x0000000100000000)
  eden space 33280K, 54% used [0x00000000d5f80000,0x00000000d7119798,0x00000000d8000000)
  from space 5120K, 99% used [0x00000000d8000000,0x00000000d84f8090,0x00000000d8500000)
  to   space 5120K, 0% used [0x00000000d8500000,0x00000000d8500000,0x00000000d8a00000)
 ParOldGen       total 87552K, used 789K [0x0000000081e00000, 0x0000000087380000, 0x00000000d5f80000)
  object space 87552K, 0% used [0x0000000081e00000,0x0000000081ec5440,0x0000000087380000)
 Metaspace       used 20071K, capacity 21190K, committed 21296K, reserved 1067008K
  class space    used 2854K, capacity 3122K, committed 3200K, reserved 1048576K
Event: 1.219 GC heap after
Heap after GC invocations=2 (full 0):
 PSYoungGen      total 38400K, used 5104K [0x00000000d5f80000, 0x00000000d8a00000, 0x0000000100000000)
  eden space 33280K, 0% used [0x00000000d5f80000,0x00000000d5f80000,0x00000000d8000000)
  from space 5120K, 99% used [0x00000000d8500000,0x00000000d89fc080,0x00000000d8a00000)
  to   space 5120K, 0% used [0x00000000d8000000,0x00000000d8000000,0x00000000d8500000)
 ParOldGen       total 87552K, used 3831K [0x0000000081e00000, 0x0000000087380000, 0x00000000d5f80000)
  object space 87552K, 4% used [0x0000000081e00000,0x00000000821bdec0,0x0000000087380000)
 Metaspace       used 20071K, capacity 21190K, committed 21296K, reserved 1067008K
  class space    used 2854K, capacity 3122K, committed 3200K, reserved 1048576K
}
Event: 1.219 GC heap before
{Heap before GC invocations=3 (full 1):
 PSYoungGen      total 38400K, used 5104K [0x00000000d5f80000, 0x00000000d8a00000, 0x0000000100000000)
  eden space 33280K, 0% used [0x00000000d5f80000,0x00000000d5f80000,0x00000000d8000000)
  from space 5120K, 99% used [0x00000000d8500000,0x00000000d89fc080,0x00000000d8a00000)
  to   space 5120K, 0% used [0x00000000d8000000,0x00000000d8000000,0x00000000d8500000)
 ParOldGen       total 87552K, used 3831K [0x0000000081e00000, 0x0000000087380000, 0x00000000d5f80000)
  object space 87552K, 4% used [0x0000000081e00000,0x00000000821bdec0,0x0000000087380000)
 Metaspace       used 20071K, capacity 21190K, committed 21296K, reserved 1067008K
  class space    used 2854K, capacity 3122K, committed 3200K, reserved 1048576K
Event: 1.260 GC heap after
Heap after GC invocations=3 (full 1):
 PSYoungGen      total 38400K, used 0K [0x00000000d5f80000, 0x00000000d8a00000, 0x0000000100000000)
  eden space 33280K, 0% used [0x00000000d5f80000,0x00000000d5f80000,0x00000000d8000000)
  from space 5120K, 0% used [0x00000000d8500000,0x00000000d8500000,0x00000000d8a00000)
  to   space 5120K, 0% used [0x00000000d8000000,0x00000000d8000000,0x00000000d8500000)
 ParOldGen       total 71168K, used 8015K [0x0000000081e00000, 0x0000000086380000, 0x00000000d5f80000)
  object space 71168K, 11% used [0x0000000081e00000,0x00000000825d3d70,0x0000000086380000)
 Metaspace       used 20071K, capacity 21190K, committed 21296K, reserved 1067008K
  class space    used 2854K, capacity 3122K, committed 3200K, reserved 1048576K
}
Event: 8.239 GC heap before
{Heap before GC invocations=4 (full 1):
 PSYoungGen      total 38400K, used 33280K [0x00000000d5f80000, 0x00000000d8a00000, 0x0000000100000000)
  eden space 33280K, 100% used [0x00000000d5f80000,0x00000000d8000000,0x00000000d8000000)
  from space 5120K, 0% used [0x00000000d8500000,0x00000000d8500000,0x00000000d8a00000)
  to   space 5120K, 0% used [0x00000000d8000000,0x00000000d8000000,0x00000000d8500000)
 ParOldGen       total 71168K, used 8015K [0x0000000081e00000, 0x0000000086380000, 0x00000000d5f80000)
  object space 71168K, 11% used [0x0000000081e00000,0x00000000825d3d70,0x0000000086380000)
 Metaspace       used 22230K, capacity 23396K, committed 23552K, reserved 1069056K
  class space    used 3063K, capacity 3301K, committed 3328K, reserved 1048576K
Event: 8.245 GC heap after
Heap after GC invocations=4 (full 1):
 PSYoungGen      total 38400K, used 5088K [0x00000000d5f80000, 0x00000000d8f80000, 0x0000000100000000)
  eden space 33280K, 0% used [0x00000000d5f80000,0x00000000d5f80000,0x00000000d8000000)
  from space 5120K, 99% used [0x00000000d8000000,0x00000000d84f8010,0x00000000d8500000)
  to   space 5120K, 0% used [0x00000000d8a80000,0x00000000d8a80000,0x00000000d8f80000)
 ParOldGen       total 71168K, used 14061K [0x0000000081e00000, 0x0000000086380000, 0x00000000d5f80000)
  object space 71168K, 19% used [0x0000000081e00000,0x0000000082bbb678,0x0000000086380000)
 Metaspace       used 22230K, capacity 23396K, committed 23552K, reserved 1069056K
  class space    used 3063K, capacity 3301K, committed 3328K, reserved 1048576K
}

Deoptimization events (10 events):
Event: 8.267 Thread 0x000000001adc5000 Uncommon trap: reason=unstable_if action=reinterpret pc=0x0000000003891288 method=javafx.scene.CssStyleHelper.canReuseStyleHelper(Ljavafx/scene/Node;Lcom/sun/javafx/css/StyleMap;)Z @ 178
Event: 8.296 Thread 0x000000001adc5000 Uncommon trap: reason=unstable_if action=reinterpret pc=0x0000000003b11648 method=com.sun.javafx.css.StyleManager$CacheContainer.getStyleCache()Ljava/util/Map; @ 4
Event: 8.296 Thread 0x000000001adc5000 Uncommon trap: reason=null_check action=make_not_entrant pc=0x0000000003a01f0c method=javafx.scene.CssStyleHelper.getCachedFont(Ljavafx/css/Styleable;)Lcom/sun/javafx/css/CalculatedValue; @ 1
Event: 8.296 Thread 0x000000001adc5000 Uncommon trap: reason=unstable_if action=reinterpret pc=0x00000000036e013c method=javafx.scene.CssStyleHelper.lookup(Ljavafx/css/Styleable;Ljavafx/css/CssMetaData;Lcom/sun/javafx/css/StyleMap;Ljava/util/Set;Ljavafx/css/Styleable;Lcom/sun/javafx/css/Calcul
Event: 8.303 Thread 0x000000001adc5000 Uncommon trap: reason=unstable_if action=reinterpret pc=0x00000000039c4498 method=java.lang.StrictMath.floorOrCeil(DDDD)D @ 115
Event: 8.308 Thread 0x000000001adc5000 Uncommon trap: reason=bimorphic action=maybe_recompile pc=0x0000000003986344 method=com.sun.javafx.collections.VetoableListDecorator.size()I @ 4
Event: 8.318 Thread 0x000000001adc5000 Uncommon trap: reason=null_assert action=make_not_entrant pc=0x0000000003b9f664 method=com.sun.javafx.sg.prism.NGNode.invalidateCache()V @ 4
Event: 8.381 Thread 0x000000001adc5000 Uncommon trap: reason=class_check action=maybe_recompile pc=0x0000000003a13fac method=javafx.scene.Node.updateLocalToParentTransform()V @ 11
Event: 8.633 Thread 0x000000001adc5000 Uncommon trap: reason=unstable_if action=reinterpret pc=0x0000000003ce0948 method=java.lang.StrictMath.floorOrCeil(DDDD)D @ 24
Event: 8.633 Thread 0x000000001adc5000 Uncommon trap: reason=unstable_if action=reinterpret pc=0x0000000003ccea6c method=java.lang.StrictMath.floorOrCeil(DDDD)D @ 24

Classes redefined (0 events):
No events

Internal exceptions (10 events):
Event: 0.580 Thread 0x000000001adc5000 Exception <a 'java/io/FileNotFoundException'> (0x00000000d783cb50) thrown at [C:\re\workspace\8-2-build-windows-amd64-cygwin\jdk8u211\12973\hotspot\src\share\vm\prims\jni.cpp, line 710]
Event: 0.596 Thread 0x000000001adc5000 Exception <a 'java/io/FileNotFoundException'> (0x00000000d793e370) thrown at [C:\re\workspace\8-2-build-windows-amd64-cygwin\jdk8u211\12973\hotspot\src\share\vm\prims\jni.cpp, line 710]
Event: 0.596 Thread 0x000000001adc5000 Exception <a 'java/io/FileNotFoundException'> (0x00000000d7943e70) thrown at [C:\re\workspace\8-2-build-windows-amd64-cygwin\jdk8u211\12973\hotspot\src\share\vm\prims\jni.cpp, line 710]
Event: 0.601 Thread 0x000000001adc5000 Implicit null exception at 0x000000000330fc96 to 0x0000000003310039
Event: 0.794 Thread 0x000000001adc5000 Implicit null exception at 0x00000000033184f5 to 0x0000000003318705
Event: 0.794 Thread 0x000000001adc5000 Implicit null exception at 0x000000000342479b to 0x0000000003424ef1
Event: 1.188 Thread 0x000000001adc5000 Implicit null exception at 0x000000000369550f to 0x0000000003695c0d
Event: 4.264 Thread 0x000000001adc5000 Exception <a 'java/io/FileNotFoundException'> (0x00000000d7db36b0) thrown at [C:\re\workspace\8-2-build-windows-amd64-cygwin\jdk8u211\12973\hotspot\src\share\vm\prims\jni.cpp, line 710]
Event: 8.296 Thread 0x000000001adc5000 Implicit null exception at 0x0000000003b086c7 to 0x0000000003b11605
Event: 8.296 Thread 0x000000001adc5000 Implicit null exception at 0x00000000039fab28 to 0x0000000003a01e89

Events (10 events):
Event: 8.406 Executing VM operation: RevokeBias
Event: 8.406 Executing VM operation: RevokeBias done
Event: 8.407 Executing VM operation: RevokeBias
Event: 8.407 Executing VM operation: RevokeBias done
Event: 8.633 Thread 0x000000001adc5000 Uncommon trap: trap_request=0xffffff65 fr.pc=0x0000000003ce0948
Event: 8.633 Thread 0x000000001adc5000 DEOPT PACKING pc=0x0000000003ce0948 sp=0x000000001bbc63e0
Event: 8.633 Thread 0x000000001adc5000 DEOPT UNPACKING pc=0x00000000030a583b sp=0x000000001bbc6250 mode 2
Event: 8.633 Thread 0x000000001adc5000 Uncommon trap: trap_request=0xffffff65 fr.pc=0x0000000003ccea6c
Event: 8.633 Thread 0x000000001adc5000 DEOPT PACKING pc=0x0000000003ccea6c sp=0x000000001bbc6310
Event: 8.633 Thread 0x000000001adc5000 DEOPT UNPACKING pc=0x00000000030a583b sp=0x000000001bbc6240 mode 2


Dynamic libraries:
0x00007ff790450000 - 0x00007ff790487000 	C:\Program Files\Java\jdk1.8.0_211\bin\java.exe
0x00007ffb90230000 - 0x00007ffb90425000 	C:\WINDOWS\SYSTEM32\ntdll.dll
0x00007ffb87890000 - 0x00007ffb878a6000 	C:\Program Files\AVAST Software\Avast\aswhook.dll
0x00007ffb8ff20000 - 0x00007ffb8ffde000 	C:\WINDOWS\System32\KERNEL32.DLL
0x00007ffb8de60000 - 0x00007ffb8e128000 	C:\WINDOWS\System32\KERNELBASE.dll
0x00007ffb8e280000 - 0x00007ffb8e32e000 	C:\WINDOWS\System32\ADVAPI32.dll
0x00007ffb8fd90000 - 0x00007ffb8fe2e000 	C:\WINDOWS\System32\msvcrt.dll
0x00007ffb8e4d0000 - 0x00007ffb8e56c000 	C:\WINDOWS\System32\sechost.dll
0x00007ffb8e940000 - 0x00007ffb8ea65000 	C:\WINDOWS\System32\RPCRT4.dll
0x00007ffb8e330000 - 0x00007ffb8e4d0000 	C:\WINDOWS\System32\USER32.dll
0x00007ffb8e130000 - 0x00007ffb8e152000 	C:\WINDOWS\System32\win32u.dll
0x00007ffb901c0000 - 0x00007ffb901eb000 	C:\WINDOWS\System32\GDI32.dll
0x00007ffb8dd50000 - 0x00007ffb8de5d000 	C:\WINDOWS\System32\gdi32full.dll
0x00007ffb8da20000 - 0x00007ffb8dabd000 	C:\WINDOWS\System32\msvcp_win.dll
0x00007ffb8dc50000 - 0x00007ffb8dd50000 	C:\WINDOWS\System32\ucrtbase.dll
0x00007ffb7c000000 - 0x00007ffb7c29a000 	C:\WINDOWS\WinSxS\amd64_microsoft.windows.common-controls_6595b64144ccf1df_6.0.19041.1110_none_60b5254171f9507e\COMCTL32.dll
0x00007ffb90190000 - 0x00007ffb901c0000 	C:\WINDOWS\System32\IMM32.DLL
0x0000000059fa0000 - 0x000000005a072000 	C:\Program Files\Java\jdk1.8.0_211\jre\bin\msvcr100.dll
0x000000005a080000 - 0x000000005a925000 	C:\Program Files\Java\jdk1.8.0_211\jre\bin\server\jvm.dll
0x00007ffb8ff10000 - 0x00007ffb8ff18000 	C:\WINDOWS\System32\PSAPI.DLL
0x00007ffb7c5d0000 - 0x00007ffb7c5f7000 	C:\WINDOWS\SYSTEM32\WINMM.dll
0x00007ffb7f600000 - 0x00007ffb7f609000 	C:\WINDOWS\SYSTEM32\WSOCK32.dll
0x00007ffb86030000 - 0x00007ffb8603a000 	C:\WINDOWS\SYSTEM32\VERSION.dll
0x00007ffb8f650000 - 0x00007ffb8f6bb000 	C:\WINDOWS\System32\WS2_32.dll
0x00007ffb875b0000 - 0x00007ffb875bf000 	C:\Program Files\Java\jdk1.8.0_211\jre\bin\verify.dll
0x00007ffb84700000 - 0x00007ffb84729000 	C:\Program Files\Java\jdk1.8.0_211\jre\bin\java.dll
0x00007ffb87590000 - 0x00007ffb875a6000 	C:\Program Files\Java\jdk1.8.0_211\jre\bin\zip.dll
0x00007ffb8eba0000 - 0x00007ffb8f2e4000 	C:\WINDOWS\System32\SHELL32.dll
0x00007ffb8b670000 - 0x00007ffb8be04000 	C:\WINDOWS\SYSTEM32\windows.storage.dll
0x00007ffb8f2f0000 - 0x00007ffb8f645000 	C:\WINDOWS\System32\combase.dll
0x00007ffb8d2c0000 - 0x00007ffb8d2ee000 	C:\WINDOWS\SYSTEM32\Wldp.dll
0x00007ffb8f740000 - 0x00007ffb8f7ed000 	C:\WINDOWS\System32\SHCORE.dll
0x00007ffb8f6e0000 - 0x00007ffb8f735000 	C:\WINDOWS\System32\shlwapi.dll
0x00007ffb8d880000 - 0x00007ffb8d89f000 	C:\WINDOWS\SYSTEM32\profapi.dll
0x0000000002f20000 - 0x0000000002f23000 	C:\Program Files\Java\jdk1.8.0_211\jre\bin\api-ms-win-core-console-l1-1-0.dll
0x0000000002f30000 - 0x0000000002f33000 	C:\Program Files\Java\jdk1.8.0_211\jre\bin\api-ms-win-core-datetime-l1-1-0.dll
0x0000000002f40000 - 0x0000000002f43000 	C:\Program Files\Java\jdk1.8.0_211\jre\bin\api-ms-win-core-debug-l1-1-0.dll
0x000000001b500000 - 0x000000001b503000 	C:\Program Files\Java\jdk1.8.0_211\jre\bin\api-ms-win-core-errorhandling-l1-1-0.dll
0x000000001b510000 - 0x000000001b514000 	C:\Program Files\Java\jdk1.8.0_211\jre\bin\api-ms-win-core-file-l1-1-0.dll
0x000000001b520000 - 0x000000001b523000 	C:\Program Files\Java\jdk1.8.0_211\jre\bin\api-ms-win-core-file-l1-2-0.dll
0x000000001b530000 - 0x000000001b533000 	C:\Program Files\Java\jdk1.8.0_211\jre\bin\api-ms-win-core-file-l2-1-0.dll
0x000000001b540000 - 0x000000001b543000 	C:\Program Files\Java\jdk1.8.0_211\jre\bin\api-ms-win-core-handle-l1-1-0.dll
0x000000001b550000 - 0x000000001b553000 	C:\Program Files\Java\jdk1.8.0_211\jre\bin\api-ms-win-core-heap-l1-1-0.dll
0x000000001b560000 - 0x000000001b563000 	C:\Program Files\Java\jdk1.8.0_211\jre\bin\api-ms-win-core-interlocked-l1-1-0.dll
0x000000001b570000 - 0x000000001b573000 	C:\Program Files\Java\jdk1.8.0_211\jre\bin\api-ms-win-core-libraryloader-l1-1-0.dll
0x000000001b580000 - 0x000000001b583000 	C:\Program Files\Java\jdk1.8.0_211\jre\bin\api-ms-win-core-localization-l1-2-0.dll
0x000000001b590000 - 0x000000001b593000 	C:\Program Files\Java\jdk1.8.0_211\jre\bin\api-ms-win-core-memory-l1-1-0.dll
0x000000001b5a0000 - 0x000000001b5a3000 	C:\Program Files\Java\jdk1.8.0_211\jre\bin\api-ms-win-core-namedpipe-l1-1-0.dll
0x000000001b5b0000 - 0x000000001b5b3000 	C:\Program Files\Java\jdk1.8.0_211\jre\bin\api-ms-win-core-processenvironment-l1-1-0.dll
0x000000001b5c0000 - 0x000000001b5c3000 	C:\Program Files\Java\jdk1.8.0_211\jre\bin\api-ms-win-core-processthreads-l1-1-0.dll
0x000000001b5d0000 - 0x000000001b5d3000 	C:\Program Files\Java\jdk1.8.0_211\jre\bin\api-ms-win-core-processthreads-l1-1-1.dll
0x000000001b5e0000 - 0x000000001b5e3000 	C:\Program Files\Java\jdk1.8.0_211\jre\bin\api-ms-win-core-profile-l1-1-0.dll
0x000000001b5f0000 - 0x000000001b5f3000 	C:\Program Files\Java\jdk1.8.0_211\jre\bin\api-ms-win-core-rtlsupport-l1-1-0.dll
0x000000001b600000 - 0x000000001b603000 	C:\Program Files\Java\jdk1.8.0_211\jre\bin\api-ms-win-core-string-l1-1-0.dll
0x000000001b610000 - 0x000000001b613000 	C:\Program Files\Java\jdk1.8.0_211\jre\bin\api-ms-win-core-synch-l1-1-0.dll
0x000000001b620000 - 0x000000001b623000 	C:\Program Files\Java\jdk1.8.0_211\jre\bin\api-ms-win-core-synch-l1-2-0.dll
0x000000001b630000 - 0x000000001b633000 	C:\Program Files\Java\jdk1.8.0_211\jre\bin\api-ms-win-core-sysinfo-l1-1-0.dll
0x000000001b640000 - 0x000000001b643000 	C:\Program Files\Java\jdk1.8.0_211\jre\bin\api-ms-win-core-timezone-l1-1-0.dll
0x000000001b650000 - 0x000000001b653000 	C:\Program Files\Java\jdk1.8.0_211\jre\bin\api-ms-win-core-util-l1-1-0.dll
0x000000001b660000 - 0x000000001b663000 	C:\Program Files\Java\jdk1.8.0_211\jre\bin\api-ms-win-crt-conio-l1-1-0.dll
0x000000001b670000 - 0x000000001b674000 	C:\Program Files\Java\jdk1.8.0_211\jre\bin\api-ms-win-crt-convert-l1-1-0.dll
0x000000001b680000 - 0x000000001b683000 	C:\Program Files\Java\jdk1.8.0_211\jre\bin\api-ms-win-crt-environment-l1-1-0.dll
0x000000001b690000 - 0x000000001b693000 	C:\Program Files\Java\jdk1.8.0_211\jre\bin\api-ms-win-crt-filesystem-l1-1-0.dll
0x000000001b6a0000 - 0x000000001b6a3000 	C:\Program Files\Java\jdk1.8.0_211\jre\bin\api-ms-win-crt-heap-l1-1-0.dll
0x000000001b6b0000 - 0x000000001b6b3000 	C:\Program Files\Java\jdk1.8.0_211\jre\bin\api-ms-win-crt-locale-l1-1-0.dll
0x000000001b6c0000 - 0x000000001b6c5000 	C:\Program Files\Java\jdk1.8.0_211\jre\bin\api-ms-win-crt-math-l1-1-0.dll
0x000000001b6d0000 - 0x000000001b6d5000 	C:\Program Files\Java\jdk1.8.0_211\jre\bin\api-ms-win-crt-multibyte-l1-1-0.dll
0x000000001b6e0000 - 0x000000001b6f0000 	C:\Program Files\Java\jdk1.8.0_211\jre\bin\api-ms-win-crt-private-l1-1-0.dll
0x000000001b6f0000 - 0x000000001b6f3000 	C:\Program Files\Java\jdk1.8.0_211\jre\bin\api-ms-win-crt-process-l1-1-0.dll
0x000000001b700000 - 0x000000001b704000 	C:\Program Files\Java\jdk1.8.0_211\jre\bin\api-ms-win-crt-runtime-l1-1-0.dll
0x000000001b710000 - 0x000000001b714000 	C:\Program Files\Java\jdk1.8.0_211\jre\bin\api-ms-win-crt-stdio-l1-1-0.dll
0x000000001b720000 - 0x000000001b724000 	C:\Program Files\Java\jdk1.8.0_211\jre\bin\api-ms-win-crt-string-l1-1-0.dll
0x000000001b730000 - 0x000000001b733000 	C:\Program Files\Java\jdk1.8.0_211\jre\bin\api-ms-win-crt-time-l1-1-0.dll
0x000000001b740000 - 0x000000001b743000 	C:\Program Files\Java\jdk1.8.0_211\jre\bin\api-ms-win-crt-utility-l1-1-0.dll
0x00007ffb55dc0000 - 0x00007ffb55eb6000 	C:\Program Files\Java\jdk1.8.0_211\jre\bin\ucrtbase.dll
0x00007ffb89a80000 - 0x00007ffb89a96000 	C:\Program Files\Java\jdk1.8.0_211\jre\bin\vcruntime140.dll
0x00007ffb5d5a0000 - 0x00007ffb5d64a000 	C:\Program Files\Java\jdk1.8.0_211\jre\bin\msvcp140.dll
0x00007ffb6d1e0000 - 0x00007ffb6d234000 	C:\Program Files\Java\jdk1.8.0_211\jre\bin\concrt140.dll
0x00007ffb878b0000 - 0x00007ffb878d3000 	C:\Program Files\Java\jdk1.8.0_211\jre\bin\prism_d3d.dll
0x00007ffb825d0000 - 0x00007ffb827a0000 	C:\WINDOWS\system32\d3d9.dll
0x00007ffb8c5e0000 - 0x00007ffb8c5f2000 	C:\WINDOWS\SYSTEM32\kernel.appcore.dll
0x00007ffb8b050000 - 0x00007ffb8b07f000 	C:\WINDOWS\SYSTEM32\dwmapi.dll
0x00007ffb8af10000 - 0x00007ffb8afae000 	C:\WINDOWS\system32\uxtheme.dll
0x00007ffb2b240000 - 0x00007ffb2b3a3000 	C:\WINDOWS\System32\DriverStore\FileRepository\igdlh64.inf_amd64_fb9939a7d714d646\igdumdim64.dll
0x00007ffb1b770000 - 0x00007ffb1f174000 	C:\WINDOWS\System32\DriverStore\FileRepository\igdlh64.inf_amd64_fb9939a7d714d646\igd9dxva64.dll
0x00007ffb8e810000 - 0x00007ffb8e93a000 	C:\WINDOWS\System32\ole32.dll
0x00007ffb8ead0000 - 0x00007ffb8eb9d000 	C:\WINDOWS\System32\OLEAUT32.dll
0x00007ffb8f910000 - 0x00007ffb8fd82000 	C:\WINDOWS\System32\SETUPAPI.dll
0x00007ffb8d940000 - 0x00007ffb8d98e000 	C:\WINDOWS\System32\cfgmgr32.dll
0x00007ffb8dac0000 - 0x00007ffb8dae7000 	C:\WINDOWS\System32\bcrypt.dll
0x00007ffb7b5e0000 - 0x00007ffb7b81f000 	C:\WINDOWS\System32\DriverStore\FileRepository\igdlh64.inf_amd64_fb9939a7d714d646\igdgmm64.dll
0x00007ffb70550000 - 0x00007ffb70599000 	C:\Program Files\Java\jdk1.8.0_211\jre\bin\glass.dll
0x00007ffb8e730000 - 0x00007ffb8e80a000 	C:\WINDOWS\System32\COMDLG32.dll
0x00007ffb8f7f0000 - 0x00007ffb8f906000 	C:\WINDOWS\System32\MSCTF.dll
0x00007ffb8d990000 - 0x00007ffb8da12000 	C:\WINDOWS\System32\bcryptPrimitives.dll
0x00007ffb5abf0000 - 0x00007ffb5ac17000 	C:\WINDOWS\System32\DriverStore\FileRepository\igdlh64.inf_amd64_fb9939a7d714d646\igdinfo64.dll
0x00007ffb78600000 - 0x00007ffb7b262000 	C:\WINDOWS\System32\DriverStore\FileRepository\igdlh64.inf_amd64_fb9939a7d714d646\igc64.dll
0x00007ffb854c0000 - 0x00007ffb854fb000 	C:\WINDOWS\SYSTEM32\dxcore.dll
0x00007ffb875e0000 - 0x00007ffb875f4000 	C:\Program Files\Java\jdk1.8.0_211\jre\bin\javafx_font.dll
0x00007ffb733c0000 - 0x00007ffb73643000 	C:\WINDOWS\SYSTEM32\dwrite.dll
0x00007ffb6f020000 - 0x00007ffb6f03a000 	C:\Program Files\Java\jdk1.8.0_211\jre\bin\net.dll
0x00007ffb736d0000 - 0x00007ffb738bb000 	C:\WINDOWS\SYSTEM32\urlmon.dll
0x00007ffb76800000 - 0x00007ffb76ab1000 	C:\WINDOWS\SYSTEM32\iertutil.dll
0x00007ffb73980000 - 0x00007ffb739a8000 	C:\WINDOWS\SYSTEM32\srvcli.dll
0x00007ffb8ce70000 - 0x00007ffb8ce7c000 	C:\WINDOWS\SYSTEM32\netutils.dll
0x00007ffb8d020000 - 0x00007ffb8d08a000 	C:\WINDOWS\system32\mswsock.dll
0x00007ffb8cda0000 - 0x00007ffb8ce6b000 	C:\WINDOWS\SYSTEM32\DNSAPI.dll
0x00007ffb8cd10000 - 0x00007ffb8cd4b000 	C:\WINDOWS\SYSTEM32\IPHLPAPI.DLL
0x00007ffb8f6d0000 - 0x00007ffb8f6d8000 	C:\WINDOWS\System32\NSI.dll
0x00007ffb87690000 - 0x00007ffb8769a000 	C:\Windows\System32\rasadhlp.dll
0x00007ffb7f520000 - 0x00007ffb7f59f000 	C:\WINDOWS\System32\fwpuclnt.dll
0x00007ffb8e570000 - 0x00007ffb8e619000 	C:\WINDOWS\System32\clbcatq.dll
0x00007ffb815d0000 - 0x00007ffb81784000 	C:\WINDOWS\SYSTEM32\WindowsCodecs.dll
0x00007ffb5e750000 - 0x00007ffb5e78e000 	C:\WINDOWS\system32\dataexchange.dll
0x00007ffb89060000 - 0x00007ffb892c4000 	C:\WINDOWS\system32\d3d11.dll
0x00007ffb8a640000 - 0x00007ffb8a825000 	C:\WINDOWS\system32\dcomp.dll
0x00007ffb8c360000 - 0x00007ffb8c454000 	C:\WINDOWS\system32\dxgi.dll
0x00007ffb81790000 - 0x00007ffb81991000 	C:\WINDOWS\system32\twinapi.appcore.dll
0x00007ffb84300000 - 0x00007ffb84334000 	C:\Program Files\Common Files\Microsoft Shared\Ink\rtscom.dll
0x00007ffb78500000 - 0x00007ffb785f9000 	C:\WINDOWS\SYSTEM32\textinputframework.dll
0x00007ffb8a930000 - 0x00007ffb8ac8e000 	C:\WINDOWS\System32\CoreUIComponents.dll
0x00007ffb8a830000 - 0x00007ffb8a922000 	C:\WINDOWS\System32\CoreMessaging.dll
0x00007ffb8c630000 - 0x00007ffb8c663000 	C:\WINDOWS\SYSTEM32\ntmarta.dll
0x00007ffb89b00000 - 0x00007ffb89c54000 	C:\WINDOWS\SYSTEM32\wintypes.dll
0x00007ffb875c0000 - 0x00007ffb875d1000 	C:\Program Files\Java\jdk1.8.0_211\jre\bin\prism_common.dll
0x00007ffb88a80000 - 0x00007ffb89040000 	C:\WINDOWS\SYSTEM32\d2d1.dll
0x00007ffb7f9e0000 - 0x00007ffb800d6000 	C:\WINDOWS\SYSTEM32\D3D10Warp.dll
0x00007ffb6c700000 - 0x00007ffb6c72c000 	C:\Program Files\Java\jdk1.8.0_211\jre\bin\javafx_iio.dll

VM Arguments:
jvm_args: -Dfile.encoding=UTF-8 
java_command: test.NewFXMain
java_class_path (initial): C:\Program Files\NetBeans 8.2\ide\modules\ext\mysql-connector-java-5.1.23-bin.jar;C:\Users\ASUS CELERON\Desktop\controlsfx-8.40.11.jar;C:\Users\ASUS CELERON\Desktop\TMN\TMN_Pidev\build\classes
Launcher Type: SUN_STANDARD

Environment Variables:
JAVA_HOME=C:\Program Files\Java\jdk1.8.0_211
PATH=C:\oraclexe\app\oracle\product\10.2.0\server\bin;C:\wamp64\bin\php\php7.4.9;C:\Program Files (x86)\Common Files\Intel\Shared Libraries\redist\intel64\compiler;C:\Program Files (x86)\VMware\VMware Workstation\bin\;C:\Program Files\Java\jdk1.8.0_211\bin;C:\Program Files (x86)\Common Files\Oracle\Java\javapath;C:\wamp64\bin\php\php7.3.21;C:\composer;C:\Program Files\Symfony;C:\Program Files (x86)\Git\cmd;C:\Program Files (x86)\Git\mingw32\bin;C:\Program Files (x86)\Git\usr\bin;C:\Users\ASUS CELERON\anaconda3;C:\Users\ASUS CELERON\anaconda3\Library\mingw-w64\bin;C:\Users\ASUS CELERON\anaconda3\Library\usr\bin;C:\Users\ASUS CELERON\anaconda3\Library\bin;C:\Users\ASUS CELERON\anaconda3\Scripts;C:\Users\ASUS CELERON\AppData\Local\Microsoft\WindowsApps;C:\Users\ASUS CELERON\AppData\Local\Programs\Microsoft VS Code\bin;C:\Users\ASUS CELERON\AppData\Local\GitHubDesktop\bin;C:\Users\ASUS CELERON\AppData\Roaming\Composer\vendor\bin;C:\wamp64\bin\php\php7.4.9;
USERNAME=ASUS CELERON
OS=Windows_NT
PROCESSOR_IDENTIFIER=Intel64 Family 6 Model 142 Stepping 10, GenuineIntel



---------------  S Y S T E M  ---------------

OS: Windows 10.0 , 64 bit Build 19041 (10.0.19041.1503)

CPU:total 8 (initial active 8) (4 cores per cpu, 2 threads per core) family 6 model 142 stepping 10, cmov, cx8, fxsr, mmx, sse, sse2, sse3, ssse3, sse4.1, sse4.2, popcnt, avx, avx2, aes, clmul, erms, 3dnowpref, lzcnt, ht, tsc, tscinvbit, bmi1, bmi2, adx

Memory: 4k page, physical 8264684k(2584688k free), swap 10214380k(7148k free)

vm_info: Java HotSpot(TM) 64-Bit Server VM (25.211-b12) for windows-amd64 JRE (1.8.0_211-b12), built on Apr  1 2019 20:53:26 by "java_re" with MS VC++ 10.0 (VS2010)

time: Wed Mar 02 20:16:32 2022
timezone: Afr. centrale Ouest
elapsed time: 8 seconds (0d 0h 0m 8s)

