#
# There is insufficient memory for the Java Runtime Environment to continue.
# Native memory allocation (malloc) failed to allocate 1356784 bytes for Chunk::new
# Possible reasons:
#   The system is out of physical RAM or swap space
#   The process is running with CompressedOops enabled, and the Java Heap may be blocking the growth of the native heap
# Possible solutions:
#   Reduce memory load on the system
#   Increase physical memory or swap space
#   Check if swap backing store is full
#   Decrease Java heap size (-Xmx/-Xms)
#   Decrease number of Java threads
#   Decrease Java thread stack sizes (-Xss)
#   Set larger code cache with -XX:ReservedCodeCacheSize=
#   JVM is running with Unscaled Compressed Oops mode in which the Java heap is
#     placed in the first 4GB address space. The Java Heap base address is the
#     maximum limit for the native heap growth. Please use -XX:HeapBaseMinAddress
#     to set the Java Heap base and to place the Java Heap above 4GB virtual address.
# This output file may be truncated or incomplete.
#
#  Out of Memory Error (allocation.cpp:389), pid=2184, tid=0x0000000000002a2c
#
# JRE version: Java(TM) SE Runtime Environment (8.0_211-b12) (build 1.8.0_211-b12)
# Java VM: Java HotSpot(TM) 64-Bit Server VM (25.211-b12 mixed mode windows-amd64 compressed oops)
# Failed to write core dump. Minidumps are not enabled by default on client versions of Windows
#

---------------  T H R E A D  ---------------

Current thread (0x0000000019516000):  JavaThread "C2 CompilerThread1" daemon [_thread_in_native, id=10796, stack(0x0000000019f10000,0x000000001a010000)]

Stack: [0x0000000019f10000,0x000000001a010000]
[error occurred during error reporting (printing stack bounds), id 0xc0000005]

Native frames: (J=compiled Java code, j=interpreted, Vv=VM code, C=native code)


Current CompileTask:
C2:   1616 2364   !   4       javafx.scene.CssStyleHelper::transitionToState (1075 bytes)


---------------  P R O C E S S  ---------------

Java Threads: ( => current thread )
  0x000000001a936800 JavaThread "Abandoned connection cleanup thread" daemon [_thread_blocked, id=15416, stack(0x00000000217a0000,0x00000000218a0000)]
  0x000000001a6fe800 JavaThread "Prism Font Disposer" daemon [_thread_blocked, id=8296, stack(0x00000000216a0000,0x00000000217a0000)]
  0x000000001a552800 JavaThread "Thread-3" daemon [_thread_in_native, id=12464, stack(0x000000001fd70000,0x000000001fe70000)]
  0x000000001a4e5000 JavaThread "JavaFX-Launcher" [_thread_blocked, id=12676, stack(0x000000001fe70000,0x000000001ff70000)]
  0x000000001a4cb800 JavaThread "JavaFX Application Thread" [_thread_blocked, id=13864, stack(0x000000001b1a0000,0x000000001b2a0000)]
  0x000000001a4bd800 JavaThread "Thread-1" daemon [_thread_blocked, id=10152, stack(0x000000001b0a0000,0x000000001b1a0000)]
  0x000000001a499000 JavaThread "QuantumRenderer-0" daemon [_thread_in_vm, id=6252, stack(0x000000001adf0000,0x000000001aef0000)]
  0x00000000195aa800 JavaThread "Service Thread" daemon [_thread_blocked, id=10220, stack(0x000000001a210000,0x000000001a310000)]
  0x000000001952a000 JavaThread "C1 CompilerThread3" daemon [_thread_in_vm, id=14276, stack(0x000000001a110000,0x000000001a210000)]
  0x000000001951d000 JavaThread "C2 CompilerThread2" daemon [_thread_in_native, id=15792, stack(0x000000001a010000,0x000000001a110000)]
=>0x0000000019516000 JavaThread "C2 CompilerThread1" daemon [_thread_in_native, id=10796, stack(0x0000000019f10000,0x000000001a010000)]
  0x0000000019513000 JavaThread "C2 CompilerThread0" daemon [_thread_in_native, id=11804, stack(0x0000000019e10000,0x0000000019f10000)]
  0x0000000019510000 JavaThread "Attach Listener" daemon [_thread_blocked, id=7432, stack(0x0000000019d10000,0x0000000019e10000)]
  0x000000001950f000 JavaThread "Signal Dispatcher" daemon [_thread_blocked, id=10352, stack(0x0000000019c10000,0x0000000019d10000)]
  0x00000000027a7800 JavaThread "Finalizer" daemon [_thread_blocked, id=10052, stack(0x00000000199e0000,0x0000000019ae0000)]
  0x0000000019500800 JavaThread "Reference Handler" daemon [_thread_blocked, id=14992, stack(0x00000000198e0000,0x00000000199e0000)]
  0x00000000026b2800 JavaThread "main" [_thread_blocked, id=13256, stack(0x00000000025b0000,0x00000000026b0000)]

Other Threads:
  0x0000000017719800 VMThread [stack: 0x00000000193e0000,0x00000000194e0000] [id=15916]
  0x000000001953c800 WatcherThread [stack: 0x000000001a310000,0x000000001a410000] [id=15396]

VM state:not at safepoint (normal execution)

VM Mutex/Monitor currently owned by a thread: None

heap address: 0x0000000081e00000, size: 2018 MB, Compressed Oops mode: 32-bit
Narrow klass base: 0x0000000000000000, Narrow klass shift: 3
Compressed class space size: 1073741824 Address: 0x0000000100000000

Heap:
 PSYoungGen      total 38400K, used 27827K [0x00000000d5f80000, 0x00000000daa80000, 0x0000000100000000)
  eden space 33280K, 83% used [0x00000000d5f80000,0x00000000d7aacf50,0x00000000d8000000)
  from space 5120K, 0% used [0x00000000d8500000,0x00000000d8500000,0x00000000d8a00000)
  to   space 5120K, 0% used [0x00000000d8000000,0x00000000d8000000,0x00000000d8500000)
 ParOldGen       total 68096K, used 7139K [0x0000000081e00000, 0x0000000086080000, 0x00000000d5f80000)
  object space 68096K, 10% used [0x0000000081e00000,0x00000000824f8e18,0x0000000086080000)
 Metaspace       used 21430K, capacity 22722K, committed 22784K, reserved 1069056K
  class space    used 2997K, capacity 3278K, committed 3328K, reserved 1048576K

Card table byte_map: [0x0000000011b70000,0x0000000011f70000] byte_map_base: 0x0000000011761000

Marking Bits: (ParMarkBitMap*) 0x00000000669f5ce0
 Begin Bits: [0x0000000012a20000, 0x00000000149a8000)
 End Bits:   [0x00000000149a8000, 0x0000000016930000)

Polling page: 0x0000000002480000

CodeCache: size=245760Kb used=9568Kb max_used=9597Kb free=236191Kb
 bounds [0x00000000027b0000, 0x0000000003120000, 0x00000000117b0000]
 total_blobs=3595 nmethods=2885 adapters=621
 compilation: enabled

Compilation events (10 events):
Event: 1.562 Thread 0x000000001952a000 2879       3       jdk.internal.org.objectweb.asm.MethodVisitor::visitMethodInsn (68 bytes)
Event: 1.562 Thread 0x000000001952a000 nmethod 2879 0x00000000030f0990 code [0x00000000030f0b20, 0x00000000030f0fc8]
Event: 1.562 Thread 0x000000001952a000 2881       3       sun.reflect.ConstructorAccessorImpl::<init> (5 bytes)
Event: 1.562 Thread 0x000000001952a000 nmethod 2881 0x00000000030f1150 code [0x00000000030f12c0, 0x00000000030f14d0]
Event: 1.562 Thread 0x000000001952a000 2880       3       jdk.internal.org.objectweb.asm.MethodVisitor::visitInsn (16 bytes)
Event: 1.562 Thread 0x000000001952a000 nmethod 2880 0x00000000030f1590 code [0x00000000030f1700, 0x00000000030f1968]
Event: 1.574 Thread 0x000000001952a000 2882   !   3       java.lang.ClassLoader::findNative (86 bytes)
Event: 1.574 Thread 0x000000001952a000 nmethod 2882 0x00000000030f5150 code [0x00000000030f5300, 0x00000000030f5bb8]
Event: 1.576 Thread 0x000000001952a000 2883       3       java.lang.invoke.CallSite::maybeReBoxElements (24 bytes)
Event: 1.577 Thread 0x000000001952a000 nmethod 2883 0x00000000030f6150 code [0x00000000030f6300, 0x00000000030f69a8]

GC Heap History (6 events):
Event: 0.808 GC heap before
{Heap before GC invocations=1 (full 0):
 PSYoungGen      total 38400K, used 33280K [0x00000000d5f80000, 0x00000000d8a00000, 0x0000000100000000)
  eden space 33280K, 100% used [0x00000000d5f80000,0x00000000d8000000,0x00000000d8000000)
  from space 5120K, 0% used [0x00000000d8500000,0x00000000d8500000,0x00000000d8a00000)
  to   space 5120K, 0% used [0x00000000d8000000,0x00000000d8000000,0x00000000d8500000)
 ParOldGen       total 87552K, used 0K [0x0000000081e00000, 0x0000000087380000, 0x00000000d5f80000)
  object space 87552K, 0% used [0x0000000081e00000,0x0000000081e00000,0x0000000087380000)
 Metaspace       used 15959K, capacity 16566K, committed 16640K, reserved 1062912K
  class space    used 2082K, capacity 2258K, committed 2304K, reserved 1048576K
Event: 0.813 GC heap after
Heap after GC invocations=1 (full 0):
 PSYoungGen      total 38400K, used 5104K [0x00000000d5f80000, 0x00000000d8a00000, 0x0000000100000000)
  eden space 33280K, 0% used [0x00000000d5f80000,0x00000000d5f80000,0x00000000d8000000)
  from space 5120K, 99% used [0x00000000d8000000,0x00000000d84fc080,0x00000000d8500000)
  to   space 5120K, 0% used [0x00000000d8500000,0x00000000d8500000,0x00000000d8a00000)
 ParOldGen       total 87552K, used 821K [0x0000000081e00000, 0x0000000087380000, 0x00000000d5f80000)
  object space 87552K, 0% used [0x0000000081e00000,0x0000000081ecd468,0x0000000087380000)
 Metaspace       used 15959K, capacity 16566K, committed 16640K, reserved 1062912K
  class space    used 2082K, capacity 2258K, committed 2304K, reserved 1048576K
}
Event: 1.154 GC heap before
{Heap before GC invocations=2 (full 0):
 PSYoungGen      total 38400K, used 20941K [0x00000000d5f80000, 0x00000000d8a00000, 0x0000000100000000)
  eden space 33280K, 47% used [0x00000000d5f80000,0x00000000d6ef7468,0x00000000d8000000)
  from space 5120K, 99% used [0x00000000d8000000,0x00000000d84fc080,0x00000000d8500000)
  to   space 5120K, 0% used [0x00000000d8500000,0x00000000d8500000,0x00000000d8a00000)
 ParOldGen       total 87552K, used 821K [0x0000000081e00000, 0x0000000087380000, 0x00000000d5f80000)
  object space 87552K, 0% used [0x0000000081e00000,0x0000000081ecd468,0x0000000087380000)
 Metaspace       used 20033K, capacity 21188K, committed 21296K, reserved 1067008K
  class space    used 2874K, capacity 3107K, committed 3200K, reserved 1048576K
Event: 1.160 GC heap after
Heap after GC invocations=2 (full 0):
 PSYoungGen      total 38400K, used 5088K [0x00000000d5f80000, 0x00000000daa80000, 0x0000000100000000)
  eden space 33280K, 0% used [0x00000000d5f80000,0x00000000d5f80000,0x00000000d8000000)
  from space 5120K, 99% used [0x00000000d8500000,0x00000000d89f8090,0x00000000d8a00000)
  to   space 5120K, 0% used [0x00000000d8000000,0x00000000d8000000,0x00000000d8500000)
 ParOldGen       total 87552K, used 2933K [0x0000000081e00000, 0x0000000087380000, 0x00000000d5f80000)
  object space 87552K, 3% used [0x0000000081e00000,0x00000000820dd468,0x0000000087380000)
 Metaspace       used 20033K, capacity 21188K, committed 21296K, reserved 1067008K
  class space    used 2874K, capacity 3107K, committed 3200K, reserved 1048576K
}
Event: 1.160 GC heap before
{Heap before GC invocations=3 (full 1):
 PSYoungGen      total 38400K, used 5088K [0x00000000d5f80000, 0x00000000daa80000, 0x0000000100000000)
  eden space 33280K, 0% used [0x00000000d5f80000,0x00000000d5f80000,0x00000000d8000000)
  from space 5120K, 99% used [0x00000000d8500000,0x00000000d89f8090,0x00000000d8a00000)
  to   space 5120K, 0% used [0x00000000d8000000,0x00000000d8000000,0x00000000d8500000)
 ParOldGen       total 87552K, used 2933K [0x0000000081e00000, 0x0000000087380000, 0x00000000d5f80000)
  object space 87552K, 3% used [0x0000000081e00000,0x00000000820dd468,0x0000000087380000)
 Metaspace       used 20033K, capacity 21188K, committed 21296K, reserved 1067008K
  class space    used 2874K, capacity 3107K, committed 3200K, reserved 1048576K
Event: 1.197 GC heap after
Heap after GC invocations=3 (full 1):
 PSYoungGen      total 38400K, used 0K [0x00000000d5f80000, 0x00000000daa80000, 0x0000000100000000)
  eden space 33280K, 0% used [0x00000000d5f80000,0x00000000d5f80000,0x00000000d8000000)
  from space 5120K, 0% used [0x00000000d8500000,0x00000000d8500000,0x00000000d8a00000)
  to   space 5120K, 0% used [0x00000000d8000000,0x00000000d8000000,0x00000000d8500000)
 ParOldGen       total 68096K, used 7139K [0x0000000081e00000, 0x0000000086080000, 0x00000000d5f80000)
  object space 68096K, 10% used [0x0000000081e00000,0x00000000824f8e18,0x0000000086080000)
 Metaspace       used 20033K, capacity 21188K, committed 21296K, reserved 1067008K
  class space    used 2874K, capacity 3107K, committed 3200K, reserved 1048576K
}

Deoptimization events (10 events):
Event: 1.259 Thread 0x000000001a4cb800 Uncommon trap: reason=unstable_if action=reinterpret pc=0x0000000002c4a690 method=com.sun.javafx.css.BitSet.add(Ljava/lang/Object;)Z @ 91
Event: 1.347 Thread 0x000000001a4cb800 Uncommon trap: reason=array_check action=maybe_recompile pc=0x0000000002f2c860 method=com.sun.javafx.css.SimpleSelector.applies(Ljavafx/css/Styleable;[Ljava/util/Set;I)Z @ 37
Event: 1.458 Thread 0x000000001a4cb800 Uncommon trap: reason=unstable_if action=reinterpret pc=0x0000000002f83ff4 method=java.lang.StrictMath.floorOrCeil(DDDD)D @ 38
Event: 1.514 Thread 0x000000001a4cb800 Uncommon trap: reason=unstable_if action=reinterpret pc=0x0000000002f53a98 method=javafx.scene.Node.markDirtyLayoutBranch()V @ 16
Event: 1.536 Thread 0x000000001a4cb800 Uncommon trap: reason=bimorphic action=maybe_recompile pc=0x0000000002f087b0 method=javafx.beans.property.BooleanPropertyBase.get()Z @ 23
Event: 1.536 Thread 0x000000001a4cb800 Uncommon trap: reason=bimorphic action=maybe_recompile pc=0x0000000002f087b0 method=javafx.beans.property.BooleanPropertyBase.get()Z @ 23
Event: 1.536 Thread 0x000000001a4cb800 Uncommon trap: reason=bimorphic action=maybe_recompile pc=0x0000000002f087b0 method=javafx.beans.property.BooleanPropertyBase.get()Z @ 23
Event: 1.536 Thread 0x000000001a4cb800 Uncommon trap: reason=unstable_if action=reinterpret pc=0x0000000002da395c method=java.util.WeakHashMap.eq(Ljava/lang/Object;Ljava/lang/Object;)Z @ 2
Event: 1.536 Thread 0x000000001a4cb800 Uncommon trap: reason=bimorphic action=maybe_recompile pc=0x0000000002f087b0 method=javafx.beans.property.BooleanPropertyBase.get()Z @ 23
Event: 1.566 Thread 0x000000001a4cb800 Uncommon trap: reason=unstable_if action=reinterpret pc=0x0000000002f1f7f8 method=javafx.scene.Node.impl_isDirtyEmpty()Z @ 4

Classes redefined (0 events):
No events

Internal exceptions (10 events):
Event: 0.496 Thread 0x000000001a4cb800 Exception <a 'java/lang/ArrayIndexOutOfBoundsException'> (0x00000000d742a7a8) thrown at [C:\re\workspace\8-2-build-windows-amd64-cygwin\jdk8u211\12973\hotspot\src\share\vm\runtime\sharedRuntime.cpp, line 605]
Event: 0.522 Thread 0x000000001a4cb800 Exception <a 'java/io/FileNotFoundException'> (0x00000000d75ff730) thrown at [C:\re\workspace\8-2-build-windows-amd64-cygwin\jdk8u211\12973\hotspot\src\share\vm\prims\jni.cpp, line 710]
Event: 0.522 Thread 0x000000001a4cb800 Exception <a 'java/io/FileNotFoundException'> (0x00000000d76048e0) thrown at [C:\re\workspace\8-2-build-windows-amd64-cygwin\jdk8u211\12973\hotspot\src\share\vm\prims\jni.cpp, line 710]
Event: 0.570 Thread 0x000000001a4cb800 Exception <a 'java/io/FileNotFoundException'> (0x00000000d7840038) thrown at [C:\re\workspace\8-2-build-windows-amd64-cygwin\jdk8u211\12973\hotspot\src\share\vm\prims\jni.cpp, line 710]
Event: 0.570 Thread 0x000000001a4cb800 Exception <a 'java/io/FileNotFoundException'> (0x00000000d7845b38) thrown at [C:\re\workspace\8-2-build-windows-amd64-cygwin\jdk8u211\12973\hotspot\src\share\vm\prims\jni.cpp, line 710]
Event: 0.586 Thread 0x000000001a4cb800 Exception <a 'java/io/FileNotFoundException'> (0x00000000d79475b0) thrown at [C:\re\workspace\8-2-build-windows-amd64-cygwin\jdk8u211\12973\hotspot\src\share\vm\prims\jni.cpp, line 710]
Event: 0.587 Thread 0x000000001a4cb800 Exception <a 'java/io/FileNotFoundException'> (0x00000000d794d0b0) thrown at [C:\re\workspace\8-2-build-windows-amd64-cygwin\jdk8u211\12973\hotspot\src\share\vm\prims\jni.cpp, line 710]
Event: 0.596 Thread 0x000000001a4cb800 Implicit null exception at 0x0000000002a0a116 to 0x0000000002a0a4b9
Event: 0.796 Thread 0x000000001a4cb800 Implicit null exception at 0x0000000002a6bb75 to 0x0000000002a6bd85
Event: 0.796 Thread 0x000000001a4cb800 Implicit null exception at 0x0000000002b84a5b to 0x0000000002b851b1

Events (10 events):
Event: 1.577 loading class com/sun/prism/shader/FillPgram_Color_Loader
Event: 1.577 loading class com/sun/prism/shader/FillPgram_Color_Loader done
Event: 1.577 loading class java/nio/DirectByteBuffer$Deallocator
Event: 1.577 loading class java/nio/DirectByteBuffer$Deallocator done
Event: 1.577 loading class com/sun/prism/d3d/D3DShader
Event: 1.577 loading class com/sun/prism/d3d/D3DShader done
Event: 1.578 loading class com/sun/prism/d3d/D3DContext$1
Event: 1.578 loading class com/sun/prism/d3d/D3DContext$1 done
Event: 1.578 loading class com/sun/scenario/effect/impl/prism/PrEffectHelper
Event: 1.578 loading class com/sun/scenario/effect/impl/prism/PrEffectHelper done


Dynamic libraries:
0x00007ff6df100000 - 0x00007ff6df137000 	C:\Program Files\Java\jdk1.8.0_211\bin\java.exe
0x00007ffe08010000 - 0x00007ffe08205000 	C:\WINDOWS\SYSTEM32\ntdll.dll
0x00007ffdffd60000 - 0x00007ffdffd76000 	C:\Program Files\AVAST Software\Avast\aswhook.dll
0x00007ffe06490000 - 0x00007ffe0654e000 	C:\WINDOWS\System32\KERNEL32.DLL
0x00007ffe05970000 - 0x00007ffe05c38000 	C:\WINDOWS\System32\KERNELBASE.dll
0x00007ffe07f20000 - 0x00007ffe07fce000 	C:\WINDOWS\System32\ADVAPI32.dll
0x00007ffe06120000 - 0x00007ffe061be000 	C:\WINDOWS\System32\msvcrt.dll
0x00007ffe07840000 - 0x00007ffe078dc000 	C:\WINDOWS\System32\sechost.dll
0x00007ffe06af0000 - 0x00007ffe06c15000 	C:\WINDOWS\System32\RPCRT4.dll
0x00007ffe07940000 - 0x00007ffe07ae0000 	C:\WINDOWS\System32\USER32.dll
0x00007ffe05f30000 - 0x00007ffe05f52000 	C:\WINDOWS\System32\win32u.dll
0x00007ffe06cb0000 - 0x00007ffe06cdb000 	C:\WINDOWS\System32\GDI32.dll
0x00007ffe05750000 - 0x00007ffe0585d000 	C:\WINDOWS\System32\gdi32full.dll
0x00007ffe05860000 - 0x00007ffe058fd000 	C:\WINDOWS\System32\msvcp_win.dll
0x00007ffe05cd0000 - 0x00007ffe05dd0000 	C:\WINDOWS\System32\ucrtbase.dll
0x00007ffdeca80000 - 0x00007ffdecd1a000 	C:\WINDOWS\WinSxS\amd64_microsoft.windows.common-controls_6595b64144ccf1df_6.0.19041.1110_none_60b5254171f9507e\COMCTL32.dll
0x00007ffe06c20000 - 0x00007ffe06c50000 	C:\WINDOWS\System32\IMM32.DLL
0x00000000660f0000 - 0x00000000661c2000 	C:\Program Files\Java\jdk1.8.0_211\jre\bin\msvcr100.dll
0x00000000661d0000 - 0x0000000066a75000 	C:\Program Files\Java\jdk1.8.0_211\jre\bin\server\jvm.dll
0x00007ffe06ce0000 - 0x00007ffe06ce8000 	C:\WINDOWS\System32\PSAPI.DLL
0x00007ffdf6dc0000 - 0x00007ffdf6dc9000 	C:\WINDOWS\SYSTEM32\WSOCK32.dll
0x00007ffde75c0000 - 0x00007ffde75e7000 	C:\WINDOWS\SYSTEM32\WINMM.dll
0x00007ffdfe5c0000 - 0x00007ffdfe5ca000 	C:\WINDOWS\SYSTEM32\VERSION.dll
0x00007ffe077d0000 - 0x00007ffe0783b000 	C:\WINDOWS\System32\WS2_32.dll
0x00007ffdfe350000 - 0x00007ffdfe35f000 	C:\Program Files\Java\jdk1.8.0_211\jre\bin\verify.dll
0x00007ffde9d70000 - 0x00007ffde9d99000 	C:\Program Files\Java\jdk1.8.0_211\jre\bin\java.dll
0x00007ffdef520000 - 0x00007ffdef536000 	C:\Program Files\Java\jdk1.8.0_211\jre\bin\zip.dll
0x00007ffe06cf0000 - 0x00007ffe07434000 	C:\WINDOWS\System32\SHELL32.dll
0x00007ffe03450000 - 0x00007ffe03be4000 	C:\WINDOWS\SYSTEM32\windows.storage.dll
0x00007ffe07ae0000 - 0x00007ffe07e35000 	C:\WINDOWS\System32\combase.dll
0x00007ffe05170000 - 0x00007ffe0519e000 	C:\WINDOWS\SYSTEM32\Wldp.dll
0x00007ffe07570000 - 0x00007ffe0761d000 	C:\WINDOWS\System32\SHCORE.dll
0x00007ffe078e0000 - 0x00007ffe07935000 	C:\WINDOWS\System32\shlwapi.dll
0x00007ffe05660000 - 0x00007ffe0567f000 	C:\WINDOWS\SYSTEM32\profapi.dll
0x0000000002500000 - 0x0000000002503000 	C:\Program Files\Java\jdk1.8.0_211\jre\bin\api-ms-win-core-console-l1-1-0.dll
0x0000000002510000 - 0x0000000002513000 	C:\Program Files\Java\jdk1.8.0_211\jre\bin\api-ms-win-core-datetime-l1-1-0.dll
0x0000000002520000 - 0x0000000002523000 	C:\Program Files\Java\jdk1.8.0_211\jre\bin\api-ms-win-core-debug-l1-1-0.dll
0x0000000002530000 - 0x0000000002533000 	C:\Program Files\Java\jdk1.8.0_211\jre\bin\api-ms-win-core-errorhandling-l1-1-0.dll
0x0000000002540000 - 0x0000000002544000 	C:\Program Files\Java\jdk1.8.0_211\jre\bin\api-ms-win-core-file-l1-1-0.dll
0x0000000002550000 - 0x0000000002553000 	C:\Program Files\Java\jdk1.8.0_211\jre\bin\api-ms-win-core-file-l1-2-0.dll
0x0000000002560000 - 0x0000000002563000 	C:\Program Files\Java\jdk1.8.0_211\jre\bin\api-ms-win-core-file-l2-1-0.dll
0x0000000002570000 - 0x0000000002573000 	C:\Program Files\Java\jdk1.8.0_211\jre\bin\api-ms-win-core-handle-l1-1-0.dll
0x0000000002580000 - 0x0000000002583000 	C:\Program Files\Java\jdk1.8.0_211\jre\bin\api-ms-win-core-heap-l1-1-0.dll
0x0000000002590000 - 0x0000000002593000 	C:\Program Files\Java\jdk1.8.0_211\jre\bin\api-ms-win-core-interlocked-l1-1-0.dll
0x000000001ac10000 - 0x000000001ac13000 	C:\Program Files\Java\jdk1.8.0_211\jre\bin\api-ms-win-core-libraryloader-l1-1-0.dll
0x000000001ac20000 - 0x000000001ac23000 	C:\Program Files\Java\jdk1.8.0_211\jre\bin\api-ms-win-core-localization-l1-2-0.dll
0x000000001ac30000 - 0x000000001ac33000 	C:\Program Files\Java\jdk1.8.0_211\jre\bin\api-ms-win-core-memory-l1-1-0.dll
0x000000001ac40000 - 0x000000001ac43000 	C:\Program Files\Java\jdk1.8.0_211\jre\bin\api-ms-win-core-namedpipe-l1-1-0.dll
0x000000001ac50000 - 0x000000001ac53000 	C:\Program Files\Java\jdk1.8.0_211\jre\bin\api-ms-win-core-processenvironment-l1-1-0.dll
0x000000001ac60000 - 0x000000001ac63000 	C:\Program Files\Java\jdk1.8.0_211\jre\bin\api-ms-win-core-processthreads-l1-1-0.dll
0x000000001ac70000 - 0x000000001ac73000 	C:\Program Files\Java\jdk1.8.0_211\jre\bin\api-ms-win-core-processthreads-l1-1-1.dll
0x000000001ac80000 - 0x000000001ac83000 	C:\Program Files\Java\jdk1.8.0_211\jre\bin\api-ms-win-core-profile-l1-1-0.dll
0x000000001ac90000 - 0x000000001ac93000 	C:\Program Files\Java\jdk1.8.0_211\jre\bin\api-ms-win-core-rtlsupport-l1-1-0.dll
0x000000001aca0000 - 0x000000001aca3000 	C:\Program Files\Java\jdk1.8.0_211\jre\bin\api-ms-win-core-string-l1-1-0.dll
0x000000001acb0000 - 0x000000001acb3000 	C:\Program Files\Java\jdk1.8.0_211\jre\bin\api-ms-win-core-synch-l1-1-0.dll
0x000000001acc0000 - 0x000000001acc3000 	C:\Program Files\Java\jdk1.8.0_211\jre\bin\api-ms-win-core-synch-l1-2-0.dll
0x000000001acd0000 - 0x000000001acd3000 	C:\Program Files\Java\jdk1.8.0_211\jre\bin\api-ms-win-core-sysinfo-l1-1-0.dll
0x000000001ace0000 - 0x000000001ace3000 	C:\Program Files\Java\jdk1.8.0_211\jre\bin\api-ms-win-core-timezone-l1-1-0.dll
0x000000001acf0000 - 0x000000001acf3000 	C:\Program Files\Java\jdk1.8.0_211\jre\bin\api-ms-win-core-util-l1-1-0.dll
0x000000001ad00000 - 0x000000001ad03000 	C:\Program Files\Java\jdk1.8.0_211\jre\bin\api-ms-win-crt-conio-l1-1-0.dll
0x000000001ad10000 - 0x000000001ad14000 	C:\Program Files\Java\jdk1.8.0_211\jre\bin\api-ms-win-crt-convert-l1-1-0.dll
0x000000001ad20000 - 0x000000001ad23000 	C:\Program Files\Java\jdk1.8.0_211\jre\bin\api-ms-win-crt-environment-l1-1-0.dll
0x000000001ad30000 - 0x000000001ad33000 	C:\Program Files\Java\jdk1.8.0_211\jre\bin\api-ms-win-crt-filesystem-l1-1-0.dll
0x000000001ad40000 - 0x000000001ad43000 	C:\Program Files\Java\jdk1.8.0_211\jre\bin\api-ms-win-crt-heap-l1-1-0.dll
0x000000001ad50000 - 0x000000001ad53000 	C:\Program Files\Java\jdk1.8.0_211\jre\bin\api-ms-win-crt-locale-l1-1-0.dll
0x000000001ad60000 - 0x000000001ad65000 	C:\Program Files\Java\jdk1.8.0_211\jre\bin\api-ms-win-crt-math-l1-1-0.dll
0x000000001ad70000 - 0x000000001ad75000 	C:\Program Files\Java\jdk1.8.0_211\jre\bin\api-ms-win-crt-multibyte-l1-1-0.dll
0x000000001ad80000 - 0x000000001ad90000 	C:\Program Files\Java\jdk1.8.0_211\jre\bin\api-ms-win-crt-private-l1-1-0.dll
0x000000001ad90000 - 0x000000001ad93000 	C:\Program Files\Java\jdk1.8.0_211\jre\bin\api-ms-win-crt-process-l1-1-0.dll
0x000000001ada0000 - 0x000000001ada4000 	C:\Program Files\Java\jdk1.8.0_211\jre\bin\api-ms-win-crt-runtime-l1-1-0.dll
0x000000001adb0000 - 0x000000001adb4000 	C:\Program Files\Java\jdk1.8.0_211\jre\bin\api-ms-win-crt-stdio-l1-1-0.dll
0x000000001adc0000 - 0x000000001adc4000 	C:\Program Files\Java\jdk1.8.0_211\jre\bin\api-ms-win-crt-string-l1-1-0.dll
0x000000001add0000 - 0x000000001add3000 	C:\Program Files\Java\jdk1.8.0_211\jre\bin\api-ms-win-crt-time-l1-1-0.dll
0x000000001ade0000 - 0x000000001ade3000 	C:\Program Files\Java\jdk1.8.0_211\jre\bin\api-ms-win-crt-utility-l1-1-0.dll
0x00007ffdef330000 - 0x00007ffdef426000 	C:\Program Files\Java\jdk1.8.0_211\jre\bin\ucrtbase.dll
0x00007ffe010a0000 - 0x00007ffe010b6000 	C:\Program Files\Java\jdk1.8.0_211\jre\bin\vcruntime140.dll
0x00007ffdef280000 - 0x00007ffdef32a000 	C:\Program Files\Java\jdk1.8.0_211\jre\bin\msvcp140.dll
0x00007ffdde9a0000 - 0x00007ffdde9f4000 	C:\Program Files\Java\jdk1.8.0_211\jre\bin\concrt140.dll
0x00007ffdebd70000 - 0x00007ffdebd93000 	C:\Program Files\Java\jdk1.8.0_211\jre\bin\prism_d3d.dll
0x00007ffde0900000 - 0x00007ffde0ad0000 	C:\WINDOWS\system32\d3d9.dll
0x00007ffe03fa0000 - 0x00007ffe03fb2000 	C:\WINDOWS\SYSTEM32\kernel.appcore.dll
0x00007ffe02ea0000 - 0x00007ffe02ecf000 	C:\WINDOWS\SYSTEM32\dwmapi.dll
0x00007ffe02d10000 - 0x00007ffe02dae000 	C:\WINDOWS\system32\uxtheme.dll
0x00007ffdb0920000 - 0x00007ffdb0a83000 	C:\WINDOWS\System32\DriverStore\FileRepository\igdlh64.inf_amd64_fb9939a7d714d646\igdumdim64.dll
0x00007ffda0030000 - 0x00007ffda3a34000 	C:\WINDOWS\System32\DriverStore\FileRepository\igdlh64.inf_amd64_fb9939a7d714d646\igd9dxva64.dll
0x00007ffe07440000 - 0x00007ffe0756a000 	C:\WINDOWS\System32\ole32.dll
0x00007ffe076a0000 - 0x00007ffe0776d000 	C:\WINDOWS\System32\OLEAUT32.dll
0x00007ffe065e0000 - 0x00007ffe06a52000 	C:\WINDOWS\System32\SETUPAPI.dll
0x00007ffe05f60000 - 0x00007ffe05fae000 	C:\WINDOWS\System32\cfgmgr32.dll
0x00007ffe05720000 - 0x00007ffe05747000 	C:\WINDOWS\System32\bcrypt.dll
0x00007ffdf2c40000 - 0x00007ffdf2e7f000 	C:\WINDOWS\System32\DriverStore\FileRepository\igdlh64.inf_amd64_fb9939a7d714d646\igdgmm64.dll
0x00007ffddd010000 - 0x00007ffddd059000 	C:\Program Files\Java\jdk1.8.0_211\jre\bin\glass.dll
0x00007ffe07e40000 - 0x00007ffe07f1a000 	C:\WINDOWS\System32\COMDLG32.dll
0x00007ffe06370000 - 0x00007ffe06486000 	C:\WINDOWS\System32\MSCTF.dll
0x00007ffe05c40000 - 0x00007ffe05cc2000 	C:\WINDOWS\System32\bcryptPrimitives.dll
0x00007ffdbf0f0000 - 0x00007ffdbf117000 	C:\WINDOWS\System32\DriverStore\FileRepository\igdlh64.inf_amd64_fb9939a7d714d646\igdinfo64.dll
0x00007ffdeffd0000 - 0x00007ffdf2c32000 	C:\WINDOWS\System32\DriverStore\FileRepository\igdlh64.inf_amd64_fb9939a7d714d646\igc64.dll
0x00007ffdfe540000 - 0x00007ffdfe57b000 	C:\WINDOWS\SYSTEM32\dxcore.dll
0x00007ffdef460000 - 0x00007ffdef474000 	C:\Program Files\Java\jdk1.8.0_211\jre\bin\javafx_font.dll
0x00007ffdef6b0000 - 0x00007ffdef933000 	C:\WINDOWS\SYSTEM32\dwrite.dll
0x00007ffde7620000 - 0x00007ffde763a000 	C:\Program Files\Java\jdk1.8.0_211\jre\bin\net.dll
0x00007ffdfc370000 - 0x00007ffdfc55b000 	C:\WINDOWS\SYSTEM32\urlmon.dll
0x00007ffdf8d20000 - 0x00007ffdf8fd1000 	C:\WINDOWS\SYSTEM32\iertutil.dll
0x00007ffdfd490000 - 0x00007ffdfd4b8000 	C:\WINDOWS\SYSTEM32\srvcli.dll
0x00007ffe04c00000 - 0x00007ffe04c0c000 	C:\WINDOWS\SYSTEM32\netutils.dll
0x00007ffe04ed0000 - 0x00007ffe04f3a000 	C:\WINDOWS\system32\mswsock.dll
0x00007ffe04c10000 - 0x00007ffe04cdb000 	C:\WINDOWS\SYSTEM32\DNSAPI.dll
0x00007ffe04b70000 - 0x00007ffe04bab000 	C:\WINDOWS\SYSTEM32\IPHLPAPI.DLL
0x00007ffe06a60000 - 0x00007ffe06a68000 	C:\WINDOWS\System32\NSI.dll
0x00007ffdf7370000 - 0x00007ffdf737a000 	C:\Windows\System32\rasadhlp.dll
0x00007ffdf7230000 - 0x00007ffdf72af000 	C:\WINDOWS\System32\fwpuclnt.dll
0x00007ffe06070000 - 0x00007ffe06119000 	C:\WINDOWS\System32\clbcatq.dll
0x00007ffdfb5e0000 - 0x00007ffdfb794000 	C:\WINDOWS\SYSTEM32\WindowsCodecs.dll
0x00007ffde6ed0000 - 0x00007ffde6f0e000 	C:\WINDOWS\system32\dataexchange.dll
0x00007ffe02170000 - 0x00007ffe02355000 	C:\WINDOWS\system32\dcomp.dll
0x00007ffe018f0000 - 0x00007ffe01b54000 	C:\WINDOWS\system32\d3d11.dll
0x00007ffe04130000 - 0x00007ffe04224000 	C:\WINDOWS\system32\dxgi.dll
0x00007ffdfb150000 - 0x00007ffdfb351000 	C:\WINDOWS\system32\twinapi.appcore.dll
0x00007ffdb6580000 - 0x00007ffdb65b4000 	C:\Program Files\Common Files\Microsoft Shared\Ink\rtscom.dll
0x00007ffdf9b40000 - 0x00007ffdf9c39000 	C:\WINDOWS\SYSTEM32\textinputframework.dll
0x00007ffe02360000 - 0x00007ffe026be000 	C:\WINDOWS\System32\CoreUIComponents.dll
0x00007ffe02a40000 - 0x00007ffe02b32000 	C:\WINDOWS\System32\CoreMessaging.dll
0x00007ffe04410000 - 0x00007ffe04443000 	C:\WINDOWS\SYSTEM32\ntmarta.dll
0x00007ffe012e0000 - 0x00007ffe01434000 	C:\WINDOWS\SYSTEM32\wintypes.dll

VM Arguments:
jvm_args: -Dfile.encoding=UTF-8 
java_command: test.NewFXMain
java_class_path (initial): C:\Program Files\NetBeans 8.2\ide\modules\ext\mysql-connector-java-5.1.23-bin.jar;C:\Users\ASUS CELERON\Desktop\controlsfx-8.40.11.jar;C:\Users\ASUS CELERON\Desktop\itext-1.3.1.jar;C:\Users\ASUS CELERON\Desktop\TMN\TMN_Pidev\build\classes
Launcher Type: SUN_STANDARD

Environment Variables:
JAVA_HOME=C:\Program Files\Java\jdk1.8.0_211
PATH=C:\oraclexe\app\oracle\product\10.2.0\server\bin;C:\wamp64\bin\php\php7.4.9;C:\Program Files (x86)\Common Files\Intel\Shared Libraries\redist\intel64\compiler;C:\Program Files (x86)\VMware\VMware Workstation\bin\;C:\Program Files\Java\jdk1.8.0_211\bin;C:\Program Files (x86)\Common Files\Oracle\Java\javapath;C:\wamp64\bin\php\php7.3.21;C:\composer;C:\Program Files\Symfony;C:\Program Files (x86)\Git\cmd;C:\Program Files (x86)\Git\mingw32\bin;C:\Program Files (x86)\Git\usr\bin;C:\Users\ASUS CELERON\anaconda3;C:\Users\ASUS CELERON\anaconda3\Library\mingw-w64\bin;C:\Users\ASUS CELERON\anaconda3\Library\usr\bin;C:\Users\ASUS CELERON\anaconda3\Library\bin;C:\Users\ASUS CELERON\anaconda3\Scripts;C:\Users\ASUS CELERON\AppData\Local\Microsoft\WindowsApps;C:\Users\ASUS CELERON\AppData\Local\Programs\Microsoft VS Code\bin;C:\Users\ASUS CELERON\AppData\Local\GitHubDesktop\bin;C:\Users\ASUS CELERON\AppData\Roaming\Composer\vendor\bin;C:\wamp64\bin\php\php7.4.9;
USERNAME=ASUS CELERON
OS=Windows_NT
PROCESSOR_IDENTIFIER=Intel64 Family 6 Model 142 Stepping 10, GenuineIntel



---------------  S Y S T E M  ---------------

OS: Windows 10.0 , 64 bit Build 19041 (10.0.19041.1503)

CPU:total 8 (initial active 8) (4 cores per cpu, 2 threads per core) family 6 model 142 stepping 10, cmov, cx8, fxsr, mmx, sse, sse2, sse3, ssse3, sse4.1, sse4.2, popcnt, avx, avx2, aes, clmul, erms, 3dnowpref, lzcnt, ht, tsc, tscinvbit, bmi1, bmi2, adx

Memory: 4k page, physical 8264684k(1409444k free), swap 10214380k(5656k free)

vm_info: Java HotSpot(TM) 64-Bit Server VM (25.211-b12) for windows-amd64 JRE (1.8.0_211-b12), built on Apr  1 2019 20:53:26 by "java_re" with MS VC++ 10.0 (VS2010)

time: Thu Mar 03 00:02:03 2022
timezone: Afr. centrale Ouest
elapsed time: 1 seconds (0d 0h 0m 1s)

