#
# There is insufficient memory for the Java Runtime Environment to continue.
# Native memory allocation (malloc) failed to allocate 32744 bytes for ChunkPool::allocate
# Possible reasons:
#   The system is out of physical RAM or swap space
#   The process is running with CompressedOops enabled, and the Java Heap may be blocking the growth of the native heap
# Possible solutions:
#   Reduce memory load on the system
#   Increase physical memory or swap space
#   Check if swap backing store is full
#   Decrease Java heap size (-Xmx/-Xms)
#   Decrease number of Java threads
#   Decrease Java thread stack sizes (-Xss)
#   Set larger code cache with -XX:ReservedCodeCacheSize=
#   JVM is running with Unscaled Compressed Oops mode in which the Java heap is
#     placed in the first 4GB address space. The Java Heap base address is the
#     maximum limit for the native heap growth. Please use -XX:HeapBaseMinAddress
#     to set the Java Heap base and to place the Java Heap above 4GB virtual address.
# This output file may be truncated or incomplete.
#
#  Out of Memory Error (allocation.cpp:272), pid=16096, tid=0x0000000000003fb8
#
# JRE version: Java(TM) SE Runtime Environment (8.0_211-b12) (build 1.8.0_211-b12)
# Java VM: Java HotSpot(TM) 64-Bit Server VM (25.211-b12 mixed mode windows-amd64 compressed oops)
# Failed to write core dump. Minidumps are not enabled by default on client versions of Windows
#

---------------  T H R E A D  ---------------

Current thread (0x00000000197fa800):  JavaThread "C2 CompilerThread2" daemon [_thread_in_native, id=16312, stack(0x000000001a2f0000,0x000000001a3f0000)]

Stack: [0x000000001a2f0000,0x000000001a3f0000]
[error occurred during error reporting (printing stack bounds), id 0xc0000005]

Native frames: (J=compiled Java code, j=interpreted, Vv=VM code, C=native code)


Current CompileTask:
C2:   1852 1344       4       com.sun.javafx.css.SimpleSelector::applies (221 bytes)


---------------  P R O C E S S  ---------------

Java Threads: ( => current thread )
  0x000000001aa5a800 JavaThread "Prism Font Disposer" daemon [_thread_blocked, id=2020, stack(0x0000000022490000,0x0000000022590000)]
  0x000000001a856800 JavaThread "Abandoned connection cleanup thread" daemon [_thread_blocked, id=9696, stack(0x0000000020860000,0x0000000020960000)]
  0x000000001a7fa800 JavaThread "Thread-3" daemon [_thread_in_native, id=14036, stack(0x000000001fe60000,0x000000001ff60000)]
  0x000000001a801000 JavaThread "JavaFX-Launcher" [_thread_blocked, id=13064, stack(0x000000001ff60000,0x0000000020060000)]
  0x000000001a76c800 JavaThread "JavaFX Application Thread" [_thread_in_Java, id=15348, stack(0x000000001b510000,0x000000001b610000)]
  0x000000001a76c000 JavaThread "Thread-1" daemon [_thread_blocked, id=8648, stack(0x000000001b410000,0x000000001b510000)]
  0x000000001a734000 JavaThread "QuantumRenderer-0" daemon [_thread_blocked, id=12924, stack(0x000000001b170000,0x000000001b270000)]
  0x0000000019889000 JavaThread "Service Thread" daemon [_thread_blocked, id=12484, stack(0x000000001a4f0000,0x000000001a5f0000)]
  0x0000000019803000 JavaThread "C1 CompilerThread3" daemon [_thread_blocked, id=16324, stack(0x000000001a3f0000,0x000000001a4f0000)]
=>0x00000000197fa800 JavaThread "C2 CompilerThread2" daemon [_thread_in_native, id=16312, stack(0x000000001a2f0000,0x000000001a3f0000)]
  0x00000000197f9800 JavaThread "C2 CompilerThread1" daemon [_thread_in_native, id=13952, stack(0x000000001a1f0000,0x000000001a2f0000)]
  0x00000000197f3000 JavaThread "C2 CompilerThread0" daemon [_thread_in_native, id=604, stack(0x000000001a0f0000,0x000000001a1f0000)]
  0x00000000197f1000 JavaThread "Attach Listener" daemon [_thread_blocked, id=6320, stack(0x0000000019ff0000,0x000000001a0f0000)]
  0x00000000197f0000 JavaThread "Signal Dispatcher" daemon [_thread_blocked, id=10148, stack(0x0000000019ef0000,0x0000000019ff0000)]
  0x00000000179ee000 JavaThread "Finalizer" daemon [_thread_blocked, id=15920, stack(0x0000000019cc0000,0x0000000019dc0000)]
  0x00000000197e0800 JavaThread "Reference Handler" daemon [_thread_blocked, id=1708, stack(0x0000000019bc0000,0x0000000019cc0000)]
  0x0000000002952800 JavaThread "main" [_thread_blocked, id=16140, stack(0x0000000002830000,0x0000000002930000)]

Other Threads:
  0x00000000179ea800 VMThread [stack: 0x00000000196c0000,0x00000000197c0000] [id=10636]
  0x00000000198b2800 WatcherThread [stack: 0x000000001a5f0000,0x000000001a6f0000] [id=14856]

VM state:not at safepoint (normal execution)

VM Mutex/Monitor currently owned by a thread: None

OutOfMemory and StackOverflow Exception counts:
OutOfMemoryError java_heap_errors=2
OutOfMemoryError metaspace_errors=1

heap address: 0x0000000081e00000, size: 2018 MB, Compressed Oops mode: 32-bit
Narrow klass base: 0x0000000000000000, Narrow klass shift: 3
Compressed class space size: 1073741824 Address: 0x0000000100000000

Heap:
 PSYoungGen      total 38400K, used 11895K [0x00000000d5f80000, 0x00000000d9280000, 0x0000000100000000)
  eden space 33280K, 35% used [0x00000000d5f80000,0x00000000d6b1dd50,0x00000000d8000000)
  from space 5120K, 0% used [0x00000000d8500000,0x00000000d8500000,0x00000000d8a00000)
  to   space 5120K, 0% used [0x00000000d8000000,0x00000000d8000000,0x00000000d8500000)
 ParOldGen       total 61952K, used 16216K [0x0000000081e00000, 0x0000000085a80000, 0x00000000d5f80000)
  object space 61952K, 26% used [0x0000000081e00000,0x0000000082dd6180,0x0000000085a80000)
 Metaspace       used 20520K, capacity 21796K, committed 22016K, reserved 1093632K
  class space    used 2955K, capacity 3235K, committed 3328K, reserved 1048576K

Card table byte_map: [0x0000000011e10000,0x0000000012210000] byte_map_base: 0x0000000011a01000

Marking Bits: (ParMarkBitMap*) 0x000000005fac5ce0
 Begin Bits: [0x0000000012cc0000, 0x0000000014c48000)
 End Bits:   [0x0000000014c48000, 0x0000000016bd0000)

Polling page: 0x0000000000fc0000

CodeCache: size=245760Kb used=5188Kb max_used=5188Kb free=240571Kb
 bounds [0x0000000002a50000, 0x0000000002f70000, 0x0000000011a50000]
 total_blobs=2093 nmethods=1415 adapters=589
 compilation: disabled (not enough contiguous free space left)

Compilation events (10 events):
Event: 1.061 Thread 0x0000000019803000 1415       3       javafx.css.ParsedValue::<init> (15 bytes)
Event: 1.061 Thread 0x0000000019803000 nmethod 1415 0x0000000002f5e250 code [0x0000000002f5e3a0, 0x0000000002f5e570]
Event: 1.061 Thread 0x0000000019803000 1416       3       com.sun.javafx.css.PseudoClassState::size (5 bytes)
Event: 1.061 Thread 0x0000000019803000 nmethod 1416 0x0000000002f5e610 code [0x0000000002f5e780, 0x0000000002f5e908]
Event: 1.061 Thread 0x0000000019803000 1418       3       com.sun.javafx.css.StyleManager::getStyleMap (33 bytes)
Event: 1.062 Thread 0x0000000019803000 nmethod 1418 0x0000000002f5e990 code [0x0000000002f5eb20, 0x0000000002f5edf8]
Event: 1.062 Thread 0x0000000019803000 1419   !   3       java.lang.Package::getSystemPackage (63 bytes)
Event: 1.062 Thread 0x0000000019803000 nmethod 1419 0x0000000002f5ef10 code [0x0000000002f5f100, 0x0000000002f5f9d8]
Event: 1.066 Thread 0x0000000019803000 1422       3       javafx.collections.ListChangeBuilder::insertAdd (190 bytes)
Event: 1.067 Thread 0x0000000019803000 


GC Heap History (10 events):
Event: 1.464 GC heap before
{Heap before GC invocations=23 (full 11):
 PSYoungGen      total 38400K, used 0K [0x00000000d5f80000, 0x00000000d9280000, 0x0000000100000000)
  eden space 33280K, 0% used [0x00000000d5f80000,0x00000000d5f80000,0x00000000d8000000)
  from space 5120K, 0% used [0x00000000d8500000,0x00000000d8500000,0x00000000d8a00000)
  to   space 5120K, 0% used [0x00000000d8000000,0x00000000d8000000,0x00000000d8500000)
 ParOldGen       total 61952K, used 16217K [0x0000000081e00000, 0x0000000085a80000, 0x00000000d5f80000)
  object space 61952K, 26% used [0x0000000081e00000,0x0000000082dd66b0,0x0000000085a80000)
 Metaspace       used 19898K, capacity 21026K, committed 21120K, reserved 1093632K
  class space    used 2877K, capacity 3106K, committed 3200K, reserved 1048576K
Event: 1.497 GC heap after
Heap after GC invocations=23 (full 11):
 PSYoungGen      total 38400K, used 0K [0x00000000d5f80000, 0x00000000d9280000, 0x0000000100000000)
  eden space 33280K, 0% used [0x00000000d5f80000,0x00000000d5f80000,0x00000000d8000000)
  from space 5120K, 0% used [0x00000000d8500000,0x00000000d8500000,0x00000000d8a00000)
  to   space 5120K, 0% used [0x00000000d8000000,0x00000000d8000000,0x00000000d8500000)
 ParOldGen       total 61952K, used 16216K [0x0000000081e00000, 0x0000000085a80000, 0x00000000d5f80000)
  object space 61952K, 26% used [0x0000000081e00000,0x0000000082dd6180,0x0000000085a80000)
 Metaspace       used 19898K, capacity 21026K, committed 21120K, reserved 1089536K
  class space    used 2877K, capacity 3106K, committed 3200K, reserved 1048576K
}
Event: 1.497 GC heap before
{Heap before GC invocations=24 (full 11):
 PSYoungGen      total 38400K, used 0K [0x00000000d5f80000, 0x00000000d9280000, 0x0000000100000000)
  eden space 33280K, 0% used [0x00000000d5f80000,0x00000000d5f80000,0x00000000d8000000)
  from space 5120K, 0% used [0x00000000d8500000,0x00000000d8500000,0x00000000d8a00000)
  to   space 5120K, 0% used [0x00000000d8000000,0x00000000d8000000,0x00000000d8500000)
 ParOldGen       total 61952K, used 16216K [0x0000000081e00000, 0x0000000085a80000, 0x00000000d5f80000)
  object space 61952K, 26% used [0x0000000081e00000,0x0000000082dd6180,0x0000000085a80000)
 Metaspace       used 19898K, capacity 21026K, committed 21120K, reserved 1093632K
  class space    used 2877K, capacity 3106K, committed 3200K, reserved 1048576K
Event: 1.498 GC heap after
Heap after GC invocations=24 (full 11):
 PSYoungGen      total 38400K, used 0K [0x00000000d5f80000, 0x00000000d9280000, 0x0000000100000000)
  eden space 33280K, 0% used [0x00000000d5f80000,0x00000000d5f80000,0x00000000d8000000)
  from space 5120K, 0% used [0x00000000d8000000,0x00000000d8000000,0x00000000d8500000)
  to   space 5120K, 0% used [0x00000000d8500000,0x00000000d8500000,0x00000000d8a00000)
 ParOldGen       total 61952K, used 16216K [0x0000000081e00000, 0x0000000085a80000, 0x00000000d5f80000)
  object space 61952K, 26% used [0x0000000081e00000,0x0000000082dd6180,0x0000000085a80000)
 Metaspace       used 19898K, capacity 21026K, committed 21120K, reserved 1093632K
  class space    used 2877K, capacity 3106K, committed 3200K, reserved 1048576K
}
Event: 1.498 GC heap before
{Heap before GC invocations=25 (full 12):
 PSYoungGen      total 38400K, used 0K [0x00000000d5f80000, 0x00000000d9280000, 0x0000000100000000)
  eden space 33280K, 0% used [0x00000000d5f80000,0x00000000d5f80000,0x00000000d8000000)
  from space 5120K, 0% used [0x00000000d8000000,0x00000000d8000000,0x00000000d8500000)
  to   space 5120K, 0% used [0x00000000d8500000,0x00000000d8500000,0x00000000d8a00000)
 ParOldGen       total 61952K, used 16216K [0x0000000081e00000, 0x0000000085a80000, 0x00000000d5f80000)
  object space 61952K, 26% used [0x0000000081e00000,0x0000000082dd6180,0x0000000085a80000)
 Metaspace       used 19898K, capacity 21026K, committed 21120K, reserved 1093632K
  class space    used 2877K, capacity 3106K, committed 3200K, reserved 1048576K
Event: 1.509 GC heap after
Heap after GC invocations=25 (full 12):
 PSYoungGen      total 38400K, used 0K [0x00000000d5f80000, 0x00000000d9280000, 0x0000000100000000)
  eden space 33280K, 0% used [0x00000000d5f80000,0x00000000d5f80000,0x00000000d8000000)
  from space 5120K, 0% used [0x00000000d8000000,0x00000000d8000000,0x00000000d8500000)
  to   space 5120K, 0% used [0x00000000d8500000,0x00000000d8500000,0x00000000d8a00000)
 ParOldGen       total 61952K, used 16216K [0x0000000081e00000, 0x0000000085a80000, 0x00000000d5f80000)
  object space 61952K, 26% used [0x0000000081e00000,0x0000000082dd6180,0x0000000085a80000)
 Metaspace       used 19898K, capacity 21026K, committed 21120K, reserved 1089536K
  class space    used 2877K, capacity 3106K, committed 3200K, reserved 1048576K
}
Event: 1.509 GC heap before
{Heap before GC invocations=26 (full 12):
 PSYoungGen      total 38400K, used 0K [0x00000000d5f80000, 0x00000000d9280000, 0x0000000100000000)
  eden space 33280K, 0% used [0x00000000d5f80000,0x00000000d5f80000,0x00000000d8000000)
  from space 5120K, 0% used [0x00000000d8000000,0x00000000d8000000,0x00000000d8500000)
  to   space 5120K, 0% used [0x00000000d8500000,0x00000000d8500000,0x00000000d8a00000)
 ParOldGen       total 61952K, used 16216K [0x0000000081e00000, 0x0000000085a80000, 0x00000000d5f80000)
  object space 61952K, 26% used [0x0000000081e00000,0x0000000082dd6180,0x0000000085a80000)
 Metaspace       used 19898K, capacity 21026K, committed 21120K, reserved 1093632K
  class space    used 2877K, capacity 3106K, committed 3200K, reserved 1048576K
Event: 1.509 GC heap after
Heap after GC invocations=26 (full 12):
 PSYoungGen      total 38400K, used 0K [0x00000000d5f80000, 0x00000000d9280000, 0x0000000100000000)
  eden space 33280K, 0% used [0x00000000d5f80000,0x00000000d5f80000,0x00000000d8000000)
  from space 5120K, 0% used [0x00000000d8500000,0x00000000d8500000,0x00000000d8a00000)
  to   space 5120K, 0% used [0x00000000d8000000,0x00000000d8000000,0x00000000d8500000)
 ParOldGen       total 61952K, used 16216K [0x0000000081e00000, 0x0000000085a80000, 0x00000000d5f80000)
  object space 61952K, 26% used [0x0000000081e00000,0x0000000082dd6180,0x0000000085a80000)
 Metaspace       used 19898K, capacity 21026K, committed 21120K, reserved 1093632K
  class space    used 2877K, capacity 3106K, committed 3200K, reserved 1048576K
}
Event: 1.509 GC heap before
{Heap before GC invocations=27 (full 13):
 PSYoungGen      total 38400K, used 0K [0x00000000d5f80000, 0x00000000d9280000, 0x0000000100000000)
  eden space 33280K, 0% used [0x00000000d5f80000,0x00000000d5f80000,0x00000000d8000000)
  from space 5120K, 0% used [0x00000000d8500000,0x00000000d8500000,0x00000000d8a00000)
  to   space 5120K, 0% used [0x00000000d8000000,0x00000000d8000000,0x00000000d8500000)
 ParOldGen       total 61952K, used 16216K [0x0000000081e00000, 0x0000000085a80000, 0x00000000d5f80000)
  object space 61952K, 26% used [0x0000000081e00000,0x0000000082dd6180,0x0000000085a80000)
 Metaspace       used 19898K, capacity 21026K, committed 21120K, reserved 1093632K
  class space    used 2877K, capacity 3106K, committed 3200K, reserved 1048576K
Event: 1.520 GC heap after
Heap after GC invocations=27 (full 13):
 PSYoungGen      total 38400K, used 0K [0x00000000d5f80000, 0x00000000d9280000, 0x0000000100000000)
  eden space 33280K, 0% used [0x00000000d5f80000,0x00000000d5f80000,0x00000000d8000000)
  from space 5120K, 0% used [0x00000000d8500000,0x00000000d8500000,0x00000000d8a00000)
  to   space 5120K, 0% used [0x00000000d8000000,0x00000000d8000000,0x00000000d8500000)
 ParOldGen       total 61952K, used 16216K [0x0000000081e00000, 0x0000000085a80000, 0x00000000d5f80000)
  object space 61952K, 26% used [0x0000000081e00000,0x0000000082dd6180,0x0000000085a80000)
 Metaspace       used 19898K, capacity 21026K, committed 21120K, reserved 1089536K
  class space    used 2877K, capacity 3106K, committed 3200K, reserved 1048576K
}

Deoptimization events (10 events):
Event: 0.963 Thread 0x000000001a76c800 Uncommon trap: reason=class_check action=maybe_recompile pc=0x0000000002d42f20 method=java.io.DataInputStream.readShort()S @ 4
Event: 0.963 Thread 0x000000001a76c800 Uncommon trap: reason=class_check action=maybe_recompile pc=0x0000000002d42f20 method=java.io.DataInputStream.readShort()S @ 4
Event: 0.964 Thread 0x000000001a76c800 Uncommon trap: reason=class_check action=maybe_recompile pc=0x0000000002d42f20 method=java.io.DataInputStream.readShort()S @ 4
Event: 0.964 Thread 0x000000001a76c800 Uncommon trap: reason=class_check action=maybe_recompile pc=0x0000000002d42f20 method=java.io.DataInputStream.readShort()S @ 4
Event: 0.967 Thread 0x000000001a76c800 Uncommon trap: reason=class_check action=maybe_recompile pc=0x0000000002bd4aa8 method=java.lang.String.equals(Ljava/lang/Object;)Z @ 8
Event: 0.967 Thread 0x000000001a76c800 Uncommon trap: reason=class_check action=maybe_recompile pc=0x0000000002bd4aa8 method=java.lang.String.equals(Ljava/lang/Object;)Z @ 8
Event: 0.967 Thread 0x000000001a76c800 Uncommon trap: reason=class_check action=maybe_recompile pc=0x0000000002bd4aa8 method=java.lang.String.equals(Ljava/lang/Object;)Z @ 8
Event: 0.977 Thread 0x000000001a76c800 Uncommon trap: reason=class_check action=maybe_recompile pc=0x0000000002bd4aa8 method=java.lang.String.equals(Ljava/lang/Object;)Z @ 8
Event: 1.022 Thread 0x000000001a76c800 Uncommon trap: reason=unstable_if action=reinterpret pc=0x0000000002ebafec method=java.lang.ClassLoader.checkName(Ljava/lang/String;)Z @ 20
Event: 1.076 Thread 0x000000001a76c800 Uncommon trap: reason=unstable_if action=reinterpret pc=0x0000000002edd360 method=javafx.beans.property.ObjectPropertyBase.get()Ljava/lang/Object; @ 9

Classes redefined (0 events):
No events

Internal exceptions (10 events):
Event: 0.714 Thread 0x000000001a76c800 Exception <a 'java/lang/ArrayIndexOutOfBoundsException'> (0x00000000d6d6ba28) thrown at [C:\re\workspace\8-2-build-windows-amd64-cygwin\jdk8u211\12973\hotspot\src\share\vm\runtime\sharedRuntime.cpp, line 605]
Event: 0.714 Thread 0x000000001a76c800 Exception <a 'java/lang/ArrayIndexOutOfBoundsException'> (0x00000000d6d6d938) thrown at [C:\re\workspace\8-2-build-windows-amd64-cygwin\jdk8u211\12973\hotspot\src\share\vm\runtime\sharedRuntime.cpp, line 605]
Event: 0.741 Thread 0x000000001a76c800 Exception <a 'java/io/FileNotFoundException'> (0x00000000d6f416e8) thrown at [C:\re\workspace\8-2-build-windows-amd64-cygwin\jdk8u211\12973\hotspot\src\share\vm\prims\jni.cpp, line 710]
Event: 0.801 Thread 0x000000001a76c800 Exception <a 'java/io/FileNotFoundException'> (0x00000000d75231c8) thrown at [C:\re\workspace\8-2-build-windows-amd64-cygwin\jdk8u211\12973\hotspot\src\share\vm\prims\jni.cpp, line 710]
Event: 0.828 Thread 0x000000001a76c800 Exception <a 'java/io/FileNotFoundException'> (0x00000000d7989ca0) thrown at [C:\re\workspace\8-2-build-windows-amd64-cygwin\jdk8u211\12973\hotspot\src\share\vm\prims\jni.cpp, line 710]
Event: 0.862 Thread 0x000000001a76c800 Implicit null exception at 0x0000000002d80f75 to 0x0000000002d81185
Event: 0.862 Thread 0x000000001a76c800 Implicit null exception at 0x0000000002d9ed98 to 0x0000000002d9ee26
Event: 1.446 Thread 0x000000001a76c800 Exception <a 'java/lang/OutOfMemoryError'> (0x0000000081ee1618) thrown at [C:\re\workspace\8-2-build-windows-amd64-cygwin\jdk8u211\12973\hotspot\src\share\vm\memory\metaspace.cpp, line 3632]
Event: 1.497 Thread 0x000000001a76c800 Exception <a 'java/lang/OutOfMemoryError'> (0x0000000081ee0a28) thrown at [C:\re\workspace\8-2-build-windows-amd64-cygwin\jdk8u211\12973\hotspot\src\share\vm\memory\metaspace.cpp, line 3632]
Event: 1.520 Thread 0x000000001a801000 Exception <a 'java/lang/OutOfMemoryError'> (0x0000000081e12210) thrown at [C:\re\workspace\8-2-build-windows-amd64-cygwin\jdk8u211\12973\hotspot\src\share\vm\memory\metaspace.cpp, line 3632]

Events (10 events):
Event: 1.559 loading class javafx/collections/ListChangeListener$Change
Event: 1.559 loading class javafx/collections/ListChangeListener$Change done
Event: 1.559 loading class com/sun/javafx/scene/control/skin/ButtonBarSkin
Event: 1.559 loading class com/sun/javafx/scene/control/skin/ButtonBarSkin done
Event: 1.641 loading class javafx/scene/Parent$4
Event: 1.641 loading class javafx/scene/Parent$4 done
Event: 1.642 loading class java/text/Bidi
Event: 1.642 loading class java/text/Bidi done
Event: 1.642 loading class sun/text/bidi/BidiBase
Event: 1.642 loading class sun/text/bidi/BidiBase done


Dynamic libraries:
0x00007ff7b9b00000 - 0x00007ff7b9b37000 	C:\Program Files\Java\jdk1.8.0_211\bin\java.exe
0x00007ffa95630000 - 0x00007ffa95825000 	C:\WINDOWS\SYSTEM32\ntdll.dll
0x00007ffa8b7c0000 - 0x00007ffa8b7d6000 	C:\Program Files\AVAST Software\Avast\aswhook.dll
0x00007ffa95530000 - 0x00007ffa955ee000 	C:\WINDOWS\System32\KERNEL32.DLL
0x00007ffa92d40000 - 0x00007ffa93008000 	C:\WINDOWS\System32\KERNELBASE.dll
0x00007ffa951d0000 - 0x00007ffa9527e000 	C:\WINDOWS\System32\ADVAPI32.dll
0x00007ffa95290000 - 0x00007ffa9532e000 	C:\WINDOWS\System32\msvcrt.dll
0x00007ffa94410000 - 0x00007ffa944ac000 	C:\WINDOWS\System32\sechost.dll
0x00007ffa94050000 - 0x00007ffa94175000 	C:\WINDOWS\System32\RPCRT4.dll
0x00007ffa93dd0000 - 0x00007ffa93f70000 	C:\WINDOWS\System32\USER32.dll
0x00007ffa93010000 - 0x00007ffa93032000 	C:\WINDOWS\System32\win32u.dll
0x00007ffa94020000 - 0x00007ffa9404b000 	C:\WINDOWS\System32\GDI32.dll
0x00007ffa931d0000 - 0x00007ffa932dd000 	C:\WINDOWS\System32\gdi32full.dll
0x00007ffa932e0000 - 0x00007ffa9337d000 	C:\WINDOWS\System32\msvcp_win.dll
0x00007ffa930d0000 - 0x00007ffa931d0000 	C:\WINDOWS\System32\ucrtbase.dll
0x00007ffa7be00000 - 0x00007ffa7c09a000 	C:\WINDOWS\WinSxS\amd64_microsoft.windows.common-controls_6595b64144ccf1df_6.0.19041.1110_none_60b5254171f9507e\COMCTL32.dll
0x00007ffa953c0000 - 0x00007ffa953f0000 	C:\WINDOWS\System32\IMM32.DLL
0x000000005f1c0000 - 0x000000005f292000 	C:\Program Files\Java\jdk1.8.0_211\jre\bin\msvcr100.dll
0x000000005f2a0000 - 0x000000005fb45000 	C:\Program Files\Java\jdk1.8.0_211\jre\bin\server\jvm.dll
0x00007ffa951c0000 - 0x00007ffa951c8000 	C:\WINDOWS\System32\PSAPI.DLL
0x00007ffa7d300000 - 0x00007ffa7d309000 	C:\WINDOWS\SYSTEM32\WSOCK32.dll
0x00007ffa83ac0000 - 0x00007ffa83aca000 	C:\WINDOWS\SYSTEM32\VERSION.dll
0x00007ffa94670000 - 0x00007ffa946db000 	C:\WINDOWS\System32\WS2_32.dll
0x00007ffa7ea50000 - 0x00007ffa7ea77000 	C:\WINDOWS\SYSTEM32\WINMM.dll
0x00007ffa8ba80000 - 0x00007ffa8ba8f000 	C:\Program Files\Java\jdk1.8.0_211\jre\bin\verify.dll
0x00007ffa71050000 - 0x00007ffa71079000 	C:\Program Files\Java\jdk1.8.0_211\jre\bin\java.dll
0x00007ffa7fd90000 - 0x00007ffa7fda6000 	C:\Program Files\Java\jdk1.8.0_211\jre\bin\zip.dll
0x00007ffa93680000 - 0x00007ffa93dc4000 	C:\WINDOWS\System32\SHELL32.dll
0x00007ffa90a70000 - 0x00007ffa91204000 	C:\WINDOWS\SYSTEM32\windows.storage.dll
0x00007ffa94d90000 - 0x00007ffa950e5000 	C:\WINDOWS\System32\combase.dll
0x00007ffa92790000 - 0x00007ffa927be000 	C:\WINDOWS\SYSTEM32\Wldp.dll
0x00007ffa94ce0000 - 0x00007ffa94d8d000 	C:\WINDOWS\System32\SHCORE.dll
0x00007ffa95470000 - 0x00007ffa954c5000 	C:\WINDOWS\System32\shlwapi.dll
0x00007ffa92c80000 - 0x00007ffa92c9f000 	C:\WINDOWS\SYSTEM32\profapi.dll
0x000000001aef0000 - 0x000000001aef3000 	C:\Program Files\Java\jdk1.8.0_211\jre\bin\api-ms-win-core-console-l1-1-0.dll
0x000000001af00000 - 0x000000001af03000 	C:\Program Files\Java\jdk1.8.0_211\jre\bin\api-ms-win-core-datetime-l1-1-0.dll
0x000000001af10000 - 0x000000001af13000 	C:\Program Files\Java\jdk1.8.0_211\jre\bin\api-ms-win-core-debug-l1-1-0.dll
0x000000001af20000 - 0x000000001af23000 	C:\Program Files\Java\jdk1.8.0_211\jre\bin\api-ms-win-core-errorhandling-l1-1-0.dll
0x000000001af30000 - 0x000000001af34000 	C:\Program Files\Java\jdk1.8.0_211\jre\bin\api-ms-win-core-file-l1-1-0.dll
0x000000001af40000 - 0x000000001af43000 	C:\Program Files\Java\jdk1.8.0_211\jre\bin\api-ms-win-core-file-l1-2-0.dll
0x000000001af50000 - 0x000000001af53000 	C:\Program Files\Java\jdk1.8.0_211\jre\bin\api-ms-win-core-file-l2-1-0.dll
0x000000001af60000 - 0x000000001af63000 	C:\Program Files\Java\jdk1.8.0_211\jre\bin\api-ms-win-core-handle-l1-1-0.dll
0x000000001af70000 - 0x000000001af73000 	C:\Program Files\Java\jdk1.8.0_211\jre\bin\api-ms-win-core-heap-l1-1-0.dll
0x000000001af80000 - 0x000000001af83000 	C:\Program Files\Java\jdk1.8.0_211\jre\bin\api-ms-win-core-interlocked-l1-1-0.dll
0x000000001af90000 - 0x000000001af93000 	C:\Program Files\Java\jdk1.8.0_211\jre\bin\api-ms-win-core-libraryloader-l1-1-0.dll
0x000000001afa0000 - 0x000000001afa3000 	C:\Program Files\Java\jdk1.8.0_211\jre\bin\api-ms-win-core-localization-l1-2-0.dll
0x000000001afb0000 - 0x000000001afb3000 	C:\Program Files\Java\jdk1.8.0_211\jre\bin\api-ms-win-core-memory-l1-1-0.dll
0x000000001afc0000 - 0x000000001afc3000 	C:\Program Files\Java\jdk1.8.0_211\jre\bin\api-ms-win-core-namedpipe-l1-1-0.dll
0x000000001afd0000 - 0x000000001afd3000 	C:\Program Files\Java\jdk1.8.0_211\jre\bin\api-ms-win-core-processenvironment-l1-1-0.dll
0x000000001afe0000 - 0x000000001afe3000 	C:\Program Files\Java\jdk1.8.0_211\jre\bin\api-ms-win-core-processthreads-l1-1-0.dll
0x000000001aff0000 - 0x000000001aff3000 	C:\Program Files\Java\jdk1.8.0_211\jre\bin\api-ms-win-core-processthreads-l1-1-1.dll
0x000000001b000000 - 0x000000001b003000 	C:\Program Files\Java\jdk1.8.0_211\jre\bin\api-ms-win-core-profile-l1-1-0.dll
0x000000001b010000 - 0x000000001b013000 	C:\Program Files\Java\jdk1.8.0_211\jre\bin\api-ms-win-core-rtlsupport-l1-1-0.dll
0x000000001b020000 - 0x000000001b023000 	C:\Program Files\Java\jdk1.8.0_211\jre\bin\api-ms-win-core-string-l1-1-0.dll
0x000000001b030000 - 0x000000001b033000 	C:\Program Files\Java\jdk1.8.0_211\jre\bin\api-ms-win-core-synch-l1-1-0.dll
0x000000001b040000 - 0x000000001b043000 	C:\Program Files\Java\jdk1.8.0_211\jre\bin\api-ms-win-core-synch-l1-2-0.dll
0x000000001b050000 - 0x000000001b053000 	C:\Program Files\Java\jdk1.8.0_211\jre\bin\api-ms-win-core-sysinfo-l1-1-0.dll
0x000000001b060000 - 0x000000001b063000 	C:\Program Files\Java\jdk1.8.0_211\jre\bin\api-ms-win-core-timezone-l1-1-0.dll
0x000000001b070000 - 0x000000001b073000 	C:\Program Files\Java\jdk1.8.0_211\jre\bin\api-ms-win-core-util-l1-1-0.dll
0x000000001b080000 - 0x000000001b083000 	C:\Program Files\Java\jdk1.8.0_211\jre\bin\api-ms-win-crt-conio-l1-1-0.dll
0x000000001b090000 - 0x000000001b094000 	C:\Program Files\Java\jdk1.8.0_211\jre\bin\api-ms-win-crt-convert-l1-1-0.dll
0x000000001b0a0000 - 0x000000001b0a3000 	C:\Program Files\Java\jdk1.8.0_211\jre\bin\api-ms-win-crt-environment-l1-1-0.dll
0x000000001b0b0000 - 0x000000001b0b3000 	C:\Program Files\Java\jdk1.8.0_211\jre\bin\api-ms-win-crt-filesystem-l1-1-0.dll
0x000000001b0c0000 - 0x000000001b0c3000 	C:\Program Files\Java\jdk1.8.0_211\jre\bin\api-ms-win-crt-heap-l1-1-0.dll
0x000000001b0d0000 - 0x000000001b0d3000 	C:\Program Files\Java\jdk1.8.0_211\jre\bin\api-ms-win-crt-locale-l1-1-0.dll
0x000000001b0e0000 - 0x000000001b0e5000 	C:\Program Files\Java\jdk1.8.0_211\jre\bin\api-ms-win-crt-math-l1-1-0.dll
0x000000001b0f0000 - 0x000000001b0f5000 	C:\Program Files\Java\jdk1.8.0_211\jre\bin\api-ms-win-crt-multibyte-l1-1-0.dll
0x000000001b100000 - 0x000000001b110000 	C:\Program Files\Java\jdk1.8.0_211\jre\bin\api-ms-win-crt-private-l1-1-0.dll
0x000000001b110000 - 0x000000001b113000 	C:\Program Files\Java\jdk1.8.0_211\jre\bin\api-ms-win-crt-process-l1-1-0.dll
0x000000001b120000 - 0x000000001b124000 	C:\Program Files\Java\jdk1.8.0_211\jre\bin\api-ms-win-crt-runtime-l1-1-0.dll
0x000000001b130000 - 0x000000001b134000 	C:\Program Files\Java\jdk1.8.0_211\jre\bin\api-ms-win-crt-stdio-l1-1-0.dll
0x000000001b140000 - 0x000000001b144000 	C:\Program Files\Java\jdk1.8.0_211\jre\bin\api-ms-win-crt-string-l1-1-0.dll
0x000000001b150000 - 0x000000001b153000 	C:\Program Files\Java\jdk1.8.0_211\jre\bin\api-ms-win-crt-time-l1-1-0.dll
0x000000001b160000 - 0x000000001b163000 	C:\Program Files\Java\jdk1.8.0_211\jre\bin\api-ms-win-crt-utility-l1-1-0.dll
0x00007ffa6e840000 - 0x00007ffa6e936000 	C:\Program Files\Java\jdk1.8.0_211\jre\bin\ucrtbase.dll
0x00007ffa81760000 - 0x00007ffa81776000 	C:\Program Files\Java\jdk1.8.0_211\jre\bin\vcruntime140.dll
0x00007ffa5be20000 - 0x00007ffa5beca000 	C:\Program Files\Java\jdk1.8.0_211\jre\bin\msvcp140.dll
0x00007ffa74b60000 - 0x00007ffa74bb4000 	C:\Program Files\Java\jdk1.8.0_211\jre\bin\concrt140.dll
0x00007ffa7b920000 - 0x00007ffa7b943000 	C:\Program Files\Java\jdk1.8.0_211\jre\bin\prism_d3d.dll
0x00007ffa7c8e0000 - 0x00007ffa7cab0000 	C:\WINDOWS\system32\d3d9.dll
0x00007ffa91910000 - 0x00007ffa91922000 	C:\WINDOWS\SYSTEM32\kernel.appcore.dll
0x00007ffa905a0000 - 0x00007ffa905cf000 	C:\WINDOWS\SYSTEM32\dwmapi.dll
0x00007ffa904b0000 - 0x00007ffa9054e000 	C:\WINDOWS\system32\uxtheme.dll
0x00007ffa5b360000 - 0x00007ffa5b4c3000 	C:\WINDOWS\System32\DriverStore\FileRepository\igdlh64.inf_amd64_fb9939a7d714d646\igdumdim64.dll
0x00007ffa1e210000 - 0x00007ffa21c14000 	C:\WINDOWS\System32\DriverStore\FileRepository\igdlh64.inf_amd64_fb9939a7d714d646\igd9dxva64.dll
0x00007ffa94180000 - 0x00007ffa942aa000 	C:\WINDOWS\System32\ole32.dll
0x00007ffa950f0000 - 0x00007ffa951bd000 	C:\WINDOWS\System32\OLEAUT32.dll
0x00007ffa94800000 - 0x00007ffa94c72000 	C:\WINDOWS\System32\SETUPAPI.dll
0x00007ffa93380000 - 0x00007ffa933ce000 	C:\WINDOWS\System32\cfgmgr32.dll
0x00007ffa93650000 - 0x00007ffa93677000 	C:\WINDOWS\System32\bcrypt.dll
0x00007ffa87920000 - 0x00007ffa87b5f000 	C:\WINDOWS\System32\DriverStore\FileRepository\igdlh64.inf_amd64_fb9939a7d714d646\igdgmm64.dll
0x00007ffa71580000 - 0x00007ffa715c9000 	C:\Program Files\Java\jdk1.8.0_211\jre\bin\glass.dll
0x00007ffa942b0000 - 0x00007ffa9438a000 	C:\WINDOWS\System32\COMDLG32.dll
0x00007ffa946e0000 - 0x00007ffa947f6000 	C:\WINDOWS\System32\MSCTF.dll
0x00007ffa93040000 - 0x00007ffa930c2000 	C:\WINDOWS\System32\bcryptPrimitives.dll
0x00007ffa3eda0000 - 0x00007ffa3edc7000 	C:\WINDOWS\System32\DriverStore\FileRepository\igdlh64.inf_amd64_fb9939a7d714d646\igdinfo64.dll
0x00007ffa84cb0000 - 0x00007ffa87912000 	C:\WINDOWS\System32\DriverStore\FileRepository\igdlh64.inf_amd64_fb9939a7d714d646\igc64.dll
0x00007ffa8d030000 - 0x00007ffa8d06b000 	C:\WINDOWS\SYSTEM32\dxcore.dll
0x00007ffa6b7c0000 - 0x00007ffa6b7da000 	C:\Program Files\Java\jdk1.8.0_211\jre\bin\net.dll
0x00007ffa81fc0000 - 0x00007ffa821ab000 	C:\WINDOWS\SYSTEM32\urlmon.dll
0x00007ffa81f60000 - 0x00007ffa81f88000 	C:\WINDOWS\SYSTEM32\srvcli.dll
0x00007ffa822f0000 - 0x00007ffa825a1000 	C:\WINDOWS\SYSTEM32\iertutil.dll
0x00007ffa92340000 - 0x00007ffa9234c000 	C:\WINDOWS\SYSTEM32\netutils.dll
0x00007ffa924f0000 - 0x00007ffa9255a000 	C:\WINDOWS\system32\mswsock.dll
0x00007ffa921d0000 - 0x00007ffa9229b000 	C:\WINDOWS\SYSTEM32\DNSAPI.dll
0x00007ffa92190000 - 0x00007ffa921cb000 	C:\WINDOWS\System32\ADVAPI32.dll
0x00007ffa95280000 - 0x00007ffa95288000 	C:\WINDOWS\System32\msvcp_win.dll
0x00007ffa8c740000 - 0x00007ffa8c74a000 	C:\Program Files\J2\PSAPI.DLL _211\jre\bin\server\jvm.dll
0x00007ffa7d030000 - 0x00007ffa7d0af000 	C:\WINDOWS\SYSTEM32\WINMM.dll
0x00007ffa7fcf0000 - 0x00007ffa7fd04000 	C:\Program Files\Java\jdk1.8.0_211\jre\bin\javafx_font.dll
0x00007ffa81a90000 - 0x00007ffa81d13000 	C:\WINDOWS\System32\RPCRT4.dll
0x00007ffa74b30000 - 0x00007ffa74b5c000 	C:\WINDOWS\WinSxS\amd64_microsoft.windows.common-controls_6595b64144ccf1df_6.0.19041.1110_none_60b5254171f9507e\COMCTL32.dll
0x00007ffa93f70000 - 0x00007ffa94019000 	C:\WINDOWS\SYSTEM32\VERSION.dll
0x00007ffa8d800000 - 0x00007ffa8d9b4000 	C:\Program Files\Java\jdk1.8.0_211\jre\bin\java.dll
0x00007ffa65100000 - 0x00007ffa6513e000 	C:\WINDOWS\System32\msvcrt.dll
0x00007ffa8f0a0000 - 0x00007ffa8f304000 	C:\WINDOWS\System32\ucrtbase.dll
0x00007ffa8f8d0000 - 0x00007ffa8fab5000 	C:\WINDOWS\SYSTEM32\WSOCK32.dll
0x00007ffa91610000 - 0x00007ffa91704000 	C:\Program Files\Java\jdk1.8.0_211\jre\bin\verify.dll
0x00007ffa8d4c0000 - 0x00007ffa8d6c1000 	C:\Program Files\Java\jdk1.8.0_211\bin\java.exe
0x00007ffa7abc0000 - 0x00007ffa7abf4000 	C:\WINDOWS\System32\GDI32.dll
0x00007ffa83cd0000 - 0x00007ffa83dc9000 	C:\Program Files\Java\jdk1.8.0_211\jre\bin\server\jvm.dll
0x00007ffa8eb10000 - 0x00007ffa8ec02000 	C:\WINDOWS\SYSTEM32\WINMM.dll
0x00007ffa8fae0000 - 0x00007ffa8fe3e000 	C:\WINDOWS\System32\CoreUIComponents.dll
0x00007ffa91a30000 - 0x00007ffa91a63000 	C:\WINDOWS\SYSTEM32\ntmarta.dll
0x00007ffa8e9b0000 - 0x00007ffa8eb04000 	C:\WINDOWS\SYSTEM32\wintypes.dll

VM Arguments:
jvm_args: -Dfile.encoding=UTF-8 
java_command: test.NewFXMain
java_class_path (initial): C:\Program Files\NetBeans 8.2\ide\modules\ext\mysql-connector-java-5.1.23-bin.jar;C:\Users\ASUS CELERON\Desktop\controlsfx-8.40.11.jar;C:\Users\ASUS CELERON\Desktop\TMN\TMN_Pidev\build\classes
Launcher Type: SUN_STANDARD

Environment Variables:
JAVA_HOME=C:\Program Files\Java\jdk1.8.0_211
PATH=C:\oraclexe\app\oracle\product\10.2.0\server\bin;C:\wamp64\bin\php\php7.4.9;C:\Program Files (x86)\Common Files\Intel\Shared Libraries\redist\intel64\compiler;C:\Program Files (x86)\VMware\VMware Workstation\bin\;C:\Program Files\Java\jdk1.8.0_211\bin;C:\Program Files (x86)\Common Files\Oracle\Java\javapath;C:\wamp64\bin\php\php7.3.21;C:\composer;C:\Program Files\Symfony;C:\Program Files (x86)\Git\cmd;C:\Program Files (x86)\Git\mingw32\bin;C:\Program Files (x86)\Git\usr\bin;C:\Users\ASUS CELERON\anaconda3;C:\Users\ASUS CELERON\anaconda3\Library\mingw-w64\bin;C:\Users\ASUS CELERON\anaconda3\Library\usr\bin;C:\Users\ASUS CELERON\anaconda3\Library\bin;C:\Users\ASUS CELERON\anaconda3\Scripts;C:\Users\ASUS CELERON\AppData\Local\Microsoft\WindowsApps;C:\Users\ASUS CELERON\AppData\Local\Programs\Microsoft VS Code\bin;C:\Users\ASUS CELERON\AppData\Local\GitHubDesktop\bin;C:\Users\ASUS CELERON\AppData\Roaming\Composer\vendor\bin;C:\wamp64\bin\php\php7.4.9;
USERNAME=ASUS CELERON
OS=Windows_NT
PROCESSOR_IDENTIFIER=Intel64 Family 6 Model 142 Stepping 10, GenuineIntel



---------------  S Y S T E M  ---------------

OS: Windows 10.0 , 64 bit Build 19041 (10.0.19041.1503)

CPU:total 8 (initial active 8) (4 cores per cpu, 2 threads per core) family 6 model 142 stepping 10, cmov, cx8, fxsr, mmx, sse, sse2, sse3, ssse3, sse4.1, sse4.2, popcnt, avx, avx2, aes, clmul, erms, 3dnowpref, lzcnt, ht, tsc, tscinvbit, bmi1, bmi2, adx

Memory: 4k page, physical 8264684k(1372792k free), swap 10214380k(212k free)

vm_info: Java HotSpot(TM) 64-Bit Server VM (25.211-b12) for windows-amd64 JRE (1.8.0_211-b12), built on Apr  1 2019 20:53:26 by "java_re" with MS VC++ 10.0 (VS2010)

time: Thu Mar 03 17:10:26 2022
timezone: Afr. centrale Ouest
elapsed time: 1 seconds (0d 0h 0m 1s)

