#
# There is insufficient memory for the Java Runtime Environment to continue.
# Native memory allocation (malloc) failed to allocate 200816 bytes for Chunk::new
# Possible reasons:
#   The system is out of physical RAM or swap space
#   The process is running with CompressedOops enabled, and the Java Heap may be blocking the growth of the native heap
# Possible solutions:
#   Reduce memory load on the system
#   Increase physical memory or swap space
#   Check if swap backing store is full
#   Decrease Java heap size (-Xmx/-Xms)
#   Decrease number of Java threads
#   Decrease Java thread stack sizes (-Xss)
#   Set larger code cache with -XX:ReservedCodeCacheSize=
#   JVM is running with Unscaled Compressed Oops mode in which the Java heap is
#     placed in the first 4GB address space. The Java Heap base address is the
#     maximum limit for the native heap growth. Please use -XX:HeapBaseMinAddress
#     to set the Java Heap base and to place the Java Heap above 4GB virtual address.
# This output file may be truncated or incomplete.
#
#  Out of Memory Error (allocation.cpp:389), pid=13708, tid=0x00000000000030dc
#
# JRE version: Java(TM) SE Runtime Environment (8.0_211-b12) (build 1.8.0_211-b12)
# Java VM: Java HotSpot(TM) 64-Bit Server VM (25.211-b12 mixed mode windows-amd64 compressed oops)
# Failed to write core dump. Minidumps are not enabled by default on client versions of Windows
#

---------------  T H R E A D  ---------------

Current thread (0x0000000019aa6800):  JavaThread "C2 CompilerThread1" daemon [_thread_in_native, id=12508, stack(0x000000001a4a0000,0x000000001a5a0000)]

Stack: [0x000000001a4a0000,0x000000001a5a0000]
[error occurred during error reporting (printing stack bounds), id 0xc0000005]

Native frames: (J=compiled Java code, j=interpreted, Vv=VM code, C=native code)


Current CompileTask:
C2:    736  813   !   4       sun.misc.URLClassPath$JarLoader::getResource (85 bytes)


---------------  P R O C E S S  ---------------

Java Threads: ( => current thread )
  0x000000001ab15000 JavaThread "Abandoned connection cleanup thread" daemon [_thread_blocked, id=10328, stack(0x000000001fe60000,0x000000001ff60000)]
  0x000000001aa8e000 JavaThread "Thread-3" daemon [_thread_in_native, id=15976, stack(0x000000001fc60000,0x000000001fd60000)]
  0x000000001aa9e000 JavaThread "JavaFX-Launcher" [_thread_blocked, id=13088, stack(0x000000001fd60000,0x000000001fe60000)]
  0x000000001aa6f000 JavaThread "JavaFX Application Thread" [_thread_in_native, id=11152, stack(0x000000001b720000,0x000000001b820000)]
  0x000000001aa4e000 JavaThread "Thread-1" daemon [_thread_blocked, id=12600, stack(0x000000001b620000,0x000000001b720000)]
  0x000000001aa1c800 JavaThread "QuantumRenderer-0" daemon [_thread_blocked, id=13352, stack(0x000000001b370000,0x000000001b470000)]
  0x0000000019b39000 JavaThread "Service Thread" daemon [_thread_blocked, id=10064, stack(0x000000001a7a0000,0x000000001a8a0000)]
  0x0000000019aab800 JavaThread "C1 CompilerThread3" daemon [_thread_blocked, id=6896, stack(0x000000001a6a0000,0x000000001a7a0000)]
  0x0000000019aa7800 JavaThread "C2 CompilerThread2" daemon [_thread_blocked, id=1592, stack(0x000000001a5a0000,0x000000001a6a0000)]
=>0x0000000019aa6800 JavaThread "C2 CompilerThread1" daemon [_thread_in_native, id=12508, stack(0x000000001a4a0000,0x000000001a5a0000)]
  0x0000000019aa2000 JavaThread "C2 CompilerThread0" daemon [_thread_blocked, id=3956, stack(0x000000001a3a0000,0x000000001a4a0000)]
  0x0000000019a9f000 JavaThread "Attach Listener" daemon [_thread_blocked, id=12604, stack(0x000000001a2a0000,0x000000001a3a0000)]
  0x0000000019a9e000 JavaThread "Signal Dispatcher" daemon [_thread_blocked, id=14136, stack(0x000000001a1a0000,0x000000001a2a0000)]
  0x0000000002d27800 JavaThread "Finalizer" daemon [_thread_blocked, id=440, stack(0x0000000019f70000,0x000000001a070000)]
  0x0000000019a90800 JavaThread "Reference Handler" daemon [_thread_blocked, id=10252, stack(0x0000000019e70000,0x0000000019f70000)]
  0x0000000002c32800 JavaThread "main" [_thread_blocked, id=9356, stack(0x0000000002a30000,0x0000000002b30000)]

Other Threads:
  0x0000000017c99800 VMThread [stack: 0x0000000019970000,0x0000000019a70000] [id=2028]
  0x0000000019b4a000 WatcherThread [stack: 0x000000001a8a0000,0x000000001a9a0000] [id=11856]

VM state:not at safepoint (normal execution)

VM Mutex/Monitor currently owned by a thread: None

heap address: 0x0000000081e00000, size: 2018 MB, Compressed Oops mode: 32-bit
Narrow klass base: 0x0000000000000000, Narrow klass shift: 3
Compressed class space size: 1073741824 Address: 0x0000000100000000

Heap:
 PSYoungGen      total 38400K, used 24918K [0x00000000d5f80000, 0x00000000d8a00000, 0x0000000100000000)
  eden space 33280K, 74% used [0x00000000d5f80000,0x00000000d77d59d8,0x00000000d8000000)
  from space 5120K, 0% used [0x00000000d8500000,0x00000000d8500000,0x00000000d8a00000)
  to   space 5120K, 0% used [0x00000000d8000000,0x00000000d8000000,0x00000000d8500000)
 ParOldGen       total 87552K, used 0K [0x0000000081e00000, 0x0000000087380000, 0x00000000d5f80000)
  object space 87552K, 0% used [0x0000000081e00000,0x0000000081e00000,0x0000000087380000)
 Metaspace       used 13637K, capacity 14054K, committed 14464K, reserved 1071104K
  class space    used 1717K, capacity 1862K, committed 1920K, reserved 1048576K

Card table byte_map: [0x00000000120f0000,0x00000000124f0000] byte_map_base: 0x0000000011ce1000

Marking Bits: (ParMarkBitMap*) 0x000000005ba25ce0
 Begin Bits: [0x0000000012fa0000, 0x0000000014f28000)
 End Bits:   [0x0000000014f28000, 0x0000000016eb0000)

Polling page: 0x00000000029f0000

CodeCache: size=245760Kb used=3063Kb max_used=3063Kb free=242696Kb
 bounds [0x0000000002d30000, 0x0000000003040000, 0x0000000011d30000]
 total_blobs=1322 nmethods=819 adapters=416
 compilation: enabled

Compilation events (10 events):
Event: 0.696 Thread 0x0000000019aa2000 nmethod 810 0x000000000302d390 code [0x000000000302d560, 0x000000000302e060]
Event: 0.696 Thread 0x0000000019aab800 nmethod 817 0x00000000030287d0 code [0x0000000003028a40, 0x0000000003029ac8]
Event: 0.696 Thread 0x0000000019aab800  818       3       com.sun.javafx.fxml.BeanAdapter$MethodCache::access$100 (7 bytes)
Event: 0.696 Thread 0x0000000019aab800 nmethod 818 0x0000000003028410 code [0x0000000003028580, 0x00000000030286e8]
Event: 0.696 Thread 0x0000000019aab800  816       1       java.util.LinkedList::size (5 bytes)
Event: 0.696 Thread 0x0000000019aab800 nmethod 816 0x0000000003028150 code [0x00000000030282a0, 0x00000000030283b0]
Event: 0.697 Thread 0x0000000019aab800  819 %     3       java.util.Properties$LineReader::readLine @ 21 (468 bytes)
Event: 0.698 Thread 0x0000000019aab800 nmethod 819% 0x000000000302e750 code [0x000000000302ea00, 0x0000000003030528]
Event: 0.698 Thread 0x0000000019aab800  820       1       java.util.logging.LogManager$LoggerContext::getOwner (5 bytes)
Event: 0.698 Thread 0x0000000019aab800 nmethod 820 0x0000000003027e90 code [0x0000000003027fe0, 0x00000000030280f0]

GC Heap History (0 events):
No events

Deoptimization events (10 events):
Event: 0.320 Thread 0x000000001aa6f000 Uncommon trap: reason=unstable_if action=reinterpret pc=0x0000000002ee17cc method=java.lang.String.replace(CC)Ljava/lang/String; @ 26
Event: 0.350 Thread 0x000000001aa6f000 Uncommon trap: reason=unstable_if action=reinterpret pc=0x0000000002f11644 method=java.lang.String.indexOf([CII[CIII)I @ 134
Event: 0.354 Thread 0x000000001aa6f000 Uncommon trap: reason=unstable_if action=reinterpret pc=0x0000000002f3407c method=java.lang.AbstractStringBuilder.append(Ljava/lang/String;)Ljava/lang/AbstractStringBuilder; @ 1
Event: 0.458 Thread 0x000000001aa6f000 Uncommon trap: reason=unstable_if action=reinterpret pc=0x0000000002f6198c method=java.util.Properties$LineReader.readLine()I @ 252
Event: 0.458 Thread 0x000000001aa6f000 Uncommon trap: reason=unstable_if action=reinterpret pc=0x0000000002f62af0 method=java.util.Properties.loadConvert([CII[C)Ljava/lang/String; @ 4
Event: 0.469 Thread 0x000000001aa6f000 Uncommon trap: reason=unstable_if action=reinterpret pc=0x0000000002f9bc10 method=java.util.Properties$LineReader.readLine()I @ 377
Event: 0.632 Thread 0x000000001aa6f000 Uncommon trap: reason=unstable_if action=reinterpret pc=0x0000000002fe2da0 method=java.util.HashMap.getNode(ILjava/lang/Object;)Ljava/util/HashMap$Node; @ 84
Event: 0.633 Thread 0x000000001aa6f000 Uncommon trap: reason=unstable_if action=reinterpret pc=0x0000000002fccb08 method=java.util.HashMap.getNode(ILjava/lang/Object;)Ljava/util/HashMap$Node; @ 84
Event: 0.685 Thread 0x000000001aa6f000 Uncommon trap: reason=unstable_if action=reinterpret pc=0x0000000002eeebe8 method=java.lang.String.startsWith(Ljava/lang/String;I)Z @ 25
Event: 0.698 Thread 0x000000001aa6f000 Uncommon trap: reason=unstable_if action=reinterpret pc=0x00000000030067f8 method=java.lang.String.indexOf([CII[CIII)I @ 3

Classes redefined (0 events):
No events

Internal exceptions (10 events):
Event: 0.558 Thread 0x000000001aa6f000 Exception <a 'java/lang/NullPointerException'> (0x00000000d6f5c078) thrown at [C:\re\workspace\8-2-build-windows-amd64-cygwin\jdk8u211\12973\hotspot\src\share\vm\interpreter\linkResolver.cpp, line 1185]
Event: 0.558 Thread 0x000000001aa6f000 Exception <a 'java/lang/reflect/InvocationTargetException'> (0x00000000d6f5faf0) thrown at [C:\re\workspace\8-2-build-windows-amd64-cygwin\jdk8u211\12973\hotspot\src\share\vm\runtime\reflection.cpp, line 1092]
Event: 0.577 Thread 0x000000001aa6f000 Exception <a 'java/lang/NullPointerException'> (0x00000000d70b69f0) thrown at [C:\re\workspace\8-2-build-windows-amd64-cygwin\jdk8u211\12973\hotspot\src\share\vm\interpreter\linkResolver.cpp, line 1185]
Event: 0.577 Thread 0x000000001aa6f000 Exception <a 'java/lang/NullPointerException'> (0x00000000d70b69f0) thrown at [C:\re\workspace\8-2-build-windows-amd64-cygwin\jdk8u211\12973\hotspot\src\share\vm\prims\jvm.cpp, line 1506]
Event: 0.653 Thread 0x000000001aa6f000 Exception <a 'java/lang/ArrayIndexOutOfBoundsException': 58> (0x00000000d7579450) thrown at [C:\re\workspace\8-2-build-windows-amd64-cygwin\jdk8u211\12973\hotspot\src\share\vm\interpreter\interpreterRuntime.cpp, line 368]
Event: 0.653 Thread 0x000000001aa6f000 Exception <a 'java/lang/ArrayIndexOutOfBoundsException': 18> (0x00000000d757a2d8) thrown at [C:\re\workspace\8-2-build-windows-amd64-cygwin\jdk8u211\12973\hotspot\src\share\vm\interpreter\interpreterRuntime.cpp, line 368]
Event: 0.654 Thread 0x000000001aa6f000 Exception <a 'java/lang/ArrayIndexOutOfBoundsException': 86> (0x00000000d757b680) thrown at [C:\re\workspace\8-2-build-windows-amd64-cygwin\jdk8u211\12973\hotspot\src\share\vm\interpreter\interpreterRuntime.cpp, line 368]
Event: 0.676 Thread 0x000000001aa6f000 Exception <a 'java/io/FileNotFoundException'> (0x00000000d7664e88) thrown at [C:\re\workspace\8-2-build-windows-amd64-cygwin\jdk8u211\12973\hotspot\src\share\vm\prims\jni.cpp, line 710]
Event: 0.694 Thread 0x000000001aa6f000 Exception <a 'java/lang/ArrayIndexOutOfBoundsException'> (0x00000000d770acb0) thrown at [C:\re\workspace\8-2-build-windows-amd64-cygwin\jdk8u211\12973\hotspot\src\share\vm\runtime\sharedRuntime.cpp, line 605]
Event: 0.695 Thread 0x000000001aa6f000 Exception <a 'java/lang/NullPointerException'> (0x00000000d7710730) thrown at [C:\re\workspace\8-2-build-windows-amd64-cygwin\jdk8u211\12973\hotspot\src\share\vm\interpreter\linkResolver.cpp, line 1287]

Events (10 events):
Event: 0.698 loading class java/util/logging/StreamHandler done
Event: 0.698 loading class java/util/logging/ConsoleHandler done
Event: 0.698 loading class java/util/logging/ErrorManager
Event: 0.699 loading class java/util/logging/ErrorManager done
Event: 0.699 loading class java/util/logging/SimpleFormatter
Event: 0.699 Executing VM operation: CollectForMetadataAllocation
Event: 0.699 Executing VM operation: CollectForMetadataAllocation done
Event: 0.699 loading class java/util/logging/Formatter
Event: 0.699 loading class java/util/logging/Formatter done
Event: 0.699 loading class java/util/logging/SimpleFormatter done


Dynamic libraries:
0x00007ff6c4100000 - 0x00007ff6c4137000 	C:\Program Files\Java\jdk1.8.0_211\bin\java.exe
0x00007ffe52510000 - 0x00007ffe52705000 	C:\WINDOWS\SYSTEM32\ntdll.dll
0x00007ffe46080000 - 0x00007ffe46096000 	C:\Program Files\AVAST Software\Avast\aswhook.dll
0x00007ffe52260000 - 0x00007ffe5231e000 	C:\WINDOWS\System32\KERNEL32.DLL
0x00007ffe4fe40000 - 0x00007ffe50108000 	C:\WINDOWS\System32\KERNELBASE.dll
0x00007ffe51f50000 - 0x00007ffe51ffe000 	C:\WINDOWS\System32\ADVAPI32.dll
0x00007ffe52320000 - 0x00007ffe523be000 	C:\WINDOWS\System32\msvcrt.dll
0x00007ffe52430000 - 0x00007ffe524cc000 	C:\WINDOWS\System32\sechost.dll
0x00007ffe516d0000 - 0x00007ffe517f5000 	C:\WINDOWS\System32\RPCRT4.dll
0x00007ffe52000000 - 0x00007ffe521a0000 	C:\WINDOWS\System32\USER32.dll
0x00007ffe502d0000 - 0x00007ffe502f2000 	C:\WINDOWS\System32\win32u.dll
0x00007ffe52230000 - 0x00007ffe5225b000 	C:\WINDOWS\System32\GDI32.dll
0x00007ffe501c0000 - 0x00007ffe502cd000 	C:\WINDOWS\System32\gdi32full.dll
0x00007ffe4fd70000 - 0x00007ffe4fe0d000 	C:\WINDOWS\System32\msvcp_win.dll
0x00007ffe4fc70000 - 0x00007ffe4fd70000 	C:\WINDOWS\System32\ucrtbase.dll
0x00007ffe36330000 - 0x00007ffe365ca000 	C:\WINDOWS\WinSxS\amd64_microsoft.windows.common-controls_6595b64144ccf1df_6.0.19041.1110_none_60b5254171f9507e\COMCTL32.dll
0x00007ffe50e50000 - 0x00007ffe50e80000 	C:\WINDOWS\System32\IMM32.DLL
0x000000005bc20000 - 0x000000005bcf2000 	C:\Program Files\Java\jdk1.8.0_211\jre\bin\msvcr100.dll
0x000000005b200000 - 0x000000005baa5000 	C:\Program Files\Java\jdk1.8.0_211\jre\bin\server\jvm.dll
0x00007ffe511e0000 - 0x00007ffe511e8000 	C:\WINDOWS\System32\PSAPI.DLL
0x00007ffe36780000 - 0x00007ffe367a7000 	C:\WINDOWS\SYSTEM32\WINMM.dll
0x00007ffe49400000 - 0x00007ffe4940a000 	C:\WINDOWS\SYSTEM32\VERSION.dll
0x00007ffe38810000 - 0x00007ffe38819000 	C:\WINDOWS\SYSTEM32\WSOCK32.dll
0x00007ffe51d30000 - 0x00007ffe51d9b000 	C:\WINDOWS\System32\WS2_32.dll
0x00007ffe4b2d0000 - 0x00007ffe4b2df000 	C:\Program Files\Java\jdk1.8.0_211\jre\bin\verify.dll
0x00007ffe486c0000 - 0x00007ffe486e9000 	C:\Program Files\Java\jdk1.8.0_211\jre\bin\java.dll
0x00007ffe48650000 - 0x00007ffe48666000 	C:\Program Files\Java\jdk1.8.0_211\jre\bin\zip.dll
0x00007ffe50700000 - 0x00007ffe50e44000 	C:\WINDOWS\System32\SHELL32.dll
0x00007ffe4dd10000 - 0x00007ffe4e4a4000 	C:\WINDOWS\SYSTEM32\windows.storage.dll
0x00007ffe50e80000 - 0x00007ffe511d5000 	C:\WINDOWS\System32\combase.dll
0x00007ffe4f670000 - 0x00007ffe4f69e000 	C:\WINDOWS\SYSTEM32\Wldp.dll
0x00007ffe515c0000 - 0x00007ffe5166d000 	C:\WINDOWS\System32\SHCORE.dll
0x00007ffe50640000 - 0x00007ffe50695000 	C:\WINDOWS\System32\shlwapi.dll
0x00007ffe4fb60000 - 0x00007ffe4fb7f000 	C:\WINDOWS\SYSTEM32\profapi.dll
0x0000000002b70000 - 0x0000000002b73000 	C:\Program Files\Java\jdk1.8.0_211\jre\bin\api-ms-win-core-console-l1-1-0.dll
0x0000000002b80000 - 0x0000000002b83000 	C:\Program Files\Java\jdk1.8.0_211\jre\bin\api-ms-win-core-datetime-l1-1-0.dll
0x0000000002b90000 - 0x0000000002b93000 	C:\Program Files\Java\jdk1.8.0_211\jre\bin\api-ms-win-core-debug-l1-1-0.dll
0x0000000002ba0000 - 0x0000000002ba3000 	C:\Program Files\Java\jdk1.8.0_211\jre\bin\api-ms-win-core-errorhandling-l1-1-0.dll
0x0000000002bb0000 - 0x0000000002bb4000 	C:\Program Files\Java\jdk1.8.0_211\jre\bin\api-ms-win-core-file-l1-1-0.dll
0x0000000002bc0000 - 0x0000000002bc3000 	C:\Program Files\Java\jdk1.8.0_211\jre\bin\api-ms-win-core-file-l1-2-0.dll
0x0000000002bd0000 - 0x0000000002bd3000 	C:\Program Files\Java\jdk1.8.0_211\jre\bin\api-ms-win-core-file-l2-1-0.dll
0x0000000002be0000 - 0x0000000002be3000 	C:\Program Files\Java\jdk1.8.0_211\jre\bin\api-ms-win-core-handle-l1-1-0.dll
0x0000000002bf0000 - 0x0000000002bf3000 	C:\Program Files\Java\jdk1.8.0_211\jre\bin\api-ms-win-core-heap-l1-1-0.dll
0x0000000002c00000 - 0x0000000002c03000 	C:\Program Files\Java\jdk1.8.0_211\jre\bin\api-ms-win-core-interlocked-l1-1-0.dll
0x0000000002c10000 - 0x0000000002c13000 	C:\Program Files\Java\jdk1.8.0_211\jre\bin\api-ms-win-core-libraryloader-l1-1-0.dll
0x000000001b1a0000 - 0x000000001b1a3000 	C:\Program Files\Java\jdk1.8.0_211\jre\bin\api-ms-win-core-localization-l1-2-0.dll
0x000000001b1b0000 - 0x000000001b1b3000 	C:\Program Files\Java\jdk1.8.0_211\jre\bin\api-ms-win-core-memory-l1-1-0.dll
0x000000001b1c0000 - 0x000000001b1c3000 	C:\Program Files\Java\jdk1.8.0_211\jre\bin\api-ms-win-core-namedpipe-l1-1-0.dll
0x000000001b1d0000 - 0x000000001b1d3000 	C:\Program Files\Java\jdk1.8.0_211\jre\bin\api-ms-win-core-processenvironment-l1-1-0.dll
0x000000001b1e0000 - 0x000000001b1e3000 	C:\Program Files\Java\jdk1.8.0_211\jre\bin\api-ms-win-core-processthreads-l1-1-0.dll
0x000000001b1f0000 - 0x000000001b1f3000 	C:\Program Files\Java\jdk1.8.0_211\jre\bin\api-ms-win-core-processthreads-l1-1-1.dll
0x000000001b200000 - 0x000000001b203000 	C:\Program Files\Java\jdk1.8.0_211\jre\bin\api-ms-win-core-profile-l1-1-0.dll
0x000000001b210000 - 0x000000001b213000 	C:\Program Files\Java\jdk1.8.0_211\jre\bin\api-ms-win-core-rtlsupport-l1-1-0.dll
0x000000001b220000 - 0x000000001b223000 	C:\Program Files\Java\jdk1.8.0_211\jre\bin\api-ms-win-core-string-l1-1-0.dll
0x000000001b230000 - 0x000000001b233000 	C:\Program Files\Java\jdk1.8.0_211\jre\bin\api-ms-win-core-synch-l1-1-0.dll
0x000000001b240000 - 0x000000001b243000 	C:\Program Files\Java\jdk1.8.0_211\jre\bin\api-ms-win-core-synch-l1-2-0.dll
0x000000001b250000 - 0x000000001b253000 	C:\Program Files\Java\jdk1.8.0_211\jre\bin\api-ms-win-core-sysinfo-l1-1-0.dll
0x000000001b260000 - 0x000000001b263000 	C:\Program Files\Java\jdk1.8.0_211\jre\bin\api-ms-win-core-timezone-l1-1-0.dll
0x000000001b270000 - 0x000000001b273000 	C:\Program Files\Java\jdk1.8.0_211\jre\bin\api-ms-win-core-util-l1-1-0.dll
0x000000001b280000 - 0x000000001b283000 	C:\Program Files\Java\jdk1.8.0_211\jre\bin\api-ms-win-crt-conio-l1-1-0.dll
0x000000001b290000 - 0x000000001b294000 	C:\Program Files\Java\jdk1.8.0_211\jre\bin\api-ms-win-crt-convert-l1-1-0.dll
0x000000001b2a0000 - 0x000000001b2a3000 	C:\Program Files\Java\jdk1.8.0_211\jre\bin\api-ms-win-crt-environment-l1-1-0.dll
0x000000001b2b0000 - 0x000000001b2b3000 	C:\Program Files\Java\jdk1.8.0_211\jre\bin\api-ms-win-crt-filesystem-l1-1-0.dll
0x000000001b2c0000 - 0x000000001b2c3000 	C:\Program Files\Java\jdk1.8.0_211\jre\bin\api-ms-win-crt-heap-l1-1-0.dll
0x000000001b2d0000 - 0x000000001b2d3000 	C:\Program Files\Java\jdk1.8.0_211\jre\bin\api-ms-win-crt-locale-l1-1-0.dll
0x000000001b2e0000 - 0x000000001b2e5000 	C:\Program Files\Java\jdk1.8.0_211\jre\bin\api-ms-win-crt-math-l1-1-0.dll
0x000000001b2f0000 - 0x000000001b2f5000 	C:\Program Files\Java\jdk1.8.0_211\jre\bin\api-ms-win-crt-multibyte-l1-1-0.dll
0x000000001b300000 - 0x000000001b310000 	C:\Program Files\Java\jdk1.8.0_211\jre\bin\api-ms-win-crt-private-l1-1-0.dll
0x000000001b310000 - 0x000000001b313000 	C:\Program Files\Java\jdk1.8.0_211\jre\bin\api-ms-win-crt-process-l1-1-0.dll
0x000000001b320000 - 0x000000001b324000 	C:\Program Files\Java\jdk1.8.0_211\jre\bin\api-ms-win-crt-runtime-l1-1-0.dll
0x000000001b330000 - 0x000000001b334000 	C:\Program Files\Java\jdk1.8.0_211\jre\bin\api-ms-win-crt-stdio-l1-1-0.dll
0x000000001b340000 - 0x000000001b344000 	C:\Program Files\Java\jdk1.8.0_211\jre\bin\api-ms-win-crt-string-l1-1-0.dll
0x000000001b350000 - 0x000000001b353000 	C:\Program Files\Java\jdk1.8.0_211\jre\bin\api-ms-win-crt-time-l1-1-0.dll
0x000000001b360000 - 0x000000001b363000 	C:\Program Files\Java\jdk1.8.0_211\jre\bin\api-ms-win-crt-utility-l1-1-0.dll
0x00007ffe17ac0000 - 0x00007ffe17bb6000 	C:\Program Files\Java\jdk1.8.0_211\jre\bin\ucrtbase.dll
0x00007ffe36830000 - 0x00007ffe36846000 	C:\Program Files\Java\jdk1.8.0_211\jre\bin\vcruntime140.dll
0x00007ffe17720000 - 0x00007ffe177ca000 	C:\Program Files\Java\jdk1.8.0_211\jre\bin\msvcp140.dll
0x00007ffe232b0000 - 0x00007ffe23304000 	C:\Program Files\Java\jdk1.8.0_211\jre\bin\concrt140.dll
0x00007ffe260f0000 - 0x00007ffe26113000 	C:\Program Files\Java\jdk1.8.0_211\jre\bin\prism_d3d.dll
0x00007ffe3f710000 - 0x00007ffe3f8e0000 	C:\WINDOWS\system32\d3d9.dll
0x00007ffe4dcf0000 - 0x00007ffe4dd02000 	C:\WINDOWS\SYSTEM32\kernel.appcore.dll
0x00007ffe4d560000 - 0x00007ffe4d58f000 	C:\WINDOWS\SYSTEM32\dwmapi.dll
0x00007ffe4d290000 - 0x00007ffe4d32e000 	C:\WINDOWS\system32\uxtheme.dll
0x00007ffe16930000 - 0x00007ffe16a93000 	C:\WINDOWS\System32\DriverStore\FileRepository\igdlh64.inf_amd64_fb9939a7d714d646\igdumdim64.dll
0x00007ffdeb780000 - 0x00007ffdef184000 	C:\WINDOWS\System32\DriverStore\FileRepository\igdlh64.inf_amd64_fb9939a7d714d646\igd9dxva64.dll
0x00007ffe513c0000 - 0x00007ffe514ea000 	C:\WINDOWS\System32\ole32.dll
0x00007ffe514f0000 - 0x00007ffe515bd000 	C:\WINDOWS\System32\OLEAUT32.dll
0x00007ffe518b0000 - 0x00007ffe51d22000 	C:\WINDOWS\System32\SETUPAPI.dll
0x00007ffe4fc20000 - 0x00007ffe4fc6e000 	C:\WINDOWS\System32\cfgmgr32.dll
0x00007ffe4fe10000 - 0x00007ffe4fe37000 	C:\WINDOWS\System32\bcrypt.dll
0x00007ffe45dd0000 - 0x00007ffe4600f000 	C:\WINDOWS\System32\DriverStore\FileRepository\igdlh64.inf_amd64_fb9939a7d714d646\igdgmm64.dll
0x00007ffe1df40000 - 0x00007ffe1df89000 	C:\Program Files\Java\jdk1.8.0_211\jre\bin\glass.dll
0x00007ffe50560000 - 0x00007ffe5063a000 	C:\WINDOWS\System32\COMDLG32.dll
0x00007ffe511f0000 - 0x00007ffe51306000 	C:\WINDOWS\System32\MSCTF.dll
0x00007ffe50370000 - 0x00007ffe503f2000 	C:\WINDOWS\System32\bcryptPrimitives.dll
0x00007ffe4a390000 - 0x00007ffe4a3cb000 	C:\WINDOWS\SYSTEM32\dxcore.dll
0x00007ffe3c370000 - 0x00007ffe3c38a000 	C:\Program Files\Java\jdk1.8.0_211\jre\bin\net.dll
0x00007ffe3c150000 - 0x00007ffe3c33b000 	C:\WINDOWS\SYSTEM32\urlmon.dll
0x00007ffe3c120000 - 0x00007ffe3c148000 	C:\WINDOWS\SYSTEM32\srvcli.dll
0x00007ffe3c480000 - 0x00007ffe3c731000 	C:\WINDOWS\SYSTEM32\iertutil.dll
0x00007ffe4f1d0000 - 0x00007ffe4f1dc000 	C:\WINDOWS\SYSTEM32\netutils.dll
0x00007ffe4f3d0000 - 0x00007ffe4f43a000 	C:\WINDOWS\system32\mswsock.dll
0x00007ffe4f100000 - 0x00007ffe4f1cb000 	C:\WINDOWS\SYSTEM32\DNSAPI.dll
0x00007ffe4f070000 - 0x00007ffe4f0ab000 	C:\WINDOWS\SYSTEM32\IPHLPAPI.DLL
0x00007ffe523c0000 - 0x00007ffe523c8000 	C:\WINDOWS\System32\NSI.dll
0x00007ffe493a0000 - 0x00007ffe493aa000 	C:\Windows\System32\rasadhlp.dll
0x00007ffe399a0000 - 0x00007ffe39a1f000 	C:\WINDOWS\System32\fwpuclnt.dll
0x00007ffe31cf0000 - 0x00007ffe31d04000 	C:\Program Files\Java\jdk1.8.0_211\jre\bin\javafx_font.dll
0x00007ffe3be90000 - 0x00007ffe3c113000 	C:\WINDOWS\SYSTEM32\dwrite.dll

VM Arguments:
jvm_args: -Dfile.encoding=UTF-8 
java_command: GUI.NewFXMain
java_class_path (initial): C:\Program Files\NetBeans 8.2\ide\modules\ext\mysql-connector-java-5.1.23-bin.jar;C:\Users\ASUS CELERON\Desktop\saraa\TrayTester.jar;C:\Users\ASUS CELERON\Desktop\saraa\itextpdf-5.1.0.jar;C:\Users\ASUS CELERON\Desktop\saraa\javax.mail.jar;C:\Users\ASUS CELERON\Desktop\saraa\TMNW\build\classes
Launcher Type: SUN_STANDARD

Environment Variables:
JAVA_HOME=C:\Program Files\Java\jdk1.8.0_211
PATH=C:\oraclexe\app\oracle\product\10.2.0\server\bin;C:\wamp64\bin\php\php7.4.9;C:\Program Files (x86)\Common Files\Intel\Shared Libraries\redist\intel64\compiler;C:\Program Files (x86)\VMware\VMware Workstation\bin\;C:\Program Files\Java\jdk1.8.0_211\bin;C:\Program Files (x86)\Common Files\Oracle\Java\javapath;C:\wamp64\bin\php\php7.3.21;C:\composer;C:\Program Files\Symfony;C:\Program Files (x86)\Git\cmd;C:\Program Files (x86)\Git\mingw32\bin;C:\Program Files (x86)\Git\usr\bin;C:\Users\ASUS CELERON\anaconda3;C:\Users\ASUS CELERON\anaconda3\Library\mingw-w64\bin;C:\Users\ASUS CELERON\anaconda3\Library\usr\bin;C:\Users\ASUS CELERON\anaconda3\Library\bin;C:\Users\ASUS CELERON\anaconda3\Scripts;C:\Users\ASUS CELERON\AppData\Local\Microsoft\WindowsApps;C:\Users\ASUS CELERON\AppData\Local\Programs\Microsoft VS Code\bin;C:\Users\ASUS CELERON\AppData\Local\GitHubDesktop\bin;C:\Users\ASUS CELERON\AppData\Roaming\Composer\vendor\bin;C:\wamp64\bin\php\php7.4.9;
USERNAME=ASUS CELERON
OS=Windows_NT
PROCESSOR_IDENTIFIER=Intel64 Family 6 Model 142 Stepping 10, GenuineIntel



---------------  S Y S T E M  ---------------

OS: Windows 10.0 , 64 bit Build 19041 (10.0.19041.1503)

CPU:total 8 (initial active 8) (4 cores per cpu, 2 threads per core) family 6 model 142 stepping 10, cmov, cx8, fxsr, mmx, sse, sse2, sse3, ssse3, sse4.1, sse4.2, popcnt, avx, avx2, aes, clmul, erms, 3dnowpref, lzcnt, ht, tsc, tscinvbit, bmi1, bmi2, adx

Memory: 4k page, physical 8264684k(1735988k free), swap 10214380k(20k free)

vm_info: Java HotSpot(TM) 64-Bit Server VM (25.211-b12) for windows-amd64 JRE (1.8.0_211-b12), built on Apr  1 2019 20:53:26 by "java_re" with MS VC++ 10.0 (VS2010)

time: Thu Mar 10 13:40:12 2022
timezone: Afr. centrale Ouest
elapsed time: 0 seconds (0d 0h 0m 0s)

