#
# There is insufficient memory for the Java Runtime Environment to continue.
# Native memory allocation (malloc) failed to allocate 32744 bytes for ChunkPool::allocate
# Possible reasons:
#   The system is out of physical RAM or swap space
#   The process is running with CompressedOops enabled, and the Java Heap may be blocking the growth of the native heap
# Possible solutions:
#   Reduce memory load on the system
#   Increase physical memory or swap space
#   Check if swap backing store is full
#   Decrease Java heap size (-Xmx/-Xms)
#   Decrease number of Java threads
#   Decrease Java thread stack sizes (-Xss)
#   Set larger code cache with -XX:ReservedCodeCacheSize=
#   JVM is running with Unscaled Compressed Oops mode in which the Java heap is
#     placed in the first 4GB address space. The Java Heap base address is the
#     maximum limit for the native heap growth. Please use -XX:HeapBaseMinAddress
#     to set the Java Heap base and to place the Java Heap above 4GB virtual address.
# This output file may be truncated or incomplete.
#
#  Out of Memory Error (allocation.cpp:272), pid=13680, tid=0x0000000000003ed0
#
# JRE version: Java(TM) SE Runtime Environment (8.0_211-b12) (build 1.8.0_211-b12)
# Java VM: Java HotSpot(TM) 64-Bit Server VM (25.211-b12 mixed mode windows-amd64 compressed oops)
# Failed to write core dump. Minidumps are not enabled by default on client versions of Windows
#

---------------  T H R E A D  ---------------

Current thread (0x0000000019f77800):  JavaThread "C2 CompilerThread0" daemon [_thread_in_native, id=16080, stack(0x000000001a870000,0x000000001a970000)]

Stack: [0x000000001a870000,0x000000001a970000]
[error occurred during error reporting (printing stack bounds), id 0xc0000005]

Native frames: (J=compiled Java code, j=interpreted, Vv=VM code, C=native code)


Current CompileTask:
C2:   1760 2490   !   4       javafx.scene.CssStyleHelper::transitionToState (1075 bytes)


---------------  P R O C E S S  ---------------

Java Threads: ( => current thread )
  0x000000001b439800 JavaThread "Abandoned connection cleanup thread" daemon [_thread_blocked, id=15152, stack(0x0000000022260000,0x0000000022360000)]
  0x000000001b174800 JavaThread "Prism Font Disposer" daemon [_thread_blocked, id=1692, stack(0x0000000022160000,0x0000000022260000)]
  0x000000001afa9000 JavaThread "Thread-3" daemon [_thread_in_native, id=3000, stack(0x0000000020830000,0x0000000020930000)]
  0x000000001afc4000 JavaThread "JavaFX-Launcher" [_thread_blocked, id=17284, stack(0x0000000020930000,0x0000000020a30000)]
  0x000000001af33000 JavaThread "JavaFX Application Thread" [_thread_in_native, id=16308, stack(0x000000001bc60000,0x000000001bd60000)]
  0x000000001af1c800 JavaThread "Thread-1" daemon [_thread_blocked, id=3780, stack(0x000000001bb60000,0x000000001bc60000)]
  0x000000001aeff800 JavaThread "QuantumRenderer-0" daemon [_thread_blocked, id=5656, stack(0x000000001b8b0000,0x000000001b9b0000)]
  0x000000001a006800 JavaThread "Service Thread" daemon [_thread_blocked, id=7624, stack(0x000000001ac70000,0x000000001ad70000)]
  0x0000000019f84800 JavaThread "C1 CompilerThread3" daemon [_thread_blocked, id=9336, stack(0x000000001ab70000,0x000000001ac70000)]
  0x0000000019f7b000 JavaThread "C2 CompilerThread2" daemon [_thread_in_native, id=10124, stack(0x000000001aa70000,0x000000001ab70000)]
  0x0000000019f7a000 JavaThread "C2 CompilerThread1" daemon [_thread_in_native, id=17128, stack(0x000000001a970000,0x000000001aa70000)]
=>0x0000000019f77800 JavaThread "C2 CompilerThread0" daemon [_thread_in_native, id=16080, stack(0x000000001a870000,0x000000001a970000)]
  0x0000000019f71800 JavaThread "Attach Listener" daemon [_thread_blocked, id=14520, stack(0x000000001a770000,0x000000001a870000)]
  0x0000000019f70800 JavaThread "Signal Dispatcher" daemon [_thread_blocked, id=15016, stack(0x000000001a670000,0x000000001a770000)]
  0x000000001815f000 JavaThread "Finalizer" daemon [_thread_blocked, id=16964, stack(0x000000001a440000,0x000000001a540000)]
  0x0000000019f60800 JavaThread "Reference Handler" daemon [_thread_blocked, id=16220, stack(0x000000001a340000,0x000000001a440000)]
  0x00000000030f2800 JavaThread "main" [_thread_blocked, id=13192, stack(0x0000000002ff0000,0x00000000030f0000)]

Other Threads:
  0x000000001815a800 VMThread [stack: 0x0000000019e40000,0x0000000019f40000] [id=6720]
  0x000000001a041800 WatcherThread [stack: 0x000000001ad70000,0x000000001ae70000] [id=16096]

VM state:not at safepoint (normal execution)

VM Mutex/Monitor currently owned by a thread: None

heap address: 0x0000000081e00000, size: 2018 MB, Compressed Oops mode: 32-bit
Narrow klass base: 0x0000000000000000, Narrow klass shift: 3
Compressed class space size: 1073741824 Address: 0x0000000100000000

Heap:
 PSYoungGen      total 38400K, used 21717K [0x00000000d5f80000, 0x00000000daa80000, 0x0000000100000000)
  eden space 33280K, 65% used [0x00000000d5f80000,0x00000000d74b5638,0x00000000d8000000)
  from space 5120K, 0% used [0x00000000d8500000,0x00000000d8500000,0x00000000d8a00000)
  to   space 5120K, 0% used [0x00000000d8000000,0x00000000d8000000,0x00000000d8500000)
 ParOldGen       total 71680K, used 8236K [0x0000000081e00000, 0x0000000086400000, 0x00000000d5f80000)
  object space 71680K, 11% used [0x0000000081e00000,0x000000008260b0d8,0x0000000086400000)
 Metaspace       used 21019K, capacity 22124K, committed 22400K, reserved 1069056K
  class space    used 2924K, capacity 3175K, committed 3200K, reserved 1048576K

Card table byte_map: [0x00000000125b0000,0x00000000129b0000] byte_map_base: 0x00000000121a1000

Marking Bits: (ParMarkBitMap*) 0x000000005a8a5ce0
 Begin Bits: [0x0000000013460000, 0x00000000153e8000)
 End Bits:   [0x00000000153e8000, 0x0000000017370000)

Polling page: 0x0000000001730000

CodeCache: size=245760Kb used=9437Kb max_used=9437Kb free=236322Kb
 bounds [0x00000000031f0000, 0x0000000003b30000, 0x00000000121f0000]
 total_blobs=3494 nmethods=2786 adapters=619
 compilation: enabled

Compilation events (10 events):
Event: 1.603 Thread 0x0000000019f84800 2801       3       java.nio.CharBuffer::hasArray (20 bytes)
Event: 1.603 Thread 0x0000000019f84800 nmethod 2801 0x0000000003b29e10 code [0x0000000003b29f60, 0x0000000003b2a150]
Event: 1.603 Thread 0x0000000019f84800 2802       3       java.nio.ByteBuffer::hasArray (20 bytes)
Event: 1.603 Thread 0x0000000019f84800 nmethod 2802 0x0000000003b2a1d0 code [0x0000000003b2a320, 0x0000000003b2a510]
Event: 1.603 Thread 0x0000000019f84800 2804       3       java.nio.CharBuffer::array (35 bytes)
Event: 1.604 Thread 0x0000000019f84800 nmethod 2804 0x0000000003b2a590 code [0x0000000003b2a720, 0x0000000003b2aa38]
Event: 1.604 Thread 0x0000000019f84800 2805       3       sun.nio.cs.UTF_8::access$200 (8 bytes)
Event: 1.604 Thread 0x0000000019f84800 nmethod 2805 0x0000000003b2ab90 code [0x0000000003b2ad20, 0x0000000003b2b1b8]
Event: 1.604 Thread 0x0000000019f84800 2806       3       sun.nio.cs.UTF_8::updatePositions (23 bytes)
Event: 1.604 Thread 0x0000000019f84800 nmethod 2806 0x0000000003b2b3d0 code [0x0000000003b2b560, 0x0000000003b2b998]

GC Heap History (6 events):
Event: 0.821 GC heap before
{Heap before GC invocations=1 (full 0):
 PSYoungGen      total 38400K, used 33280K [0x00000000d5f80000, 0x00000000d8a00000, 0x0000000100000000)
  eden space 33280K, 100% used [0x00000000d5f80000,0x00000000d8000000,0x00000000d8000000)
  from space 5120K, 0% used [0x00000000d8500000,0x00000000d8500000,0x00000000d8a00000)
  to   space 5120K, 0% used [0x00000000d8000000,0x00000000d8000000,0x00000000d8500000)
 ParOldGen       total 87552K, used 0K [0x0000000081e00000, 0x0000000087380000, 0x00000000d5f80000)
  object space 87552K, 0% used [0x0000000081e00000,0x0000000081e00000,0x0000000087380000)
 Metaspace       used 16009K, capacity 16538K, committed 16640K, reserved 1062912K
  class space    used 2079K, capacity 2226K, committed 2304K, reserved 1048576K
Event: 0.826 GC heap after
Heap after GC invocations=1 (full 0):
 PSYoungGen      total 38400K, used 5088K [0x00000000d5f80000, 0x00000000d8a00000, 0x0000000100000000)
  eden space 33280K, 0% used [0x00000000d5f80000,0x00000000d5f80000,0x00000000d8000000)
  from space 5120K, 99% used [0x00000000d8000000,0x00000000d84f8070,0x00000000d8500000)
  to   space 5120K, 0% used [0x00000000d8500000,0x00000000d8500000,0x00000000d8a00000)
 ParOldGen       total 87552K, used 817K [0x0000000081e00000, 0x0000000087380000, 0x00000000d5f80000)
  object space 87552K, 0% used [0x0000000081e00000,0x0000000081ecc730,0x0000000087380000)
 Metaspace       used 16009K, capacity 16538K, committed 16640K, reserved 1062912K
  class space    used 2079K, capacity 2226K, committed 2304K, reserved 1048576K
}
Event: 1.219 GC heap before
{Heap before GC invocations=2 (full 0):
 PSYoungGen      total 38400K, used 24106K [0x00000000d5f80000, 0x00000000d8a00000, 0x0000000100000000)
  eden space 33280K, 57% used [0x00000000d5f80000,0x00000000d7212958,0x00000000d8000000)
  from space 5120K, 99% used [0x00000000d8000000,0x00000000d84f8070,0x00000000d8500000)
  to   space 5120K, 0% used [0x00000000d8500000,0x00000000d8500000,0x00000000d8a00000)
 ParOldGen       total 87552K, used 817K [0x0000000081e00000, 0x0000000087380000, 0x00000000d5f80000)
  object space 87552K, 0% used [0x0000000081e00000,0x0000000081ecc730,0x0000000087380000)
 Metaspace       used 20041K, capacity 21186K, committed 21296K, reserved 1067008K
  class space    used 2853K, capacity 3122K, committed 3200K, reserved 1048576K
Event: 1.226 GC heap after
Heap after GC invocations=2 (full 0):
 PSYoungGen      total 38400K, used 5088K [0x00000000d5f80000, 0x00000000daa80000, 0x0000000100000000)
  eden space 33280K, 0% used [0x00000000d5f80000,0x00000000d5f80000,0x00000000d8000000)
  from space 5120K, 99% used [0x00000000d8500000,0x00000000d89f8090,0x00000000d8a00000)
  to   space 5120K, 0% used [0x00000000d8000000,0x00000000d8000000,0x00000000d8500000)
 ParOldGen       total 87552K, used 4076K [0x0000000081e00000, 0x0000000087380000, 0x00000000d5f80000)
  object space 87552K, 4% used [0x0000000081e00000,0x00000000821fb1b0,0x0000000087380000)
 Metaspace       used 20041K, capacity 21186K, committed 21296K, reserved 1067008K
  class space    used 2853K, capacity 3122K, committed 3200K, reserved 1048576K
}
Event: 1.226 GC heap before
{Heap before GC invocations=3 (full 1):
 PSYoungGen      total 38400K, used 5088K [0x00000000d5f80000, 0x00000000daa80000, 0x0000000100000000)
  eden space 33280K, 0% used [0x00000000d5f80000,0x00000000d5f80000,0x00000000d8000000)
  from space 5120K, 99% used [0x00000000d8500000,0x00000000d89f8090,0x00000000d8a00000)
  to   space 5120K, 0% used [0x00000000d8000000,0x00000000d8000000,0x00000000d8500000)
 ParOldGen       total 87552K, used 4076K [0x0000000081e00000, 0x0000000087380000, 0x00000000d5f80000)
  object space 87552K, 4% used [0x0000000081e00000,0x00000000821fb1b0,0x0000000087380000)
 Metaspace       used 20041K, capacity 21186K, committed 21296K, reserved 1067008K
  class space    used 2853K, capacity 3122K, committed 3200K, reserved 1048576K
Event: 1.276 GC heap after
Heap after GC invocations=3 (full 1):
 PSYoungGen      total 38400K, used 0K [0x00000000d5f80000, 0x00000000daa80000, 0x0000000100000000)
  eden space 33280K, 0% used [0x00000000d5f80000,0x00000000d5f80000,0x00000000d8000000)
  from space 5120K, 0% used [0x00000000d8500000,0x00000000d8500000,0x00000000d8a00000)
  to   space 5120K, 0% used [0x00000000d8000000,0x00000000d8000000,0x00000000d8500000)
 ParOldGen       total 71680K, used 8236K [0x0000000081e00000, 0x0000000086400000, 0x00000000d5f80000)
  object space 71680K, 11% used [0x0000000081e00000,0x000000008260b0d8,0x0000000086400000)
 Metaspace       used 20041K, capacity 21186K, committed 21296K, reserved 1067008K
  class space    used 2853K, capacity 3122K, committed 3200K, reserved 1048576K
}

Deoptimization events (10 events):
Event: 1.156 Thread 0x000000001af33000 Uncommon trap: reason=bimorphic action=maybe_recompile pc=0x00000000035bb4c0 method=java.util.HashMap.putVal(ILjava/lang/Object;Ljava/lang/Object;ZZ)Ljava/lang/Object; @ 203
Event: 1.186 Thread 0x000000001af33000 Uncommon trap: reason=unstable_if action=reinterpret pc=0x0000000003680e90 method=com.sun.javafx.css.BitSet.add(Ljava/lang/Object;)Z @ 91
Event: 1.324 Thread 0x000000001af33000 Uncommon trap: reason=unstable_if action=reinterpret pc=0x00000000037af918 method=java.util.WeakHashMap.expungeStaleEntries()V @ 9
Event: 1.356 Thread 0x000000001af33000 Uncommon trap: reason=array_check action=maybe_recompile pc=0x0000000003944008 method=com.sun.javafx.css.SimpleSelector.applies(Ljavafx/css/Styleable;[Ljava/util/Set;I)Z @ 37
Event: 1.470 Thread 0x000000001af33000 Uncommon trap: reason=unstable_if action=reinterpret pc=0x0000000003a04d34 method=java.lang.StrictMath.floorOrCeil(DDDD)D @ 38
Event: 1.532 Thread 0x000000001af33000 Uncommon trap: reason=unstable_if action=reinterpret pc=0x00000000039c9698 method=javafx.scene.Node.markDirtyLayoutBranch()V @ 16
Event: 1.549 Thread 0x000000001af33000 Uncommon trap: reason=bimorphic action=maybe_recompile pc=0x00000000039b6db0 method=javafx.beans.property.BooleanPropertyBase.get()Z @ 23
Event: 1.550 Thread 0x000000001af33000 Uncommon trap: reason=bimorphic action=maybe_recompile pc=0x00000000039b6db0 method=javafx.beans.property.BooleanPropertyBase.get()Z @ 23
Event: 1.550 Thread 0x000000001af33000 Uncommon trap: reason=bimorphic action=maybe_recompile pc=0x00000000039b6db0 method=javafx.beans.property.BooleanPropertyBase.get()Z @ 23
Event: 1.550 Thread 0x000000001af33000 Uncommon trap: reason=bimorphic action=maybe_recompile pc=0x00000000039b6db0 method=javafx.beans.property.BooleanPropertyBase.get()Z @ 23

Classes redefined (0 events):
No events

Internal exceptions (10 events):
Event: 0.535 Thread 0x000000001af33000 Exception <a 'java/io/FileNotFoundException'> (0x00000000d7553138) thrown at [C:\re\workspace\8-2-build-windows-amd64-cygwin\jdk8u211\12973\hotspot\src\share\vm\prims\jni.cpp, line 710]
Event: 0.535 Thread 0x000000001af33000 Exception <a 'java/io/FileNotFoundException'> (0x00000000d75582e8) thrown at [C:\re\workspace\8-2-build-windows-amd64-cygwin\jdk8u211\12973\hotspot\src\share\vm\prims\jni.cpp, line 710]
Event: 0.581 Thread 0x000000001af33000 Exception <a 'java/io/FileNotFoundException'> (0x00000000d7838d40) thrown at [C:\re\workspace\8-2-build-windows-amd64-cygwin\jdk8u211\12973\hotspot\src\share\vm\prims\jni.cpp, line 710]
Event: 0.582 Thread 0x000000001af33000 Exception <a 'java/io/FileNotFoundException'> (0x00000000d783e840) thrown at [C:\re\workspace\8-2-build-windows-amd64-cygwin\jdk8u211\12973\hotspot\src\share\vm\prims\jni.cpp, line 710]
Event: 0.599 Thread 0x000000001af33000 Exception <a 'java/io/FileNotFoundException'> (0x00000000d793ff88) thrown at [C:\re\workspace\8-2-build-windows-amd64-cygwin\jdk8u211\12973\hotspot\src\share\vm\prims\jni.cpp, line 710]
Event: 0.600 Thread 0x000000001af33000 Exception <a 'java/io/FileNotFoundException'> (0x00000000d7945b60) thrown at [C:\re\workspace\8-2-build-windows-amd64-cygwin\jdk8u211\12973\hotspot\src\share\vm\prims\jni.cpp, line 710]
Event: 0.605 Thread 0x000000001af33000 Implicit null exception at 0x00000000034a2096 to 0x00000000034a2439
Event: 0.806 Thread 0x000000001af33000 Implicit null exception at 0x00000000034ad1b5 to 0x00000000034ad3c5
Event: 0.806 Thread 0x000000001af33000 Implicit null exception at 0x00000000035b9b9b to 0x00000000035ba2f1
Event: 1.602 Thread 0x000000001aeff800 Exception <a 'java/lang/NullPointerException'> (0x00000000d74801a0) thrown at [C:\re\workspace\8-2-build-windows-amd64-cygwin\jdk8u211\12973\hotspot\src\share\vm\interpreter\linkResolver.cpp, line 1287]

Events (10 events):
Event: 1.594 loading class com/sun/prism/d3d/D3DContext$1
Event: 1.594 loading class com/sun/prism/d3d/D3DContext$1 done
Event: 1.594 loading class com/sun/scenario/effect/impl/prism/PrEffectHelper
Event: 1.594 loading class com/sun/scenario/effect/impl/prism/PrEffectHelper done
Event: 1.600 loading class com/sun/javafx/sg/prism/RegionImageCache
Event: 1.600 loading class com/sun/javafx/sg/prism/RegionImageCache done
Event: 1.601 loading class com/sun/prism/impl/BaseResourceFactory$1
Event: 1.601 loading class com/sun/prism/impl/BaseResourceFactory$1 done
Event: 1.602 loading class java/lang/Throwable$WrappedPrintStream
Event: 1.602 loading class java/lang/Throwable$WrappedPrintStream done


Dynamic libraries:
0x00007ff790450000 - 0x00007ff790487000 	C:\Program Files\Java\jdk1.8.0_211\bin\java.exe
0x00007ffb90230000 - 0x00007ffb90425000 	C:\WINDOWS\SYSTEM32\ntdll.dll
0x00007ffb87890000 - 0x00007ffb878a6000 	C:\Program Files\AVAST Software\Avast\aswhook.dll
0x00007ffb8ff20000 - 0x00007ffb8ffde000 	C:\WINDOWS\System32\KERNEL32.DLL
0x00007ffb8de60000 - 0x00007ffb8e128000 	C:\WINDOWS\System32\KERNELBASE.dll
0x00007ffb8e280000 - 0x00007ffb8e32e000 	C:\WINDOWS\System32\ADVAPI32.dll
0x00007ffb8fd90000 - 0x00007ffb8fe2e000 	C:\WINDOWS\System32\msvcrt.dll
0x00007ffb8e4d0000 - 0x00007ffb8e56c000 	C:\WINDOWS\System32\sechost.dll
0x00007ffb8e940000 - 0x00007ffb8ea65000 	C:\WINDOWS\System32\RPCRT4.dll
0x00007ffb8e330000 - 0x00007ffb8e4d0000 	C:\WINDOWS\System32\USER32.dll
0x00007ffb8e130000 - 0x00007ffb8e152000 	C:\WINDOWS\System32\win32u.dll
0x00007ffb901c0000 - 0x00007ffb901eb000 	C:\WINDOWS\System32\GDI32.dll
0x00007ffb8dd50000 - 0x00007ffb8de5d000 	C:\WINDOWS\System32\gdi32full.dll
0x00007ffb8da20000 - 0x00007ffb8dabd000 	C:\WINDOWS\System32\msvcp_win.dll
0x00007ffb8dc50000 - 0x00007ffb8dd50000 	C:\WINDOWS\System32\ucrtbase.dll
0x00007ffb7c000000 - 0x00007ffb7c29a000 	C:\WINDOWS\WinSxS\amd64_microsoft.windows.common-controls_6595b64144ccf1df_6.0.19041.1110_none_60b5254171f9507e\COMCTL32.dll
0x00007ffb90190000 - 0x00007ffb901c0000 	C:\WINDOWS\System32\IMM32.DLL
0x0000000059fa0000 - 0x000000005a072000 	C:\Program Files\Java\jdk1.8.0_211\jre\bin\msvcr100.dll
0x000000005a080000 - 0x000000005a925000 	C:\Program Files\Java\jdk1.8.0_211\jre\bin\server\jvm.dll
0x00007ffb8ff10000 - 0x00007ffb8ff18000 	C:\WINDOWS\System32\PSAPI.DLL
0x00007ffb7f600000 - 0x00007ffb7f609000 	C:\WINDOWS\SYSTEM32\WSOCK32.dll
0x00007ffb7c5d0000 - 0x00007ffb7c5f7000 	C:\WINDOWS\SYSTEM32\WINMM.dll
0x00007ffb86030000 - 0x00007ffb8603a000 	C:\WINDOWS\SYSTEM32\VERSION.dll
0x00007ffb8f650000 - 0x00007ffb8f6bb000 	C:\WINDOWS\System32\WS2_32.dll
0x00007ffb875b0000 - 0x00007ffb875bf000 	C:\Program Files\Java\jdk1.8.0_211\jre\bin\verify.dll
0x00007ffb84700000 - 0x00007ffb84729000 	C:\Program Files\Java\jdk1.8.0_211\jre\bin\java.dll
0x00007ffb87590000 - 0x00007ffb875a6000 	C:\Program Files\Java\jdk1.8.0_211\jre\bin\zip.dll
0x00007ffb8eba0000 - 0x00007ffb8f2e4000 	C:\WINDOWS\System32\SHELL32.dll
0x00007ffb8b670000 - 0x00007ffb8be04000 	C:\WINDOWS\SYSTEM32\windows.storage.dll
0x00007ffb8f2f0000 - 0x00007ffb8f645000 	C:\WINDOWS\System32\combase.dll
0x00007ffb8d2c0000 - 0x00007ffb8d2ee000 	C:\WINDOWS\SYSTEM32\Wldp.dll
0x00007ffb8f740000 - 0x00007ffb8f7ed000 	C:\WINDOWS\System32\SHCORE.dll
0x00007ffb8f6e0000 - 0x00007ffb8f735000 	C:\WINDOWS\System32\shlwapi.dll
0x00007ffb8d880000 - 0x00007ffb8d89f000 	C:\WINDOWS\SYSTEM32\profapi.dll
0x0000000002fa0000 - 0x0000000002fa3000 	C:\Program Files\Java\jdk1.8.0_211\jre\bin\api-ms-win-core-console-l1-1-0.dll
0x0000000002fb0000 - 0x0000000002fb3000 	C:\Program Files\Java\jdk1.8.0_211\jre\bin\api-ms-win-core-datetime-l1-1-0.dll
0x0000000002fc0000 - 0x0000000002fc3000 	C:\Program Files\Java\jdk1.8.0_211\jre\bin\api-ms-win-core-debug-l1-1-0.dll
0x0000000002fd0000 - 0x0000000002fd3000 	C:\Program Files\Java\jdk1.8.0_211\jre\bin\api-ms-win-core-errorhandling-l1-1-0.dll
0x000000001b670000 - 0x000000001b674000 	C:\Program Files\Java\jdk1.8.0_211\jre\bin\api-ms-win-core-file-l1-1-0.dll
0x000000001b680000 - 0x000000001b683000 	C:\Program Files\Java\jdk1.8.0_211\jre\bin\api-ms-win-core-file-l1-2-0.dll
0x000000001b690000 - 0x000000001b693000 	C:\Program Files\Java\jdk1.8.0_211\jre\bin\api-ms-win-core-file-l2-1-0.dll
0x000000001b6a0000 - 0x000000001b6a3000 	C:\Program Files\Java\jdk1.8.0_211\jre\bin\api-ms-win-core-handle-l1-1-0.dll
0x000000001b6b0000 - 0x000000001b6b3000 	C:\Program Files\Java\jdk1.8.0_211\jre\bin\api-ms-win-core-heap-l1-1-0.dll
0x000000001b6c0000 - 0x000000001b6c3000 	C:\Program Files\Java\jdk1.8.0_211\jre\bin\api-ms-win-core-interlocked-l1-1-0.dll
0x000000001b6d0000 - 0x000000001b6d3000 	C:\Program Files\Java\jdk1.8.0_211\jre\bin\api-ms-win-core-libraryloader-l1-1-0.dll
0x000000001b6e0000 - 0x000000001b6e3000 	C:\Program Files\Java\jdk1.8.0_211\jre\bin\api-ms-win-core-localization-l1-2-0.dll
0x000000001b6f0000 - 0x000000001b6f3000 	C:\Program Files\Java\jdk1.8.0_211\jre\bin\api-ms-win-core-memory-l1-1-0.dll
0x000000001b700000 - 0x000000001b703000 	C:\Program Files\Java\jdk1.8.0_211\jre\bin\api-ms-win-core-namedpipe-l1-1-0.dll
0x000000001b710000 - 0x000000001b713000 	C:\Program Files\Java\jdk1.8.0_211\jre\bin\api-ms-win-core-processenvironment-l1-1-0.dll
0x000000001b720000 - 0x000000001b723000 	C:\Program Files\Java\jdk1.8.0_211\jre\bin\api-ms-win-core-processthreads-l1-1-0.dll
0x000000001b730000 - 0x000000001b733000 	C:\Program Files\Java\jdk1.8.0_211\jre\bin\api-ms-win-core-processthreads-l1-1-1.dll
0x000000001b740000 - 0x000000001b743000 	C:\Program Files\Java\jdk1.8.0_211\jre\bin\api-ms-win-core-profile-l1-1-0.dll
0x000000001b750000 - 0x000000001b753000 	C:\Program Files\Java\jdk1.8.0_211\jre\bin\api-ms-win-core-rtlsupport-l1-1-0.dll
0x000000001b760000 - 0x000000001b763000 	C:\Program Files\Java\jdk1.8.0_211\jre\bin\api-ms-win-core-string-l1-1-0.dll
0x000000001b770000 - 0x000000001b773000 	C:\Program Files\Java\jdk1.8.0_211\jre\bin\api-ms-win-core-synch-l1-1-0.dll
0x000000001b780000 - 0x000000001b783000 	C:\Program Files\Java\jdk1.8.0_211\jre\bin\api-ms-win-core-synch-l1-2-0.dll
0x000000001b790000 - 0x000000001b793000 	C:\Program Files\Java\jdk1.8.0_211\jre\bin\api-ms-win-core-sysinfo-l1-1-0.dll
0x000000001b7a0000 - 0x000000001b7a3000 	C:\Program Files\Java\jdk1.8.0_211\jre\bin\api-ms-win-core-timezone-l1-1-0.dll
0x000000001b7b0000 - 0x000000001b7b3000 	C:\Program Files\Java\jdk1.8.0_211\jre\bin\api-ms-win-core-util-l1-1-0.dll
0x000000001b7c0000 - 0x000000001b7c3000 	C:\Program Files\Java\jdk1.8.0_211\jre\bin\api-ms-win-crt-conio-l1-1-0.dll
0x000000001b7d0000 - 0x000000001b7d4000 	C:\Program Files\Java\jdk1.8.0_211\jre\bin\api-ms-win-crt-convert-l1-1-0.dll
0x000000001b7e0000 - 0x000000001b7e3000 	C:\Program Files\Java\jdk1.8.0_211\jre\bin\api-ms-win-crt-environment-l1-1-0.dll
0x000000001b7f0000 - 0x000000001b7f3000 	C:\Program Files\Java\jdk1.8.0_211\jre\bin\api-ms-win-crt-filesystem-l1-1-0.dll
0x000000001b800000 - 0x000000001b803000 	C:\Program Files\Java\jdk1.8.0_211\jre\bin\api-ms-win-crt-heap-l1-1-0.dll
0x000000001b810000 - 0x000000001b813000 	C:\Program Files\Java\jdk1.8.0_211\jre\bin\api-ms-win-crt-locale-l1-1-0.dll
0x000000001b820000 - 0x000000001b825000 	C:\Program Files\Java\jdk1.8.0_211\jre\bin\api-ms-win-crt-math-l1-1-0.dll
0x000000001b830000 - 0x000000001b835000 	C:\Program Files\Java\jdk1.8.0_211\jre\bin\api-ms-win-crt-multibyte-l1-1-0.dll
0x000000001b840000 - 0x000000001b850000 	C:\Program Files\Java\jdk1.8.0_211\jre\bin\api-ms-win-crt-private-l1-1-0.dll
0x000000001b850000 - 0x000000001b853000 	C:\Program Files\Java\jdk1.8.0_211\jre\bin\api-ms-win-crt-process-l1-1-0.dll
0x000000001b860000 - 0x000000001b864000 	C:\Program Files\Java\jdk1.8.0_211\jre\bin\api-ms-win-crt-runtime-l1-1-0.dll
0x000000001b870000 - 0x000000001b874000 	C:\Program Files\Java\jdk1.8.0_211\jre\bin\api-ms-win-crt-stdio-l1-1-0.dll
0x000000001b880000 - 0x000000001b884000 	C:\Program Files\Java\jdk1.8.0_211\jre\bin\api-ms-win-crt-string-l1-1-0.dll
0x000000001b890000 - 0x000000001b893000 	C:\Program Files\Java\jdk1.8.0_211\jre\bin\api-ms-win-crt-time-l1-1-0.dll
0x000000001b8a0000 - 0x000000001b8a3000 	C:\Program Files\Java\jdk1.8.0_211\jre\bin\api-ms-win-crt-utility-l1-1-0.dll
0x00007ffb55dc0000 - 0x00007ffb55eb6000 	C:\Program Files\Java\jdk1.8.0_211\jre\bin\ucrtbase.dll
0x00007ffb89a80000 - 0x00007ffb89a96000 	C:\Program Files\Java\jdk1.8.0_211\jre\bin\vcruntime140.dll
0x00007ffb5d5a0000 - 0x00007ffb5d64a000 	C:\Program Files\Java\jdk1.8.0_211\jre\bin\msvcp140.dll
0x00007ffb6d1e0000 - 0x00007ffb6d234000 	C:\Program Files\Java\jdk1.8.0_211\jre\bin\concrt140.dll
0x00007ffb878b0000 - 0x00007ffb878d3000 	C:\Program Files\Java\jdk1.8.0_211\jre\bin\prism_d3d.dll
0x00007ffb825d0000 - 0x00007ffb827a0000 	C:\WINDOWS\system32\d3d9.dll
0x00007ffb8c5e0000 - 0x00007ffb8c5f2000 	C:\WINDOWS\SYSTEM32\kernel.appcore.dll
0x00007ffb8b050000 - 0x00007ffb8b07f000 	C:\WINDOWS\SYSTEM32\dwmapi.dll
0x00007ffb8af10000 - 0x00007ffb8afae000 	C:\WINDOWS\system32\uxtheme.dll
0x00007ffb2b240000 - 0x00007ffb2b3a3000 	C:\WINDOWS\System32\DriverStore\FileRepository\igdlh64.inf_amd64_fb9939a7d714d646\igdumdim64.dll
0x00007ffb1b770000 - 0x00007ffb1f174000 	C:\WINDOWS\System32\DriverStore\FileRepository\igdlh64.inf_amd64_fb9939a7d714d646\igd9dxva64.dll
0x00007ffb8e810000 - 0x00007ffb8e93a000 	C:\WINDOWS\System32\ole32.dll
0x00007ffb8ead0000 - 0x00007ffb8eb9d000 	C:\WINDOWS\System32\OLEAUT32.dll
0x00007ffb8f910000 - 0x00007ffb8fd82000 	C:\WINDOWS\System32\SETUPAPI.dll
0x00007ffb8d940000 - 0x00007ffb8d98e000 	C:\WINDOWS\System32\cfgmgr32.dll
0x00007ffb8dac0000 - 0x00007ffb8dae7000 	C:\WINDOWS\System32\bcrypt.dll
0x00007ffb7b5e0000 - 0x00007ffb7b81f000 	C:\WINDOWS\System32\DriverStore\FileRepository\igdlh64.inf_amd64_fb9939a7d714d646\igdgmm64.dll
0x00007ffb70550000 - 0x00007ffb70599000 	C:\Program Files\Java\jdk1.8.0_211\jre\bin\glass.dll
0x00007ffb8e730000 - 0x00007ffb8e80a000 	C:\WINDOWS\System32\COMDLG32.dll
0x00007ffb8f7f0000 - 0x00007ffb8f906000 	C:\WINDOWS\System32\MSCTF.dll
0x00007ffb8d990000 - 0x00007ffb8da12000 	C:\WINDOWS\System32\bcryptPrimitives.dll
0x00007ffb5abf0000 - 0x00007ffb5ac17000 	C:\WINDOWS\System32\DriverStore\FileRepository\igdlh64.inf_amd64_fb9939a7d714d646\igdinfo64.dll
0x00007ffb78600000 - 0x00007ffb7b262000 	C:\WINDOWS\System32\DriverStore\FileRepository\igdlh64.inf_amd64_fb9939a7d714d646\igc64.dll
0x00007ffb854c0000 - 0x00007ffb854fb000 	C:\WINDOWS\SYSTEM32\dxcore.dll
0x00007ffb875e0000 - 0x00007ffb875f4000 	C:\Program Files\Java\jdk1.8.0_211\jre\bin\javafx_font.dll
0x00007ffb733c0000 - 0x00007ffb73643000 	C:\WINDOWS\SYSTEM32\dwrite.dll
0x00007ffb6f020000 - 0x00007ffb6f03a000 	C:\Program Files\Java\jdk1.8.0_211\jre\bin\net.dll
0x00007ffb736d0000 - 0x00007ffb738bb000 	C:\WINDOWS\SYSTEM32\urlmon.dll
0x00007ffb76800000 - 0x00007ffb76ab1000 	C:\WINDOWS\SYSTEM32\iertutil.dll
0x00007ffb73980000 - 0x00007ffb739a8000 	C:\WINDOWS\SYSTEM32\srvcli.dll
0x00007ffb8ce70000 - 0x00007ffb8ce7c000 	C:\WINDOWS\SYSTEM32\netutils.dll
0x00007ffb8d020000 - 0x00007ffb8d08a000 	C:\WINDOWS\system32\mswsock.dll
0x00007ffb8cda0000 - 0x00007ffb8ce6b000 	C:\WINDOWS\SYSTEM32\DNSAPI.dll
0x00007ffb8cd10000 - 0x00007ffb8cd4b000 	C:\WINDOWS\SYSTEM32\IPHLPAPI.DLL
0x00007ffb8f6d0000 - 0x00007ffb8f6d8000 	C:\WINDOWS\System32\NSI.dll
0x00007ffb87690000 - 0x00007ffb8769a000 	C:\Windows\System32\rasadhlp.dll
0x00007ffb7f520000 - 0x00007ffb7f59f000 	C:\WINDOWS\System32\fwpuclnt.dll
0x00007ffb8e570000 - 0x00007ffb8e619000 	C:\WINDOWS\System32\clbcatq.dll
0x00007ffb815d0000 - 0x00007ffb81784000 	C:\WINDOWS\SYSTEM32\WindowsCodecs.dll
0x00007ffb5e750000 - 0x00007ffb5e78e000 	C:\WINDOWS\system32\dataexchange.dll
0x00007ffb89060000 - 0x00007ffb892c4000 	C:\WINDOWS\system32\d3d11.dll
0x00007ffb8a640000 - 0x00007ffb8a825000 	C:\WINDOWS\system32\dcomp.dll
0x00007ffb8c360000 - 0x00007ffb8c454000 	C:\WINDOWS\system32\dxgi.dll
0x00007ffb81790000 - 0x00007ffb81991000 	C:\WINDOWS\system32\twinapi.appcore.dll
0x00007ffb84300000 - 0x00007ffb84334000 	C:\Program Files\Common Files\Microsoft Shared\Ink\rtscom.dll
0x00007ffb78500000 - 0x00007ffb785f9000 	C:\WINDOWS\SYSTEM32\textinputframework.dll
0x00007ffb8a930000 - 0x00007ffb8ac8e000 	C:\WINDOWS\System32\CoreUIComponents.dll
0x00007ffb8a830000 - 0x00007ffb8a922000 	C:\WINDOWS\System32\CoreMessaging.dll
0x00007ffb8c630000 - 0x00007ffb8c663000 	C:\WINDOWS\SYSTEM32\ntmarta.dll
0x00007ffb89b00000 - 0x00007ffb89c54000 	C:\WINDOWS\SYSTEM32\wintypes.dll

VM Arguments:
jvm_args: -Dfile.encoding=UTF-8 
java_command: test.NewFXMain
java_class_path (initial): C:\Program Files\NetBeans 8.2\ide\modules\ext\mysql-connector-java-5.1.23-bin.jar;C:\Users\ASUS CELERON\Desktop\controlsfx-8.40.11.jar;C:\Users\ASUS CELERON\Desktop\TMN\TMN_Pidev\build\classes
Launcher Type: SUN_STANDARD

Environment Variables:
JAVA_HOME=C:\Program Files\Java\jdk1.8.0_211
PATH=C:\oraclexe\app\oracle\product\10.2.0\server\bin;C:\wamp64\bin\php\php7.4.9;C:\Program Files (x86)\Common Files\Intel\Shared Libraries\redist\intel64\compiler;C:\Program Files (x86)\VMware\VMware Workstation\bin\;C:\Program Files\Java\jdk1.8.0_211\bin;C:\Program Files (x86)\Common Files\Oracle\Java\javapath;C:\wamp64\bin\php\php7.3.21;C:\composer;C:\Program Files\Symfony;C:\Program Files (x86)\Git\cmd;C:\Program Files (x86)\Git\mingw32\bin;C:\Program Files (x86)\Git\usr\bin;C:\Users\ASUS CELERON\anaconda3;C:\Users\ASUS CELERON\anaconda3\Library\mingw-w64\bin;C:\Users\ASUS CELERON\anaconda3\Library\usr\bin;C:\Users\ASUS CELERON\anaconda3\Library\bin;C:\Users\ASUS CELERON\anaconda3\Scripts;C:\Users\ASUS CELERON\AppData\Local\Microsoft\WindowsApps;C:\Users\ASUS CELERON\AppData\Local\Programs\Microsoft VS Code\bin;C:\Users\ASUS CELERON\AppData\Local\GitHubDesktop\bin;C:\Users\ASUS CELERON\AppData\Roaming\Composer\vendor\bin;C:\wamp64\bin\php\php7.4.9;
USERNAME=ASUS CELERON
OS=Windows_NT
PROCESSOR_IDENTIFIER=Intel64 Family 6 Model 142 Stepping 10, GenuineIntel



---------------  S Y S T E M  ---------------

OS: Windows 10.0 , 64 bit Build 19041 (10.0.19041.1503)

CPU:total 8 (initial active 8) (4 cores per cpu, 2 threads per core) family 6 model 142 stepping 10, cmov, cx8, fxsr, mmx, sse, sse2, sse3, ssse3, sse4.1, sse4.2, popcnt, avx, avx2, aes, clmul, erms, 3dnowpref, lzcnt, ht, tsc, tscinvbit, bmi1, bmi2, adx

Memory: 4k page, physical 8264684k(2597984k free), swap 10214380k(5128k free)

vm_info: Java HotSpot(TM) 64-Bit Server VM (25.211-b12) for windows-amd64 JRE (1.8.0_211-b12), built on Apr  1 2019 20:53:26 by "java_re" with MS VC++ 10.0 (VS2010)

time: Wed Mar 02 20:16:49 2022
timezone: Afr. centrale Ouest
elapsed time: 1 seconds (0d 0h 0m 1s)

