#
# There is insufficient memory for the Java Runtime Environment to continue.
# Native memory allocation (malloc) failed to allocate 32744 bytes for ChunkPool::allocate
# Possible reasons:
#   The system is out of physical RAM or swap space
#   The process is running with CompressedOops enabled, and the Java Heap may be blocking the growth of the native heap
# Possible solutions:
#   Reduce memory load on the system
#   Increase physical memory or swap space
#   Check if swap backing store is full
#   Decrease Java heap size (-Xmx/-Xms)
#   Decrease number of Java threads
#   Decrease Java thread stack sizes (-Xss)
#   Set larger code cache with -XX:ReservedCodeCacheSize=
#   JVM is running with Unscaled Compressed Oops mode in which the Java heap is
#     placed in the first 4GB address space. The Java Heap base address is the
#     maximum limit for the native heap growth. Please use -XX:HeapBaseMinAddress
#     to set the Java Heap base and to place the Java Heap above 4GB virtual address.
# This output file may be truncated or incomplete.
#
#  Out of Memory Error (allocation.cpp:272), pid=11316, tid=0x0000000000003dc8
#
# JRE version: Java(TM) SE Runtime Environment (8.0_211-b12) (build 1.8.0_211-b12)
# Java VM: Java HotSpot(TM) 64-Bit Server VM (25.211-b12 mixed mode windows-amd64 compressed oops)
# Failed to write core dump. Minidumps are not enabled by default on client versions of Windows
#

---------------  T H R E A D  ---------------

Current thread (0x0000000019974800):  JavaThread "C2 CompilerThread1" daemon [_thread_in_native, id=15816, stack(0x000000001a370000,0x000000001a470000)]

Stack: [0x000000001a370000,0x000000001a470000]
[error occurred during error reporting (printing stack bounds), id 0xc0000005]

Native frames: (J=compiled Java code, j=interpreted, Vv=VM code, C=native code)


Current CompileTask:
C2:     81   29       4       java.lang.String::equals (81 bytes)


---------------  P R O C E S S  ---------------

Java Threads: ( => current thread )
  0x0000000019a07800 JavaThread "Service Thread" daemon [_thread_blocked, id=14652, stack(0x000000001a670000,0x000000001a770000)]
  0x000000001997d800 JavaThread "C1 CompilerThread3" daemon [_thread_in_native, id=14948, stack(0x000000001a570000,0x000000001a670000)]
  0x0000000019977800 JavaThread "C2 CompilerThread2" daemon [_thread_blocked, id=14344, stack(0x000000001a470000,0x000000001a570000)]
=>0x0000000019974800 JavaThread "C2 CompilerThread1" daemon [_thread_in_native, id=15816, stack(0x000000001a370000,0x000000001a470000)]
  0x0000000019972000 JavaThread "C2 CompilerThread0" daemon [_thread_blocked, id=15136, stack(0x000000001a270000,0x000000001a370000)]
  0x000000001996f800 JavaThread "Attach Listener" daemon [_thread_blocked, id=13388, stack(0x000000001a170000,0x000000001a270000)]
  0x0000000017b5e800 JavaThread "Signal Dispatcher" daemon [_thread_blocked, id=16344, stack(0x000000001a070000,0x000000001a170000)]
  0x0000000002bde000 JavaThread "Finalizer" daemon [_thread_blocked, id=5876, stack(0x0000000019e40000,0x0000000019f40000)]
  0x0000000019960800 JavaThread "Reference Handler" daemon [_thread_blocked, id=10764, stack(0x0000000019d40000,0x0000000019e40000)]
  0x0000000002ae2800 JavaThread "main" [_thread_in_Java, id=3980, stack(0x0000000002960000,0x0000000002a60000)]

Other Threads:
  0x0000000017b4a800 VMThread [stack: 0x0000000019840000,0x0000000019940000] [id=11508]
  0x0000000019a28800 WatcherThread [stack: 0x000000001a770000,0x000000001a870000] [id=14804]

VM state:not at safepoint (normal execution)

VM Mutex/Monitor currently owned by a thread: None

heap address: 0x0000000081e00000, size: 2018 MB, Compressed Oops mode: 32-bit
Narrow klass base: 0x0000000000000000, Narrow klass shift: 3
Compressed class space size: 1073741824 Address: 0x0000000100000000

Heap:
 PSYoungGen      total 38400K, used 1331K [0x00000000d5f80000, 0x00000000d8a00000, 0x0000000100000000)
  eden space 33280K, 4% used [0x00000000d5f80000,0x00000000d60ccce8,0x00000000d8000000)
  from space 5120K, 0% used [0x00000000d8500000,0x00000000d8500000,0x00000000d8a00000)
  to   space 5120K, 0% used [0x00000000d8000000,0x00000000d8000000,0x00000000d8500000)
 ParOldGen       total 87552K, used 0K [0x0000000081e00000, 0x0000000087380000, 0x00000000d5f80000)
  object space 87552K, 0% used [0x0000000081e00000,0x0000000081e00000,0x0000000087380000)
 Metaspace       used 2719K, capacity 4492K, committed 4864K, reserved 1056768K
  class space    used 294K, capacity 388K, committed 512K, reserved 1048576K

Card table byte_map: [0x0000000011fa0000,0x00000000123a0000] byte_map_base: 0x0000000011b91000

Marking Bits: (ParMarkBitMap*) 0x00000000669f5ce0
 Begin Bits: [0x0000000012e50000, 0x0000000014dd8000)
 End Bits:   [0x0000000014dd8000, 0x0000000016d60000)

Polling page: 0x0000000002a60000

CodeCache: size=245760Kb used=1131Kb max_used=1131Kb free=244628Kb
 bounds [0x0000000002be0000, 0x0000000002e50000, 0x0000000011be0000]
 total_blobs=270 nmethods=36 adapters=147
 compilation: enabled

Compilation events (10 events):
Event: 0.075 Thread 0x000000001997d800   22       3       java.lang.String::getChars (62 bytes)
Event: 0.075 Thread 0x000000001997d800 nmethod 22 0x0000000002cf1f50 code [0x0000000002cf2100, 0x0000000002cf2538]
Event: 0.075 Thread 0x000000001997d800   23       3       java.lang.Math::max (11 bytes)
Event: 0.075 Thread 0x000000001997d800 nmethod 23 0x0000000002cf1c10 code [0x0000000002cf1d60, 0x0000000002cf1ef0]
Event: 0.076 Thread 0x000000001997d800   24       3       java.lang.Math::min (11 bytes)
Event: 0.076 Thread 0x000000001997d800 nmethod 24 0x0000000002cf18d0 code [0x0000000002cf1a20, 0x0000000002cf1bb0]
Event: 0.079 Thread 0x000000001997d800   27       1       java.lang.Object::<init> (1 bytes)
Event: 0.079 Thread 0x000000001997d800 nmethod 27 0x0000000002cf15d0 code [0x0000000002cf1720, 0x0000000002cf1830]
Event: 0.079 Thread 0x000000001997d800   26   !   3       java.io.BufferedReader::readLine (304 bytes)
Event: 0.079 Thread 0x0000000019974800   29       4       java.lang.String::equals (81 bytes)

GC Heap History (0 events):
No events

Deoptimization events (0 events):
No events

Classes redefined (0 events):
No events

Internal exceptions (2 events):
Event: 0.031 Thread 0x0000000002ae2800 Exception <a 'java/lang/NoSuchMethodError': Method sun.misc.Unsafe.defineClass(Ljava/lang/String;[BII)Ljava/lang/Class; name or signature does not match> (0x00000000d5f87cb0) thrown at [C:\re\workspace\8-2-build-windows-amd64-cygwin\jdk8u211\12973\hotspot
Event: 0.031 Thread 0x0000000002ae2800 Exception <a 'java/lang/NoSuchMethodError': Method sun.misc.Unsafe.prefetchRead(Ljava/lang/Object;J)V name or signature does not match> (0x00000000d5f87f98) thrown at [C:\re\workspace\8-2-build-windows-amd64-cygwin\jdk8u211\12973\hotspot\src\share\vm\prim

Events (10 events):
Event: 0.077 loading class java/io/FilePermissionCollection
Event: 0.077 loading class java/io/FilePermissionCollection done
Event: 0.077 loading class java/security/AllPermission
Event: 0.077 loading class java/security/AllPermission done
Event: 0.077 loading class java/security/UnresolvedPermission
Event: 0.077 loading class java/security/UnresolvedPermission done
Event: 0.077 loading class java/security/BasicPermissionCollection
Event: 0.077 loading class java/security/BasicPermissionCollection done
Event: 0.078 loading class javafx/application/Application
Event: 0.078 loading class javafx/application/Application done


Dynamic libraries:
0x00007ff6df100000 - 0x00007ff6df137000 	C:\Program Files\Java\jdk1.8.0_211\bin\java.exe
0x00007ffe08010000 - 0x00007ffe08205000 	C:\WINDOWS\SYSTEM32\ntdll.dll
0x00007ffdffd60000 - 0x00007ffdffd76000 	C:\Program Files\AVAST Software\Avast\aswhook.dll
0x00007ffe06490000 - 0x00007ffe0654e000 	C:\WINDOWS\System32\KERNEL32.DLL
0x00007ffe05970000 - 0x00007ffe05c38000 	C:\WINDOWS\System32\KERNELBASE.dll
0x00007ffe07f20000 - 0x00007ffe07fce000 	C:\WINDOWS\System32\ADVAPI32.dll
0x00007ffe06120000 - 0x00007ffe061be000 	C:\WINDOWS\System32\msvcrt.dll
0x00007ffe07840000 - 0x00007ffe078dc000 	C:\WINDOWS\System32\sechost.dll
0x00007ffe06af0000 - 0x00007ffe06c15000 	C:\WINDOWS\System32\RPCRT4.dll
0x00007ffe07940000 - 0x00007ffe07ae0000 	C:\WINDOWS\System32\USER32.dll
0x00007ffe05f30000 - 0x00007ffe05f52000 	C:\WINDOWS\System32\win32u.dll
0x00007ffe06cb0000 - 0x00007ffe06cdb000 	C:\WINDOWS\System32\GDI32.dll
0x00007ffe05750000 - 0x00007ffe0585d000 	C:\WINDOWS\System32\gdi32full.dll
0x00007ffe05860000 - 0x00007ffe058fd000 	C:\WINDOWS\System32\msvcp_win.dll
0x00007ffe05cd0000 - 0x00007ffe05dd0000 	C:\WINDOWS\System32\ucrtbase.dll
0x00007ffdeca80000 - 0x00007ffdecd1a000 	C:\WINDOWS\WinSxS\amd64_microsoft.windows.common-controls_6595b64144ccf1df_6.0.19041.1110_none_60b5254171f9507e\COMCTL32.dll
0x00007ffe06c20000 - 0x00007ffe06c50000 	C:\WINDOWS\System32\IMM32.DLL
0x00000000660f0000 - 0x00000000661c2000 	C:\Program Files\Java\jdk1.8.0_211\jre\bin\msvcr100.dll
0x00000000661d0000 - 0x0000000066a75000 	C:\Program Files\Java\jdk1.8.0_211\jre\bin\server\jvm.dll
0x00007ffe06ce0000 - 0x00007ffe06ce8000 	C:\WINDOWS\System32\PSAPI.DLL
0x00007ffde75c0000 - 0x00007ffde75e7000 	C:\WINDOWS\SYSTEM32\WINMM.dll
0x00007ffdf6dc0000 - 0x00007ffdf6dc9000 	C:\WINDOWS\SYSTEM32\WSOCK32.dll
0x00007ffdfe5c0000 - 0x00007ffdfe5ca000 	C:\WINDOWS\SYSTEM32\VERSION.dll
0x00007ffe077d0000 - 0x00007ffe0783b000 	C:\WINDOWS\System32\WS2_32.dll
0x00007ffdfe350000 - 0x00007ffdfe35f000 	C:\Program Files\Java\jdk1.8.0_211\jre\bin\verify.dll
0x00007ffde9d70000 - 0x00007ffde9d99000 	C:\Program Files\Java\jdk1.8.0_211\jre\bin\java.dll
0x00007ffdef520000 - 0x00007ffdef536000 	C:\Program Files\Java\jdk1.8.0_211\jre\bin\zip.dll
0x00007ffe06cf0000 - 0x00007ffe07434000 	C:\WINDOWS\System32\SHELL32.dll
0x00007ffe03450000 - 0x00007ffe03be4000 	C:\WINDOWS\SYSTEM32\windows.storage.dll
0x00007ffe07ae0000 - 0x00007ffe07e35000 	C:\WINDOWS\System32\combase.dll
0x00007ffe05170000 - 0x00007ffe0519e000 	C:\WINDOWS\SYSTEM32\Wldp.dll
0x00007ffe07570000 - 0x00007ffe0761d000 	C:\WINDOWS\System32\SHCORE.dll
0x00007ffe078e0000 - 0x00007ffe07935000 	C:\WINDOWS\System32\shlwapi.dll
0x00007ffe05660000 - 0x00007ffe0567f000 	C:\WINDOWS\SYSTEM32\profapi.dll

VM Arguments:
jvm_args: -Dfile.encoding=UTF-8 
java_command: test.NewFXMain
java_class_path (initial): C:\Program Files\NetBeans 8.2\ide\modules\ext\mysql-connector-java-5.1.23-bin.jar;C:\Users\ASUS CELERON\Desktop\controlsfx-8.40.11.jar;C:\Users\ASUS CELERON\Desktop\TMN\TMN_Pidev\build\classes
Launcher Type: SUN_STANDARD

Environment Variables:
JAVA_HOME=C:\Program Files\Java\jdk1.8.0_211
PATH=C:\oraclexe\app\oracle\product\10.2.0\server\bin;C:\wamp64\bin\php\php7.4.9;C:\Program Files (x86)\Common Files\Intel\Shared Libraries\redist\intel64\compiler;C:\Program Files (x86)\VMware\VMware Workstation\bin\;C:\Program Files\Java\jdk1.8.0_211\bin;C:\Program Files (x86)\Common Files\Oracle\Java\javapath;C:\wamp64\bin\php\php7.3.21;C:\composer;C:\Program Files\Symfony;C:\Program Files (x86)\Git\cmd;C:\Program Files (x86)\Git\mingw32\bin;C:\Program Files (x86)\Git\usr\bin;C:\Users\ASUS CELERON\anaconda3;C:\Users\ASUS CELERON\anaconda3\Library\mingw-w64\bin;C:\Users\ASUS CELERON\anaconda3\Library\usr\bin;C:\Users\ASUS CELERON\anaconda3\Library\bin;C:\Users\ASUS CELERON\anaconda3\Scripts;C:\Users\ASUS CELERON\AppData\Local\Microsoft\WindowsApps;C:\Users\ASUS CELERON\AppData\Local\Programs\Microsoft VS Code\bin;C:\Users\ASUS CELERON\AppData\Local\GitHubDesktop\bin;C:\Users\ASUS CELERON\AppData\Roaming\Composer\vendor\bin;C:\wamp64\bin\php\php7.4.9;
USERNAME=ASUS CELERON
OS=Windows_NT
PROCESSOR_IDENTIFIER=Intel64 Family 6 Model 142 Stepping 10, GenuineIntel



---------------  S Y S T E M  ---------------

OS: Windows 10.0 , 64 bit Build 19041 (10.0.19041.1503)

CPU:total 8 (initial active 8) (4 cores per cpu, 2 threads per core) family 6 model 142 stepping 10, cmov, cx8, fxsr, mmx, sse, sse2, sse3, ssse3, sse4.1, sse4.2, popcnt, avx, avx2, aes, clmul, erms, 3dnowpref, lzcnt, ht, tsc, tscinvbit, bmi1, bmi2, adx

Memory: 4k page, physical 8264684k(2003428k free), swap 10214380k(5124k free)

vm_info: Java HotSpot(TM) 64-Bit Server VM (25.211-b12) for windows-amd64 JRE (1.8.0_211-b12), built on Apr  1 2019 20:53:26 by "java_re" with MS VC++ 10.0 (VS2010)

time: Thu Mar 03 01:21:13 2022
timezone: Afr. centrale Ouest
elapsed time: 0 seconds (0d 0h 0m 0s)

