#
# There is insufficient memory for the Java Runtime Environment to continue.
# Native memory allocation (malloc) failed to allocate 32744 bytes for ChunkPool::allocate
# Possible reasons:
#   The system is out of physical RAM or swap space
#   The process is running with CompressedOops enabled, and the Java Heap may be blocking the growth of the native heap
# Possible solutions:
#   Reduce memory load on the system
#   Increase physical memory or swap space
#   Check if swap backing store is full
#   Decrease Java heap size (-Xmx/-Xms)
#   Decrease number of Java threads
#   Decrease Java thread stack sizes (-Xss)
#   Set larger code cache with -XX:ReservedCodeCacheSize=
#   JVM is running with Unscaled Compressed Oops mode in which the Java heap is
#     placed in the first 4GB address space. The Java Heap base address is the
#     maximum limit for the native heap growth. Please use -XX:HeapBaseMinAddress
#     to set the Java Heap base and to place the Java Heap above 4GB virtual address.
# This output file may be truncated or incomplete.
#
#  Out of Memory Error (allocation.cpp:272), pid=7688, tid=0x000000000000069c
#
# JRE version: Java(TM) SE Runtime Environment (8.0_211-b12) (build 1.8.0_211-b12)
# Java VM: Java HotSpot(TM) 64-Bit Server VM (25.211-b12 mixed mode windows-amd64 compressed oops)
# Failed to write core dump. Minidumps are not enabled by default on client versions of Windows
#

---------------  T H R E A D  ---------------

Current thread (0x00000000198fe000):  JavaThread "C1 CompilerThread3" daemon [_thread_in_native, id=1692, stack(0x000000001a4f0000,0x000000001a5f0000)]

Stack: [0x000000001a4f0000,0x000000001a5f0000]
[error occurred during error reporting (printing stack bounds), id 0xc0000005]

Native frames: (J=compiled Java code, j=interpreted, Vv=VM code, C=native code)


Current CompileTask:
C1:   1417 1316       3       com.sun.javafx.css.BitSet::retainAll (318 bytes)


---------------  P R O C E S S  ---------------

Java Threads: ( => current thread )
  0x000000001ae98000 JavaThread "Prism Font Disposer" daemon [_thread_blocked, id=4344, stack(0x0000000022e10000,0x0000000022f10000)]
  0x000000001a9f3000 JavaThread "mysql-cj-abandoned-connection-cleanup" daemon [_thread_blocked, id=15648, stack(0x00000000200f0000,0x00000000201f0000)]
  0x000000001a997000 JavaThread "Abandoned connection cleanup thread" daemon [_thread_blocked, id=4924, stack(0x000000001fff0000,0x00000000200f0000)]
  0x000000001a949800 JavaThread "Thread-3" daemon [_thread_in_native, id=2376, stack(0x000000001f7f0000,0x000000001f8f0000)]
  0x000000001a948800 JavaThread "JavaFX-Launcher" [_thread_blocked, id=9744, stack(0x000000001f8f0000,0x000000001f9f0000)]
  0x000000001a8d1800 JavaThread "JavaFX Application Thread" [_thread_in_Java, id=16220, stack(0x000000001b6d0000,0x000000001b7d0000)]
  0x000000001a8c3800 JavaThread "Thread-1" daemon [_thread_blocked, id=2924, stack(0x000000001b5d0000,0x000000001b6d0000)]
  0x000000001a89f000 JavaThread "QuantumRenderer-0" daemon [_thread_blocked, id=16352, stack(0x000000001b1e0000,0x000000001b2e0000)]
  0x0000000019993800 JavaThread "Service Thread" daemon [_thread_blocked, id=12284, stack(0x000000001a5f0000,0x000000001a6f0000)]
=>0x00000000198fe000 JavaThread "C1 CompilerThread3" daemon [_thread_in_native, id=1692, stack(0x000000001a4f0000,0x000000001a5f0000)]
  0x00000000198f6000 JavaThread "C2 CompilerThread2" daemon [_thread_in_native, id=8292, stack(0x000000001a3f0000,0x000000001a4f0000)]
  0x00000000198f5000 JavaThread "C2 CompilerThread1" daemon [_thread_in_native, id=2116, stack(0x000000001a2f0000,0x000000001a3f0000)]
  0x00000000198f2800 JavaThread "C2 CompilerThread0" daemon [_thread_in_native, id=1700, stack(0x000000001a1f0000,0x000000001a2f0000)]
  0x00000000198ef000 JavaThread "Attach Listener" daemon [_thread_blocked, id=7904, stack(0x000000001a0f0000,0x000000001a1f0000)]
  0x0000000017aee000 JavaThread "Signal Dispatcher" daemon [_thread_blocked, id=1660, stack(0x0000000019ff0000,0x000000001a0f0000)]
  0x0000000002b67800 JavaThread "Finalizer" daemon [_thread_blocked, id=11528, stack(0x0000000019dc0000,0x0000000019ec0000)]
  0x00000000198e0800 JavaThread "Reference Handler" daemon [_thread_blocked, id=8084, stack(0x0000000019cc0000,0x0000000019dc0000)]
  0x0000000002a72800 JavaThread "main" [_thread_blocked, id=10800, stack(0x0000000002970000,0x0000000002a70000)]

Other Threads:
  0x0000000017ad9800 VMThread [stack: 0x00000000197c0000,0x00000000198c0000] [id=7404]
  0x0000000019919800 WatcherThread [stack: 0x000000001a6f0000,0x000000001a7f0000] [id=5840]

VM state:not at safepoint (normal execution)

VM Mutex/Monitor currently owned by a thread: None

heap address: 0x0000000081e00000, size: 2018 MB, Compressed Oops mode: 32-bit
Narrow klass base: 0x0000000000000000, Narrow klass shift: 3
Compressed class space size: 1073741824 Address: 0x0000000100000000

Heap:
 PSYoungGen      total 38400K, used 7926K [0x00000000d5f80000, 0x00000000d8a00000, 0x0000000100000000)
  eden space 33280K, 8% used [0x00000000d5f80000,0x00000000d62676d0,0x00000000d8000000)
  from space 5120K, 96% used [0x00000000d8500000,0x00000000d89d6450,0x00000000d8a00000)
  to   space 5120K, 0% used [0x00000000d8000000,0x00000000d8000000,0x00000000d8500000)
 ParOldGen       total 62464K, used 4595K [0x0000000081e00000, 0x0000000085b00000, 0x00000000d5f80000)
  object space 62464K, 7% used [0x0000000081e00000,0x000000008227ce20,0x0000000085b00000)
 Metaspace       used 18585K, capacity 19334K, committed 19584K, reserved 1077248K
  class space    used 2640K, capacity 2838K, committed 2944K, reserved 1048576K

Card table byte_map: [0x0000000011f30000,0x0000000012330000] byte_map_base: 0x0000000011b21000

Marking Bits: (ParMarkBitMap*) 0x000000005c2e5ce0
 Begin Bits: [0x0000000012de0000, 0x0000000014d68000)
 End Bits:   [0x0000000014d68000, 0x0000000016cf0000)

Polling page: 0x0000000002850000

CodeCache: size=245760Kb used=4584Kb max_used=4586Kb free=241175Kb
 bounds [0x0000000002b70000, 0x0000000002ff0000, 0x0000000011b70000]
 total_blobs=1959 nmethods=1314 adapters=557
 compilation: enabled

Compilation events (10 events):
Event: 1.366 Thread 0x00000000198fe000 nmethod 1310 0x0000000002fece50 code [0x0000000002fecfc0, 0x0000000002fed328]
Event: 1.366 Thread 0x00000000198fe000 1312       3       javafx.scene.Node::getId (22 bytes)
Event: 1.366 Thread 0x00000000198fe000 nmethod 1312 0x0000000002fec890 code [0x0000000002feca00, 0x0000000002fecd68]
Event: 1.366 Thread 0x00000000198fe000 1314       3       javafx.beans.property.BooleanPropertyBase::isBound (13 bytes)
Event: 1.366 Thread 0x00000000198fe000 nmethod 1314 0x0000000002fec510 code [0x0000000002fec660, 0x0000000002fec810]
Event: 1.367 Thread 0x00000000198fe000 1315       3       com.sun.javafx.css.PseudoClassState::retainAll (6 bytes)
Event: 1.367 Thread 0x00000000198fe000 nmethod 1315 0x0000000002fec190 code [0x0000000002fec300, 0x0000000002fec488]
Event: 1.367 Thread 0x00000000198fe000 1317       3       com.sun.javafx.css.PseudoClassState::hashCode (5 bytes)
Event: 1.368 Thread 0x00000000198fe000 nmethod 1317 0x0000000002febe10 code [0x0000000002febf80, 0x0000000002fec108]
Event: 1.368 Thread 0x00000000198fe000 1316       3       com.sun.javafx.css.BitSet::retainAll (318 bytes)

GC Heap History (6 events):
Event: 0.587 GC heap before
{Heap before GC invocations=1 (full 0):
 PSYoungGen      total 38400K, used 12013K [0x00000000d5f80000, 0x00000000d8a00000, 0x0000000100000000)
  eden space 33280K, 36% used [0x00000000d5f80000,0x00000000d6b3b7e8,0x00000000d8000000)
  from space 5120K, 0% used [0x00000000d8500000,0x00000000d8500000,0x00000000d8a00000)
  to   space 5120K, 0% used [0x00000000d8000000,0x00000000d8000000,0x00000000d8500000)
 ParOldGen       total 87552K, used 0K [0x0000000081e00000, 0x0000000087380000, 0x00000000d5f80000)
  object space 87552K, 0% used [0x0000000081e00000,0x0000000081e00000,0x0000000087380000)
 Metaspace       used 7371K, capacity 7628K, committed 7808K, reserved 1067008K
  class space    used 905K, capacity 1029K, committed 1152K, reserved 1048576K
Event: 0.589 GC heap after
Heap after GC invocations=1 (full 0):
 PSYoungGen      total 38400K, used 1240K [0x00000000d5f80000, 0x00000000d8a00000, 0x0000000100000000)
  eden space 33280K, 0% used [0x00000000d5f80000,0x00000000d5f80000,0x00000000d8000000)
  from space 5120K, 24% used [0x00000000d8000000,0x00000000d81361b8,0x00000000d8500000)
  to   space 5120K, 0% used [0x00000000d8500000,0x00000000d8500000,0x00000000d8a00000)
 ParOldGen       total 87552K, used 72K [0x0000000081e00000, 0x0000000087380000, 0x00000000d5f80000)
  object space 87552K, 0% used [0x0000000081e00000,0x0000000081e12010,0x0000000087380000)
 Metaspace       used 7371K, capacity 7628K, committed 7808K, reserved 1067008K
  class space    used 905K, capacity 1029K, committed 1152K, reserved 1048576K
}
Event: 0.589 GC heap before
{Heap before GC invocations=2 (full 1):
 PSYoungGen      total 38400K, used 1240K [0x00000000d5f80000, 0x00000000d8a00000, 0x0000000100000000)
  eden space 33280K, 0% used [0x00000000d5f80000,0x00000000d5f80000,0x00000000d8000000)
  from space 5120K, 24% used [0x00000000d8000000,0x00000000d81361b8,0x00000000d8500000)
  to   space 5120K, 0% used [0x00000000d8500000,0x00000000d8500000,0x00000000d8a00000)
 ParOldGen       total 87552K, used 72K [0x0000000081e00000, 0x0000000087380000, 0x00000000d5f80000)
  object space 87552K, 0% used [0x0000000081e00000,0x0000000081e12010,0x0000000087380000)
 Metaspace       used 7371K, capacity 7628K, committed 7808K, reserved 1067008K
  class space    used 905K, capacity 1029K, committed 1152K, reserved 1048576K
Event: 0.597 GC heap after
Heap after GC invocations=2 (full 1):
 PSYoungGen      total 38400K, used 0K [0x00000000d5f80000, 0x00000000d8a00000, 0x0000000100000000)
  eden space 33280K, 0% used [0x00000000d5f80000,0x00000000d5f80000,0x00000000d8000000)
  from space 5120K, 0% used [0x00000000d8000000,0x00000000d8000000,0x00000000d8500000)
  to   space 5120K, 0% used [0x00000000d8500000,0x00000000d8500000,0x00000000d8a00000)
 ParOldGen       total 62464K, used 1170K [0x0000000081e00000, 0x0000000085b00000, 0x00000000d5f80000)
  object space 62464K, 1% used [0x0000000081e00000,0x0000000081f24950,0x0000000085b00000)
 Metaspace       used 7371K, capacity 7628K, committed 7808K, reserved 1064960K
  class space    used 905K, capacity 1029K, committed 1152K, reserved 1048576K
}
Event: 1.347 GC heap before
{Heap before GC invocations=3 (full 1):
 PSYoungGen      total 38400K, used 33280K [0x00000000d5f80000, 0x00000000d8a00000, 0x0000000100000000)
  eden space 33280K, 100% used [0x00000000d5f80000,0x00000000d8000000,0x00000000d8000000)
  from space 5120K, 0% used [0x00000000d8000000,0x00000000d8000000,0x00000000d8500000)
  to   space 5120K, 0% used [0x00000000d8500000,0x00000000d8500000,0x00000000d8a00000)
 ParOldGen       total 62464K, used 1170K [0x0000000081e00000, 0x0000000085b00000, 0x00000000d5f80000)
  object space 62464K, 1% used [0x0000000081e00000,0x0000000081f24950,0x0000000085b00000)
 Metaspace       used 18048K, capacity 18702K, committed 18944K, reserved 1077248K
  class space    used 2539K, capacity 2740K, committed 2816K, reserved 1048576K
Event: 1.352 GC heap after
Heap after GC invocations=3 (full 1):
 PSYoungGen      total 38400K, used 4953K [0x00000000d5f80000, 0x00000000d8a00000, 0x0000000100000000)
  eden space 33280K, 0% used [0x00000000d5f80000,0x00000000d5f80000,0x00000000d8000000)
  from space 5120K, 96% used [0x00000000d8500000,0x00000000d89d6450,0x00000000d8a00000)
  to   space 5120K, 0% used [0x00000000d8000000,0x00000000d8000000,0x00000000d8500000)
 ParOldGen       total 62464K, used 4595K [0x0000000081e00000, 0x0000000085b00000, 0x00000000d5f80000)
  object space 62464K, 7% used [0x0000000081e00000,0x000000008227ce20,0x0000000085b00000)
 Metaspace       used 18048K, capacity 18702K, committed 18944K, reserved 1077248K
  class space    used 2539K, capacity 2740K, committed 2816K, reserved 1048576K
}

Deoptimization events (10 events):
Event: 1.247 Thread 0x000000001a8d1800 Uncommon trap: reason=class_check action=maybe_recompile pc=0x0000000002e65de0 method=java.io.DataInputStream.readShort()S @ 4
Event: 1.247 Thread 0x000000001a8d1800 Uncommon trap: reason=class_check action=maybe_recompile pc=0x0000000002e65de0 method=java.io.DataInputStream.readShort()S @ 4
Event: 1.247 Thread 0x000000001a8d1800 Uncommon trap: reason=class_check action=maybe_recompile pc=0x0000000002e65de0 method=java.io.DataInputStream.readShort()S @ 4
Event: 1.247 Thread 0x000000001a8d1800 Uncommon trap: reason=class_check action=maybe_recompile pc=0x0000000002e65de0 method=java.io.DataInputStream.readShort()S @ 4
Event: 1.249 Thread 0x000000001a8d1800 Uncommon trap: reason=class_check action=maybe_recompile pc=0x0000000002c913a8 method=java.lang.String.equals(Ljava/lang/Object;)Z @ 8
Event: 1.249 Thread 0x000000001a8d1800 Uncommon trap: reason=class_check action=maybe_recompile pc=0x0000000002c913a8 method=java.lang.String.equals(Ljava/lang/Object;)Z @ 8
Event: 1.249 Thread 0x000000001a8d1800 Uncommon trap: reason=class_check action=maybe_recompile pc=0x0000000002c913a8 method=java.lang.String.equals(Ljava/lang/Object;)Z @ 8
Event: 1.250 Thread 0x000000001a8d1800 Uncommon trap: reason=class_check action=maybe_recompile pc=0x0000000002c913a8 method=java.lang.String.equals(Ljava/lang/Object;)Z @ 8
Event: 1.265 Thread 0x000000001a8d1800 Uncommon trap: reason=unstable_if action=reinterpret pc=0x0000000002ee864c method=java.lang.String.regionMatches(ZILjava/lang/String;II)Z @ 123
Event: 1.310 Thread 0x000000001a8d1800 Uncommon trap: reason=unstable_if action=reinterpret pc=0x0000000002f627ac method=java.lang.ClassLoader.checkName(Ljava/lang/String;)Z @ 20

Classes redefined (0 events):
No events

Internal exceptions (10 events):
Event: 0.936 Thread 0x000000001a8d1800 Exception <a 'java/lang/ArrayIndexOutOfBoundsException'> (0x00000000d6f45558) thrown at [C:\re\workspace\8-2-build-windows-amd64-cygwin\jdk8u211\12973\hotspot\src\share\vm\runtime\sharedRuntime.cpp, line 605]
Event: 0.936 Thread 0x000000001a8d1800 Exception <a 'java/lang/ArrayIndexOutOfBoundsException'> (0x00000000d6f46900) thrown at [C:\re\workspace\8-2-build-windows-amd64-cygwin\jdk8u211\12973\hotspot\src\share\vm\runtime\sharedRuntime.cpp, line 605]
Event: 0.958 Thread 0x000000001a8d1800 Exception <a 'java/io/FileNotFoundException'> (0x00000000d7030ac8) thrown at [C:\re\workspace\8-2-build-windows-amd64-cygwin\jdk8u211\12973\hotspot\src\share\vm\prims\jni.cpp, line 710]
Event: 0.984 Thread 0x000000001a8d1800 Exception <a 'java/lang/ArrayIndexOutOfBoundsException'> (0x00000000d744da20) thrown at [C:\re\workspace\8-2-build-windows-amd64-cygwin\jdk8u211\12973\hotspot\src\share\vm\runtime\sharedRuntime.cpp, line 605]
Event: 0.984 Thread 0x000000001a8d1800 Exception <a 'java/lang/ArrayIndexOutOfBoundsException'> (0x00000000d744ee10) thrown at [C:\re\workspace\8-2-build-windows-amd64-cygwin\jdk8u211\12973\hotspot\src\share\vm\runtime\sharedRuntime.cpp, line 605]
Event: 0.995 Thread 0x000000001a8d1800 Exception <a 'java/lang/ArrayIndexOutOfBoundsException'> (0x00000000d74d00c0) thrown at [C:\re\workspace\8-2-build-windows-amd64-cygwin\jdk8u211\12973\hotspot\src\share\vm\runtime\sharedRuntime.cpp, line 605]
Event: 1.124 Thread 0x000000001a8d1800 Implicit null exception at 0x0000000002ea5835 to 0x0000000002ea5a45
Event: 1.125 Thread 0x000000001a8d1800 Implicit null exception at 0x0000000002eb03d8 to 0x0000000002eb0466
Event: 1.156 Thread 0x000000001a8d1800 Exception <a 'java/io/FileNotFoundException'> (0x00000000d799c690) thrown at [C:\re\workspace\8-2-build-windows-amd64-cygwin\jdk8u211\12973\hotspot\src\share\vm\prims\jni.cpp, line 710]
Event: 1.156 Thread 0x000000001a8d1800 Exception <a 'java/io/FileNotFoundException'> (0x00000000d799dd30) thrown at [C:\re\workspace\8-2-build-windows-amd64-cygwin\jdk8u211\12973\hotspot\src\share\vm\prims\jni.cpp, line 710]

Events (10 events):
Event: 1.365 loading class javafx/scene/input/TouchEvent
Event: 1.365 loading class javafx/scene/input/TouchEvent done
Event: 1.365 loading class com/sun/javafx/scene/control/skin/ScrollPaneSkin
Event: 1.365 loading class com/sun/javafx/scene/control/skin/ScrollPaneSkin done
Event: 1.366 loading class javafx/collections/FXCollections$UnmodifiableObservableSet
Event: 1.366 loading class javafx/collections/FXCollections$UnmodifiableObservableSet done
Event: 1.367 loading class com/sun/javafx/collections/SetAdapterChange
Event: 1.367 loading class com/sun/javafx/collections/SetAdapterChange done
Event: 1.367 loading class com/sun/javafx/css/BitSet$1
Event: 1.367 loading class com/sun/javafx/css/BitSet$1 done


Dynamic libraries:
0x00007ff6c4100000 - 0x00007ff6c4137000 	C:\Program Files\Java\jdk1.8.0_211\bin\java.exe
0x00007ffe52510000 - 0x00007ffe52705000 	C:\WINDOWS\SYSTEM32\ntdll.dll
0x00007ffe46080000 - 0x00007ffe46096000 	C:\Program Files\AVAST Software\Avast\aswhook.dll
0x00007ffe52260000 - 0x00007ffe5231e000 	C:\WINDOWS\System32\KERNEL32.DLL
0x00007ffe4fe40000 - 0x00007ffe50108000 	C:\WINDOWS\System32\KERNELBASE.dll
0x00007ffe51f50000 - 0x00007ffe51ffe000 	C:\WINDOWS\System32\ADVAPI32.dll
0x00007ffe52320000 - 0x00007ffe523be000 	C:\WINDOWS\System32\msvcrt.dll
0x00007ffe52430000 - 0x00007ffe524cc000 	C:\WINDOWS\System32\sechost.dll
0x00007ffe516d0000 - 0x00007ffe517f5000 	C:\WINDOWS\System32\RPCRT4.dll
0x00007ffe52000000 - 0x00007ffe521a0000 	C:\WINDOWS\System32\USER32.dll
0x00007ffe502d0000 - 0x00007ffe502f2000 	C:\WINDOWS\System32\win32u.dll
0x00007ffe52230000 - 0x00007ffe5225b000 	C:\WINDOWS\System32\GDI32.dll
0x00007ffe501c0000 - 0x00007ffe502cd000 	C:\WINDOWS\System32\gdi32full.dll
0x00007ffe4fd70000 - 0x00007ffe4fe0d000 	C:\WINDOWS\System32\msvcp_win.dll
0x00007ffe4fc70000 - 0x00007ffe4fd70000 	C:\WINDOWS\System32\ucrtbase.dll
0x00007ffe36330000 - 0x00007ffe365ca000 	C:\WINDOWS\WinSxS\amd64_microsoft.windows.common-controls_6595b64144ccf1df_6.0.19041.1110_none_60b5254171f9507e\COMCTL32.dll
0x00007ffe50e50000 - 0x00007ffe50e80000 	C:\WINDOWS\System32\IMM32.DLL
0x000000005b9d0000 - 0x000000005baa2000 	C:\Program Files\Java\jdk1.8.0_211\jre\bin\msvcr100.dll
0x000000005bac0000 - 0x000000005c365000 	C:\Program Files\Java\jdk1.8.0_211\jre\bin\server\jvm.dll
0x00007ffe511e0000 - 0x00007ffe511e8000 	C:\WINDOWS\System32\PSAPI.DLL
0x00007ffe36780000 - 0x00007ffe367a7000 	C:\WINDOWS\SYSTEM32\WINMM.dll
0x00007ffe38810000 - 0x00007ffe38819000 	C:\WINDOWS\SYSTEM32\WSOCK32.dll
0x00007ffe49400000 - 0x00007ffe4940a000 	C:\WINDOWS\SYSTEM32\VERSION.dll
0x00007ffe51d30000 - 0x00007ffe51d9b000 	C:\WINDOWS\System32\WS2_32.dll
0x00007ffe4b880000 - 0x00007ffe4b88f000 	C:\Program Files\Java\jdk1.8.0_211\jre\bin\verify.dll
0x00007ffe486c0000 - 0x00007ffe486e9000 	C:\Program Files\Java\jdk1.8.0_211\jre\bin\java.dll
0x00007ffe48650000 - 0x00007ffe48666000 	C:\Program Files\Java\jdk1.8.0_211\jre\bin\zip.dll
0x00007ffe50700000 - 0x00007ffe50e44000 	C:\WINDOWS\System32\SHELL32.dll
0x00007ffe4dd10000 - 0x00007ffe4e4a4000 	C:\WINDOWS\SYSTEM32\windows.storage.dll
0x00007ffe50e80000 - 0x00007ffe511d5000 	C:\WINDOWS\System32\combase.dll
0x00007ffe4f670000 - 0x00007ffe4f69e000 	C:\WINDOWS\SYSTEM32\Wldp.dll
0x00007ffe515c0000 - 0x00007ffe5166d000 	C:\WINDOWS\System32\SHCORE.dll
0x00007ffe50640000 - 0x00007ffe50695000 	C:\WINDOWS\System32\shlwapi.dll
0x00007ffe4fb60000 - 0x00007ffe4fb7f000 	C:\WINDOWS\SYSTEM32\profapi.dll
0x00000000028d0000 - 0x00000000028d3000 	C:\Program Files\Java\jdk1.8.0_211\jre\bin\api-ms-win-core-console-l1-1-0.dll
0x00000000028e0000 - 0x00000000028e3000 	C:\Program Files\Java\jdk1.8.0_211\jre\bin\api-ms-win-core-datetime-l1-1-0.dll
0x00000000028f0000 - 0x00000000028f3000 	C:\Program Files\Java\jdk1.8.0_211\jre\bin\api-ms-win-core-debug-l1-1-0.dll
0x0000000002900000 - 0x0000000002903000 	C:\Program Files\Java\jdk1.8.0_211\jre\bin\api-ms-win-core-errorhandling-l1-1-0.dll
0x0000000002910000 - 0x0000000002914000 	C:\Program Files\Java\jdk1.8.0_211\jre\bin\api-ms-win-core-file-l1-1-0.dll
0x0000000002920000 - 0x0000000002923000 	C:\Program Files\Java\jdk1.8.0_211\jre\bin\api-ms-win-core-file-l1-2-0.dll
0x0000000002930000 - 0x0000000002933000 	C:\Program Files\Java\jdk1.8.0_211\jre\bin\api-ms-win-core-file-l2-1-0.dll
0x0000000002940000 - 0x0000000002943000 	C:\Program Files\Java\jdk1.8.0_211\jre\bin\api-ms-win-core-handle-l1-1-0.dll
0x0000000002950000 - 0x0000000002953000 	C:\Program Files\Java\jdk1.8.0_211\jre\bin\api-ms-win-core-heap-l1-1-0.dll
0x000000001aff0000 - 0x000000001aff3000 	C:\Program Files\Java\jdk1.8.0_211\jre\bin\api-ms-win-core-interlocked-l1-1-0.dll
0x000000001b000000 - 0x000000001b003000 	C:\Program Files\Java\jdk1.8.0_211\jre\bin\api-ms-win-core-libraryloader-l1-1-0.dll
0x000000001b010000 - 0x000000001b013000 	C:\Program Files\Java\jdk1.8.0_211\jre\bin\api-ms-win-core-localization-l1-2-0.dll
0x000000001b020000 - 0x000000001b023000 	C:\Program Files\Java\jdk1.8.0_211\jre\bin\api-ms-win-core-memory-l1-1-0.dll
0x000000001b030000 - 0x000000001b033000 	C:\Program Files\Java\jdk1.8.0_211\jre\bin\api-ms-win-core-namedpipe-l1-1-0.dll
0x000000001b040000 - 0x000000001b043000 	C:\Program Files\Java\jdk1.8.0_211\jre\bin\api-ms-win-core-processenvironment-l1-1-0.dll
0x000000001b050000 - 0x000000001b053000 	C:\Program Files\Java\jdk1.8.0_211\jre\bin\api-ms-win-core-processthreads-l1-1-0.dll
0x000000001b060000 - 0x000000001b063000 	C:\Program Files\Java\jdk1.8.0_211\jre\bin\api-ms-win-core-processthreads-l1-1-1.dll
0x000000001b070000 - 0x000000001b073000 	C:\Program Files\Java\jdk1.8.0_211\jre\bin\api-ms-win-core-profile-l1-1-0.dll
0x000000001b080000 - 0x000000001b083000 	C:\Program Files\Java\jdk1.8.0_211\jre\bin\api-ms-win-core-rtlsupport-l1-1-0.dll
0x000000001b090000 - 0x000000001b093000 	C:\Program Files\Java\jdk1.8.0_211\jre\bin\api-ms-win-core-string-l1-1-0.dll
0x000000001b0a0000 - 0x000000001b0a3000 	C:\Program Files\Java\jdk1.8.0_211\jre\bin\api-ms-win-core-synch-l1-1-0.dll
0x000000001b0b0000 - 0x000000001b0b3000 	C:\Program Files\Java\jdk1.8.0_211\jre\bin\api-ms-win-core-synch-l1-2-0.dll
0x000000001b0c0000 - 0x000000001b0c3000 	C:\Program Files\Java\jdk1.8.0_211\jre\bin\api-ms-win-core-sysinfo-l1-1-0.dll
0x000000001b0d0000 - 0x000000001b0d3000 	C:\Program Files\Java\jdk1.8.0_211\jre\bin\api-ms-win-core-timezone-l1-1-0.dll
0x000000001b0e0000 - 0x000000001b0e3000 	C:\Program Files\Java\jdk1.8.0_211\jre\bin\api-ms-win-core-util-l1-1-0.dll
0x000000001b0f0000 - 0x000000001b0f3000 	C:\Program Files\Java\jdk1.8.0_211\jre\bin\api-ms-win-crt-conio-l1-1-0.dll
0x000000001b100000 - 0x000000001b104000 	C:\Program Files\Java\jdk1.8.0_211\jre\bin\api-ms-win-crt-convert-l1-1-0.dll
0x000000001b110000 - 0x000000001b113000 	C:\Program Files\Java\jdk1.8.0_211\jre\bin\api-ms-win-crt-environment-l1-1-0.dll
0x000000001b120000 - 0x000000001b123000 	C:\Program Files\Java\jdk1.8.0_211\jre\bin\api-ms-win-crt-filesystem-l1-1-0.dll
0x000000001b130000 - 0x000000001b133000 	C:\Program Files\Java\jdk1.8.0_211\jre\bin\api-ms-win-crt-heap-l1-1-0.dll
0x000000001b140000 - 0x000000001b143000 	C:\Program Files\Java\jdk1.8.0_211\jre\bin\api-ms-win-crt-locale-l1-1-0.dll
0x000000001b150000 - 0x000000001b155000 	C:\Program Files\Java\jdk1.8.0_211\jre\bin\api-ms-win-crt-math-l1-1-0.dll
0x000000001b160000 - 0x000000001b165000 	C:\Program Files\Java\jdk1.8.0_211\jre\bin\api-ms-win-crt-multibyte-l1-1-0.dll
0x000000001b170000 - 0x000000001b180000 	C:\Program Files\Java\jdk1.8.0_211\jre\bin\api-ms-win-crt-private-l1-1-0.dll
0x000000001b180000 - 0x000000001b183000 	C:\Program Files\Java\jdk1.8.0_211\jre\bin\api-ms-win-crt-process-l1-1-0.dll
0x000000001b190000 - 0x000000001b194000 	C:\Program Files\Java\jdk1.8.0_211\jre\bin\api-ms-win-crt-runtime-l1-1-0.dll
0x000000001b1a0000 - 0x000000001b1a4000 	C:\Program Files\Java\jdk1.8.0_211\jre\bin\api-ms-win-crt-stdio-l1-1-0.dll
0x000000001b1b0000 - 0x000000001b1b4000 	C:\Program Files\Java\jdk1.8.0_211\jre\bin\api-ms-win-crt-string-l1-1-0.dll
0x000000001b1c0000 - 0x000000001b1c3000 	C:\Program Files\Java\jdk1.8.0_211\jre\bin\api-ms-win-crt-time-l1-1-0.dll
0x000000001b1d0000 - 0x000000001b1d3000 	C:\Program Files\Java\jdk1.8.0_211\jre\bin\api-ms-win-crt-utility-l1-1-0.dll
0x00007ffe1d3d0000 - 0x00007ffe1d4c6000 	C:\Program Files\Java\jdk1.8.0_211\jre\bin\ucrtbase.dll
0x00007ffe4b7c0000 - 0x00007ffe4b7d6000 	C:\Program Files\Java\jdk1.8.0_211\jre\bin\vcruntime140.dll
0x00007ffe259c0000 - 0x00007ffe25a6a000 	C:\Program Files\Java\jdk1.8.0_211\jre\bin\msvcp140.dll
0x00007ffe232b0000 - 0x00007ffe23304000 	C:\Program Files\Java\jdk1.8.0_211\jre\bin\concrt140.dll
0x00007ffe283a0000 - 0x00007ffe283c3000 	C:\Program Files\Java\jdk1.8.0_211\jre\bin\prism_d3d.dll
0x00007ffe3f710000 - 0x00007ffe3f8e0000 	C:\WINDOWS\system32\d3d9.dll
0x00007ffe4dcf0000 - 0x00007ffe4dd02000 	C:\WINDOWS\SYSTEM32\kernel.appcore.dll
0x00007ffe4d560000 - 0x00007ffe4d58f000 	C:\WINDOWS\SYSTEM32\dwmapi.dll
0x00007ffe4d290000 - 0x00007ffe4d32e000 	C:\WINDOWS\system32\uxtheme.dll
0x00007ffe17dc0000 - 0x00007ffe17f23000 	C:\WINDOWS\System32\DriverStore\FileRepository\igdlh64.inf_amd64_fb9939a7d714d646\igdumdim64.dll
0x00007ffe018e0000 - 0x00007ffe052e4000 	C:\WINDOWS\System32\DriverStore\FileRepository\igdlh64.inf_amd64_fb9939a7d714d646\igd9dxva64.dll
0x00007ffe513c0000 - 0x00007ffe514ea000 	C:\WINDOWS\System32\ole32.dll
0x00007ffe514f0000 - 0x00007ffe515bd000 	C:\WINDOWS\System32\OLEAUT32.dll
0x00007ffe518b0000 - 0x00007ffe51d22000 	C:\WINDOWS\System32\SETUPAPI.dll
0x00007ffe4fc20000 - 0x00007ffe4fc6e000 	C:\WINDOWS\System32\cfgmgr32.dll
0x00007ffe4fe10000 - 0x00007ffe4fe37000 	C:\WINDOWS\System32\bcrypt.dll
0x00007ffe45dd0000 - 0x00007ffe4600f000 	C:\WINDOWS\System32\DriverStore\FileRepository\igdlh64.inf_amd64_fb9939a7d714d646\igdgmm64.dll
0x00007ffe25f20000 - 0x00007ffe25f69000 	C:\Program Files\Java\jdk1.8.0_211\jre\bin\glass.dll
0x00007ffe50560000 - 0x00007ffe5063a000 	C:\WINDOWS\System32\COMDLG32.dll
0x00007ffe511f0000 - 0x00007ffe51306000 	C:\WINDOWS\System32\MSCTF.dll
0x00007ffe50370000 - 0x00007ffe503f2000 	C:\WINDOWS\System32\bcryptPrimitives.dll
0x00007ffe2bd10000 - 0x00007ffe2bd37000 	C:\WINDOWS\System32\DriverStore\FileRepository\igdlh64.inf_amd64_fb9939a7d714d646\igdinfo64.dll
0x00007ffe425d0000 - 0x00007ffe425ea000 	C:\Program Files\Java\jdk1.8.0_211\jre\bin\net.dll
0x00007ffe3c150000 - 0x00007ffe3c33b000 	C:\WINDOWS\SYSTEM32\urlmon.dll
0x00007ffe3c480000 - 0x00007ffe3c731000 	C:\WINDOWS\SYSTEM32\iertutil.dll
0x00007ffe3c120000 - 0x00007ffe3c148000 	C:\WINDOWS\SYSTEM32\srvcli.dll
0x00007ffe4f1d0000 - 0x00007ffe4f1dc000 	C:\WINDOWS\SYSTEM32\netutils.dll
0x00007ffe4f3d0000 - 0x00007ffe4f43a000 	C:\WINDOWS\system32\mswsock.dll
0x00007ffe4f100000 - 0x00007ffe4f1cb000 	C:\WINDOWS\SYSTEM32\DNSAPI.dll
0x00007ffe4f070000 - 0x00007ffe4f0ab000 	C:\WINDOWS\SYSTEM32\IPHLPAPI.DLL
0x00007ffe523c0000 - 0x00007ffe523c8000 	C:\WINDOWS\System32\NSI.dll
0x00007ffe493a0000 - 0x00007ffe493aa000 	C:\Windows\System32\rasadhlp.dll
0x00007ffe399a0000 - 0x00007ffe39a1f000 	C:\WINDOWS\System32\fwpuclnt.dll
0x00007ffe317b0000 - 0x00007ffe317c4000 	C:\Program Files\Java\jdk1.8.0_211\jre\bin\javafx_font.dll
0x00007ffe3be90000 - 0x00007ffe3c113000 	C:\WINDOWS\SYSTEM32\dwrite.dll
0x00007ffe48150000 - 0x00007ffe4817c000 	C:\Program Files\Java\jdk1.8.0_211\jre\bin\javafx_iio.dll
0x00007ffe51310000 - 0x00007ffe513b9000 	C:\WINDOWS\System32\clbcatq.dll
0x00007ffe4a1d0000 - 0x00007ffe4a384000 	C:\WINDOWS\SYSTEM32\WindowsCodecs.dll
0x00007ffe32db0000 - 0x00007ffe32dee000 	C:\WINDOWS\system32\dataexchange.dll
0x00007ffe4bf80000 - 0x00007ffe4c1e4000 	C:\WINDOWS\system32\d3d11.dll
0x00007ffe4c7b0000 - 0x00007ffe4c995000 	C:\WINDOWS\system32\dcomp.dll
0x00007ffe4e510000 - 0x00007ffe4e604000 	C:\WINDOWS\system32\dxgi.dll
0x00007ffe49ef0000 - 0x00007ffe4a0f1000 	C:\WINDOWS\system32\twinapi.appcore.dll
0x00007ffe28110000 - 0x00007ffe28144000 	C:\Program Files\Common Files\Microsoft Shared\Ink\rtscom.dll
0x00007ffe3d9d0000 - 0x00007ffe3dac9000 	C:\WINDOWS\SYSTEM32\textinputframework.dll
0x00007ffe4cd20000 - 0x00007ffe4d07e000 	C:\WINDOWS\System32\CoreUIComponents.dll
0x00007ffe4b9f0000 - 0x00007ffe4bae2000 	C:\WINDOWS\System32\CoreMessaging.dll
0x00007ffe4e910000 - 0x00007ffe4e943000 	C:\WINDOWS\SYSTEM32\ntmarta.dll
0x00007ffe4b890000 - 0x00007ffe4b9e4000 	C:\WINDOWS\SYSTEM32\wintypes.dll

VM Arguments:
jvm_args: -Dfile.encoding=UTF-8 
java_command: GUI.NewFXMain
java_class_path (initial): C:\Program Files\NetBeans 8.2\ide\modules\ext\mysql-connector-java-5.1.23-bin.jar;C:\Users\ASUS CELERON\Desktop\saraa\TrayTester.jar;C:\Users\ASUS CELERON\Desktop\saraa\itextpdf-5.1.0.jar;C:\Users\ASUS CELERON\Desktop\saraa\javax.mail.jar;C:\Users\ASUS CELERON\Pictures\Pidevconnection.zip (Unzipped Files)\Pidevconnection\mysql-connector-java-8.0.28.jar;C:\Users\ASUS CELERON\Desktop\saraa\TMNW\build\classes
Launcher Type: SUN_STANDARD

Environment Variables:
JAVA_HOME=C:\Program Files\Java\jdk1.8.0_211
PATH=C:\oraclexe\app\oracle\product\10.2.0\server\bin;C:\wamp64\bin\php\php7.4.9;C:\Program Files (x86)\Common Files\Intel\Shared Libraries\redist\intel64\compiler;C:\Program Files (x86)\VMware\VMware Workstation\bin\;C:\Program Files\Java\jdk1.8.0_211\bin;C:\Program Files (x86)\Common Files\Oracle\Java\javapath;C:\wamp64\bin\php\php7.3.21;C:\composer;C:\Program Files\Symfony;C:\Program Files (x86)\Git\cmd;C:\Program Files (x86)\Git\mingw32\bin;C:\Program Files (x86)\Git\usr\bin;C:\Users\ASUS CELERON\anaconda3;C:\Users\ASUS CELERON\anaconda3\Library\mingw-w64\bin;C:\Users\ASUS CELERON\anaconda3\Library\usr\bin;C:\Users\ASUS CELERON\anaconda3\Library\bin;C:\Users\ASUS CELERON\anaconda3\Scripts;C:\Users\ASUS CELERON\AppData\Local\Microsoft\WindowsApps;C:\Users\ASUS CELERON\AppData\Local\Programs\Microsoft VS Code\bin;C:\Users\ASUS CELERON\AppData\Local\GitHubDesktop\bin;C:\Users\ASUS CELERON\AppData\Roaming\Composer\vendor\bin;C:\wamp64\bin\php\php7.4.9;
USERNAME=ASUS CELERON
OS=Windows_NT
PROCESSOR_IDENTIFIER=Intel64 Family 6 Model 142 Stepping 10, GenuineIntel



---------------  S Y S T E M  ---------------

OS: Windows 10.0 , 64 bit Build 19041 (10.0.19041.1503)

CPU:total 8 (initial active 8) (4 cores per cpu, 2 threads per core) family 6 model 142 stepping 10, cmov, cx8, fxsr, mmx, sse, sse2, sse3, ssse3, sse4.1, sse4.2, popcnt, avx, avx2, aes, clmul, erms, 3dnowpref, lzcnt, ht, tsc, tscinvbit, bmi1, bmi2, adx

Memory: 4k page, physical 8264684k(1997636k free), swap 10214380k(52k free)

vm_info: Java HotSpot(TM) 64-Bit Server VM (25.211-b12) for windows-amd64 JRE (1.8.0_211-b12), built on Apr  1 2019 20:53:26 by "java_re" with MS VC++ 10.0 (VS2010)

time: Thu Mar 10 16:53:52 2022
timezone: Afr. centrale Ouest
elapsed time: 1 seconds (0d 0h 0m 1s)

