#
# There is insufficient memory for the Java Runtime Environment to continue.
# Native memory allocation (malloc) failed to allocate 57936 bytes for Chunk::new
# Possible reasons:
#   The system is out of physical RAM or swap space
#   The process is running with CompressedOops enabled, and the Java Heap may be blocking the growth of the native heap
# Possible solutions:
#   Reduce memory load on the system
#   Increase physical memory or swap space
#   Check if swap backing store is full
#   Decrease Java heap size (-Xmx/-Xms)
#   Decrease number of Java threads
#   Decrease Java thread stack sizes (-Xss)
#   Set larger code cache with -XX:ReservedCodeCacheSize=
#   JVM is running with Unscaled Compressed Oops mode in which the Java heap is
#     placed in the first 4GB address space. The Java Heap base address is the
#     maximum limit for the native heap growth. Please use -XX:HeapBaseMinAddress
#     to set the Java Heap base and to place the Java Heap above 4GB virtual address.
# This output file may be truncated or incomplete.
#
#  Out of Memory Error (allocation.cpp:389), pid=14496, tid=0x0000000000003248
#
# JRE version: Java(TM) SE Runtime Environment (8.0_211-b12) (build 1.8.0_211-b12)
# Java VM: Java HotSpot(TM) 64-Bit Server VM (25.211-b12 mixed mode windows-amd64 compressed oops)
# Failed to write core dump. Minidumps are not enabled by default on client versions of Windows
#

---------------  T H R E A D  ---------------

Current thread (0x0000000019bc7000):  JavaThread "C2 CompilerThread1" daemon [_thread_in_native, id=12872, stack(0x000000001a5c0000,0x000000001a6c0000)]

Stack: [0x000000001a5c0000,0x000000001a6c0000]
[error occurred during error reporting (printing stack bounds), id 0xc0000005]

Native frames: (J=compiled Java code, j=interpreted, Vv=VM code, C=native code)


Current CompileTask:
C2:    159   79 %     4       java.util.Properties$LineReader::readLine @ 21 (468 bytes)


---------------  P R O C E S S  ---------------

Java Threads: ( => current thread )
  0x0000000019d50000 JavaThread "Abandoned connection cleanup thread" daemon [_thread_blocked, id=12084, stack(0x000000001aac0000,0x000000001abc0000)]
  0x0000000019c54800 JavaThread "Service Thread" daemon [_thread_blocked, id=9224, stack(0x000000001a8c0000,0x000000001a9c0000)]
  0x0000000019bd5800 JavaThread "C1 CompilerThread3" daemon [_thread_in_vm, id=268, stack(0x000000001a7c0000,0x000000001a8c0000)]
  0x0000000019bcc800 JavaThread "C2 CompilerThread2" daemon [_thread_blocked, id=14984, stack(0x000000001a6c0000,0x000000001a7c0000)]
=>0x0000000019bc7000 JavaThread "C2 CompilerThread1" daemon [_thread_in_native, id=12872, stack(0x000000001a5c0000,0x000000001a6c0000)]
  0x0000000017dba000 JavaThread "C2 CompilerThread0" daemon [_thread_blocked, id=8980, stack(0x000000001a4c0000,0x000000001a5c0000)]
  0x0000000019bc3800 JavaThread "Attach Listener" daemon [_thread_blocked, id=4960, stack(0x000000001a3c0000,0x000000001a4c0000)]
  0x0000000019bc2800 JavaThread "Signal Dispatcher" daemon [_thread_blocked, id=16120, stack(0x000000001a2c0000,0x000000001a3c0000)]
  0x0000000002d6e800 JavaThread "Finalizer" daemon [_thread_blocked, id=5096, stack(0x000000001a090000,0x000000001a190000)]
  0x0000000002d67800 JavaThread "Reference Handler" daemon [_thread_blocked, id=4428, stack(0x0000000019f90000,0x000000001a090000)]
  0x0000000002e3e800 JavaThread "main" [_thread_in_vm, id=16028, stack(0x0000000002b40000,0x0000000002c40000)]

Other Threads:
  0x0000000017da9800 VMThread [stack: 0x0000000019a90000,0x0000000019b90000] [id=2480]
  0x0000000019c7d800 WatcherThread [stack: 0x000000001a9c0000,0x000000001aac0000] [id=10716]

VM state:not at safepoint (normal execution)

VM Mutex/Monitor currently owned by a thread: None

heap address: 0x0000000081e00000, size: 2018 MB, Compressed Oops mode: 32-bit
Narrow klass base: 0x0000000000000000, Narrow klass shift: 3
Compressed class space size: 1073741824 Address: 0x0000000100000000

Heap:
 PSYoungGen      total 38400K, used 4080K [0x00000000d5f80000, 0x00000000d8a00000, 0x0000000100000000)
  eden space 33280K, 12% used [0x00000000d5f80000,0x00000000d637c090,0x00000000d8000000)
  from space 5120K, 0% used [0x00000000d8500000,0x00000000d8500000,0x00000000d8a00000)
  to   space 5120K, 0% used [0x00000000d8000000,0x00000000d8000000,0x00000000d8500000)
 ParOldGen       total 87552K, used 0K [0x0000000081e00000, 0x0000000087380000, 0x00000000d5f80000)
  object space 87552K, 0% used [0x0000000081e00000,0x0000000081e00000,0x0000000087380000)
 Metaspace       used 4400K, capacity 5268K, committed 5376K, reserved 1058816K
  class space    used 443K, capacity 456K, committed 512K, reserved 1048576K

Card table byte_map: [0x0000000012200000,0x0000000012600000] byte_map_base: 0x0000000011df1000

Marking Bits: (ParMarkBitMap*) 0x000000005b9d5ce0
 Begin Bits: [0x00000000130b0000, 0x0000000015038000)
 End Bits:   [0x0000000015038000, 0x0000000016fc0000)

Polling page: 0x00000000012c0000

CodeCache: size=245760Kb used=1375Kb max_used=1375Kb free=244385Kb
 bounds [0x0000000002e40000, 0x00000000030b0000, 0x0000000011e40000]
 total_blobs=419 nmethods=134 adapters=198
 compilation: enabled

Compilation events (10 events):
Event: 0.116 Thread 0x0000000019bd5800 nmethod 93 0x0000000002f7c1d0 code [0x0000000002f7c360, 0x0000000002f7c748]
Event: 0.117 Thread 0x0000000019bd5800   94   !   3       sun.misc.URLClassPath$JarLoader::getResource (85 bytes)
Event: 0.117 Thread 0x0000000019bd5800 nmethod 94 0x0000000002f7c890 code [0x0000000002f7cac0, 0x0000000002f7d558]
Event: 0.118 Thread 0x0000000019bd5800   95       3       java.lang.String::endsWith (17 bytes)
Event: 0.119 Thread 0x0000000019bcc800 nmethod 78 0x0000000002f80dd0 code [0x0000000002f80f40, 0x0000000002f81678]
Event: 0.119 Thread 0x0000000019bd5800 nmethod 95 0x0000000002f80910 code [0x0000000002f80a80, 0x0000000002f80ca8]
Event: 0.119 Thread 0x0000000019bd5800   96  s    1       java.util.Vector::size (5 bytes)
Event: 0.119 Thread 0x0000000019bd5800 nmethod 96 0x0000000002f804d0 code [0x0000000002f80620, 0x0000000002f80890]
Event: 0.122 Thread 0x0000000019bd5800   98       3       java.lang.String::replace (127 bytes)
Event: 0.122 Thread 0x0000000019bd5800 nmethod 98 0x0000000002f7f510 code [0x0000000002f7f6c0, 0x0000000002f7fd70]

GC Heap History (0 events):
No events

Deoptimization events (0 events):
No events

Classes redefined (0 events):
No events

Internal exceptions (6 events):
Event: 0.029 Thread 0x0000000002e3e800 Exception <a 'java/lang/NoSuchMethodError': Method sun.misc.Unsafe.defineClass(Ljava/lang/String;[BII)Ljava/lang/Class; name or signature does not match> (0x00000000d5f87cb0) thrown at [C:\re\workspace\8-2-build-windows-amd64-cygwin\jdk8u211\12973\hotspot
Event: 0.029 Thread 0x0000000002e3e800 Exception <a 'java/lang/NoSuchMethodError': Method sun.misc.Unsafe.prefetchRead(Ljava/lang/Object;J)V name or signature does not match> (0x00000000d5f87f98) thrown at [C:\re\workspace\8-2-build-windows-amd64-cygwin\jdk8u211\12973\hotspot\src\share\vm\prim
Event: 0.088 Thread 0x0000000002e3e800 Exception <a 'java/security/PrivilegedActionException'> (0x00000000d6010850) thrown at [C:\re\workspace\8-2-build-windows-amd64-cygwin\jdk8u211\12973\hotspot\src\share\vm\prims\jvm.cpp, line 1502]
Event: 0.088 Thread 0x0000000002e3e800 Exception <a 'java/security/PrivilegedActionException'> (0x00000000d6010a60) thrown at [C:\re\workspace\8-2-build-windows-amd64-cygwin\jdk8u211\12973\hotspot\src\share\vm\prims\jvm.cpp, line 1502]
Event: 0.088 Thread 0x0000000002e3e800 Exception <a 'java/security/PrivilegedActionException'> (0x00000000d6014b58) thrown at [C:\re\workspace\8-2-build-windows-amd64-cygwin\jdk8u211\12973\hotspot\src\share\vm\prims\jvm.cpp, line 1502]
Event: 0.088 Thread 0x0000000002e3e800 Exception <a 'java/security/PrivilegedActionException'> (0x00000000d6014d68) thrown at [C:\re\workspace\8-2-build-windows-amd64-cygwin\jdk8u211\12973\hotspot\src\share\vm\prims\jvm.cpp, line 1502]

Events (10 events):
Event: 0.117 loading class com/mysql/jdbc/ConnectionImpl
Event: 0.117 loading class com/mysql/jdbc/ConnectionImpl done
Event: 0.118 loading class com/mysql/jdbc/MySQLConnection
Event: 0.118 loading class com/mysql/jdbc/MySQLConnection done
Event: 0.119 loading class com/mysql/jdbc/Connection
Event: 0.119 loading class com/mysql/jdbc/Connection done
Event: 0.119 loading class com/mysql/jdbc/ConnectionProperties
Event: 0.119 loading class com/mysql/jdbc/ConnectionProperties done
Event: 0.122 loading class com/mysql/jdbc/ConnectionPropertiesImpl
Event: 0.122 loading class com/mysql/jdbc/ConnectionPropertiesImpl done


Dynamic libraries:
0x00007ff657960000 - 0x00007ff657997000 	C:\Program Files\Java\jdk1.8.0_211\bin\java.exe
0x00007ff9ee910000 - 0x00007ff9eeb05000 	C:\WINDOWS\SYSTEM32\ntdll.dll
0x00007ff9e5890000 - 0x00007ff9e58a6000 	C:\Program Files\AVAST Software\Avast\aswhook.dll
0x00007ff9ed700000 - 0x00007ff9ed7be000 	C:\WINDOWS\System32\msvcrt.dll
0x00007ff9ec450000 - 0x00007ff9ec718000 	C:\WINDOWS\System32\sechost.dll
0x00007ff9ed7c0000 - 0x00007ff9ed86e000 	C:\WINDOWS\System32\RPCRT4.dll
0x00007ff9ed660000 - 0x00007ff9ed6fe000 	C:\WINDOWS\System32\USER32.dll
0x00007ff9ecde0000 - 0x00007ff9ece7c000 	C:\WINDOWS\System32\win32u.dll
0x00007ff9edbf0000 - 0x00007ff9edd15000 	C:\WINDOWS\System32\GDI32.dll
0x00007ff9ede10000 - 0x00007ff9edfb0000 	C:\WINDOWS\System32\gdi32full.dll
0x00007ff9ec930000 - 0x00007ff9ec952000 	C:\WINDOWS\System32\msvcp_win.dll
0x00007ff9ed490000 - 0x00007ff9ed4bb000 	C:\WINDOWS\System32\ucrtbase.dll
0x00007ff9ec720000 - 0x00007ff9ec82d000 	C:\WINDOWS\WinSxS\amd64_microsoft.windows.common-controls_6595b64144ccf1df_6.0.19041.1110_none_60b5254171f9507e\COMCTL32.dll
0x00007ff9ec380000 - 0x00007ff9ec41d000 	C:\WINDOWS\System32\IMM32.DLL
0x00007ff9ec230000 - 0x00007ff9ec330000 	C:\Program Files\Java\jdk1.8.0_211\jre\bin\msvcr100.dll
0x00007ff9d3b90000 - 0x00007ff9d3e2a000 	C:\Program Files\Java\jdk1.8.0_211\jre\bin\server\jvm.dll
0x00007ff9ee8a0000 - 0x00007ff9ee8d0000 	C:\WINDOWS\System32\PSAPI.DLL
0x000000005b0d0000 - 0x000000005b1a2000 	C:\WINDOWS\SYSTEM32\WSOCK32.dll
0x000000005b1b0000 - 0x000000005ba55000 	C:\WINDOWS\SYSTEM32\WINMM.dll
0x00007ff9ed480000 - 0x00007ff9ed488000 	C:\WINDOWS\System32\WS2_32.dll
0x00007ff9dde50000 - 0x00007ff9dde59000 	C:\WINDOWS\SYSTEM32\VERSION.dll
0x00007ff9d2720000 - 0x00007ff9d2747000 	C:\Program Files\Java\jdk1.8.0_211\jre\bin\verify.dll
0x00007ff9edda0000 - 0x00007ff9ede0b000 	C:\Program Files\Java\jdk1.8.0_211\jre\bin\java.dll
0x00007ff9e3d60000 - 0x00007ff9e3d6a000 	C:\Program Files\Java\jdk1.8.0_211\jre\bin\zip.dll
0x00007ff9df180000 - 0x00007ff9df18f000 	C:\Program Files\Java\jdk1.8.0_211\jre\bin\verify.dll
0x00007ff9df0d0000 - 0x00007ff9df0f9000 	C:\WINDOWS\System32\KERNELBASE.dll
0x00007ff9da230000 - 0x00007ff9da246000 	C:\WINDOWS\System32\sechost.dll
0x00007ff9ee090000 - 0x00007ff9ee7d4000 	C:\WINDOWS\System32\USER32.dll
0x00007ff9e9d50000 - 0x00007ff9ea4e4000 	C:\WINDOWS\System32\gdi32full.dll
0x00007ff9ecfb0000 - 0x00007ff9ed305000 	C:\WINDOWS\System32\ucrtbase.dll
0x00007ff9eba70000 - 0x00007ff9eba9e000 	C:\WINDOWS\System32\IMM32.DLL
0x00007ff9edb40000 - 0x00007ff9edbed000 	C:\WINDOWS\System32\SHCORE.dll
0x00007ff9ed4c0000 - 0x00007ff9ed515000 	C:\WINDOWS\System32\PSAPI.DLL
0x00007ff9ebf60000 - 0x00007ff9ebf7f000 	C:\WINDOWS\SYSTEM32\WINMM.dll

VM Arguments:
jvm_args: -Dfile.encoding=UTF-8 
java_command: edu.esprit.tests.mainClass
java_class_path (initial): C:\Program Files\NetBeans 8.2\ide\modules\ext\mysql-connector-java-5.1.23-bin.jar;C:\Users\ASUS CELERON\Documents\NetBeansProjects\Connexion\build\classes
Launcher Type: SUN_STANDARD

Environment Variables:
JAVA_HOME=C:\Program Files\Java\jdk1.8.0_211
PATH=C:\oraclexe\app\oracle\product\10.2.0\server\bin;C:\wamp64\bin\php\php7.4.9;C:\Program Files (x86)\Common Files\Intel\Shared Libraries\redist\intel64\compiler;C:\Program Files (x86)\VMware\VMware Workstation\bin\;C:\Program Files\Java\jdk1.8.0_211\bin;C:\Program Files (x86)\Common Files\Oracle\Java\javapath;C:\wamp64\bin\php\php7.3.21;C:\composer;C:\Program Files\Symfony;C:\Users\ASUS CELERON\anaconda3;C:\Users\ASUS CELERON\anaconda3\Library\mingw-w64\bin;C:\Users\ASUS CELERON\anaconda3\Library\usr\bin;C:\Users\ASUS CELERON\anaconda3\Library\bin;C:\Users\ASUS CELERON\anaconda3\Scripts;C:\Users\ASUS CELERON\AppData\Local\Microsoft\WindowsApps;C:\Users\ASUS CELERON\AppData\Local\Programs\Microsoft VS Code\bin;C:\Users\ASUS CELERON\AppData\Local\GitHubDesktop\bin;C:\Users\ASUS CELERON\AppData\Roaming\Composer\vendor\bin;C:\wamp64\bin\php\php7.4.9;
USERNAME=ASUS CELERON
OS=Windows_NT
PROCESSOR_IDENTIFIER=Intel64 Family 6 Model 142 Stepping 10, GenuineIntel



---------------  S Y S T E M  ---------------

OS: Windows 10.0 , 64 bit Build 19041 (10.0.19041.1503)

CPU:total 8 (initial active 8) (4 cores per cpu, 2 threads per core) family 6 model 142 stepping 10, cmov, cx8, fxsr, mmx, sse, sse2, sse3, ssse3, sse4.1, sse4.2, popcnt, avx, avx2, aes, clmul, erms, 3dnowpref, lzcnt, ht, tsc, tscinvbit, bmi1, bmi2, adx

Memory: 4k page, physical 8264684k(2522580k free), swap 10214380k(1628k free)

vm_info: Java HotSpot(TM) 64-Bit Server VM (25.211-b12) for windows-amd64 JRE (1.8.0_211-b12), built on Apr  1 2019 20:53:26 by "java_re" with MS VC++ 10.0 (VS2010)

time: Tue Feb 15 22:58:07 2022
timezone: Afr. centrale Ouest
elapsed time: 0 seconds (0d 0h 0m 0s)

